ACDBASSOCPERSSUBENTMANAGER: 0x27B (81) test/test-data/2004/BoxUnion.dxf:
010000000101000000111001000000100100000010101010001000001000011000100000100001100

[hdloff, strsize, commonsize, bitsize]=[67,0,69,13]
H330 4.1.C: 0100000100001100 2 positions
H330 4.1.C: 0100000100001100 2 positions
distribute positions: H330 H330 
BL90 1: 0100000001 fixed = [1,10]
BL90 3: 0100000011 fixed = [11,20]
BL90 0: 10 17 positions
BL90 2: 0100000010 2 positions
BL90 2: 0100000010 2 positions
distribute positions: BL90 BL90 
BL90 0: 10 17 positions
BL90 0: 10 17 positions
BL90 0: 10 17 positions
B290 0: 0 60 positions

fixed = [[1,10],[11,20],[23,32],[33,42],[50,65],[66,81]]
sortd = [[1,10],[11,20],[23,32],[33,42],[50,65],[66,81]]

Definite result: 72/81	2004/BoxUnion.dxf
----------------
FIELD_BL ([], 90);	// 1 [1,10]
FIELD_BL ([], 90);	// 3 [11,20]
HOLE([21,22],10) len = 2
FIELD_BL ([], 90);	// 2 [23,32]
FIELD_BL ([], 90);	// 2 [33,42]
HOLE([43,49],1010100) len = 7
FIELD_H (reactors[0], 330);	// 4.1.C [50,65]
FIELD_H (ownerhandle, 330);	// 4.1.C [66,81]
----------------
Todo: 9 + 72 = 81, Missing: 0
FIELD_BL ([], 90);	// 0 10 [[21,22],[43,44],[45,46],[47,48]]
FIELD_BL ([], 90);	// 0 10 [[21,22],[43,44],[45,46],[47,48]]
FIELD_BL ([], 90);	// 0 10 [[21,22],[43,44],[45,46],[47,48]]
FIELD_BL ([], 90);	// 0 10 [[21,22],[43,44],[45,46],[47,48]]
FIELD_B ([], 290);	// 0 0 [[22,22],[44,44],[46,46],[48,48],[49,49]]

Most probable result: (TODO)

ACDBASSOCPERSSUBENTMANAGER: 0x2D9 (217) test/test-data/2004/Surface.dxf:
0100000001010000001110010000001001000001110100000001010000011110010000000101000000110100000110101010101010100100000110010000000101000000110100000100010000010101000001100100000111100010000010000110001000001000011001111

[hdloff, strsize, commonsize, bitsize]=[199,0,69,26]
H330 4.1.C: 0100000100001100 2 positions
H330 4.1.C: 0100000100001100 2 positions
distribute positions: H330 H330 
BL90 1: 0100000001 4 positions
BL90 3: 0100000011 3 positions
BL90 0: 10 46 positions
BL90 2: 0100000010 fixed = [23,32]
BL90 7: 0100000111 3 positions
BL90 1: 0100000001 4 positions
BL90 7: 0100000111 3 positions
BL90 0: 10 46 positions
BL90 1: 0100000001 4 positions
BL90 3: 0100000011 3 positions
BL90 6: 0100000110 3 positions
BL90 0: 10 46 positions
BL90 0: 10 46 positions
BL90 0: 10 46 positions
BL90 0: 10 46 positions
BL90 0: 10 46 positions
BL90 0: 10 46 positions
BL90 0: 10 46 positions
BL90 6: 0100000110 3 positions
BL90 1: 0100000001 4 positions
distribute positions: BL90 BL90 BL90 BL90 
BL90 3: 0100000011 3 positions
distribute positions: BL90 BL90 BL90 
BL90 4: 0100000100 3 positions
BL90 5: 0100000101 fixed = [149,158]
BL90 6: 0100000110 3 positions
distribute positions: BL90 BL90 BL90 
BL90 7: 0100000111 3 positions
distribute positions: BL90 BL90 BL90 
BL90 0: 10 46 positions
B290 0: 0 150 positions

fixed = [[1,10],[11,20],[23,32],[33,42],[43,52],[53,62],[65,74],[75,84],[85,94],[109,118],[119,128],[129,138],[149,158],[159,168],[169,178],[182,197],[198,213]]
sortd = [[1,10],[11,20],[23,32],[33,42],[43,52],[53,62],[65,74],[75,84],[85,94],[109,118],[119,128],[129,138],[149,158],[159,168],[169,178],[182,197],[198,213]]

Definite result: 182/217	2004/Surface.dxf
----------------
FIELD_BL ([], 90);	// 1 [1,10]
FIELD_BL ([], 90);	// 3 [11,20]
HOLE([21,22],10) len = 2
FIELD_BL ([], 90);	// 2 [23,32]
FIELD_BL ([], 90);	// 7 [33,42]
FIELD_BL ([], 90);	// 1 [43,52]
FIELD_BL ([], 90);	// 7 [53,62]
HOLE([63,64],10) len = 2
FIELD_BL ([], 90);	// 1 [65,74]
FIELD_BL ([], 90);	// 3 [75,84]
FIELD_BL ([], 90);	// 6 [85,94]
HOLE([95,108],10101010101010) len = 14
FIELD_BL ([], 90);	// 6 [109,118]
FIELD_BL ([], 90);	// 1 [119,128]
FIELD_BL ([], 90);	// 3 [129,138]
HOLE([139,148],0100000100) len = 10
FIELD_BL ([], 90);	// 5 [149,158]
FIELD_BL ([], 90);	// 6 [159,168]
FIELD_BL ([], 90);	// 7 [169,178]
HOLE([179,181],100) len = 3
FIELD_H (reactors[0], 330);	// 4.1.C [182,197]
FIELD_H (ownerhandle, 330);	// 4.1.C [198,213]
HOLE([214,217],1111) len = 4
----------------
Todo: 21 + 182 = 203, Missing: 14
FIELD_BL ([], 90);	// 0 10 [[21,22],[63,64],[95,96],[97,98],[99,100],[101,102],[103,104],[105,106],[107,108],[140,141]]...)
FIELD_BL ([], 90);	// 0 10 [[21,22],[63,64],[95,96],[97,98],[99,100],[101,102],[103,104],[105,106],[107,108],[140,141]]...)
FIELD_BL ([], 90);	// 0 10 [[21,22],[63,64],[95,96],[97,98],[99,100],[101,102],[103,104],[105,106],[107,108],[140,141]]...)
FIELD_BL ([], 90);	// 0 10 [[21,22],[63,64],[95,96],[97,98],[99,100],[101,102],[103,104],[105,106],[107,108],[140,141]]...)
FIELD_BL ([], 90);	// 0 10 [[21,22],[63,64],[95,96],[97,98],[99,100],[101,102],[103,104],[105,106],[107,108],[140,141]]...)
FIELD_BL ([], 90);	// 0 10 [[21,22],[63,64],[95,96],[97,98],[99,100],[101,102],[103,104],[105,106],[107,108],[140,141]]...)
FIELD_BL ([], 90);	// 0 10 [[21,22],[63,64],[95,96],[97,98],[99,100],[101,102],[103,104],[105,106],[107,108],[140,141]]...)
FIELD_BL ([], 90);	// 0 10 [[21,22],[63,64],[95,96],[97,98],[99,100],[101,102],[103,104],[105,106],[107,108],[140,141]]...)
FIELD_BL ([], 90);	// 0 10 [[21,22],[63,64],[95,96],[97,98],[99,100],[101,102],[103,104],[105,106],[107,108],[140,141]]...)
FIELD_BL ([], 90);	// 0 10 [[21,22],[63,64],[95,96],[97,98],[99,100],[101,102],[103,104],[105,106],[107,108],[140,141]]...)
FIELD_B ([], 290);	// 0 0 [[22,22],[64,64],[96,96],[98,98],[100,100],[102,102],[104,104],[106,106],[108,108],[139,139]]...)

Most probable result: (TODO)

ACDBASSOCPERSSUBENTMANAGER: 0x2D9 (200) test/test-data/2018/Surface.dxf:
01000000100100000011100100000010010000010101000000010100000111100100000001010000001101000001101010101010101001000001000100000001010000001101000001000100000101101000010000010000110001000001000011001111

[hdloff, strsize, commonsize, bitsize]=[174,0,38,21]
H330 4.1.C: 0100000100001100 2 positions
H330 4.1.C: 0100000100001100 2 positions
distribute positions: H330 H330 
BL90 2: 0100000010 2 positions
BL90 3: 0100000011 3 positions
BL90 0: 10 44 positions
BL90 2: 0100000010 2 positions
distribute positions: BL90 BL90 
BL90 5: 0100000101 2 positions
BL90 1: 0100000001 3 positions
BL90 7: 0100000111 fixed = [53,62]
BL90 0: 10 44 positions
BL90 1: 0100000001 3 positions
BL90 3: 0100000011 3 positions
BL90 6: 0100000110 fixed = [85,94]
BL90 0: 10 44 positions
BL90 0: 10 44 positions
BL90 0: 10 44 positions
BL90 0: 10 44 positions
BL90 0: 10 44 positions
BL90 0: 10 44 positions
BL90 0: 10 44 positions
BL90 4: 0100000100 4 positions
BL90 1: 0100000001 3 positions
distribute positions: BL90 BL90 BL90 
BL90 3: 0100000011 3 positions
distribute positions: BL90 BL90 BL90 
BL90 4: 0100000100 4 positions
BL90 5: 0100000101 2 positions
distribute positions: BL90 BL90 
BL90 0: 10 44 positions
BL90 0: 10 44 positions
B290 0: 0 141 positions

fixed = [[1,10],[11,20],[23,32],[33,42],[43,52],[53,62],[65,74],[75,84],[85,94],[119,128],[129,138],[149,158],[165,180],[181,196]]
sortd = [[1,10],[11,20],[23,32],[33,42],[43,52],[53,62],[65,74],[75,84],[85,94],[119,128],[129,138],[149,158],[165,180],[181,196]]

Definite result: 152/200	2018/Surface.dxf
----------------
FIELD_BL ([], 90);	// 2 [1,10]
FIELD_BL ([], 90);	// 3 [11,20]
HOLE([21,22],10) len = 2
FIELD_BL ([], 90);	// 2 [23,32]
FIELD_BL ([], 90);	// 5 [33,42]
FIELD_BL ([], 90);	// 1 [43,52]
FIELD_BL ([], 90);	// 7 [53,62]
HOLE([63,64],10) len = 2
FIELD_BL ([], 90);	// 1 [65,74]
FIELD_BL ([], 90);	// 3 [75,84]
FIELD_BL ([], 90);	// 6 [85,94]
HOLE([95,118],101010101010100100000100) len = 24
FIELD_BL ([], 90);	// 1 [119,128]
FIELD_BL ([], 90);	// 3 [129,138]
HOLE([139,148],0100000100) len = 10
FIELD_BL ([], 90);	// 5 [149,158]
HOLE([159,164],101000) len = 6
FIELD_H (reactors[0], 330);	// 4.1.C [165,180]
FIELD_H (ownerhandle, 330);	// 4.1.C [181,196]
HOLE([197,200],1111) len = 4
----------------
Todo: 43 + 152 = 195, Missing: 5
FIELD_BL ([], 90);	// 0 10 [[21,22],[63,64],[95,96],[97,98],[99,100],[101,102],[103,104],[105,106],[107,108],[110,111]]...)
FIELD_BL ([], 90);	// 0 10 [[21,22],[63,64],[95,96],[97,98],[99,100],[101,102],[103,104],[105,106],[107,108],[110,111]]...)
FIELD_BL ([], 90);	// 0 10 [[21,22],[63,64],[95,96],[97,98],[99,100],[101,102],[103,104],[105,106],[107,108],[110,111]]...)
FIELD_BL ([], 90);	// 0 10 [[21,22],[63,64],[95,96],[97,98],[99,100],[101,102],[103,104],[105,106],[107,108],[110,111]]...)
FIELD_BL ([], 90);	// 0 10 [[21,22],[63,64],[95,96],[97,98],[99,100],[101,102],[103,104],[105,106],[107,108],[110,111]]...)
FIELD_BL ([], 90);	// 0 10 [[21,22],[63,64],[95,96],[97,98],[99,100],[101,102],[103,104],[105,106],[107,108],[110,111]]...)
FIELD_BL ([], 90);	// 0 10 [[21,22],[63,64],[95,96],[97,98],[99,100],[101,102],[103,104],[105,106],[107,108],[110,111]]...)
FIELD_BL ([], 90);	// 0 10 [[21,22],[63,64],[95,96],[97,98],[99,100],[101,102],[103,104],[105,106],[107,108],[110,111]]...)
FIELD_BL ([], 90);	// 0 10 [[21,22],[63,64],[95,96],[97,98],[99,100],[101,102],[103,104],[105,106],[107,108],[110,111]]...)
FIELD_BL ([], 90);	// 4 0100000100 [[109,118],[139,148]]
FIELD_BL ([], 90);	// 4 0100000100 [[109,118],[139,148]]
FIELD_BL ([], 90);	// 0 10 [[21,22],[63,64],[95,96],[97,98],[99,100],[101,102],[103,104],[105,106],[107,108],[110,111]]...)
FIELD_BL ([], 90);	// 0 10 [[21,22],[63,64],[95,96],[97,98],[99,100],[101,102],[103,104],[105,106],[107,108],[110,111]]...)
FIELD_B ([], 290);	// 0 0 [[22,22],[64,64],[96,96],[98,98],[100,100],[102,102],[104,104],[106,106],[108,108],[109,109]]...)

Most probable result: (TODO)

ACDBASSOCPERSSUBENTMANAGER: 0x2DF (538) test/test-data/example_2000.dxf:
0100000001010000001110010000001001000000110100000001010000010110010000010001000000110100000010010000001001000000100100010101101010100100000001010000001101000000010000000000110010101001101000111011001110100100000011000000000000000001000000010000000000110010101001101000111011000011100111000111000000000000000001000000010000000000110010101001101000111011000001100101011011000001010000000010101000100001000000001100000000000000001000100001000000001100000000000000001001000000100100000010010000001110001000001000011000100000100001100001100001

[hdloff, strsize, commonsize, bitsize]=[515,0,68,58]
H330 4.1.C: 0100000100001100 2 positions
H330 4.1.C: 0100000100001100 2 positions
distribute positions: H330 H330 
BL90 1: 0100000001 6 positions
BL90 3: 0100000011 6 positions
BL90 0: 10 102 positions
BL90 2: 0100000010 6 positions
BL90 3: 0100000011 6 positions
BL90 1: 0100000001 6 positions
BL90 5: 0100000101 fixed = [53,62]
BL90 0: 10 102 positions
BL90 4: 0100000100 3 positions
BL90 3: 0100000011 6 positions
BL90 2: 0100000010 6 positions
BL90 2: 0100000010 6 positions
BL90 2: 0100000010 6 positions
BL90 21: 0100010101 fixed = [115,124]
BL90 0: 10 102 positions
BL90 0: 10 102 positions
BL90 0: 10 102 positions
BL90 0: 10 102 positions
BL90 1: 0100000001 6 positions
BL90 3: 0100000011 6 positions
BL90 1: 0100000001 6 positions
BL90 1000000000: 0000000000110010101001101000111011 3 positions
BL90 1001: 0011101001000000110000000000000000 fixed = [197,230]
BL90 1: 0100000001 6 positions
BL90 1000000000: 0000000000110010101001101000111011 3 positions
BL90 51001: 0000111001110001110000000000000000 fixed = [275,308]
BL90 1: 0100000001 6 positions
distribute positions: BL90 BL90 BL90 BL90 BL90 BL90 
BL90 1000000000: 0000000000110010101001101000111011 3 positions
distribute positions: BL90 BL90 BL90 
BL90 351001: 0000011001010110110000010100000000 fixed = [353,386]
BL90 0: 10 102 positions
BL90 0: 10 102 positions
BL90 0: 10 102 positions
BL90 900: 0010000100000000110000000000000000 2 positions
BL90 0: 10 102 positions
BL90 900: 0010000100000000110000000000000000 2 positions
distribute positions: BL90 BL90 
BL90 0: 10 102 positions
BL90 2: 0100000010 6 positions
BL90 2: 0100000010 6 positions
distribute positions: BL90 BL90 BL90 BL90 BL90 BL90 
BL90 3: 0100000011 6 positions
BL90 0: 10 102 positions
B290 0: 0 394 positions

fixed = [[1,10],[23,32],[43,52],[53,62],[85,94],[95,104],[105,114],[115,124],[133,142],[153,162],[163,196],[197,230],[231,240],[241,274],[275,308],[309,318],[319,352],[353,386],[393,426],[429,462],[465,474],[475,484],[498,513],[514,529]]
sortd = [[1,10],[23,32],[43,52],[53,62],[85,94],[95,104],[105,114],[115,124],[133,142],[153,162],[163,196],[197,230],[231,240],[241,274],[275,308],[309,318],[319,352],[353,386],[393,426],[429,462],[465,474],[475,484],[498,513],[514,529]]

Definite result: 444/538	example_2000.dxf
----------------
FIELD_BL ([], 90);	// 1 [1,10]
HOLE([11,22],010000001110) len = 12
FIELD_BL ([], 90);	// 2 [23,32]
HOLE([33,42],0100000011) len = 10
FIELD_BL ([], 90);	// 1 [43,52]
FIELD_BL ([], 90);	// 5 [53,62]
HOLE([63,84],1001000001000100000011) len = 22
FIELD_BL ([], 90);	// 2 [85,94]
FIELD_BL ([], 90);	// 2 [95,104]
FIELD_BL ([], 90);	// 2 [105,114]
FIELD_BL ([], 90);	// 21 [115,124]
HOLE([125,132],10101010) len = 8
FIELD_BL ([], 90);	// 1 [133,142]
HOLE([143,152],0100000011) len = 10
FIELD_BL ([], 90);	// 1 [153,162]
FIELD_BL ([], 90);	// 1000000000 [163,196]
FIELD_BL ([], 90);	// 1001 [197,230]
FIELD_BL ([], 90);	// 1 [231,240]
FIELD_BL ([], 90);	// 1000000000 [241,274]
FIELD_BL ([], 90);	// 51001 [275,308]
FIELD_BL ([], 90);	// 1 [309,318]
FIELD_BL ([], 90);	// 1000000000 [319,352]
FIELD_BL ([], 90);	// 351001 [353,386]
HOLE([387,392],101010) len = 6
FIELD_BL ([], 90);	// 900 [393,426]
HOLE([427,428],10) len = 2
FIELD_BL ([], 90);	// 900 [429,462]
HOLE([463,464],10) len = 2
FIELD_BL ([], 90);	// 2 [465,474]
FIELD_BL ([], 90);	// 2 [475,484]
HOLE([485,497],0100000011100) len = 13
FIELD_H (reactors[0], 330);	// 4.1.C [498,513]
FIELD_H (ownerhandle, 330);	// 4.1.C [514,529]
HOLE([530,538],001100001) len = 9
----------------
Todo: 75 + 444 = 519, Missing: 19
FIELD_BL ([], 90);	// 3 0100000011 [[11,20],[33,42],[75,84],[143,152],[485,494]]
FIELD_BL ([], 90);	// 0 10 [[12,13],[21,22],[34,35],[42,43],[63,64],[66,67],[72,73],[76,77],[84,85],[125,126]]...)
FIELD_BL ([], 90);	// 3 0100000011 [[11,20],[33,42],[75,84],[143,152],[485,494]]
FIELD_BL ([], 90);	// 0 10 [[12,13],[21,22],[34,35],[42,43],[63,64],[66,67],[72,73],[76,77],[84,85],[125,126]]...)
FIELD_BL ([], 90);	// 3 0100000011 [[11,20],[33,42],[75,84],[143,152],[485,494]]
FIELD_BL ([], 90);	// 0 10 [[12,13],[21,22],[34,35],[42,43],[63,64],[66,67],[72,73],[76,77],[84,85],[125,126]]...)
FIELD_BL ([], 90);	// 0 10 [[12,13],[21,22],[34,35],[42,43],[63,64],[66,67],[72,73],[76,77],[84,85],[125,126]]...)
FIELD_BL ([], 90);	// 0 10 [[12,13],[21,22],[34,35],[42,43],[63,64],[66,67],[72,73],[76,77],[84,85],[125,126]]...)
FIELD_BL ([], 90);	// 0 10 [[12,13],[21,22],[34,35],[42,43],[63,64],[66,67],[72,73],[76,77],[84,85],[125,126]]...)
FIELD_BL ([], 90);	// 3 0100000011 [[11,20],[33,42],[75,84],[143,152],[485,494]]
FIELD_BL ([], 90);	// 0 10 [[12,13],[21,22],[34,35],[42,43],[63,64],[66,67],[72,73],[76,77],[84,85],[125,126]]...)
FIELD_BL ([], 90);	// 0 10 [[12,13],[21,22],[34,35],[42,43],[63,64],[66,67],[72,73],[76,77],[84,85],[125,126]]...)
FIELD_BL ([], 90);	// 0 10 [[12,13],[21,22],[34,35],[42,43],[63,64],[66,67],[72,73],[76,77],[84,85],[125,126]]...)
FIELD_BL ([], 90);	// 0 10 [[12,13],[21,22],[34,35],[42,43],[63,64],[66,67],[72,73],[76,77],[84,85],[125,126]]...)
FIELD_BL ([], 90);	// 0 10 [[12,13],[21,22],[34,35],[42,43],[63,64],[66,67],[72,73],[76,77],[84,85],[125,126]]...)
FIELD_BL ([], 90);	// 3 0100000011 [[11,20],[33,42],[75,84],[143,152],[485,494]]
FIELD_BL ([], 90);	// 0 10 [[12,13],[21,22],[34,35],[42,43],[63,64],[66,67],[72,73],[76,77],[84,85],[125,126]]...)
FIELD_B ([], 290);	// 0 0 [[11,11],[13,13],[14,14],[15,15],[16,16],[17,17],[18,18],[22,22],[33,33],[35,35]]...)

Most probable result: (TODO)

ACDBASSOCPERSSUBENTMANAGER: 0x2DF (529) test/test-data/example_2004.dxf:
0100000001010000001110010000001001000000110100000001010000010110010000010001000000110100000010010000001001000000100100010101101010100100000001010000001101000000010000000000110010101001101000111011001110100100000011000000000000000001000000010000000000110010101001101000111011000011100111000111000000000000000001000000010000000000110010101001101000111011000001100101011011000001010000000010101000100001000000001100000000000000001000100001000000001100000000000000001001000000100100000010010000001110001000001000011000100000100001100

[hdloff, strsize, commonsize, bitsize]=[515,0,69,58]
H330 4.1.C: 0100000100001100 2 positions
H330 4.1.C: 0100000100001100 2 positions
distribute positions: H330 H330 
BL90 1: 0100000001 6 positions
BL90 3: 0100000011 6 positions
BL90 0: 10 101 positions
BL90 2: 0100000010 6 positions
BL90 3: 0100000011 6 positions
BL90 1: 0100000001 6 positions
BL90 5: 0100000101 fixed = [53,62]
BL90 0: 10 101 positions
BL90 4: 0100000100 3 positions
BL90 3: 0100000011 6 positions
BL90 2: 0100000010 6 positions
BL90 2: 0100000010 6 positions
BL90 2: 0100000010 6 positions
BL90 21: 0100010101 fixed = [115,124]
BL90 0: 10 101 positions
BL90 0: 10 101 positions
BL90 0: 10 101 positions
BL90 0: 10 101 positions
BL90 1: 0100000001 6 positions
BL90 3: 0100000011 6 positions
BL90 1: 0100000001 6 positions
BL90 1000000000: 0000000000110010101001101000111011 3 positions
BL90 1001: 0011101001000000110000000000000000 fixed = [197,230]
BL90 1: 0100000001 6 positions
BL90 1000000000: 0000000000110010101001101000111011 3 positions
BL90 51001: 0000111001110001110000000000000000 fixed = [275,308]
BL90 1: 0100000001 6 positions
distribute positions: BL90 BL90 BL90 BL90 BL90 BL90 
BL90 1000000000: 0000000000110010101001101000111011 3 positions
distribute positions: BL90 BL90 BL90 
BL90 351001: 0000011001010110110000010100000000 fixed = [353,386]
BL90 0: 10 101 positions
BL90 0: 10 101 positions
BL90 0: 10 101 positions
BL90 900: 0010000100000000110000000000000000 2 positions
BL90 0: 10 101 positions
BL90 900: 0010000100000000110000000000000000 2 positions
distribute positions: BL90 BL90 
BL90 0: 10 101 positions
BL90 2: 0100000010 6 positions
BL90 2: 0100000010 6 positions
distribute positions: BL90 BL90 BL90 BL90 BL90 BL90 
BL90 3: 0100000011 6 positions
BL90 0: 10 101 positions
B290 0: 0 388 positions

fixed = [[1,10],[23,32],[43,52],[53,62],[85,94],[95,104],[105,114],[115,124],[133,142],[153,162],[163,196],[197,230],[231,240],[241,274],[275,308],[309,318],[319,352],[353,386],[393,426],[429,462],[465,474],[475,484],[498,513],[514,529]]
sortd = [[1,10],[23,32],[43,52],[53,62],[85,94],[95,104],[105,114],[115,124],[133,142],[153,162],[163,196],[197,230],[231,240],[241,274],[275,308],[309,318],[319,352],[353,386],[393,426],[429,462],[465,474],[475,484],[498,513],[514,529]]

Definite result: 444/529	example_2004.dxf
----------------
FIELD_BL ([], 90);	// 1 [1,10]
HOLE([11,22],010000001110) len = 12
FIELD_BL ([], 90);	// 2 [23,32]
HOLE([33,42],0100000011) len = 10
FIELD_BL ([], 90);	// 1 [43,52]
FIELD_BL ([], 90);	// 5 [53,62]
HOLE([63,84],1001000001000100000011) len = 22
FIELD_BL ([], 90);	// 2 [85,94]
FIELD_BL ([], 90);	// 2 [95,104]
FIELD_BL ([], 90);	// 2 [105,114]
FIELD_BL ([], 90);	// 21 [115,124]
HOLE([125,132],10101010) len = 8
FIELD_BL ([], 90);	// 1 [133,142]
HOLE([143,152],0100000011) len = 10
FIELD_BL ([], 90);	// 1 [153,162]
FIELD_BL ([], 90);	// 1000000000 [163,196]
FIELD_BL ([], 90);	// 1001 [197,230]
FIELD_BL ([], 90);	// 1 [231,240]
FIELD_BL ([], 90);	// 1000000000 [241,274]
FIELD_BL ([], 90);	// 51001 [275,308]
FIELD_BL ([], 90);	// 1 [309,318]
FIELD_BL ([], 90);	// 1000000000 [319,352]
FIELD_BL ([], 90);	// 351001 [353,386]
HOLE([387,392],101010) len = 6
FIELD_BL ([], 90);	// 900 [393,426]
HOLE([427,428],10) len = 2
FIELD_BL ([], 90);	// 900 [429,462]
HOLE([463,464],10) len = 2
FIELD_BL ([], 90);	// 2 [465,474]
FIELD_BL ([], 90);	// 2 [475,484]
HOLE([485,497],0100000011100) len = 13
FIELD_H (reactors[0], 330);	// 4.1.C [498,513]
FIELD_H (ownerhandle, 330);	// 4.1.C [514,529]
----------------
Todo: 75 + 444 = 519, Missing: 10
FIELD_BL ([], 90);	// 3 0100000011 [[11,20],[33,42],[75,84],[143,152],[485,494]]
FIELD_BL ([], 90);	// 0 10 [[12,13],[21,22],[34,35],[42,43],[63,64],[66,67],[72,73],[76,77],[84,85],[125,126]]...)
FIELD_BL ([], 90);	// 3 0100000011 [[11,20],[33,42],[75,84],[143,152],[485,494]]
FIELD_BL ([], 90);	// 0 10 [[12,13],[21,22],[34,35],[42,43],[63,64],[66,67],[72,73],[76,77],[84,85],[125,126]]...)
FIELD_BL ([], 90);	// 3 0100000011 [[11,20],[33,42],[75,84],[143,152],[485,494]]
FIELD_BL ([], 90);	// 0 10 [[12,13],[21,22],[34,35],[42,43],[63,64],[66,67],[72,73],[76,77],[84,85],[125,126]]...)
FIELD_BL ([], 90);	// 0 10 [[12,13],[21,22],[34,35],[42,43],[63,64],[66,67],[72,73],[76,77],[84,85],[125,126]]...)
FIELD_BL ([], 90);	// 0 10 [[12,13],[21,22],[34,35],[42,43],[63,64],[66,67],[72,73],[76,77],[84,85],[125,126]]...)
FIELD_BL ([], 90);	// 0 10 [[12,13],[21,22],[34,35],[42,43],[63,64],[66,67],[72,73],[76,77],[84,85],[125,126]]...)
FIELD_BL ([], 90);	// 3 0100000011 [[11,20],[33,42],[75,84],[143,152],[485,494]]
FIELD_BL ([], 90);	// 0 10 [[12,13],[21,22],[34,35],[42,43],[63,64],[66,67],[72,73],[76,77],[84,85],[125,126]]...)
FIELD_BL ([], 90);	// 0 10 [[12,13],[21,22],[34,35],[42,43],[63,64],[66,67],[72,73],[76,77],[84,85],[125,126]]...)
FIELD_BL ([], 90);	// 0 10 [[12,13],[21,22],[34,35],[42,43],[63,64],[66,67],[72,73],[76,77],[84,85],[125,126]]...)
FIELD_BL ([], 90);	// 0 10 [[12,13],[21,22],[34,35],[42,43],[63,64],[66,67],[72,73],[76,77],[84,85],[125,126]]...)
FIELD_BL ([], 90);	// 0 10 [[12,13],[21,22],[34,35],[42,43],[63,64],[66,67],[72,73],[76,77],[84,85],[125,126]]...)
FIELD_BL ([], 90);	// 3 0100000011 [[11,20],[33,42],[75,84],[143,152],[485,494]]
FIELD_BL ([], 90);	// 0 10 [[12,13],[21,22],[34,35],[42,43],[63,64],[66,67],[72,73],[76,77],[84,85],[125,126]]...)
FIELD_B ([], 290);	// 0 0 [[11,11],[13,13],[14,14],[15,15],[16,16],[17,17],[18,18],[22,22],[33,33],[35,35]]...)

Most probable result: (TODO)

ACDBASSOCPERSSUBENTMANAGER: 0x2DF (537) test/test-data/example_2007.dxf:
010000000101000000111001000000100100000011010000000101000001011001000001000100000011010000001001000000100100000010010001010110101010010000000101000000110100000001000000000011001010100110100011101100111010010000001100000000000000000100000001000000000011001010100110100011101100001110011100011100000000000000000100000001000000000011001010100110100011101100000110010101101100000101000000001010100010000100000000110000000000000000100010000100000000110000000000000000100100000010010000001001000000111000010000010000110001000001000011001111111

[hdloff, strsize, commonsize, bitsize]=[516,0,69,58]
H330 4.1.C: 0100000100001100 2 positions
H330 4.1.C: 0100000100001100 2 positions
distribute positions: H330 H330 
BL90 1: 0100000001 6 positions
BL90 3: 0100000011 6 positions
BL90 0: 10 101 positions
BL90 2: 0100000010 6 positions
BL90 3: 0100000011 6 positions
BL90 1: 0100000001 6 positions
BL90 5: 0100000101 fixed = [53,62]
BL90 0: 10 101 positions
BL90 4: 0100000100 3 positions
BL90 3: 0100000011 6 positions
BL90 2: 0100000010 6 positions
BL90 2: 0100000010 6 positions
BL90 2: 0100000010 6 positions
BL90 21: 0100010101 fixed = [115,124]
BL90 0: 10 101 positions
BL90 0: 10 101 positions
BL90 0: 10 101 positions
BL90 0: 10 101 positions
BL90 1: 0100000001 6 positions
BL90 3: 0100000011 6 positions
BL90 1: 0100000001 6 positions
BL90 1000000000: 0000000000110010101001101000111011 3 positions
BL90 1001: 0011101001000000110000000000000000 fixed = [197,230]
BL90 1: 0100000001 6 positions
BL90 1000000000: 0000000000110010101001101000111011 3 positions
BL90 51001: 0000111001110001110000000000000000 fixed = [275,308]
BL90 1: 0100000001 6 positions
distribute positions: BL90 BL90 BL90 BL90 BL90 BL90 
BL90 1000000000: 0000000000110010101001101000111011 3 positions
distribute positions: BL90 BL90 BL90 
BL90 351001: 0000011001010110110000010100000000 fixed = [353,386]
BL90 0: 10 101 positions
BL90 0: 10 101 positions
BL90 0: 10 101 positions
BL90 900: 0010000100000000110000000000000000 2 positions
BL90 0: 10 101 positions
BL90 900: 0010000100000000110000000000000000 2 positions
distribute positions: BL90 BL90 
BL90 0: 10 101 positions
BL90 2: 0100000010 6 positions
BL90 2: 0100000010 6 positions
distribute positions: BL90 BL90 BL90 BL90 BL90 BL90 
BL90 3: 0100000011 6 positions
BL90 0: 10 101 positions
B290 0: 0 389 positions

fixed = [[1,10],[23,32],[43,52],[53,62],[85,94],[95,104],[105,114],[115,124],[133,142],[153,162],[163,196],[197,230],[231,240],[241,274],[275,308],[309,318],[319,352],[353,386],[393,426],[429,462],[465,474],[475,484],[499,514],[515,530]]
sortd = [[1,10],[23,32],[43,52],[53,62],[85,94],[95,104],[105,114],[115,124],[133,142],[153,162],[163,196],[197,230],[231,240],[241,274],[275,308],[309,318],[319,352],[353,386],[393,426],[429,462],[465,474],[475,484],[499,514],[515,530]]

Definite result: 444/537	example_2007.dxf
----------------
FIELD_BL ([], 90);	// 1 [1,10]
HOLE([11,22],010000001110) len = 12
FIELD_BL ([], 90);	// 2 [23,32]
HOLE([33,42],0100000011) len = 10
FIELD_BL ([], 90);	// 1 [43,52]
FIELD_BL ([], 90);	// 5 [53,62]
HOLE([63,84],1001000001000100000011) len = 22
FIELD_BL ([], 90);	// 2 [85,94]
FIELD_BL ([], 90);	// 2 [95,104]
FIELD_BL ([], 90);	// 2 [105,114]
FIELD_BL ([], 90);	// 21 [115,124]
HOLE([125,132],10101010) len = 8
FIELD_BL ([], 90);	// 1 [133,142]
HOLE([143,152],0100000011) len = 10
FIELD_BL ([], 90);	// 1 [153,162]
FIELD_BL ([], 90);	// 1000000000 [163,196]
FIELD_BL ([], 90);	// 1001 [197,230]
FIELD_BL ([], 90);	// 1 [231,240]
FIELD_BL ([], 90);	// 1000000000 [241,274]
FIELD_BL ([], 90);	// 51001 [275,308]
FIELD_BL ([], 90);	// 1 [309,318]
FIELD_BL ([], 90);	// 1000000000 [319,352]
FIELD_BL ([], 90);	// 351001 [353,386]
HOLE([387,392],101010) len = 6
FIELD_BL ([], 90);	// 900 [393,426]
HOLE([427,428],10) len = 2
FIELD_BL ([], 90);	// 900 [429,462]
HOLE([463,464],10) len = 2
FIELD_BL ([], 90);	// 2 [465,474]
FIELD_BL ([], 90);	// 2 [475,484]
HOLE([485,498],01000000111000) len = 14
FIELD_H (reactors[0], 330);	// 4.1.C [499,514]
FIELD_H (ownerhandle, 330);	// 4.1.C [515,530]
HOLE([531,537],1111111) len = 7
----------------
Todo: 75 + 444 = 519, Missing: 18
FIELD_BL ([], 90);	// 3 0100000011 [[11,20],[33,42],[75,84],[143,152],[485,494]]
FIELD_BL ([], 90);	// 0 10 [[12,13],[21,22],[34,35],[42,43],[63,64],[66,67],[72,73],[76,77],[84,85],[125,126]]...)
FIELD_BL ([], 90);	// 3 0100000011 [[11,20],[33,42],[75,84],[143,152],[485,494]]
FIELD_BL ([], 90);	// 0 10 [[12,13],[21,22],[34,35],[42,43],[63,64],[66,67],[72,73],[76,77],[84,85],[125,126]]...)
FIELD_BL ([], 90);	// 3 0100000011 [[11,20],[33,42],[75,84],[143,152],[485,494]]
FIELD_BL ([], 90);	// 0 10 [[12,13],[21,22],[34,35],[42,43],[63,64],[66,67],[72,73],[76,77],[84,85],[125,126]]...)
FIELD_BL ([], 90);	// 0 10 [[12,13],[21,22],[34,35],[42,43],[63,64],[66,67],[72,73],[76,77],[84,85],[125,126]]...)
FIELD_BL ([], 90);	// 0 10 [[12,13],[21,22],[34,35],[42,43],[63,64],[66,67],[72,73],[76,77],[84,85],[125,126]]...)
FIELD_BL ([], 90);	// 0 10 [[12,13],[21,22],[34,35],[42,43],[63,64],[66,67],[72,73],[76,77],[84,85],[125,126]]...)
FIELD_BL ([], 90);	// 3 0100000011 [[11,20],[33,42],[75,84],[143,152],[485,494]]
FIELD_BL ([], 90);	// 0 10 [[12,13],[21,22],[34,35],[42,43],[63,64],[66,67],[72,73],[76,77],[84,85],[125,126]]...)
FIELD_BL ([], 90);	// 0 10 [[12,13],[21,22],[34,35],[42,43],[63,64],[66,67],[72,73],[76,77],[84,85],[125,126]]...)
FIELD_BL ([], 90);	// 0 10 [[12,13],[21,22],[34,35],[42,43],[63,64],[66,67],[72,73],[76,77],[84,85],[125,126]]...)
FIELD_BL ([], 90);	// 0 10 [[12,13],[21,22],[34,35],[42,43],[63,64],[66,67],[72,73],[76,77],[84,85],[125,126]]...)
FIELD_BL ([], 90);	// 0 10 [[12,13],[21,22],[34,35],[42,43],[63,64],[66,67],[72,73],[76,77],[84,85],[125,126]]...)
FIELD_BL ([], 90);	// 3 0100000011 [[11,20],[33,42],[75,84],[143,152],[485,494]]
FIELD_BL ([], 90);	// 0 10 [[12,13],[21,22],[34,35],[42,43],[63,64],[66,67],[72,73],[76,77],[84,85],[125,126]]...)
FIELD_B ([], 290);	// 0 0 [[11,11],[13,13],[14,14],[15,15],[16,16],[17,17],[18,18],[22,22],[33,33],[35,35]]...)

Most probable result: (TODO)

ACDBASSOCPERSSUBENTMANAGER: 0x2DF (537) test/test-data/example_2010.dxf:
010000000101000000111001000000100100000011010000000101000001011001000001000100000011010000001001000000100100000010010001010110101010010000000101000000110100000001000000000011001010100110100011101100111010010000001100000000000000000100000001000000000011001010100110100011101100001110011100011100000000000000000100000001000000000011001010100110100011101100000110010101101100000101000000001010100010000100000000110000000000000000100010000100000000110000000000000000100100000010010000001001000000111000010000010000110001000001000011001111111

[hdloff, strsize, commonsize, bitsize]=[508,0,37,54]
H330 4.1.C: 0100000100001100 2 positions
H330 4.1.C: 0100000100001100 2 positions
distribute positions: H330 H330 
BL90 1: 0100000001 6 positions
BL90 3: 0100000011 6 positions
BL90 0: 10 101 positions
BL90 2: 0100000010 6 positions
BL90 3: 0100000011 6 positions
BL90 1: 0100000001 6 positions
BL90 5: 0100000101 fixed = [53,62]
BL90 0: 10 101 positions
BL90 4: 0100000100 3 positions
BL90 3: 0100000011 6 positions
BL90 2: 0100000010 6 positions
BL90 2: 0100000010 6 positions
BL90 2: 0100000010 6 positions
BL90 21: 0100010101 fixed = [115,124]
BL90 0: 10 101 positions
BL90 0: 10 101 positions
BL90 0: 10 101 positions
BL90 0: 10 101 positions
BL90 1: 0100000001 6 positions
BL90 3: 0100000011 6 positions
BL90 1: 0100000001 6 positions
BL90 1000000000: 0000000000110010101001101000111011 3 positions
BL90 1001: 0011101001000000110000000000000000 fixed = [197,230]
BL90 1: 0100000001 6 positions
BL90 1000000000: 0000000000110010101001101000111011 3 positions
BL90 51001: 0000111001110001110000000000000000 fixed = [275,308]
BL90 1: 0100000001 6 positions
distribute positions: BL90 BL90 BL90 BL90 BL90 BL90 
BL90 1000000000: 0000000000110010101001101000111011 3 positions
distribute positions: BL90 BL90 BL90 
BL90 351001: 0000011001010110110000010100000000 fixed = [353,386]
BL90 0: 10 101 positions
BL90 0: 10 101 positions
BL90 0: 10 101 positions
BL90 900: 0010000100000000110000000000000000 2 positions
BL90 0: 10 101 positions
BL90 900: 0010000100000000110000000000000000 2 positions
distribute positions: BL90 BL90 
BL90 0: 10 101 positions
BL90 2: 0100000010 6 positions
BL90 2: 0100000010 6 positions
distribute positions: BL90 BL90 BL90 BL90 BL90 BL90 
BL90 3: 0100000011 6 positions
BL90 0: 10 101 positions
B290 0: 0 389 positions

fixed = [[1,10],[23,32],[43,52],[53,62],[85,94],[95,104],[105,114],[115,124],[133,142],[153,162],[163,196],[197,230],[231,240],[241,274],[275,308],[309,318],[319,352],[353,386],[393,426],[429,462],[465,474],[475,484],[499,514],[515,530]]
sortd = [[1,10],[23,32],[43,52],[53,62],[85,94],[95,104],[105,114],[115,124],[133,142],[153,162],[163,196],[197,230],[231,240],[241,274],[275,308],[309,318],[319,352],[353,386],[393,426],[429,462],[465,474],[475,484],[499,514],[515,530]]

Definite result: 444/537	example_2010.dxf
----------------
FIELD_BL ([], 90);	// 1 [1,10]
HOLE([11,22],010000001110) len = 12
FIELD_BL ([], 90);	// 2 [23,32]
HOLE([33,42],0100000011) len = 10
FIELD_BL ([], 90);	// 1 [43,52]
FIELD_BL ([], 90);	// 5 [53,62]
HOLE([63,84],1001000001000100000011) len = 22
FIELD_BL ([], 90);	// 2 [85,94]
FIELD_BL ([], 90);	// 2 [95,104]
FIELD_BL ([], 90);	// 2 [105,114]
FIELD_BL ([], 90);	// 21 [115,124]
HOLE([125,132],10101010) len = 8
FIELD_BL ([], 90);	// 1 [133,142]
HOLE([143,152],0100000011) len = 10
FIELD_BL ([], 90);	// 1 [153,162]
FIELD_BL ([], 90);	// 1000000000 [163,196]
FIELD_BL ([], 90);	// 1001 [197,230]
FIELD_BL ([], 90);	// 1 [231,240]
FIELD_BL ([], 90);	// 1000000000 [241,274]
FIELD_BL ([], 90);	// 51001 [275,308]
FIELD_BL ([], 90);	// 1 [309,318]
FIELD_BL ([], 90);	// 1000000000 [319,352]
FIELD_BL ([], 90);	// 351001 [353,386]
HOLE([387,392],101010) len = 6
FIELD_BL ([], 90);	// 900 [393,426]
HOLE([427,428],10) len = 2
FIELD_BL ([], 90);	// 900 [429,462]
HOLE([463,464],10) len = 2
FIELD_BL ([], 90);	// 2 [465,474]
FIELD_BL ([], 90);	// 2 [475,484]
HOLE([485,498],01000000111000) len = 14
FIELD_H (reactors[0], 330);	// 4.1.C [499,514]
FIELD_H (ownerhandle, 330);	// 4.1.C [515,530]
HOLE([531,537],1111111) len = 7
----------------
Todo: 75 + 444 = 519, Missing: 18
FIELD_BL ([], 90);	// 3 0100000011 [[11,20],[33,42],[75,84],[143,152],[485,494]]
FIELD_BL ([], 90);	// 0 10 [[12,13],[21,22],[34,35],[42,43],[63,64],[66,67],[72,73],[76,77],[84,85],[125,126]]...)
FIELD_BL ([], 90);	// 3 0100000011 [[11,20],[33,42],[75,84],[143,152],[485,494]]
FIELD_BL ([], 90);	// 0 10 [[12,13],[21,22],[34,35],[42,43],[63,64],[66,67],[72,73],[76,77],[84,85],[125,126]]...)
FIELD_BL ([], 90);	// 3 0100000011 [[11,20],[33,42],[75,84],[143,152],[485,494]]
FIELD_BL ([], 90);	// 0 10 [[12,13],[21,22],[34,35],[42,43],[63,64],[66,67],[72,73],[76,77],[84,85],[125,126]]...)
FIELD_BL ([], 90);	// 0 10 [[12,13],[21,22],[34,35],[42,43],[63,64],[66,67],[72,73],[76,77],[84,85],[125,126]]...)
FIELD_BL ([], 90);	// 0 10 [[12,13],[21,22],[34,35],[42,43],[63,64],[66,67],[72,73],[76,77],[84,85],[125,126]]...)
FIELD_BL ([], 90);	// 0 10 [[12,13],[21,22],[34,35],[42,43],[63,64],[66,67],[72,73],[76,77],[84,85],[125,126]]...)
FIELD_BL ([], 90);	// 3 0100000011 [[11,20],[33,42],[75,84],[143,152],[485,494]]
FIELD_BL ([], 90);	// 0 10 [[12,13],[21,22],[34,35],[42,43],[63,64],[66,67],[72,73],[76,77],[84,85],[125,126]]...)
FIELD_BL ([], 90);	// 0 10 [[12,13],[21,22],[34,35],[42,43],[63,64],[66,67],[72,73],[76,77],[84,85],[125,126]]...)
FIELD_BL ([], 90);	// 0 10 [[12,13],[21,22],[34,35],[42,43],[63,64],[66,67],[72,73],[76,77],[84,85],[125,126]]...)
FIELD_BL ([], 90);	// 0 10 [[12,13],[21,22],[34,35],[42,43],[63,64],[66,67],[72,73],[76,77],[84,85],[125,126]]...)
FIELD_BL ([], 90);	// 0 10 [[12,13],[21,22],[34,35],[42,43],[63,64],[66,67],[72,73],[76,77],[84,85],[125,126]]...)
FIELD_BL ([], 90);	// 3 0100000011 [[11,20],[33,42],[75,84],[143,152],[485,494]]
FIELD_BL ([], 90);	// 0 10 [[12,13],[21,22],[34,35],[42,43],[63,64],[66,67],[72,73],[76,77],[84,85],[125,126]]...)
FIELD_B ([], 290);	// 0 0 [[11,11],[13,13],[14,14],[15,15],[16,16],[17,17],[18,18],[22,22],[33,33],[35,35]]...)

Most probable result: (TODO)

ACDBASSOCPERSSUBENTMANAGER: 0x2DF (560) test/test-data/example_2013.dxf:
01000000100100000011100100000010010000001101000000010100000101100100000100010000001101000000100100000010010000001001000101011010101001000000010100000011010000000100000000001100101010011010001110110011101001000000110000000000000000010000000100000000001100101010011010001110110000111001110001110000000000000000010000000100000000001100101010011010001110110000011001010110110000010100000000101010001000010000000011000000000000000010001000010000000011000000000000000010010000001101000000010100000010010000001101000000010100000001100001000001000011000100000100001100

[hdloff, strsize, commonsize, bitsize]=[538,0,38,57]
H330 4.1.C: 0100000100001100 2 positions
H330 4.1.C: 0100000100001100 2 positions
distribute positions: H330 H330 
BL90 2: 0100000010 6 positions
BL90 3: 0100000011 7 positions
BL90 0: 10 107 positions
BL90 2: 0100000010 6 positions
BL90 3: 0100000011 7 positions
BL90 1: 0100000001 8 positions
BL90 5: 0100000101 fixed = [53,62]
BL90 0: 10 107 positions
BL90 4: 0100000100 3 positions
BL90 3: 0100000011 7 positions
BL90 2: 0100000010 6 positions
BL90 2: 0100000010 6 positions
BL90 2: 0100000010 6 positions
BL90 21: 0100010101 fixed = [115,124]
BL90 0: 10 107 positions
BL90 0: 10 107 positions
BL90 0: 10 107 positions
BL90 0: 10 107 positions
BL90 1: 0100000001 8 positions
BL90 3: 0100000011 7 positions
BL90 1: 0100000001 8 positions
BL90 1000000000: 0000000000110010101001101000111011 3 positions
BL90 1001: 0011101001000000110000000000000000 fixed = [197,230]
BL90 1: 0100000001 8 positions
BL90 1000000000: 0000000000110010101001101000111011 3 positions
BL90 51001: 0000111001110001110000000000000000 fixed = [275,308]
BL90 1: 0100000001 8 positions
BL90 1000000000: 0000000000110010101001101000111011 3 positions
distribute positions: BL90 BL90 BL90 
BL90 351001: 0000011001010110110000010100000000 fixed = [353,386]
BL90 0: 10 107 positions
BL90 0: 10 107 positions
BL90 0: 10 107 positions
BL90 900: 0010000100000000110000000000000000 2 positions
BL90 0: 10 107 positions
BL90 900: 0010000100000000110000000000000000 2 positions
distribute positions: BL90 BL90 
BL90 0: 10 107 positions
BL90 3: 0100000011 7 positions
BL90 1: 0100000001 8 positions
BL90 2: 0100000010 6 positions
distribute positions: BL90 BL90 BL90 BL90 BL90 BL90 
BL90 3: 0100000011 7 positions
BL90 1: 0100000001 8 positions
BL90 1: 0100000001 8 positions
distribute positions: BL90 BL90 BL90 BL90 BL90 BL90 BL90 BL90 
BL90 0: 10 107 positions
B290 0: 0 412 positions

fixed = [[1,10],[23,32],[43,52],[53,62],[85,94],[95,104],[105,114],[115,124],[133,142],[153,162],[163,196],[197,230],[231,240],[241,274],[275,308],[309,318],[319,352],[353,386],[393,426],[429,462],[475,484],[485,494],[505,514],[515,524],[529,544],[545,560]]
sortd = [[1,10],[23,32],[43,52],[53,62],[85,94],[95,104],[105,114],[115,124],[133,142],[153,162],[163,196],[197,230],[231,240],[241,274],[275,308],[309,318],[319,352],[353,386],[393,426],[429,462],[475,484],[485,494],[505,514],[515,524],[529,544],[545,560]]

Definite result: 464/560	example_2013.dxf
----------------
FIELD_BL ([], 90);	// 2 [1,10]
HOLE([11,22],010000001110) len = 12
FIELD_BL ([], 90);	// 2 [23,32]
HOLE([33,42],0100000011) len = 10
FIELD_BL ([], 90);	// 1 [43,52]
FIELD_BL ([], 90);	// 5 [53,62]
HOLE([63,84],1001000001000100000011) len = 22
FIELD_BL ([], 90);	// 2 [85,94]
FIELD_BL ([], 90);	// 2 [95,104]
FIELD_BL ([], 90);	// 2 [105,114]
FIELD_BL ([], 90);	// 21 [115,124]
HOLE([125,132],10101010) len = 8
FIELD_BL ([], 90);	// 1 [133,142]
HOLE([143,152],0100000011) len = 10
FIELD_BL ([], 90);	// 1 [153,162]
FIELD_BL ([], 90);	// 1000000000 [163,196]
FIELD_BL ([], 90);	// 1001 [197,230]
FIELD_BL ([], 90);	// 1 [231,240]
FIELD_BL ([], 90);	// 1000000000 [241,274]
FIELD_BL ([], 90);	// 51001 [275,308]
FIELD_BL ([], 90);	// 1 [309,318]
FIELD_BL ([], 90);	// 1000000000 [319,352]
FIELD_BL ([], 90);	// 351001 [353,386]
HOLE([387,392],101010) len = 6
FIELD_BL ([], 90);	// 900 [393,426]
HOLE([427,428],10) len = 2
FIELD_BL ([], 90);	// 900 [429,462]
HOLE([463,474],100100000011) len = 12
FIELD_BL ([], 90);	// 1 [475,484]
FIELD_BL ([], 90);	// 2 [485,494]
HOLE([495,504],0100000011) len = 10
FIELD_BL ([], 90);	// 1 [505,514]
FIELD_BL ([], 90);	// 1 [515,524]
HOLE([525,528],1000) len = 4
FIELD_H (reactors[0], 330);	// 4.1.C [529,544]
FIELD_H (ownerhandle, 330);	// 4.1.C [545,560]
----------------
Todo: 85 + 464 = 549, Missing: 11
FIELD_BL ([], 90);	// 3 0100000011 [[11,20],[33,42],[75,84],[143,152],[465,474],[495,504]]
FIELD_BL ([], 90);	// 0 10 [[12,13],[21,22],[34,35],[42,43],[63,64],[66,67],[72,73],[76,77],[84,85],[125,126]]...)
FIELD_BL ([], 90);	// 3 0100000011 [[11,20],[33,42],[75,84],[143,152],[465,474],[495,504]]
FIELD_BL ([], 90);	// 0 10 [[12,13],[21,22],[34,35],[42,43],[63,64],[66,67],[72,73],[76,77],[84,85],[125,126]]...)
FIELD_BL ([], 90);	// 3 0100000011 [[11,20],[33,42],[75,84],[143,152],[465,474],[495,504]]
FIELD_BL ([], 90);	// 0 10 [[12,13],[21,22],[34,35],[42,43],[63,64],[66,67],[72,73],[76,77],[84,85],[125,126]]...)
FIELD_BL ([], 90);	// 0 10 [[12,13],[21,22],[34,35],[42,43],[63,64],[66,67],[72,73],[76,77],[84,85],[125,126]]...)
FIELD_BL ([], 90);	// 0 10 [[12,13],[21,22],[34,35],[42,43],[63,64],[66,67],[72,73],[76,77],[84,85],[125,126]]...)
FIELD_BL ([], 90);	// 0 10 [[12,13],[21,22],[34,35],[42,43],[63,64],[66,67],[72,73],[76,77],[84,85],[125,126]]...)
FIELD_BL ([], 90);	// 3 0100000011 [[11,20],[33,42],[75,84],[143,152],[465,474],[495,504]]
FIELD_BL ([], 90);	// 0 10 [[12,13],[21,22],[34,35],[42,43],[63,64],[66,67],[72,73],[76,77],[84,85],[125,126]]...)
FIELD_BL ([], 90);	// 0 10 [[12,13],[21,22],[34,35],[42,43],[63,64],[66,67],[72,73],[76,77],[84,85],[125,126]]...)
FIELD_BL ([], 90);	// 0 10 [[12,13],[21,22],[34,35],[42,43],[63,64],[66,67],[72,73],[76,77],[84,85],[125,126]]...)
FIELD_BL ([], 90);	// 0 10 [[12,13],[21,22],[34,35],[42,43],[63,64],[66,67],[72,73],[76,77],[84,85],[125,126]]...)
FIELD_BL ([], 90);	// 0 10 [[12,13],[21,22],[34,35],[42,43],[63,64],[66,67],[72,73],[76,77],[84,85],[125,126]]...)
FIELD_BL ([], 90);	// 3 0100000011 [[11,20],[33,42],[75,84],[143,152],[465,474],[495,504]]
FIELD_BL ([], 90);	// 3 0100000011 [[11,20],[33,42],[75,84],[143,152],[465,474],[495,504]]
FIELD_BL ([], 90);	// 0 10 [[12,13],[21,22],[34,35],[42,43],[63,64],[66,67],[72,73],[76,77],[84,85],[125,126]]...)
FIELD_B ([], 290);	// 0 0 [[11,11],[13,13],[14,14],[15,15],[16,16],[17,17],[18,18],[22,22],[33,33],[35,35]]...)

Most probable result: (TODO)

