ACDBASSOCDEPENDENCY: 0x2E1 (137) test/test-data/2004/Surface.dxf:
01000000100100000001011100000000000000000000000000100000000010000000111000001000000100100001000000010110110000100000001000000001100001111

[hdloff, strsize, commonsize, bitsize, hdlsize]=[87,0,61,14,0]
H330 c.1.2: 1100000100000010 fixed = [70,85]
BL90 2: 0100000010 2 positions
BL90 1: 0100000001 4 positions
B290 0: 0 108 positions
B290 1: 0 108 positions
B290 1: 0 108 positions
B290 1: 0 108 positions
BL90 -2147483648: 0000000000000000000000000010000000 fixed = [25,58]
H330 4.2.2D8: 010000100000001011011000 fixed = [86,109]
B290 0: 0 108 positions
H330 4.0.0: 01000000 8 positions
H330 4.0.0: 01000000 8 positions
H360 3.0.0: 00110000 fixed = [126,133]
BL90 1: 0100000001 4 positions

fixed = [[25,58],[70,85],[86,109],[126,133]]
sortd = [[25,58],[70,85],[86,109],[126,133]]

Definite result: 82/137	2004/Surface.dxf
----------------
HOLE([1,24],010000001001000000010111) len = 24
FIELD_BL (order, 90);	// -2147483648 [25,58]
HOLE([59,69],00100000001) len = 11
FIELD_H (ownerhandle, 330);	// c.1.2 [70,85]
FIELD_H ([], 330);	// 4.2.2D8 [86,109]
HOLE([110,125],0100000001000000) len = 16
FIELD_H (writedep, 360);	// 3.0.0 [126,133]
HOLE([134,137],1111) len = 4
----------------
Todo: 41 + 82 = 123, Missing: 14
FIELD_BL (status, 90);	// 1 0100000001 [[11,20],[60,69],[110,119]]
FIELD_B (isread_dep, 290);	// 0 0 [[1,1],[3,3],[4,4],[5,5],[6,6],[7,7],[8,8],[10,10],[11,11],[13,13]]...)
FIELD_B (iswrite_dep, 290);	// 1 0 [[1,1],[3,3],[4,4],[5,5],[6,6],[7,7],[8,8],[10,10],[11,11],[13,13]]...)
FIELD_B (isobjectstate_dep, 290);	// 1 0 [[1,1],[3,3],[4,4],[5,5],[6,6],[7,7],[8,8],[10,10],[11,11],[13,13]]...)
FIELD_B (unknown_b4, 290);	// 1 0 [[1,1],[3,3],[4,4],[5,5],[6,6],[7,7],[8,8],[10,10],[11,11],[13,13]]...)
FIELD_B (unknown_b5, 290);	// 0 0 [[1,1],[3,3],[4,4],[5,5],[6,6],[7,7],[8,8],[10,10],[11,11],[13,13]]...)
FIELD_H ([], 330);	// 4.0.0 01000000 [[1,8],[11,18],[60,67],[110,117],[118,125]]
FIELD_H ([], 330);	// 4.0.0 01000000 [[1,8],[11,18],[60,67],[110,117],[118,125]]
FIELD_BL (depbodyid, 90);	// 1 0100000001 [[11,20],[60,69],[110,119]]

Most probable result: (TODO)

ACDBASSOCDEPENDENCY: 0x350 (137) test/test-data/2004/Surface.dxf:
01000000100100000001011100000000000000000000000000100000000010000000111000001000000100100001000000011010011010100000001000000001100001111

[hdloff, strsize, commonsize, bitsize, hdlsize]=[87,0,61,14,0]
H330 c.1.2: 1100000100000010 fixed = [70,85]
BL90 2: 0100000010 2 positions
BL90 1: 0100000001 4 positions
B290 0: 0 107 positions
B290 1: 0 107 positions
B290 1: 0 107 positions
B290 1: 0 107 positions
BL90 -2147483648: 0000000000000000000000000010000000 fixed = [25,58]
H330 4.2.34D: 010000100000001101001101 fixed = [86,109]
B290 0: 0 107 positions
H330 4.0.0: 01000000 8 positions
H330 4.0.0: 01000000 8 positions
H360 3.0.0: 00110000 fixed = [126,133]
BL90 1: 0100000001 4 positions

fixed = [[25,58],[70,85],[86,109],[126,133]]
sortd = [[25,58],[70,85],[86,109],[126,133]]

Definite result: 82/137	2004/Surface.dxf
----------------
HOLE([1,24],010000001001000000010111) len = 24
FIELD_BL (order, 90);	// -2147483648 [25,58]
HOLE([59,69],00100000001) len = 11
FIELD_H (ownerhandle, 330);	// c.1.2 [70,85]
FIELD_H ([], 330);	// 4.2.34D [86,109]
HOLE([110,125],0100000001000000) len = 16
FIELD_H (writedep, 360);	// 3.0.0 [126,133]
HOLE([134,137],1111) len = 4
----------------
Todo: 41 + 82 = 123, Missing: 14
FIELD_BL (status, 90);	// 1 0100000001 [[11,20],[60,69],[110,119]]
FIELD_B (isread_dep, 290);	// 0 0 [[1,1],[3,3],[4,4],[5,5],[6,6],[7,7],[8,8],[10,10],[11,11],[13,13]]...)
FIELD_B (iswrite_dep, 290);	// 1 0 [[1,1],[3,3],[4,4],[5,5],[6,6],[7,7],[8,8],[10,10],[11,11],[13,13]]...)
FIELD_B (isobjectstate_dep, 290);	// 1 0 [[1,1],[3,3],[4,4],[5,5],[6,6],[7,7],[8,8],[10,10],[11,11],[13,13]]...)
FIELD_B (unknown_b4, 290);	// 1 0 [[1,1],[3,3],[4,4],[5,5],[6,6],[7,7],[8,8],[10,10],[11,11],[13,13]]...)
FIELD_B (unknown_b5, 290);	// 0 0 [[1,1],[3,3],[4,4],[5,5],[6,6],[7,7],[8,8],[10,10],[11,11],[13,13]]...)
FIELD_H ([], 330);	// 4.0.0 01000000 [[1,8],[11,18],[60,67],[110,117],[118,125]]
FIELD_H ([], 330);	// 4.0.0 01000000 [[1,8],[11,18],[60,67],[110,117],[118,125]]
FIELD_BL (depbodyid, 90);	// 1 0100000001 [[11,20],[60,69],[110,119]]

Most probable result: (TODO)

ACDBASSOCDEPENDENCY: 0x369 (137) test/test-data/2004/Surface.dxf:
01000000100100000001011100000000000000000000000000100000000010000000111000001000000100100001000000011011001100100000001000000001100001111

[hdloff, strsize, commonsize, bitsize, hdlsize]=[87,0,61,14,0]
H330 c.1.2: 1100000100000010 fixed = [70,85]
BL90 2: 0100000010 2 positions
BL90 1: 0100000001 4 positions
B290 0: 0 107 positions
B290 1: 0 107 positions
B290 1: 0 107 positions
B290 1: 0 107 positions
BL90 -2147483648: 0000000000000000000000000010000000 fixed = [25,58]
H330 4.2.366: 010000100000001101100110 fixed = [86,109]
B290 0: 0 107 positions
H330 4.0.0: 01000000 8 positions
H330 4.0.0: 01000000 8 positions
H360 3.0.0: 00110000 fixed = [126,133]
BL90 1: 0100000001 4 positions

fixed = [[25,58],[70,85],[86,109],[126,133]]
sortd = [[25,58],[70,85],[86,109],[126,133]]

Definite result: 82/137	2004/Surface.dxf
----------------
HOLE([1,24],010000001001000000010111) len = 24
FIELD_BL (order, 90);	// -2147483648 [25,58]
HOLE([59,69],00100000001) len = 11
FIELD_H (ownerhandle, 330);	// c.1.2 [70,85]
FIELD_H ([], 330);	// 4.2.366 [86,109]
HOLE([110,125],0100000001000000) len = 16
FIELD_H (writedep, 360);	// 3.0.0 [126,133]
HOLE([134,137],1111) len = 4
----------------
Todo: 41 + 82 = 123, Missing: 14
FIELD_BL (status, 90);	// 1 0100000001 [[11,20],[60,69],[110,119]]
FIELD_B (isread_dep, 290);	// 0 0 [[1,1],[3,3],[4,4],[5,5],[6,6],[7,7],[8,8],[10,10],[11,11],[13,13]]...)
FIELD_B (iswrite_dep, 290);	// 1 0 [[1,1],[3,3],[4,4],[5,5],[6,6],[7,7],[8,8],[10,10],[11,11],[13,13]]...)
FIELD_B (isobjectstate_dep, 290);	// 1 0 [[1,1],[3,3],[4,4],[5,5],[6,6],[7,7],[8,8],[10,10],[11,11],[13,13]]...)
FIELD_B (unknown_b4, 290);	// 1 0 [[1,1],[3,3],[4,4],[5,5],[6,6],[7,7],[8,8],[10,10],[11,11],[13,13]]...)
FIELD_B (unknown_b5, 290);	// 0 0 [[1,1],[3,3],[4,4],[5,5],[6,6],[7,7],[8,8],[10,10],[11,11],[13,13]]...)
FIELD_H ([], 330);	// 4.0.0 01000000 [[1,8],[11,18],[60,67],[110,117],[118,125]]
FIELD_H ([], 330);	// 4.0.0 01000000 [[1,8],[11,18],[60,67],[110,117],[118,125]]
FIELD_BL (depbodyid, 90);	// 1 0100000001 [[11,20],[60,69],[110,119]]

Most probable result: (TODO)

ACDBASSOCDEPENDENCY: 0x414 (137) test/test-data/2004/Surface.dxf:
01000000100100000001011100000000000000000000000000100000000010000000111000001000000100100001000000100000100010100000001000000001100001111

[hdloff, strsize, commonsize, bitsize, hdlsize]=[87,0,61,14,0]
H330 c.1.2: 1100000100000010 fixed = [70,85]
BL90 2: 0100000010 3 positions
BL90 1: 0100000001 3 positions
B290 0: 0 110 positions
B290 1: 0 110 positions
B290 1: 0 110 positions
B290 1: 0 110 positions
BL90 -2147483648: 0000000000000000000000000010000000 fixed = [25,58]
H330 4.2.411: 010000100000010000010001 fixed = [86,109]
B290 0: 0 110 positions
H330 4.0.0: 01000000 8 positions
H330 4.0.0: 01000000 8 positions
H360 3.0.0: 00110000 fixed = [126,133]
BL90 1: 0100000001 3 positions

fixed = [[25,58],[70,85],[86,109],[126,133]]
sortd = [[25,58],[70,85],[86,109],[126,133]]

Definite result: 82/137	2004/Surface.dxf
----------------
HOLE([1,24],010000001001000000010111) len = 24
FIELD_BL (order, 90);	// -2147483648 [25,58]
HOLE([59,69],00100000001) len = 11
FIELD_H (ownerhandle, 330);	// c.1.2 [70,85]
FIELD_H ([], 330);	// 4.2.411 [86,109]
HOLE([110,125],0100000001000000) len = 16
FIELD_H (writedep, 360);	// 3.0.0 [126,133]
HOLE([134,137],1111) len = 4
----------------
Todo: 41 + 82 = 123, Missing: 14
FIELD_BL (status, 90);	// 1 0100000001 [[11,20],[60,69],[110,119]]
FIELD_B (isread_dep, 290);	// 0 0 [[1,1],[3,3],[4,4],[5,5],[6,6],[7,7],[8,8],[10,10],[11,11],[13,13]]...)
FIELD_B (iswrite_dep, 290);	// 1 0 [[1,1],[3,3],[4,4],[5,5],[6,6],[7,7],[8,8],[10,10],[11,11],[13,13]]...)
FIELD_B (isobjectstate_dep, 290);	// 1 0 [[1,1],[3,3],[4,4],[5,5],[6,6],[7,7],[8,8],[10,10],[11,11],[13,13]]...)
FIELD_B (unknown_b4, 290);	// 1 0 [[1,1],[3,3],[4,4],[5,5],[6,6],[7,7],[8,8],[10,10],[11,11],[13,13]]...)
FIELD_B (unknown_b5, 290);	// 0 0 [[1,1],[3,3],[4,4],[5,5],[6,6],[7,7],[8,8],[10,10],[11,11],[13,13]]...)
FIELD_H ([], 330);	// 4.0.0 01000000 [[1,8],[11,18],[60,67],[110,117],[118,125]]
FIELD_H ([], 330);	// 4.0.0 01000000 [[1,8],[11,18],[60,67],[110,117],[118,125]]
FIELD_BL (depbodyid, 90);	// 1 0100000001 [[11,20],[60,69],[110,119]]

Most probable result: (TODO)

ACDBASSOCDEPENDENCY: 0x50D (137) test/test-data/2004/Surface.dxf:
01000000100100000001011100000000000000000000000000100000000010000000111000001000000100100001000000101000010100100000001000000001100001111

[hdloff, strsize, commonsize, bitsize, hdlsize]=[87,0,61,14,0]
H330 c.1.2: 1100000100000010 fixed = [70,85]
BL90 2: 0100000010 3 positions
BL90 1: 0100000001 3 positions
B290 0: 0 109 positions
B290 1: 0 109 positions
B290 1: 0 109 positions
B290 1: 0 109 positions
BL90 -2147483648: 0000000000000000000000000010000000 fixed = [25,58]
H330 4.2.50A: 010000100000010100001010 fixed = [86,109]
B290 0: 0 109 positions
H330 4.0.0: 01000000 8 positions
H330 4.0.0: 01000000 8 positions
H360 3.0.0: 00110000 fixed = [126,133]
BL90 1: 0100000001 3 positions

fixed = [[25,58],[70,85],[86,109],[126,133]]
sortd = [[25,58],[70,85],[86,109],[126,133]]

Definite result: 82/137	2004/Surface.dxf
----------------
HOLE([1,24],010000001001000000010111) len = 24
FIELD_BL (order, 90);	// -2147483648 [25,58]
HOLE([59,69],00100000001) len = 11
FIELD_H (ownerhandle, 330);	// c.1.2 [70,85]
FIELD_H ([], 330);	// 4.2.50A [86,109]
HOLE([110,125],0100000001000000) len = 16
FIELD_H (writedep, 360);	// 3.0.0 [126,133]
HOLE([134,137],1111) len = 4
----------------
Todo: 41 + 82 = 123, Missing: 14
FIELD_BL (status, 90);	// 1 0100000001 [[11,20],[60,69],[110,119]]
FIELD_B (isread_dep, 290);	// 0 0 [[1,1],[3,3],[4,4],[5,5],[6,6],[7,7],[8,8],[10,10],[11,11],[13,13]]...)
FIELD_B (iswrite_dep, 290);	// 1 0 [[1,1],[3,3],[4,4],[5,5],[6,6],[7,7],[8,8],[10,10],[11,11],[13,13]]...)
FIELD_B (isobjectstate_dep, 290);	// 1 0 [[1,1],[3,3],[4,4],[5,5],[6,6],[7,7],[8,8],[10,10],[11,11],[13,13]]...)
FIELD_B (unknown_b4, 290);	// 1 0 [[1,1],[3,3],[4,4],[5,5],[6,6],[7,7],[8,8],[10,10],[11,11],[13,13]]...)
FIELD_B (unknown_b5, 290);	// 0 0 [[1,1],[3,3],[4,4],[5,5],[6,6],[7,7],[8,8],[10,10],[11,11],[13,13]]...)
FIELD_H ([], 330);	// 4.0.0 01000000 [[1,8],[11,18],[60,67],[110,117],[118,125]]
FIELD_H ([], 330);	// 4.0.0 01000000 [[1,8],[11,18],[60,67],[110,117],[118,125]]
FIELD_BL (depbodyid, 90);	// 1 0100000001 [[11,20],[60,69],[110,119]]

Most probable result: (TODO)

ACDBASSOCDEPENDENCY: 0x417 (97) test/test-data/2004/Surface.dxf:
0100000010101011100010000001011000001000001010100001000000010110001100100000001000000001100001111

[hdloff, strsize, commonsize, bitsize, hdlsize]=[47,0,61,10,0]
H330 c.1.5: 1100000100000101 fixed = [30,45]
BL90 2: 0100000010 2 positions
BL90 0: 10 19 positions
B290 1: 0 68 positions
B290 0: 0 68 positions
B290 1: 0 68 positions
B290 1: 0 68 positions
BL90 0: 10 19 positions
H330 4.2.2C6: 010000100000001011000110 fixed = [46,69]
B290 0: 0 68 positions
H330 4.0.0: 01000000 5 positions
H330 4.0.0: 01000000 5 positions
H360 3.0.0: 00110000 fixed = [86,93]
BL90 2: 0100000010 2 positions
distribute positions: BL90 BL90 

fixed = [[1,10],[20,29],[30,45],[46,69],[86,93]]
sortd = [[1,10],[20,29],[30,45],[46,69],[86,93]]

Definite result: 68/97	2004/Surface.dxf
----------------
FIELD_BL (class_version, 90);	// 2 [1,10]
HOLE([11,19],101011100) len = 9
FIELD_BL (depbodyid, 90);	// 2 [20,29]
FIELD_H (ownerhandle, 330);	// c.1.5 [30,45]
FIELD_H ([], 330);	// 4.2.2C6 [46,69]
HOLE([70,85],0100000001000000) len = 16
FIELD_H (writedep, 360);	// 3.0.0 [86,93]
HOLE([94,97],1111) len = 4
----------------
Todo: 25 + 68 = 93, Missing: 4
FIELD_BL (status, 90);	// 0 10 [[11,12],[13,14],[17,18],[71,72],[79,80]]
FIELD_B (isread_dep, 290);	// 1 0 [[12,12],[14,14],[18,18],[19,19],[70,70],[72,72],[73,73],[74,74],[75,75],[76,76]]...)
FIELD_B (iswrite_dep, 290);	// 0 0 [[12,12],[14,14],[18,18],[19,19],[70,70],[72,72],[73,73],[74,74],[75,75],[76,76]]...)
FIELD_B (isobjectstate_dep, 290);	// 1 0 [[12,12],[14,14],[18,18],[19,19],[70,70],[72,72],[73,73],[74,74],[75,75],[76,76]]...)
FIELD_B (unknown_b4, 290);	// 1 0 [[12,12],[14,14],[18,18],[19,19],[70,70],[72,72],[73,73],[74,74],[75,75],[76,76]]...)
FIELD_BL (order, 90);	// 0 10 [[11,12],[13,14],[17,18],[71,72],[79,80]]
FIELD_B (unknown_b5, 290);	// 0 0 [[12,12],[14,14],[18,18],[19,19],[70,70],[72,72],[73,73],[74,74],[75,75],[76,76]]...)
FIELD_H ([], 330);	// 4.0.0 01000000 [[70,77],[78,85]]
FIELD_H ([], 330);	// 4.0.0 01000000 [[70,77],[78,85]]

Most probable result: (TODO)

ACDBASSOCDEPENDENCY: 0x36C (97) test/test-data/2004/Surface.dxf:
0100000010101011100010000001011000001000001010100001000000010110011100100000001000000001100001111

[hdloff, strsize, commonsize, bitsize, hdlsize]=[47,0,61,10,0]
H330 c.1.5: 1100000100000101 fixed = [30,45]
BL90 2: 0100000010 2 positions
BL90 0: 10 19 positions
B290 1: 0 67 positions
B290 0: 0 67 positions
B290 1: 0 67 positions
B290 1: 0 67 positions
BL90 0: 10 19 positions
H330 4.2.2CE: 010000100000001011001110 fixed = [46,69]
B290 0: 0 67 positions
H330 4.0.0: 01000000 5 positions
H330 4.0.0: 01000000 5 positions
H360 3.0.0: 00110000 fixed = [86,93]
BL90 2: 0100000010 2 positions
distribute positions: BL90 BL90 

fixed = [[1,10],[20,29],[30,45],[46,69],[86,93]]
sortd = [[1,10],[20,29],[30,45],[46,69],[86,93]]

Definite result: 68/97	2004/Surface.dxf
----------------
FIELD_BL (class_version, 90);	// 2 [1,10]
HOLE([11,19],101011100) len = 9
FIELD_BL (depbodyid, 90);	// 2 [20,29]
FIELD_H (ownerhandle, 330);	// c.1.5 [30,45]
FIELD_H ([], 330);	// 4.2.2CE [46,69]
HOLE([70,85],0100000001000000) len = 16
FIELD_H (writedep, 360);	// 3.0.0 [86,93]
HOLE([94,97],1111) len = 4
----------------
Todo: 25 + 68 = 93, Missing: 4
FIELD_BL (status, 90);	// 0 10 [[11,12],[13,14],[17,18],[71,72],[79,80]]
FIELD_B (isread_dep, 290);	// 1 0 [[12,12],[14,14],[18,18],[19,19],[70,70],[72,72],[73,73],[74,74],[75,75],[76,76]]...)
FIELD_B (iswrite_dep, 290);	// 0 0 [[12,12],[14,14],[18,18],[19,19],[70,70],[72,72],[73,73],[74,74],[75,75],[76,76]]...)
FIELD_B (isobjectstate_dep, 290);	// 1 0 [[12,12],[14,14],[18,18],[19,19],[70,70],[72,72],[73,73],[74,74],[75,75],[76,76]]...)
FIELD_B (unknown_b4, 290);	// 1 0 [[12,12],[14,14],[18,18],[19,19],[70,70],[72,72],[73,73],[74,74],[75,75],[76,76]]...)
FIELD_BL (order, 90);	// 0 10 [[11,12],[13,14],[17,18],[71,72],[79,80]]
FIELD_B (unknown_b5, 290);	// 0 0 [[12,12],[14,14],[18,18],[19,19],[70,70],[72,72],[73,73],[74,74],[75,75],[76,76]]...)
FIELD_H ([], 330);	// 4.0.0 01000000 [[70,77],[78,85]]
FIELD_H ([], 330);	// 4.0.0 01000000 [[70,77],[78,85]]

Most probable result: (TODO)

ACDBASSOCDEPENDENCY: 0x2E4 (97) test/test-data/2004/Surface.dxf:
0100000010101011100010000001011000001000001010100001000000010110101110100000001000000001100001111

[hdloff, strsize, commonsize, bitsize, hdlsize]=[47,0,61,10,0]
H330 c.1.5: 1100000100000101 fixed = [30,45]
BL90 2: 0100000010 2 positions
BL90 0: 10 20 positions
B290 1: 0 66 positions
B290 0: 0 66 positions
B290 1: 0 66 positions
B290 1: 0 66 positions
BL90 0: 10 20 positions
H330 4.2.2D7: 010000100000001011010111 fixed = [46,69]
B290 0: 0 66 positions
H330 4.0.0: 01000000 5 positions
H330 4.0.0: 01000000 5 positions
H360 3.0.0: 00110000 fixed = [86,93]
BL90 2: 0100000010 2 positions
distribute positions: BL90 BL90 

fixed = [[1,10],[20,29],[30,45],[46,69],[86,93]]
sortd = [[1,10],[20,29],[30,45],[46,69],[86,93]]

Definite result: 68/97	2004/Surface.dxf
----------------
FIELD_BL (class_version, 90);	// 2 [1,10]
HOLE([11,19],101011100) len = 9
FIELD_BL (depbodyid, 90);	// 2 [20,29]
FIELD_H (ownerhandle, 330);	// c.1.5 [30,45]
FIELD_H ([], 330);	// 4.2.2D7 [46,69]
HOLE([70,85],0100000001000000) len = 16
FIELD_H (writedep, 360);	// 3.0.0 [86,93]
HOLE([94,97],1111) len = 4
----------------
Todo: 25 + 68 = 93, Missing: 4
FIELD_BL (status, 90);	// 0 10 [[11,12],[13,14],[17,18],[71,72],[79,80]]
FIELD_B (isread_dep, 290);	// 1 0 [[12,12],[14,14],[18,18],[19,19],[70,70],[72,72],[73,73],[74,74],[75,75],[76,76]]...)
FIELD_B (iswrite_dep, 290);	// 0 0 [[12,12],[14,14],[18,18],[19,19],[70,70],[72,72],[73,73],[74,74],[75,75],[76,76]]...)
FIELD_B (isobjectstate_dep, 290);	// 1 0 [[12,12],[14,14],[18,18],[19,19],[70,70],[72,72],[73,73],[74,74],[75,75],[76,76]]...)
FIELD_B (unknown_b4, 290);	// 1 0 [[12,12],[14,14],[18,18],[19,19],[70,70],[72,72],[73,73],[74,74],[75,75],[76,76]]...)
FIELD_BL (order, 90);	// 0 10 [[11,12],[13,14],[17,18],[71,72],[79,80]]
FIELD_B (unknown_b5, 290);	// 0 0 [[12,12],[14,14],[18,18],[19,19],[70,70],[72,72],[73,73],[74,74],[75,75],[76,76]]...)
FIELD_H ([], 330);	// 4.0.0 01000000 [[70,77],[78,85]]
FIELD_H ([], 330);	// 4.0.0 01000000 [[70,77],[78,85]]

Most probable result: (TODO)

ACDBASSOCDEPENDENCY: 0x353 (97) test/test-data/2004/Surface.dxf:
0100000010101011100010000001011000001000001010100001000000011001110000100000001000000001100001111

[hdloff, strsize, commonsize, bitsize, hdlsize]=[47,0,61,10,0]
H330 c.1.5: 1100000100000101 fixed = [30,45]
BL90 2: 0100000010 2 positions
BL90 0: 10 18 positions
B290 1: 0 68 positions
B290 0: 0 68 positions
B290 1: 0 68 positions
B290 1: 0 68 positions
BL90 0: 10 18 positions
H330 4.2.338: 010000100000001100111000 fixed = [46,69]
B290 0: 0 68 positions
H330 4.0.0: 01000000 5 positions
H330 4.0.0: 01000000 5 positions
H360 3.0.0: 00110000 fixed = [86,93]
BL90 2: 0100000010 2 positions
distribute positions: BL90 BL90 

fixed = [[1,10],[20,29],[30,45],[46,69],[86,93]]
sortd = [[1,10],[20,29],[30,45],[46,69],[86,93]]

Definite result: 68/97	2004/Surface.dxf
----------------
FIELD_BL (class_version, 90);	// 2 [1,10]
HOLE([11,19],101011100) len = 9
FIELD_BL (depbodyid, 90);	// 2 [20,29]
FIELD_H (ownerhandle, 330);	// c.1.5 [30,45]
FIELD_H ([], 330);	// 4.2.338 [46,69]
HOLE([70,85],0100000001000000) len = 16
FIELD_H (writedep, 360);	// 3.0.0 [86,93]
HOLE([94,97],1111) len = 4
----------------
Todo: 25 + 68 = 93, Missing: 4
FIELD_BL (status, 90);	// 0 10 [[11,12],[13,14],[17,18],[71,72],[79,80]]
FIELD_B (isread_dep, 290);	// 1 0 [[12,12],[14,14],[18,18],[19,19],[70,70],[72,72],[73,73],[74,74],[75,75],[76,76]]...)
FIELD_B (iswrite_dep, 290);	// 0 0 [[12,12],[14,14],[18,18],[19,19],[70,70],[72,72],[73,73],[74,74],[75,75],[76,76]]...)
FIELD_B (isobjectstate_dep, 290);	// 1 0 [[12,12],[14,14],[18,18],[19,19],[70,70],[72,72],[73,73],[74,74],[75,75],[76,76]]...)
FIELD_B (unknown_b4, 290);	// 1 0 [[12,12],[14,14],[18,18],[19,19],[70,70],[72,72],[73,73],[74,74],[75,75],[76,76]]...)
FIELD_BL (order, 90);	// 0 10 [[11,12],[13,14],[17,18],[71,72],[79,80]]
FIELD_B (unknown_b5, 290);	// 0 0 [[12,12],[14,14],[18,18],[19,19],[70,70],[72,72],[73,73],[74,74],[75,75],[76,76]]...)
FIELD_H ([], 330);	// 4.0.0 01000000 [[70,77],[78,85]]
FIELD_H ([], 330);	// 4.0.0 01000000 [[70,77],[78,85]]

Most probable result: (TODO)

ACDBASSOCDEPENDENCY: 0x510 (97) test/test-data/2004/Surface.dxf:
0100000010101011100010000001011000001000001010100001000000101000010010100000001000000001100001111

[hdloff, strsize, commonsize, bitsize, hdlsize]=[47,0,61,10,0]
H330 c.1.5: 1100000100000101 fixed = [30,45]
BL90 2: 0100000010 3 positions
BL90 0: 10 20 positions
B290 1: 0 69 positions
B290 0: 0 69 positions
B290 1: 0 69 positions
B290 1: 0 69 positions
BL90 0: 10 20 positions
H330 4.2.509: 010000100000010100001001 fixed = [46,69]
B290 0: 0 69 positions
H330 4.0.0: 01000000 5 positions
H330 4.0.0: 01000000 5 positions
H360 3.0.0: 00110000 fixed = [86,93]
BL90 2: 0100000010 3 positions

fixed = [[30,45],[46,69],[86,93]]
sortd = [[30,45],[46,69],[86,93]]

Definite result: 48/97	2004/Surface.dxf
----------------
HOLE([1,29],01000000101010111000100000010) len = 29
FIELD_H (ownerhandle, 330);	// c.1.5 [30,45]
FIELD_H ([], 330);	// 4.2.509 [46,69]
HOLE([70,85],0100000001000000) len = 16
FIELD_H (writedep, 360);	// 3.0.0 [86,93]
HOLE([94,97],1111) len = 4
----------------
Todo: 45 + 48 = 93, Missing: 4
FIELD_BL (class_version, 90);	// 2 0100000010 [[1,10],[20,29]]
FIELD_BL (status, 90);	// 0 10 [[2,3],[9,10],[11,12],[13,14],[17,18],[21,22],[28,29],[71,72],[79,80]]
FIELD_B (isread_dep, 290);	// 1 0 [[1,1],[3,3],[4,4],[5,5],[6,6],[7,7],[8,8],[10,10],[12,12],[14,14]]...)
FIELD_B (iswrite_dep, 290);	// 0 0 [[1,1],[3,3],[4,4],[5,5],[6,6],[7,7],[8,8],[10,10],[12,12],[14,14]]...)
FIELD_B (isobjectstate_dep, 290);	// 1 0 [[1,1],[3,3],[4,4],[5,5],[6,6],[7,7],[8,8],[10,10],[12,12],[14,14]]...)
FIELD_B (unknown_b4, 290);	// 1 0 [[1,1],[3,3],[4,4],[5,5],[6,6],[7,7],[8,8],[10,10],[12,12],[14,14]]...)
FIELD_BL (order, 90);	// 0 10 [[2,3],[9,10],[11,12],[13,14],[17,18],[21,22],[28,29],[71,72],[79,80]]
FIELD_B (unknown_b5, 290);	// 0 0 [[1,1],[3,3],[4,4],[5,5],[6,6],[7,7],[8,8],[10,10],[12,12],[14,14]]...)
FIELD_H ([], 330);	// 4.0.0 01000000 [[1,8],[20,27],[70,77],[78,85]]
FIELD_H ([], 330);	// 4.0.0 01000000 [[1,8],[20,27],[70,77],[78,85]]
FIELD_BL (depbodyid, 90);	// 2 0100000010 [[1,10],[20,29]]

Most probable result: (TODO)

ACDBASSOCDEPENDENCY: 0x41A (97) test/test-data/2004/Surface.dxf:
0100000010101011100010000001111000001000010000100001000000010110100010100000001000000001100001111

[hdloff, strsize, commonsize, bitsize, hdlsize]=[47,0,61,10,0]
H330 c.1.8: 1100000100001000 fixed = [30,45]
BL90 2: 0100000010 fixed = [1,10]
BL90 0: 10 18 positions
B290 1: 0 68 positions
B290 0: 0 68 positions
B290 1: 0 68 positions
B290 1: 0 68 positions
BL90 0: 10 18 positions
H330 4.2.2D1: 010000100000001011010001 fixed = [46,69]
B290 0: 0 68 positions
H330 4.0.0: 01000000 5 positions
H330 4.0.0: 01000000 5 positions
H360 3.0.0: 00110000 fixed = [86,93]
BL90 3: 0100000011 fixed = [20,29]

fixed = [[1,10],[20,29],[30,45],[46,69],[86,93]]
sortd = [[1,10],[20,29],[30,45],[46,69],[86,93]]

Definite result: 68/97	2004/Surface.dxf
----------------
FIELD_BL (class_version, 90);	// 2 [1,10]
HOLE([11,19],101011100) len = 9
FIELD_BL (depbodyid, 90);	// 3 [20,29]
FIELD_H (ownerhandle, 330);	// c.1.8 [30,45]
FIELD_H ([], 330);	// 4.2.2D1 [46,69]
HOLE([70,85],0100000001000000) len = 16
FIELD_H (writedep, 360);	// 3.0.0 [86,93]
HOLE([94,97],1111) len = 4
----------------
Todo: 25 + 68 = 93, Missing: 4
FIELD_BL (status, 90);	// 0 10 [[11,12],[13,14],[17,18],[71,72],[79,80]]
FIELD_B (isread_dep, 290);	// 1 0 [[12,12],[14,14],[18,18],[19,19],[70,70],[72,72],[73,73],[74,74],[75,75],[76,76]]...)
FIELD_B (iswrite_dep, 290);	// 0 0 [[12,12],[14,14],[18,18],[19,19],[70,70],[72,72],[73,73],[74,74],[75,75],[76,76]]...)
FIELD_B (isobjectstate_dep, 290);	// 1 0 [[12,12],[14,14],[18,18],[19,19],[70,70],[72,72],[73,73],[74,74],[75,75],[76,76]]...)
FIELD_B (unknown_b4, 290);	// 1 0 [[12,12],[14,14],[18,18],[19,19],[70,70],[72,72],[73,73],[74,74],[75,75],[76,76]]...)
FIELD_BL (order, 90);	// 0 10 [[11,12],[13,14],[17,18],[71,72],[79,80]]
FIELD_B (unknown_b5, 290);	// 0 0 [[12,12],[14,14],[18,18],[19,19],[70,70],[72,72],[73,73],[74,74],[75,75],[76,76]]...)
FIELD_H ([], 330);	// 4.0.0 01000000 [[70,77],[78,85]]
FIELD_H ([], 330);	// 4.0.0 01000000 [[70,77],[78,85]]

Most probable result: (TODO)

ACDBASSOCDEPENDENCY: 0x356 (97) test/test-data/2004/Surface.dxf:
0100000010101011100010000001111000001000010000100001000000011001110100100000001000000001100001111

[hdloff, strsize, commonsize, bitsize, hdlsize]=[47,0,61,10,0]
H330 c.1.8: 1100000100001000 fixed = [30,45]
BL90 2: 0100000010 fixed = [1,10]
BL90 0: 10 17 positions
B290 1: 0 67 positions
B290 0: 0 67 positions
B290 1: 0 67 positions
B290 1: 0 67 positions
BL90 0: 10 17 positions
H330 4.2.33A: 010000100000001100111010 fixed = [46,69]
B290 0: 0 67 positions
H330 4.0.0: 01000000 5 positions
H330 4.0.0: 01000000 5 positions
H360 3.0.0: 00110000 fixed = [86,93]
BL90 3: 0100000011 fixed = [20,29]

fixed = [[1,10],[20,29],[30,45],[46,69],[86,93]]
sortd = [[1,10],[20,29],[30,45],[46,69],[86,93]]

Definite result: 68/97	2004/Surface.dxf
----------------
FIELD_BL (class_version, 90);	// 2 [1,10]
HOLE([11,19],101011100) len = 9
FIELD_BL (depbodyid, 90);	// 3 [20,29]
FIELD_H (ownerhandle, 330);	// c.1.8 [30,45]
FIELD_H ([], 330);	// 4.2.33A [46,69]
HOLE([70,85],0100000001000000) len = 16
FIELD_H (writedep, 360);	// 3.0.0 [86,93]
HOLE([94,97],1111) len = 4
----------------
Todo: 25 + 68 = 93, Missing: 4
FIELD_BL (status, 90);	// 0 10 [[11,12],[13,14],[17,18],[71,72],[79,80]]
FIELD_B (isread_dep, 290);	// 1 0 [[12,12],[14,14],[18,18],[19,19],[70,70],[72,72],[73,73],[74,74],[75,75],[76,76]]...)
FIELD_B (iswrite_dep, 290);	// 0 0 [[12,12],[14,14],[18,18],[19,19],[70,70],[72,72],[73,73],[74,74],[75,75],[76,76]]...)
FIELD_B (isobjectstate_dep, 290);	// 1 0 [[12,12],[14,14],[18,18],[19,19],[70,70],[72,72],[73,73],[74,74],[75,75],[76,76]]...)
FIELD_B (unknown_b4, 290);	// 1 0 [[12,12],[14,14],[18,18],[19,19],[70,70],[72,72],[73,73],[74,74],[75,75],[76,76]]...)
FIELD_BL (order, 90);	// 0 10 [[11,12],[13,14],[17,18],[71,72],[79,80]]
FIELD_B (unknown_b5, 290);	// 0 0 [[12,12],[14,14],[18,18],[19,19],[70,70],[72,72],[73,73],[74,74],[75,75],[76,76]]...)
FIELD_H ([], 330);	// 4.0.0 01000000 [[70,77],[78,85]]
FIELD_H ([], 330);	// 4.0.0 01000000 [[70,77],[78,85]]

Most probable result: (TODO)

ACDBASSOCDEPENDENCY: 0x2E1 (128) test/test-data/2018/Surface.dxf:
01000000101001110000000000000000000000000010000000001000000010110000010000001001000010000000101101100001000000010000000011000011

[hdloff, strsize, commonsize, bitsize, hdlsize]=[72,0,30,10,66]
H330 c.1.2: 1100000100000010 fixed = [63,78]
BL90 2: 0100000010 2 positions
BL90 0: 10 18 positions
B290 0: 0 102 positions
B290 1: 0 102 positions
B290 1: 0 102 positions
B290 1: 0 102 positions
BL90 -2147483648: 0000000000000000000000000010000000 fixed = [17,50]
H330 4.2.2D8: 010000100000001011011000 fixed = [79,102]
B290 0: 0 102 positions
H330 4.0.0: 01000000 7 positions
H330 4.0.0: 01000000 7 positions
H360 3.0.0: 00110000 fixed = [119,126]
BL90 1: 0100000001 3 positions

fixed = [[17,50],[63,78],[79,102],[119,126]]
sortd = [[17,50],[63,78],[79,102],[119,126]]

Definite result: 82/128	2018/Surface.dxf
----------------
HOLE([1,16],0100000010100111) len = 16
FIELD_BL (order, 90);	// -2147483648 [17,50]
HOLE([51,62],001000000010) len = 12
FIELD_H (ownerhandle, 330);	// c.1.2 [63,78]
FIELD_H ([], 330);	// 4.2.2D8 [79,102]
HOLE([103,118],0100000001000000) len = 16
FIELD_H (writedep, 360);	// 3.0.0 [119,126]
HOLE([127,128],11) len = 2
----------------
Todo: 33 + 82 = 115, Missing: 13
FIELD_BL (status, 90);	// 0 10 [[2,3],[9,10],[11,12],[16,17],[53,54],[61,62],[104,105],[112,113]]
FIELD_B (isread_dep, 290);	// 0 0 [[1,1],[3,3],[4,4],[5,5],[6,6],[7,7],[8,8],[10,10],[12,12],[13,13]]...)
FIELD_B (iswrite_dep, 290);	// 1 0 [[1,1],[3,3],[4,4],[5,5],[6,6],[7,7],[8,8],[10,10],[12,12],[13,13]]...)
FIELD_B (isobjectstate_dep, 290);	// 1 0 [[1,1],[3,3],[4,4],[5,5],[6,6],[7,7],[8,8],[10,10],[12,12],[13,13]]...)
FIELD_B (unknown_b4, 290);	// 1 0 [[1,1],[3,3],[4,4],[5,5],[6,6],[7,7],[8,8],[10,10],[12,12],[13,13]]...)
FIELD_B (unknown_b5, 290);	// 0 0 [[1,1],[3,3],[4,4],[5,5],[6,6],[7,7],[8,8],[10,10],[12,12],[13,13]]...)
FIELD_H ([], 330);	// 4.0.0 01000000 [[1,8],[52,59],[103,110],[111,118]]
FIELD_H ([], 330);	// 4.0.0 01000000 [[1,8],[52,59],[103,110],[111,118]]
FIELD_BL (depbodyid, 90);	// 1 0100000001 [[52,61],[103,112]]

Most probable result: (TODO)

ACDBASSOCDEPENDENCY: 0x350 (128) test/test-data/2018/Surface.dxf:
01000000101001110000000000000000000000000010000000001000000010110000010000001001000010000000110100110101000000010000000011000011

[hdloff, strsize, commonsize, bitsize, hdlsize]=[72,0,30,10,66]
H330 c.1.2: 1100000100000010 fixed = [63,78]
BL90 2: 0100000010 2 positions
BL90 0: 10 19 positions
B290 0: 0 101 positions
B290 1: 0 101 positions
B290 1: 0 101 positions
B290 1: 0 101 positions
BL90 -2147483648: 0000000000000000000000000010000000 fixed = [17,50]
H330 4.2.34D: 010000100000001101001101 fixed = [79,102]
B290 0: 0 101 positions
H330 4.0.0: 01000000 7 positions
H330 4.0.0: 01000000 7 positions
H360 3.0.0: 00110000 fixed = [119,126]
BL90 1: 0100000001 3 positions

fixed = [[17,50],[63,78],[79,102],[119,126]]
sortd = [[17,50],[63,78],[79,102],[119,126]]

Definite result: 82/128	2018/Surface.dxf
----------------
HOLE([1,16],0100000010100111) len = 16
FIELD_BL (order, 90);	// -2147483648 [17,50]
HOLE([51,62],001000000010) len = 12
FIELD_H (ownerhandle, 330);	// c.1.2 [63,78]
FIELD_H ([], 330);	// 4.2.34D [79,102]
HOLE([103,118],0100000001000000) len = 16
FIELD_H (writedep, 360);	// 3.0.0 [119,126]
HOLE([127,128],11) len = 2
----------------
Todo: 33 + 82 = 115, Missing: 13
FIELD_BL (status, 90);	// 0 10 [[2,3],[9,10],[11,12],[16,17],[53,54],[61,62],[104,105],[112,113]]
FIELD_B (isread_dep, 290);	// 0 0 [[1,1],[3,3],[4,4],[5,5],[6,6],[7,7],[8,8],[10,10],[12,12],[13,13]]...)
FIELD_B (iswrite_dep, 290);	// 1 0 [[1,1],[3,3],[4,4],[5,5],[6,6],[7,7],[8,8],[10,10],[12,12],[13,13]]...)
FIELD_B (isobjectstate_dep, 290);	// 1 0 [[1,1],[3,3],[4,4],[5,5],[6,6],[7,7],[8,8],[10,10],[12,12],[13,13]]...)
FIELD_B (unknown_b4, 290);	// 1 0 [[1,1],[3,3],[4,4],[5,5],[6,6],[7,7],[8,8],[10,10],[12,12],[13,13]]...)
FIELD_B (unknown_b5, 290);	// 0 0 [[1,1],[3,3],[4,4],[5,5],[6,6],[7,7],[8,8],[10,10],[12,12],[13,13]]...)
FIELD_H ([], 330);	// 4.0.0 01000000 [[1,8],[52,59],[103,110],[111,118]]
FIELD_H ([], 330);	// 4.0.0 01000000 [[1,8],[52,59],[103,110],[111,118]]
FIELD_BL (depbodyid, 90);	// 1 0100000001 [[52,61],[103,112]]

Most probable result: (TODO)

ACDBASSOCDEPENDENCY: 0x369 (128) test/test-data/2018/Surface.dxf:
01000000101001110000000000000000000000000010000000001000000010110000010000001001000010000000110110011001000000010000000011000011

[hdloff, strsize, commonsize, bitsize, hdlsize]=[72,0,30,10,66]
H330 c.1.2: 1100000100000010 fixed = [63,78]
BL90 2: 0100000010 2 positions
BL90 0: 10 18 positions
B290 0: 0 101 positions
B290 1: 0 101 positions
B290 1: 0 101 positions
B290 1: 0 101 positions
BL90 -2147483648: 0000000000000000000000000010000000 fixed = [17,50]
H330 4.2.366: 010000100000001101100110 fixed = [79,102]
B290 0: 0 101 positions
H330 4.0.0: 01000000 7 positions
H330 4.0.0: 01000000 7 positions
H360 3.0.0: 00110000 fixed = [119,126]
BL90 1: 0100000001 3 positions

fixed = [[17,50],[63,78],[79,102],[119,126]]
sortd = [[17,50],[63,78],[79,102],[119,126]]

Definite result: 82/128	2018/Surface.dxf
----------------
HOLE([1,16],0100000010100111) len = 16
FIELD_BL (order, 90);	// -2147483648 [17,50]
HOLE([51,62],001000000010) len = 12
FIELD_H (ownerhandle, 330);	// c.1.2 [63,78]
FIELD_H ([], 330);	// 4.2.366 [79,102]
HOLE([103,118],0100000001000000) len = 16
FIELD_H (writedep, 360);	// 3.0.0 [119,126]
HOLE([127,128],11) len = 2
----------------
Todo: 33 + 82 = 115, Missing: 13
FIELD_BL (status, 90);	// 0 10 [[2,3],[9,10],[11,12],[16,17],[53,54],[61,62],[104,105],[112,113]]
FIELD_B (isread_dep, 290);	// 0 0 [[1,1],[3,3],[4,4],[5,5],[6,6],[7,7],[8,8],[10,10],[12,12],[13,13]]...)
FIELD_B (iswrite_dep, 290);	// 1 0 [[1,1],[3,3],[4,4],[5,5],[6,6],[7,7],[8,8],[10,10],[12,12],[13,13]]...)
FIELD_B (isobjectstate_dep, 290);	// 1 0 [[1,1],[3,3],[4,4],[5,5],[6,6],[7,7],[8,8],[10,10],[12,12],[13,13]]...)
FIELD_B (unknown_b4, 290);	// 1 0 [[1,1],[3,3],[4,4],[5,5],[6,6],[7,7],[8,8],[10,10],[12,12],[13,13]]...)
FIELD_B (unknown_b5, 290);	// 0 0 [[1,1],[3,3],[4,4],[5,5],[6,6],[7,7],[8,8],[10,10],[12,12],[13,13]]...)
FIELD_H ([], 330);	// 4.0.0 01000000 [[1,8],[52,59],[103,110],[111,118]]
FIELD_H ([], 330);	// 4.0.0 01000000 [[1,8],[52,59],[103,110],[111,118]]
FIELD_BL (depbodyid, 90);	// 1 0100000001 [[52,61],[103,112]]

Most probable result: (TODO)

ACDBASSOCDEPENDENCY: 0x414 (128) test/test-data/2018/Surface.dxf:
01000000101001110000000000000000000000000010000000001000000010110000010000001001000010000001000001000101000000010000000011000011

[hdloff, strsize, commonsize, bitsize, hdlsize]=[72,0,30,10,66]
H330 c.1.2: 1100000100000010 fixed = [63,78]
BL90 2: 0100000010 3 positions
BL90 0: 10 18 positions
B290 0: 0 104 positions
B290 1: 0 104 positions
B290 1: 0 104 positions
B290 1: 0 104 positions
BL90 -2147483648: 0000000000000000000000000010000000 fixed = [17,50]
H330 4.2.411: 010000100000010000010001 fixed = [79,102]
B290 0: 0 104 positions
H330 4.0.0: 01000000 7 positions
H330 4.0.0: 01000000 7 positions
H360 3.0.0: 00110000 fixed = [119,126]
BL90 1: 0100000001 2 positions

fixed = [[17,50],[63,78],[79,102],[119,126]]
sortd = [[17,50],[63,78],[79,102],[119,126]]

Definite result: 82/128	2018/Surface.dxf
----------------
HOLE([1,16],0100000010100111) len = 16
FIELD_BL (order, 90);	// -2147483648 [17,50]
HOLE([51,62],001000000010) len = 12
FIELD_H (ownerhandle, 330);	// c.1.2 [63,78]
FIELD_H ([], 330);	// 4.2.411 [79,102]
HOLE([103,118],0100000001000000) len = 16
FIELD_H (writedep, 360);	// 3.0.0 [119,126]
HOLE([127,128],11) len = 2
----------------
Todo: 33 + 82 = 115, Missing: 13
FIELD_BL (status, 90);	// 0 10 [[2,3],[9,10],[11,12],[16,17],[53,54],[61,62],[104,105],[112,113]]
FIELD_B (isread_dep, 290);	// 0 0 [[1,1],[3,3],[4,4],[5,5],[6,6],[7,7],[8,8],[10,10],[12,12],[13,13]]...)
FIELD_B (iswrite_dep, 290);	// 1 0 [[1,1],[3,3],[4,4],[5,5],[6,6],[7,7],[8,8],[10,10],[12,12],[13,13]]...)
FIELD_B (isobjectstate_dep, 290);	// 1 0 [[1,1],[3,3],[4,4],[5,5],[6,6],[7,7],[8,8],[10,10],[12,12],[13,13]]...)
FIELD_B (unknown_b4, 290);	// 1 0 [[1,1],[3,3],[4,4],[5,5],[6,6],[7,7],[8,8],[10,10],[12,12],[13,13]]...)
FIELD_B (unknown_b5, 290);	// 0 0 [[1,1],[3,3],[4,4],[5,5],[6,6],[7,7],[8,8],[10,10],[12,12],[13,13]]...)
FIELD_H ([], 330);	// 4.0.0 01000000 [[1,8],[52,59],[103,110],[111,118]]
FIELD_H ([], 330);	// 4.0.0 01000000 [[1,8],[52,59],[103,110],[111,118]]
FIELD_BL (depbodyid, 90);	// 1 0100000001 [[52,61],[103,112]]

Most probable result: (TODO)

ACDBASSOCDEPENDENCY: 0x417 (96) test/test-data/2018/Surface.dxf:
010000001010101110001000000100110000010000010101000010000000101100011001000000010000000011000011

[hdloff, strsize, commonsize, bitsize, hdlsize]=[40,0,30,7,66]
H330 c.1.5: 1100000100000101 fixed = [31,46]
BL90 2: 0100000010 2 positions
BL90 0: 10 19 positions
B290 1: 0 69 positions
B290 0: 0 69 positions
B290 1: 0 69 positions
B290 1: 0 69 positions
BL90 0: 10 19 positions
H330 4.2.2C6: 010000100000001011000110 fixed = [47,70]
B290 0: 0 69 positions
H330 4.0.0: 01000000 5 positions
H330 4.0.0: 01000000 5 positions
H360 3.0.0: 00110000 2 positions
BL90 2: 0100000010 2 positions
distribute positions: BL90 BL90 

fixed = [[1,10],[20,29],[31,46],[47,70]]
sortd = [[1,10],[20,29],[31,46],[47,70],[87,94]]

Definite result: 68/96	2018/Surface.dxf
----------------
FIELD_BL (class_version, 90);	// 2 [1,10]
HOLE([11,19],101011100) len = 9
FIELD_BL (depbodyid, 90);	// 2 [20,29]
HOLE([30,30],0) len = 1
FIELD_H (ownerhandle, 330);	// c.1.5 [31,46]
FIELD_H ([], 330);	// 4.2.2C6 [47,70]
HOLE([71,86],0100000001000000) len = 16
FIELD_H (writedep, 360);	// 3.0.0 [87,94]
HOLE([95,96],11) len = 2
----------------
Todo: 25 + 68 = 93, Missing: 3
FIELD_BL (status, 90);	// 0 10 [[11,12],[13,14],[17,18],[72,73],[80,81],[90,91]]
FIELD_B (isread_dep, 290);	// 1 0 [[12,12],[14,14],[18,18],[19,19],[30,30],[71,71],[73,73],[74,74],[75,75],[76,76]]...)
FIELD_B (iswrite_dep, 290);	// 0 0 [[12,12],[14,14],[18,18],[19,19],[30,30],[71,71],[73,73],[74,74],[75,75],[76,76]]...)
FIELD_B (isobjectstate_dep, 290);	// 1 0 [[12,12],[14,14],[18,18],[19,19],[30,30],[71,71],[73,73],[74,74],[75,75],[76,76]]...)
FIELD_B (unknown_b4, 290);	// 1 0 [[12,12],[14,14],[18,18],[19,19],[30,30],[71,71],[73,73],[74,74],[75,75],[76,76]]...)
FIELD_BL (order, 90);	// 0 10 [[11,12],[13,14],[17,18],[72,73],[80,81],[90,91]]
FIELD_B (unknown_b5, 290);	// 0 0 [[12,12],[14,14],[18,18],[19,19],[30,30],[71,71],[73,73],[74,74],[75,75],[76,76]]...)
FIELD_H ([], 330);	// 4.0.0 01000000 [[71,78],[79,86]]
FIELD_H ([], 330);	// 4.0.0 01000000 [[71,78],[79,86]]

Most probable result: (TODO)

ACDBASSOCDEPENDENCY: 0x36C (96) test/test-data/2018/Surface.dxf:
010000001010101110001000000100110000010000010101000010000000101100111001000000010000000011000011

[hdloff, strsize, commonsize, bitsize, hdlsize]=[40,0,30,7,66]
H330 c.1.5: 1100000100000101 fixed = [31,46]
BL90 2: 0100000010 2 positions
BL90 0: 10 19 positions
B290 1: 0 68 positions
B290 0: 0 68 positions
B290 1: 0 68 positions
B290 1: 0 68 positions
BL90 0: 10 19 positions
H330 4.2.2CE: 010000100000001011001110 fixed = [47,70]
B290 0: 0 68 positions
H330 4.0.0: 01000000 5 positions
H330 4.0.0: 01000000 5 positions
H360 3.0.0: 00110000 2 positions
BL90 2: 0100000010 2 positions
distribute positions: BL90 BL90 

fixed = [[1,10],[20,29],[31,46],[47,70]]
sortd = [[1,10],[20,29],[31,46],[47,70],[87,94]]

Definite result: 68/96	2018/Surface.dxf
----------------
FIELD_BL (class_version, 90);	// 2 [1,10]
HOLE([11,19],101011100) len = 9
FIELD_BL (depbodyid, 90);	// 2 [20,29]
HOLE([30,30],0) len = 1
FIELD_H (ownerhandle, 330);	// c.1.5 [31,46]
FIELD_H ([], 330);	// 4.2.2CE [47,70]
HOLE([71,86],0100000001000000) len = 16
FIELD_H (writedep, 360);	// 3.0.0 [87,94]
HOLE([95,96],11) len = 2
----------------
Todo: 25 + 68 = 93, Missing: 3
FIELD_BL (status, 90);	// 0 10 [[11,12],[13,14],[17,18],[72,73],[80,81],[90,91]]
FIELD_B (isread_dep, 290);	// 1 0 [[12,12],[14,14],[18,18],[19,19],[30,30],[71,71],[73,73],[74,74],[75,75],[76,76]]...)
FIELD_B (iswrite_dep, 290);	// 0 0 [[12,12],[14,14],[18,18],[19,19],[30,30],[71,71],[73,73],[74,74],[75,75],[76,76]]...)
FIELD_B (isobjectstate_dep, 290);	// 1 0 [[12,12],[14,14],[18,18],[19,19],[30,30],[71,71],[73,73],[74,74],[75,75],[76,76]]...)
FIELD_B (unknown_b4, 290);	// 1 0 [[12,12],[14,14],[18,18],[19,19],[30,30],[71,71],[73,73],[74,74],[75,75],[76,76]]...)
FIELD_BL (order, 90);	// 0 10 [[11,12],[13,14],[17,18],[72,73],[80,81],[90,91]]
FIELD_B (unknown_b5, 290);	// 0 0 [[12,12],[14,14],[18,18],[19,19],[30,30],[71,71],[73,73],[74,74],[75,75],[76,76]]...)
FIELD_H ([], 330);	// 4.0.0 01000000 [[71,78],[79,86]]
FIELD_H ([], 330);	// 4.0.0 01000000 [[71,78],[79,86]]

Most probable result: (TODO)

ACDBASSOCDEPENDENCY: 0x2E4 (96) test/test-data/2018/Surface.dxf:
010000001010101110001000000100110000010000010101000010000000101101011101000000010000000011000011

[hdloff, strsize, commonsize, bitsize, hdlsize]=[40,0,30,7,66]
H330 c.1.5: 1100000100000101 fixed = [31,46]
BL90 2: 0100000010 2 positions
BL90 0: 10 20 positions
B290 1: 0 67 positions
B290 0: 0 67 positions
B290 1: 0 67 positions
B290 1: 0 67 positions
BL90 0: 10 20 positions
H330 4.2.2D7: 010000100000001011010111 fixed = [47,70]
B290 0: 0 67 positions
H330 4.0.0: 01000000 5 positions
H330 4.0.0: 01000000 5 positions
H360 3.0.0: 00110000 2 positions
BL90 2: 0100000010 2 positions
distribute positions: BL90 BL90 

fixed = [[1,10],[20,29],[31,46],[47,70]]
sortd = [[1,10],[20,29],[31,46],[47,70],[87,94]]

Definite result: 68/96	2018/Surface.dxf
----------------
FIELD_BL (class_version, 90);	// 2 [1,10]
HOLE([11,19],101011100) len = 9
FIELD_BL (depbodyid, 90);	// 2 [20,29]
HOLE([30,30],0) len = 1
FIELD_H (ownerhandle, 330);	// c.1.5 [31,46]
FIELD_H ([], 330);	// 4.2.2D7 [47,70]
HOLE([71,86],0100000001000000) len = 16
FIELD_H (writedep, 360);	// 3.0.0 [87,94]
HOLE([95,96],11) len = 2
----------------
Todo: 25 + 68 = 93, Missing: 3
FIELD_BL (status, 90);	// 0 10 [[11,12],[13,14],[17,18],[72,73],[80,81],[90,91]]
FIELD_B (isread_dep, 290);	// 1 0 [[12,12],[14,14],[18,18],[19,19],[30,30],[71,71],[73,73],[74,74],[75,75],[76,76]]...)
FIELD_B (iswrite_dep, 290);	// 0 0 [[12,12],[14,14],[18,18],[19,19],[30,30],[71,71],[73,73],[74,74],[75,75],[76,76]]...)
FIELD_B (isobjectstate_dep, 290);	// 1 0 [[12,12],[14,14],[18,18],[19,19],[30,30],[71,71],[73,73],[74,74],[75,75],[76,76]]...)
FIELD_B (unknown_b4, 290);	// 1 0 [[12,12],[14,14],[18,18],[19,19],[30,30],[71,71],[73,73],[74,74],[75,75],[76,76]]...)
FIELD_BL (order, 90);	// 0 10 [[11,12],[13,14],[17,18],[72,73],[80,81],[90,91]]
FIELD_B (unknown_b5, 290);	// 0 0 [[12,12],[14,14],[18,18],[19,19],[30,30],[71,71],[73,73],[74,74],[75,75],[76,76]]...)
FIELD_H ([], 330);	// 4.0.0 01000000 [[71,78],[79,86]]
FIELD_H ([], 330);	// 4.0.0 01000000 [[71,78],[79,86]]

Most probable result: (TODO)

ACDBASSOCDEPENDENCY: 0x353 (96) test/test-data/2018/Surface.dxf:
010000001010101110001000000100110000010000010101000010000000110011100001000000010000000011000011

[hdloff, strsize, commonsize, bitsize, hdlsize]=[40,0,30,7,66]
H330 c.1.5: 1100000100000101 fixed = [31,46]
BL90 2: 0100000010 2 positions
BL90 0: 10 18 positions
B290 1: 0 69 positions
B290 0: 0 69 positions
B290 1: 0 69 positions
B290 1: 0 69 positions
BL90 0: 10 18 positions
H330 4.2.338: 010000100000001100111000 fixed = [47,70]
B290 0: 0 69 positions
H330 4.0.0: 01000000 5 positions
H330 4.0.0: 01000000 5 positions
H360 3.0.0: 00110000 2 positions
BL90 2: 0100000010 2 positions
distribute positions: BL90 BL90 

fixed = [[1,10],[20,29],[31,46],[47,70]]
sortd = [[1,10],[20,29],[31,46],[47,70],[87,94]]

Definite result: 68/96	2018/Surface.dxf
----------------
FIELD_BL (class_version, 90);	// 2 [1,10]
HOLE([11,19],101011100) len = 9
FIELD_BL (depbodyid, 90);	// 2 [20,29]
HOLE([30,30],0) len = 1
FIELD_H (ownerhandle, 330);	// c.1.5 [31,46]
FIELD_H ([], 330);	// 4.2.338 [47,70]
HOLE([71,86],0100000001000000) len = 16
FIELD_H (writedep, 360);	// 3.0.0 [87,94]
HOLE([95,96],11) len = 2
----------------
Todo: 25 + 68 = 93, Missing: 3
FIELD_BL (status, 90);	// 0 10 [[11,12],[13,14],[17,18],[72,73],[80,81],[90,91]]
FIELD_B (isread_dep, 290);	// 1 0 [[12,12],[14,14],[18,18],[19,19],[30,30],[71,71],[73,73],[74,74],[75,75],[76,76]]...)
FIELD_B (iswrite_dep, 290);	// 0 0 [[12,12],[14,14],[18,18],[19,19],[30,30],[71,71],[73,73],[74,74],[75,75],[76,76]]...)
FIELD_B (isobjectstate_dep, 290);	// 1 0 [[12,12],[14,14],[18,18],[19,19],[30,30],[71,71],[73,73],[74,74],[75,75],[76,76]]...)
FIELD_B (unknown_b4, 290);	// 1 0 [[12,12],[14,14],[18,18],[19,19],[30,30],[71,71],[73,73],[74,74],[75,75],[76,76]]...)
FIELD_BL (order, 90);	// 0 10 [[11,12],[13,14],[17,18],[72,73],[80,81],[90,91]]
FIELD_B (unknown_b5, 290);	// 0 0 [[12,12],[14,14],[18,18],[19,19],[30,30],[71,71],[73,73],[74,74],[75,75],[76,76]]...)
FIELD_H ([], 330);	// 4.0.0 01000000 [[71,78],[79,86]]
FIELD_H ([], 330);	// 4.0.0 01000000 [[71,78],[79,86]]

Most probable result: (TODO)

ACDBASSOCDEPENDENCY: 0x41A (96) test/test-data/2018/Surface.dxf:
010000001010101110001000000110110000010000100001000010000000101101000101000000010000000011000011

[hdloff, strsize, commonsize, bitsize, hdlsize]=[40,0,30,7,66]
H330 c.1.8: 1100000100001000 fixed = [31,46]
BL90 2: 0100000010 fixed = [1,10]
BL90 0: 10 19 positions
B290 1: 0 69 positions
B290 0: 0 69 positions
B290 1: 0 69 positions
B290 1: 0 69 positions
BL90 0: 10 19 positions
H330 4.2.2D1: 010000100000001011010001 fixed = [47,70]
B290 0: 0 69 positions
H330 4.0.0: 01000000 5 positions
H330 4.0.0: 01000000 5 positions
H360 3.0.0: 00110000 fixed = [87,94]
BL90 3: 0100000011 fixed = [20,29]

fixed = [[1,10],[20,29],[31,46],[47,70],[87,94]]
sortd = [[1,10],[20,29],[31,46],[47,70],[87,94]]

Definite result: 68/96	2018/Surface.dxf
----------------
FIELD_BL (class_version, 90);	// 2 [1,10]
HOLE([11,19],101011100) len = 9
FIELD_BL (depbodyid, 90);	// 3 [20,29]
HOLE([30,30],0) len = 1
FIELD_H (ownerhandle, 330);	// c.1.8 [31,46]
FIELD_H ([], 330);	// 4.2.2D1 [47,70]
HOLE([71,86],0100000001000000) len = 16
FIELD_H (writedep, 360);	// 3.0.0 [87,94]
HOLE([95,96],11) len = 2
----------------
Todo: 25 + 68 = 93, Missing: 3
FIELD_BL (status, 90);	// 0 10 [[11,12],[13,14],[17,18],[72,73],[80,81]]
FIELD_B (isread_dep, 290);	// 1 0 [[12,12],[14,14],[18,18],[19,19],[30,30],[71,71],[73,73],[74,74],[75,75],[76,76]]...)
FIELD_B (iswrite_dep, 290);	// 0 0 [[12,12],[14,14],[18,18],[19,19],[30,30],[71,71],[73,73],[74,74],[75,75],[76,76]]...)
FIELD_B (isobjectstate_dep, 290);	// 1 0 [[12,12],[14,14],[18,18],[19,19],[30,30],[71,71],[73,73],[74,74],[75,75],[76,76]]...)
FIELD_B (unknown_b4, 290);	// 1 0 [[12,12],[14,14],[18,18],[19,19],[30,30],[71,71],[73,73],[74,74],[75,75],[76,76]]...)
FIELD_BL (order, 90);	// 0 10 [[11,12],[13,14],[17,18],[72,73],[80,81]]
FIELD_B (unknown_b5, 290);	// 0 0 [[12,12],[14,14],[18,18],[19,19],[30,30],[71,71],[73,73],[74,74],[75,75],[76,76]]...)
FIELD_H ([], 330);	// 4.0.0 01000000 [[71,78],[79,86]]
FIELD_H ([], 330);	// 4.0.0 01000000 [[71,78],[79,86]]

Most probable result: (TODO)

ACDBASSOCDEPENDENCY: 0x356 (96) test/test-data/2018/Surface.dxf:
010000001010101110001000000110110000010000100001000010000000110011101001000000010000000011000011

[hdloff, strsize, commonsize, bitsize, hdlsize]=[40,0,30,7,66]
H330 c.1.8: 1100000100001000 fixed = [31,46]
BL90 2: 0100000010 fixed = [1,10]
BL90 0: 10 18 positions
B290 1: 0 68 positions
B290 0: 0 68 positions
B290 1: 0 68 positions
B290 1: 0 68 positions
BL90 0: 10 18 positions
H330 4.2.33A: 010000100000001100111010 fixed = [47,70]
B290 0: 0 68 positions
H330 4.0.0: 01000000 5 positions
H330 4.0.0: 01000000 5 positions
H360 3.0.0: 00110000 fixed = [87,94]
BL90 3: 0100000011 fixed = [20,29]

fixed = [[1,10],[20,29],[31,46],[47,70],[87,94]]
sortd = [[1,10],[20,29],[31,46],[47,70],[87,94]]

Definite result: 68/96	2018/Surface.dxf
----------------
FIELD_BL (class_version, 90);	// 2 [1,10]
HOLE([11,19],101011100) len = 9
FIELD_BL (depbodyid, 90);	// 3 [20,29]
HOLE([30,30],0) len = 1
FIELD_H (ownerhandle, 330);	// c.1.8 [31,46]
FIELD_H ([], 330);	// 4.2.33A [47,70]
HOLE([71,86],0100000001000000) len = 16
FIELD_H (writedep, 360);	// 3.0.0 [87,94]
HOLE([95,96],11) len = 2
----------------
Todo: 25 + 68 = 93, Missing: 3
FIELD_BL (status, 90);	// 0 10 [[11,12],[13,14],[17,18],[72,73],[80,81]]
FIELD_B (isread_dep, 290);	// 1 0 [[12,12],[14,14],[18,18],[19,19],[30,30],[71,71],[73,73],[74,74],[75,75],[76,76]]...)
FIELD_B (iswrite_dep, 290);	// 0 0 [[12,12],[14,14],[18,18],[19,19],[30,30],[71,71],[73,73],[74,74],[75,75],[76,76]]...)
FIELD_B (isobjectstate_dep, 290);	// 1 0 [[12,12],[14,14],[18,18],[19,19],[30,30],[71,71],[73,73],[74,74],[75,75],[76,76]]...)
FIELD_B (unknown_b4, 290);	// 1 0 [[12,12],[14,14],[18,18],[19,19],[30,30],[71,71],[73,73],[74,74],[75,75],[76,76]]...)
FIELD_BL (order, 90);	// 0 10 [[11,12],[13,14],[17,18],[72,73],[80,81]]
FIELD_B (unknown_b5, 290);	// 0 0 [[12,12],[14,14],[18,18],[19,19],[30,30],[71,71],[73,73],[74,74],[75,75],[76,76]]...)
FIELD_H ([], 330);	// 4.0.0 01000000 [[71,78],[79,86]]
FIELD_H ([], 330);	// 4.0.0 01000000 [[71,78],[79,86]]

Most probable result: (TODO)

ACDBASSOCDEPENDENCY: 0x397 (106) test/test-data/example_2000.dxf:
0100000010101111100010000001011000001000001100011000001000010000000110111111001000000010000000011000011111

[hdloff, strsize, commonsize, bitsize, hdlsize]=[47,0,60,10,0]
H330 c.1.6: 1100000100000110 fixed = [30,45]
BL90 2: 0100000010 2 positions
BL90 0: 10 17 positions
B290 1: 0 70 positions
B290 1: 0 70 positions
B290 1: 0 70 positions
B290 1: 0 70 positions
BL90 0: 10 17 positions
H330 4.2.37E: 010000100000001101111110 fixed = [54,77]
B290 0: 0 70 positions
H330 4.0.0: 01000000 5 positions
H330 4.0.0: 01000000 5 positions
H360 3.0.0: 00110000 2 positions
BL90 2: 0100000010 2 positions
distribute positions: BL90 BL90 

fixed = [[1,10],[20,29],[30,45],[54,77]]
sortd = [[1,10],[20,29],[30,45],[54,77]]

Definite result: 60/106	example_2000.dxf
----------------
FIELD_BL (class_version, 90);	// 2 [1,10]
HOLE([11,19],101111100) len = 9
FIELD_BL (depbodyid, 90);	// 2 [20,29]
FIELD_H (ownerhandle, 330);	// c.1.6 [30,45]
HOLE([46,53],00110000) len = 8
FIELD_H ([], 330);	// 4.2.37E [54,77]
HOLE([78,106],01000000010000000011000011111) len = 29
----------------
Todo: 33 + 60 = 93, Missing: 13
FIELD_BL (status, 90);	// 0 10 [[11,12],[17,18],[49,50],[79,80],[87,88],[97,98]]
FIELD_B (isread_dep, 290);	// 1 0 [[12,12],[18,18],[19,19],[46,46],[47,47],[50,50],[51,51],[52,52],[53,53],[78,78]]...)
FIELD_B (iswrite_dep, 290);	// 1 0 [[12,12],[18,18],[19,19],[46,46],[47,47],[50,50],[51,51],[52,52],[53,53],[78,78]]...)
FIELD_B (isobjectstate_dep, 290);	// 1 0 [[12,12],[18,18],[19,19],[46,46],[47,47],[50,50],[51,51],[52,52],[53,53],[78,78]]...)
FIELD_B (unknown_b4, 290);	// 1 0 [[12,12],[18,18],[19,19],[46,46],[47,47],[50,50],[51,51],[52,52],[53,53],[78,78]]...)
FIELD_BL (order, 90);	// 0 10 [[11,12],[17,18],[49,50],[79,80],[87,88],[97,98]]
FIELD_B (unknown_b5, 290);	// 0 0 [[12,12],[18,18],[19,19],[46,46],[47,47],[50,50],[51,51],[52,52],[53,53],[78,78]]...)
FIELD_H ([], 330);	// 4.0.0 01000000 [[78,85],[86,93]]
FIELD_H ([], 330);	// 4.0.0 01000000 [[78,85],[86,93]]
FIELD_H (writedep, 360);	// 3.0.0 00110000 [[46,53],[94,101]]

Most probable result: (TODO)

ACDBASSOCDEPENDENCY: 0x397 (97) test/test-data/example_2004.dxf:
0100000010101111100010000001011000001000001100100001000000011011111100100000001000000001100001111

[hdloff, strsize, commonsize, bitsize, hdlsize]=[47,0,61,10,0]
H330 c.1.6: 1100000100000110 fixed = [30,45]
BL90 2: 0100000010 2 positions
BL90 0: 10 16 positions
B290 1: 0 64 positions
B290 1: 0 64 positions
B290 1: 0 64 positions
B290 1: 0 64 positions
BL90 0: 10 16 positions
H330 4.2.37E: 010000100000001101111110 fixed = [46,69]
B290 0: 0 64 positions
H330 4.0.0: 01000000 5 positions
H330 4.0.0: 01000000 5 positions
H360 3.0.0: 00110000 fixed = [86,93]
BL90 2: 0100000010 2 positions
distribute positions: BL90 BL90 

fixed = [[1,10],[20,29],[30,45],[46,69],[86,93]]
sortd = [[1,10],[20,29],[30,45],[46,69],[86,93]]

Definite result: 68/97	example_2004.dxf
----------------
FIELD_BL (class_version, 90);	// 2 [1,10]
HOLE([11,19],101111100) len = 9
FIELD_BL (depbodyid, 90);	// 2 [20,29]
FIELD_H (ownerhandle, 330);	// c.1.6 [30,45]
FIELD_H ([], 330);	// 4.2.37E [46,69]
HOLE([70,85],0100000001000000) len = 16
FIELD_H (writedep, 360);	// 3.0.0 [86,93]
HOLE([94,97],1111) len = 4
----------------
Todo: 25 + 68 = 93, Missing: 4
FIELD_BL (status, 90);	// 0 10 [[11,12],[17,18],[71,72],[79,80]]
FIELD_B (isread_dep, 290);	// 1 0 [[12,12],[18,18],[19,19],[70,70],[72,72],[73,73],[74,74],[75,75],[76,76],[77,77]]...)
FIELD_B (iswrite_dep, 290);	// 1 0 [[12,12],[18,18],[19,19],[70,70],[72,72],[73,73],[74,74],[75,75],[76,76],[77,77]]...)
FIELD_B (isobjectstate_dep, 290);	// 1 0 [[12,12],[18,18],[19,19],[70,70],[72,72],[73,73],[74,74],[75,75],[76,76],[77,77]]...)
FIELD_B (unknown_b4, 290);	// 1 0 [[12,12],[18,18],[19,19],[70,70],[72,72],[73,73],[74,74],[75,75],[76,76],[77,77]]...)
FIELD_BL (order, 90);	// 0 10 [[11,12],[17,18],[71,72],[79,80]]
FIELD_B (unknown_b5, 290);	// 0 0 [[12,12],[18,18],[19,19],[70,70],[72,72],[73,73],[74,74],[75,75],[76,76],[77,77]]...)
FIELD_H ([], 330);	// 4.0.0 01000000 [[70,77],[78,85]]
FIELD_H ([], 330);	// 4.0.0 01000000 [[70,77],[78,85]]

Most probable result: (TODO)

ACDBASSOCDEPENDENCY: 0x397 (97) test/test-data/example_2007.dxf:
0100000010101111100010000001001100000100000110010000100000001101111110010000000100000000110000111

[hdloff, strsize, commonsize, bitsize, hdlsize]=[48,0,61,10,67]
H330 c.1.6: 1100000100000110 fixed = [31,46]
BL90 2: 0100000010 2 positions
BL90 0: 10 16 positions
B290 1: 0 65 positions
B290 1: 0 65 positions
B290 1: 0 65 positions
B290 1: 0 65 positions
BL90 0: 10 16 positions
H330 4.2.37E: 010000100000001101111110 fixed = [47,70]
B290 0: 0 65 positions
H330 4.0.0: 01000000 5 positions
H330 4.0.0: 01000000 5 positions
H360 3.0.0: 00110000 2 positions
BL90 2: 0100000010 2 positions
distribute positions: BL90 BL90 

fixed = [[1,10],[20,29],[31,46],[47,70]]
sortd = [[1,10],[20,29],[31,46],[47,70],[87,94]]

Definite result: 68/97	example_2007.dxf
----------------
FIELD_BL (class_version, 90);	// 2 [1,10]
HOLE([11,19],101111100) len = 9
FIELD_BL (depbodyid, 90);	// 2 [20,29]
HOLE([30,30],0) len = 1
FIELD_H (ownerhandle, 330);	// c.1.6 [31,46]
FIELD_H ([], 330);	// 4.2.37E [47,70]
HOLE([71,86],0100000001000000) len = 16
FIELD_H (writedep, 360);	// 3.0.0 [87,94]
HOLE([95,97],111) len = 3
----------------
Todo: 25 + 68 = 93, Missing: 4
FIELD_BL (status, 90);	// 0 10 [[11,12],[17,18],[72,73],[80,81],[90,91]]
FIELD_B (isread_dep, 290);	// 1 0 [[12,12],[18,18],[19,19],[30,30],[71,71],[73,73],[74,74],[75,75],[76,76],[77,77]]...)
FIELD_B (iswrite_dep, 290);	// 1 0 [[12,12],[18,18],[19,19],[30,30],[71,71],[73,73],[74,74],[75,75],[76,76],[77,77]]...)
FIELD_B (isobjectstate_dep, 290);	// 1 0 [[12,12],[18,18],[19,19],[30,30],[71,71],[73,73],[74,74],[75,75],[76,76],[77,77]]...)
FIELD_B (unknown_b4, 290);	// 1 0 [[12,12],[18,18],[19,19],[30,30],[71,71],[73,73],[74,74],[75,75],[76,76],[77,77]]...)
FIELD_BL (order, 90);	// 0 10 [[11,12],[17,18],[72,73],[80,81],[90,91]]
FIELD_B (unknown_b5, 290);	// 0 0 [[12,12],[18,18],[19,19],[30,30],[71,71],[73,73],[74,74],[75,75],[76,76],[77,77]]...)
FIELD_H ([], 330);	// 4.0.0 01000000 [[71,78],[79,86]]
FIELD_H ([], 330);	// 4.0.0 01000000 [[71,78],[79,86]]

Most probable result: (TODO)

ACDBASSOCDEPENDENCY: 0x397 (97) test/test-data/example_2010.dxf:
0100000010101111100010000001001100000100000110010000100000001101111110010000000100000000110000111

[hdloff, strsize, commonsize, bitsize, hdlsize]=[40,0,29,6,67]
H330 c.1.6: 1100000100000110 fixed = [31,46]
BL90 2: 0100000010 2 positions
BL90 0: 10 16 positions
B290 1: 0 65 positions
B290 1: 0 65 positions
B290 1: 0 65 positions
B290 1: 0 65 positions
BL90 0: 10 16 positions
H330 4.2.37E: 010000100000001101111110 fixed = [47,70]
B290 0: 0 65 positions
H330 4.0.0: 01000000 5 positions
H330 4.0.0: 01000000 5 positions
H360 3.0.0: 00110000 2 positions
BL90 2: 0100000010 2 positions
distribute positions: BL90 BL90 

fixed = [[1,10],[20,29],[31,46],[47,70]]
sortd = [[1,10],[20,29],[31,46],[47,70],[87,94]]

Definite result: 68/97	example_2010.dxf
----------------
FIELD_BL (class_version, 90);	// 2 [1,10]
HOLE([11,19],101111100) len = 9
FIELD_BL (depbodyid, 90);	// 2 [20,29]
HOLE([30,30],0) len = 1
FIELD_H (ownerhandle, 330);	// c.1.6 [31,46]
FIELD_H ([], 330);	// 4.2.37E [47,70]
HOLE([71,86],0100000001000000) len = 16
FIELD_H (writedep, 360);	// 3.0.0 [87,94]
HOLE([95,97],111) len = 3
----------------
Todo: 25 + 68 = 93, Missing: 4
FIELD_BL (status, 90);	// 0 10 [[11,12],[17,18],[72,73],[80,81],[90,91]]
FIELD_B (isread_dep, 290);	// 1 0 [[12,12],[18,18],[19,19],[30,30],[71,71],[73,73],[74,74],[75,75],[76,76],[77,77]]...)
FIELD_B (iswrite_dep, 290);	// 1 0 [[12,12],[18,18],[19,19],[30,30],[71,71],[73,73],[74,74],[75,75],[76,76],[77,77]]...)
FIELD_B (isobjectstate_dep, 290);	// 1 0 [[12,12],[18,18],[19,19],[30,30],[71,71],[73,73],[74,74],[75,75],[76,76],[77,77]]...)
FIELD_B (unknown_b4, 290);	// 1 0 [[12,12],[18,18],[19,19],[30,30],[71,71],[73,73],[74,74],[75,75],[76,76],[77,77]]...)
FIELD_BL (order, 90);	// 0 10 [[11,12],[17,18],[72,73],[80,81],[90,91]]
FIELD_B (unknown_b5, 290);	// 0 0 [[12,12],[18,18],[19,19],[30,30],[71,71],[73,73],[74,74],[75,75],[76,76],[77,77]]...)
FIELD_H ([], 330);	// 4.0.0 01000000 [[71,78],[79,86]]
FIELD_H ([], 330);	// 4.0.0 01000000 [[71,78],[79,86]]

Most probable result: (TODO)

ACDBASSOCDEPENDENCY: 0x397 (96) test/test-data/example_2013.dxf:
010000001010111110001000000100110000010000011001000010000000110111111001000000010000000011000011

[hdloff, strsize, commonsize, bitsize, hdlsize]=[40,0,30,7,66]
H330 c.1.6: 1100000100000110 fixed = [31,46]
BL90 2: 0100000010 2 positions
BL90 0: 10 16 positions
B290 1: 0 65 positions
B290 1: 0 65 positions
B290 1: 0 65 positions
B290 1: 0 65 positions
BL90 0: 10 16 positions
H330 4.2.37E: 010000100000001101111110 fixed = [47,70]
B290 0: 0 65 positions
H330 4.0.0: 01000000 5 positions
H330 4.0.0: 01000000 5 positions
H360 3.0.0: 00110000 2 positions
BL90 2: 0100000010 2 positions
distribute positions: BL90 BL90 

fixed = [[1,10],[20,29],[31,46],[47,70]]
sortd = [[1,10],[20,29],[31,46],[47,70],[87,94]]

Definite result: 68/96	example_2013.dxf
----------------
FIELD_BL (class_version, 90);	// 2 [1,10]
HOLE([11,19],101111100) len = 9
FIELD_BL (depbodyid, 90);	// 2 [20,29]
HOLE([30,30],0) len = 1
FIELD_H (ownerhandle, 330);	// c.1.6 [31,46]
FIELD_H ([], 330);	// 4.2.37E [47,70]
HOLE([71,86],0100000001000000) len = 16
FIELD_H (writedep, 360);	// 3.0.0 [87,94]
HOLE([95,96],11) len = 2
----------------
Todo: 25 + 68 = 93, Missing: 3
FIELD_BL (status, 90);	// 0 10 [[11,12],[17,18],[72,73],[80,81],[90,91]]
FIELD_B (isread_dep, 290);	// 1 0 [[12,12],[18,18],[19,19],[30,30],[71,71],[73,73],[74,74],[75,75],[76,76],[77,77]]...)
FIELD_B (iswrite_dep, 290);	// 1 0 [[12,12],[18,18],[19,19],[30,30],[71,71],[73,73],[74,74],[75,75],[76,76],[77,77]]...)
FIELD_B (isobjectstate_dep, 290);	// 1 0 [[12,12],[18,18],[19,19],[30,30],[71,71],[73,73],[74,74],[75,75],[76,76],[77,77]]...)
FIELD_B (unknown_b4, 290);	// 1 0 [[12,12],[18,18],[19,19],[30,30],[71,71],[73,73],[74,74],[75,75],[76,76],[77,77]]...)
FIELD_BL (order, 90);	// 0 10 [[11,12],[17,18],[72,73],[80,81],[90,91]]
FIELD_B (unknown_b5, 290);	// 0 0 [[12,12],[18,18],[19,19],[30,30],[71,71],[73,73],[74,74],[75,75],[76,76],[77,77]]...)
FIELD_H ([], 330);	// 4.0.0 01000000 [[71,78],[79,86]]
FIELD_H ([], 330);	// 4.0.0 01000000 [[71,78],[79,86]]

Most probable result: (TODO)

