ACDBASSOCNETWORK: 0x3E0 (154) test/test-data/2000/Constraints.dxf:
0100000001100100000001101010010000000101000000011101000000001000010000000111101111100110000010000100000001111100010001100000011001000000011111000111111111

[hdloff, strsize, commonsize, bitsize, hdlsize]=[69,0,68,13,0]
H330 4.2.3DF: 010000100000001111011111 fixed = [60,83]
H330 4.2.3DF: 010000100000001111011111 Ignored overlap  fixed = [60,83]
BL90 1: 0100000001 7 positions
BL90 0: 10 24 positions
H330 4.2.3E2: 010000100000001111100010 fixed = [92,115]
H360 3.0.0: 00110000 2 positions
BL90 1: 0100000001 7 positions
BL90 0: 10 24 positions
BL90 0: 10 24 positions
BL90 0: 10 24 positions
BL90 1: 0100000001 7 positions
BL90 1: 0100000001 7 positions
H360 3.2.3E3: 001100100000001111100011 fixed = [124,147]
BL90 0: 10 24 positions

fixed = [[60,83],[92,115],[124,147]]
sortd = [[60,83],[60,83],[92,115],[124,147]]

Definite result: 96/154	2000/Constraints.dxf
----------------
HOLE([1,59],01000000011001000000011010100100000001010000000111010000000) len = 59
FIELD_H (reactors[0], 330);	// 4.2.3DF [60,83]
FIELD_H (ownerhandle, 330);	// 4.2.3DF [60,83]
HOLE([84,91],00110000) len = 8
FIELD_H ([], 330);	// 4.2.3E2 [92,115]
HOLE([116,123],00110000) len = 8
FIELD_H ([], 360);	// 3.2.3E3 [124,147]
HOLE([148,154],1111111) len = 7
----------------
Todo: 58 + 96 = 154, Missing: 0
FIELD_BL (status, 90);	// 1 0100000001 [[1,10],[13,22],[29,38],[39,48]]
FIELD_BL (num_deps, 90);	// 0 10 [[2,3],[11,12],[14,15],[23,24],[25,26],[27,28],[30,31],[38,39],[40,41],[50,51]]...)
FIELD_H (writedep, 360);	// 3.0.0 00110000 [[84,91],[116,123]]
FIELD_BL (unknown_assoc, 90);	// 1 0100000001 [[1,10],[13,22],[29,38],[39,48]]
FIELD_BL (unknown_n1, 90);	// 0 10 [[2,3],[11,12],[14,15],[23,24],[25,26],[27,28],[30,31],[38,39],[40,41],[50,51]]...)
FIELD_BL (unknown_n2, 90);	// 0 10 [[2,3],[11,12],[14,15],[23,24],[25,26],[27,28],[30,31],[38,39],[40,41],[50,51]]...)
FIELD_BL (num_actions, 90);	// 0 10 [[2,3],[11,12],[14,15],[23,24],[25,26],[27,28],[30,31],[38,39],[40,41],[50,51]]...)
FIELD_BL ([], 90);	// 1 0100000001 [[1,10],[13,22],[29,38],[39,48]]
FIELD_BL ([], 90);	// 1 0100000001 [[1,10],[13,22],[29,38],[39,48]]
FIELD_BL ([], 90);	// 0 10 [[2,3],[11,12],[14,15],[23,24],[25,26],[27,28],[30,31],[38,39],[40,41],[50,51]]...)

Most probable result: (TODO)

ACDBASSOCNETWORK: 0x3E2 (130) test/test-data/2000/Constraints.dxf:
0100000001101010101001000000010100000001010100000000100001000000011111000010011000001000000001100000100001000000011111000001111111

[hdloff, strsize, commonsize, bitsize, hdlsize]=[61,0,68,12,0]
H330 4.2.3E1: 010000100000001111100001 fixed = [52,75]
H330 4.2.3E1: 010000100000001111100001 Ignored overlap  fixed = [52,75]
BL90 1: 0100000001 5 positions
BL90 0: 10 22 positions
H330 4.0.0: 01000000 7 positions
H360 3.0.0: 00110000 2 positions
BL90 0: 10 22 positions
BL90 0: 10 22 positions
BL90 0: 10 22 positions
BL90 0: 10 22 positions
BL90 1: 0100000001 5 positions
BL90 1: 0100000001 5 positions
H330 4.2.3E0: 010000100000001111100000 fixed = [100,123]
BL90 0: 10 22 positions

fixed = [[52,75],[100,123]]
sortd = [[52,75],[52,75],[100,123]]

Definite result: 72/130	2000/Constraints.dxf
----------------
HOLE([1,51],010000000110101010100100000001010000000101010000000) len = 51
FIELD_H (reactors[0], 330);	// 4.2.3E1 [52,75]
FIELD_H (ownerhandle, 330);	// 4.2.3E1 [52,75]
HOLE([76,99],001100000100000000110000) len = 24
FIELD_H ([], 330);	// 4.2.3E0 [100,123]
HOLE([124,130],1111111) len = 7
----------------
Todo: 58 + 72 = 130, Missing: 0
FIELD_BL (status, 90);	// 1 0100000001 [[1,10],[21,30],[31,40]]
FIELD_BL (num_deps, 90);	// 0 10 [[2,3],[11,12],[13,14],[15,16],[17,18],[19,20],[22,23],[30,31],[32,33],[40,41]]...)
FIELD_H ([], 330);	// 4.0.0 01000000 [[1,8],[21,28],[31,38],[43,50],[84,91]]
FIELD_H (writedep, 360);	// 3.0.0 00110000 [[76,83],[92,99]]
FIELD_BL (unknown_assoc, 90);	// 0 10 [[2,3],[11,12],[13,14],[15,16],[17,18],[19,20],[22,23],[30,31],[32,33],[40,41]]...)
FIELD_BL (unknown_n1, 90);	// 0 10 [[2,3],[11,12],[13,14],[15,16],[17,18],[19,20],[22,23],[30,31],[32,33],[40,41]]...)
FIELD_BL (unknown_n2, 90);	// 0 10 [[2,3],[11,12],[13,14],[15,16],[17,18],[19,20],[22,23],[30,31],[32,33],[40,41]]...)
FIELD_BL (num_actions, 90);	// 0 10 [[2,3],[11,12],[13,14],[15,16],[17,18],[19,20],[22,23],[30,31],[32,33],[40,41]]...)
FIELD_BL ([], 90);	// 1 0100000001 [[1,10],[21,30],[31,40]]
FIELD_BL ([], 90);	// 1 0100000001 [[1,10],[21,30],[31,40]]
FIELD_BL ([], 90);	// 0 10 [[2,3],[11,12],[13,14],[15,16],[17,18],[19,20],[22,23],[30,31],[32,33],[40,41]]...)

Most probable result: (TODO)

ACDBASSOCNETWORK: 0x3E0 (145) test/test-data/2004/Constraints.dxf:
0100000001100100000001101010010000000101000000011101000000001000010000000111101111101000010000000111110001000110000001100100000001111100011111111

[hdloff, strsize, commonsize, bitsize, hdlsize]=[69,0,69,13,0]
H330 4.2.3DF: 010000100000001111011111 fixed = [60,83]
H330 4.2.3DF: 010000100000001111011111 Ignored overlap  fixed = [60,83]
BL90 1: 0100000001 7 positions
BL90 0: 10 23 positions
H330 4.2.3E2: 010000100000001111100010 fixed = [84,107]
H360 3.0.0: 00110000 fixed = [108,115]
BL90 1: 0100000001 7 positions
BL90 0: 10 23 positions
BL90 0: 10 23 positions
BL90 0: 10 23 positions
BL90 1: 0100000001 7 positions
BL90 1: 0100000001 7 positions
H360 3.2.3E3: 001100100000001111100011 fixed = [116,139]
BL90 0: 10 23 positions

fixed = [[60,83],[84,107],[108,115],[116,139]]
sortd = [[60,83],[60,83],[84,107],[108,115],[116,139]]

Definite result: 104/145	2004/Constraints.dxf
----------------
HOLE([1,59],01000000011001000000011010100100000001010000000111010000000) len = 59
FIELD_H (reactors[0], 330);	// 4.2.3DF [60,83]
FIELD_H (ownerhandle, 330);	// 4.2.3DF [60,83]
FIELD_H ([], 330);	// 4.2.3E2 [84,107]
FIELD_H (writedep, 360);	// 3.0.0 [108,115]
FIELD_H ([], 360);	// 3.2.3E3 [116,139]
HOLE([140,145],111111) len = 6
----------------
Todo: 50 + 104 = 154, Missing: -9
FIELD_BL (status, 90);	// 1 0100000001 [[1,10],[13,22],[29,38],[39,48]]
FIELD_BL (num_deps, 90);	// 0 10 [[2,3],[11,12],[14,15],[23,24],[25,26],[27,28],[30,31],[38,39],[40,41],[50,51]]...)
FIELD_BL (unknown_assoc, 90);	// 1 0100000001 [[1,10],[13,22],[29,38],[39,48]]
FIELD_BL (unknown_n1, 90);	// 0 10 [[2,3],[11,12],[14,15],[23,24],[25,26],[27,28],[30,31],[38,39],[40,41],[50,51]]...)
FIELD_BL (unknown_n2, 90);	// 0 10 [[2,3],[11,12],[14,15],[23,24],[25,26],[27,28],[30,31],[38,39],[40,41],[50,51]]...)
FIELD_BL (num_actions, 90);	// 0 10 [[2,3],[11,12],[14,15],[23,24],[25,26],[27,28],[30,31],[38,39],[40,41],[50,51]]...)
FIELD_BL ([], 90);	// 1 0100000001 [[1,10],[13,22],[29,38],[39,48]]
FIELD_BL ([], 90);	// 1 0100000001 [[1,10],[13,22],[29,38],[39,48]]
FIELD_BL ([], 90);	// 0 10 [[2,3],[11,12],[14,15],[23,24],[25,26],[27,28],[30,31],[38,39],[40,41],[50,51]]...)

Most probable result: (TODO)

ACDBASSOCNETWORK: 0x3E2 (121) test/test-data/2004/Constraints.dxf:
0100000001101010101001000000010100000001010100000000100001000000011111000010100000000110000010000100000001111100000111111

[hdloff, strsize, commonsize, bitsize, hdlsize]=[61,0,69,13,0]
H330 4.2.3E1: 010000100000001111100001 fixed = [52,75]
H330 4.2.3E1: 010000100000001111100001 Ignored overlap  fixed = [52,75]
BL90 1: 0100000001 5 positions
BL90 0: 10 21 positions
H330 4.0.0: 01000000 7 positions
H360 3.0.0: 00110000 fixed = [84,91]
BL90 0: 10 21 positions
BL90 0: 10 21 positions
BL90 0: 10 21 positions
BL90 0: 10 21 positions
BL90 1: 0100000001 5 positions
BL90 1: 0100000001 5 positions
H330 4.2.3E0: 010000100000001111100000 fixed = [92,115]
BL90 0: 10 21 positions

fixed = [[52,75],[84,91],[92,115]]
sortd = [[52,75],[52,75],[84,91],[92,115]]

Definite result: 80/121	2004/Constraints.dxf
----------------
HOLE([1,51],010000000110101010100100000001010000000101010000000) len = 51
FIELD_H (reactors[0], 330);	// 4.2.3E1 [52,75]
FIELD_H (ownerhandle, 330);	// 4.2.3E1 [52,75]
HOLE([76,83],01000000) len = 8
FIELD_H (writedep, 360);	// 3.0.0 [84,91]
FIELD_H ([], 330);	// 4.2.3E0 [92,115]
HOLE([116,121],111111) len = 6
----------------
Todo: 50 + 80 = 130, Missing: -9
FIELD_BL (status, 90);	// 1 0100000001 [[1,10],[21,30],[31,40]]
FIELD_BL (num_deps, 90);	// 0 10 [[2,3],[11,12],[13,14],[15,16],[17,18],[19,20],[22,23],[30,31],[32,33],[40,41]]...)
FIELD_H ([], 330);	// 4.0.0 01000000 [[1,8],[21,28],[31,38],[43,50],[76,83]]
FIELD_BL (unknown_assoc, 90);	// 0 10 [[2,3],[11,12],[13,14],[15,16],[17,18],[19,20],[22,23],[30,31],[32,33],[40,41]]...)
FIELD_BL (unknown_n1, 90);	// 0 10 [[2,3],[11,12],[13,14],[15,16],[17,18],[19,20],[22,23],[30,31],[32,33],[40,41]]...)
FIELD_BL (unknown_n2, 90);	// 0 10 [[2,3],[11,12],[13,14],[15,16],[17,18],[19,20],[22,23],[30,31],[32,33],[40,41]]...)
FIELD_BL (num_actions, 90);	// 0 10 [[2,3],[11,12],[13,14],[15,16],[17,18],[19,20],[22,23],[30,31],[32,33],[40,41]]...)
FIELD_BL ([], 90);	// 1 0100000001 [[1,10],[21,30],[31,40]]
FIELD_BL ([], 90);	// 1 0100000001 [[1,10],[21,30],[31,40]]
FIELD_BL ([], 90);	// 0 10 [[2,3],[11,12],[13,14],[15,16],[17,18],[19,20],[22,23],[30,31],[32,33],[40,41]]...)

Most probable result: (TODO)

ACDBASSOCNETWORK: 0x3E0 (145) test/test-data/2007/Constraints.dxf:
0100000001100100000001101010010000000101000000011100100000000100001000000011110111110100001000000011111000100011000000110010000000111110001111111

[hdloff, strsize, commonsize, bitsize, hdlsize]=[70,0,69,13,93]
H330 4.2.3DF: 010000100000001111011111 fixed = [61,84]
H330 4.2.3DF: 010000100000001111011111 Ignored overlap  fixed = [61,84]
BL90 1: 0100000001 7 positions
BL90 0: 10 23 positions
H330 4.2.3E2: 010000100000001111100010 fixed = [85,108]
H360 3.0.0: 00110000 fixed = [109,116]
BL90 1: 0100000001 7 positions
BL90 0: 10 23 positions
BL90 0: 10 23 positions
BL90 0: 10 23 positions
BL90 1: 0100000001 7 positions
BL90 1: 0100000001 7 positions
H360 3.2.3E3: 001100100000001111100011 fixed = [117,140]
BL90 0: 10 23 positions

fixed = [[61,84],[85,108],[109,116],[117,140]]
sortd = [[61,84],[61,84],[85,108],[109,116],[117,140]]

Definite result: 104/145	2007/Constraints.dxf
----------------
HOLE([1,60],010000000110010000000110101001000000010100000001110010000000) len = 60
FIELD_H (reactors[0], 330);	// 4.2.3DF [61,84]
FIELD_H (ownerhandle, 330);	// 4.2.3DF [61,84]
FIELD_H ([], 330);	// 4.2.3E2 [85,108]
FIELD_H (writedep, 360);	// 3.0.0 [109,116]
FIELD_H ([], 360);	// 3.2.3E3 [117,140]
HOLE([141,145],11111) len = 5
----------------
Todo: 50 + 104 = 154, Missing: -9
FIELD_BL (status, 90);	// 1 0100000001 [[1,10],[13,22],[29,38],[39,48]]
FIELD_BL (num_deps, 90);	// 0 10 [[2,3],[11,12],[14,15],[23,24],[25,26],[27,28],[30,31],[38,39],[40,41],[50,51]]...)
FIELD_BL (unknown_assoc, 90);	// 1 0100000001 [[1,10],[13,22],[29,38],[39,48]]
FIELD_BL (unknown_n1, 90);	// 0 10 [[2,3],[11,12],[14,15],[23,24],[25,26],[27,28],[30,31],[38,39],[40,41],[50,51]]...)
FIELD_BL (unknown_n2, 90);	// 0 10 [[2,3],[11,12],[14,15],[23,24],[25,26],[27,28],[30,31],[38,39],[40,41],[50,51]]...)
FIELD_BL (num_actions, 90);	// 0 10 [[2,3],[11,12],[14,15],[23,24],[25,26],[27,28],[30,31],[38,39],[40,41],[50,51]]...)
FIELD_BL ([], 90);	// 1 0100000001 [[1,10],[13,22],[29,38],[39,48]]
FIELD_BL ([], 90);	// 1 0100000001 [[1,10],[13,22],[29,38],[39,48]]
FIELD_BL ([], 90);	// 0 10 [[2,3],[11,12],[14,15],[23,24],[25,26],[27,28],[30,31],[38,39],[40,41],[50,51]]...)

Most probable result: (TODO)

ACDBASSOCNETWORK: 0x3E2 (121) test/test-data/2007/Constraints.dxf:
0100000001101010101001000000010100000001010010000000010000100000001111100001010000000011000001000010000000111110000011111

[hdloff, strsize, commonsize, bitsize, hdlsize]=[62,0,69,13,77]
H330 4.2.3E1: 010000100000001111100001 fixed = [53,76]
H330 4.2.3E1: 010000100000001111100001 Ignored overlap  fixed = [53,76]
BL90 1: 0100000001 5 positions
BL90 0: 10 21 positions
H330 4.0.0: 01000000 7 positions
H360 3.0.0: 00110000 fixed = [85,92]
BL90 0: 10 21 positions
BL90 0: 10 21 positions
BL90 0: 10 21 positions
BL90 0: 10 21 positions
BL90 1: 0100000001 5 positions
BL90 1: 0100000001 5 positions
H330 4.2.3E0: 010000100000001111100000 fixed = [93,116]
BL90 0: 10 21 positions

fixed = [[53,76],[85,92],[93,116]]
sortd = [[53,76],[53,76],[85,92],[93,116]]

Definite result: 80/121	2007/Constraints.dxf
----------------
HOLE([1,52],0100000001101010101001000000010100000001010010000000) len = 52
FIELD_H (reactors[0], 330);	// 4.2.3E1 [53,76]
FIELD_H (ownerhandle, 330);	// 4.2.3E1 [53,76]
HOLE([77,84],01000000) len = 8
FIELD_H (writedep, 360);	// 3.0.0 [85,92]
FIELD_H ([], 330);	// 4.2.3E0 [93,116]
HOLE([117,121],11111) len = 5
----------------
Todo: 50 + 80 = 130, Missing: -9
FIELD_BL (status, 90);	// 1 0100000001 [[1,10],[21,30],[31,40]]
FIELD_BL (num_deps, 90);	// 0 10 [[2,3],[11,12],[13,14],[15,16],[17,18],[19,20],[22,23],[30,31],[32,33],[40,41]]...)
FIELD_H ([], 330);	// 4.0.0 01000000 [[1,8],[21,28],[31,38],[44,51],[77,84]]
FIELD_BL (unknown_assoc, 90);	// 0 10 [[2,3],[11,12],[13,14],[15,16],[17,18],[19,20],[22,23],[30,31],[32,33],[40,41]]...)
FIELD_BL (unknown_n1, 90);	// 0 10 [[2,3],[11,12],[13,14],[15,16],[17,18],[19,20],[22,23],[30,31],[32,33],[40,41]]...)
FIELD_BL (unknown_n2, 90);	// 0 10 [[2,3],[11,12],[13,14],[15,16],[17,18],[19,20],[22,23],[30,31],[32,33],[40,41]]...)
FIELD_BL (num_actions, 90);	// 0 10 [[2,3],[11,12],[13,14],[15,16],[17,18],[19,20],[22,23],[30,31],[32,33],[40,41]]...)
FIELD_BL ([], 90);	// 1 0100000001 [[1,10],[21,30],[31,40]]
FIELD_BL ([], 90);	// 1 0100000001 [[1,10],[21,30],[31,40]]
FIELD_BL ([], 90);	// 0 10 [[2,3],[11,12],[13,14],[15,16],[17,18],[19,20],[22,23],[30,31],[32,33],[40,41]]...)

Most probable result: (TODO)

ACDBASSOCNETWORK: 0x3E0 (145) test/test-data/2010/Constraints.dxf:
0100000001100100000001101010010000000101000000011100100000000100001000000011110111110100001000000011111000100011000000110010000000111110001111111

[hdloff, strsize, commonsize, bitsize, hdlsize]=[62,0,37,9,93]
H330 4.2.3DF: 010000100000001111011111 fixed = [61,84]
H330 4.2.3DF: 010000100000001111011111 Ignored overlap  fixed = [61,84]
BL90 1: 0100000001 7 positions
BL90 0: 10 23 positions
H330 4.2.3E2: 010000100000001111100010 fixed = [85,108]
H360 3.0.0: 00110000 fixed = [109,116]
BL90 1: 0100000001 7 positions
BL90 0: 10 23 positions
BL90 0: 10 23 positions
BL90 0: 10 23 positions
BL90 1: 0100000001 7 positions
BL90 1: 0100000001 7 positions
H360 3.2.3E3: 001100100000001111100011 fixed = [117,140]
BL90 0: 10 23 positions

fixed = [[61,84],[85,108],[109,116],[117,140]]
sortd = [[61,84],[61,84],[85,108],[109,116],[117,140]]

Definite result: 104/145	2010/Constraints.dxf
----------------
HOLE([1,60],010000000110010000000110101001000000010100000001110010000000) len = 60
FIELD_H (reactors[0], 330);	// 4.2.3DF [61,84]
FIELD_H (ownerhandle, 330);	// 4.2.3DF [61,84]
FIELD_H ([], 330);	// 4.2.3E2 [85,108]
FIELD_H (writedep, 360);	// 3.0.0 [109,116]
FIELD_H ([], 360);	// 3.2.3E3 [117,140]
HOLE([141,145],11111) len = 5
----------------
Todo: 50 + 104 = 154, Missing: -9
FIELD_BL (status, 90);	// 1 0100000001 [[1,10],[13,22],[29,38],[39,48]]
FIELD_BL (num_deps, 90);	// 0 10 [[2,3],[11,12],[14,15],[23,24],[25,26],[27,28],[30,31],[38,39],[40,41],[50,51]]...)
FIELD_BL (unknown_assoc, 90);	// 1 0100000001 [[1,10],[13,22],[29,38],[39,48]]
FIELD_BL (unknown_n1, 90);	// 0 10 [[2,3],[11,12],[14,15],[23,24],[25,26],[27,28],[30,31],[38,39],[40,41],[50,51]]...)
FIELD_BL (unknown_n2, 90);	// 0 10 [[2,3],[11,12],[14,15],[23,24],[25,26],[27,28],[30,31],[38,39],[40,41],[50,51]]...)
FIELD_BL (num_actions, 90);	// 0 10 [[2,3],[11,12],[14,15],[23,24],[25,26],[27,28],[30,31],[38,39],[40,41],[50,51]]...)
FIELD_BL ([], 90);	// 1 0100000001 [[1,10],[13,22],[29,38],[39,48]]
FIELD_BL ([], 90);	// 1 0100000001 [[1,10],[13,22],[29,38],[39,48]]
FIELD_BL ([], 90);	// 0 10 [[2,3],[11,12],[14,15],[23,24],[25,26],[27,28],[30,31],[38,39],[40,41],[50,51]]...)

Most probable result: (TODO)

ACDBASSOCNETWORK: 0x3E2 (121) test/test-data/2010/Constraints.dxf:
0100000001101010101001000000010100000001010010000000010000100000001111100001010000000011000001000010000000111110000011111

[hdloff, strsize, commonsize, bitsize, hdlsize]=[54,0,37,9,77]
H330 4.2.3E1: 010000100000001111100001 fixed = [53,76]
H330 4.2.3E1: 010000100000001111100001 Ignored overlap  fixed = [53,76]
BL90 1: 0100000001 5 positions
BL90 0: 10 21 positions
H330 4.0.0: 01000000 7 positions
H360 3.0.0: 00110000 fixed = [85,92]
BL90 0: 10 21 positions
BL90 0: 10 21 positions
BL90 0: 10 21 positions
BL90 0: 10 21 positions
BL90 1: 0100000001 5 positions
BL90 1: 0100000001 5 positions
H330 4.2.3E0: 010000100000001111100000 fixed = [93,116]
BL90 0: 10 21 positions

fixed = [[53,76],[85,92],[93,116]]
sortd = [[53,76],[53,76],[85,92],[93,116]]

Definite result: 80/121	2010/Constraints.dxf
----------------
HOLE([1,52],0100000001101010101001000000010100000001010010000000) len = 52
FIELD_H (reactors[0], 330);	// 4.2.3E1 [53,76]
FIELD_H (ownerhandle, 330);	// 4.2.3E1 [53,76]
HOLE([77,84],01000000) len = 8
FIELD_H (writedep, 360);	// 3.0.0 [85,92]
FIELD_H ([], 330);	// 4.2.3E0 [93,116]
HOLE([117,121],11111) len = 5
----------------
Todo: 50 + 80 = 130, Missing: -9
FIELD_BL (status, 90);	// 1 0100000001 [[1,10],[21,30],[31,40]]
FIELD_BL (num_deps, 90);	// 0 10 [[2,3],[11,12],[13,14],[15,16],[17,18],[19,20],[22,23],[30,31],[32,33],[40,41]]...)
FIELD_H ([], 330);	// 4.0.0 01000000 [[1,8],[21,28],[31,38],[44,51],[77,84]]
FIELD_BL (unknown_assoc, 90);	// 0 10 [[2,3],[11,12],[13,14],[15,16],[17,18],[19,20],[22,23],[30,31],[32,33],[40,41]]...)
FIELD_BL (unknown_n1, 90);	// 0 10 [[2,3],[11,12],[13,14],[15,16],[17,18],[19,20],[22,23],[30,31],[32,33],[40,41]]...)
FIELD_BL (unknown_n2, 90);	// 0 10 [[2,3],[11,12],[13,14],[15,16],[17,18],[19,20],[22,23],[30,31],[32,33],[40,41]]...)
FIELD_BL (num_actions, 90);	// 0 10 [[2,3],[11,12],[13,14],[15,16],[17,18],[19,20],[22,23],[30,31],[32,33],[40,41]]...)
FIELD_BL ([], 90);	// 1 0100000001 [[1,10],[21,30],[31,40]]
FIELD_BL ([], 90);	// 1 0100000001 [[1,10],[21,30],[31,40]]
FIELD_BL ([], 90);	// 0 10 [[2,3],[11,12],[13,14],[15,16],[17,18],[19,20],[22,23],[30,31],[32,33],[40,41]]...)

Most probable result: (TODO)

ACDBASSOCNETWORK: 0x3E0 (152) test/test-data/2013/Constraints.dxf:
01000000101001000000011010101010101001000000010100000001110010000000010000100000001111011111010000100000001111100010001100000011001000000011111000111111

[hdloff, strsize, commonsize, bitsize, hdlsize]=[70,0,38,10,92]
H330 4.2.3DF: 010000100000001111011111 fixed = [69,92]
H330 4.2.3DF: 010000100000001111011111 Ignored overlap  fixed = [69,92]
BL90 2: 0100000010 fixed = [1,10]
BL90 0: 10 28 positions
H330 4.2.3E2: 010000100000001111100010 fixed = [93,116]
H360 3.0.0: 00110000 fixed = [117,124]
BL90 1: 0100000001 6 positions
BL90 0: 10 28 positions
BL90 0: 10 28 positions
BL90 0: 10 28 positions
BL90 0: 10 28 positions
BL90 0: 10 28 positions
BL90 0: 10 28 positions
BL90 0: 10 28 positions
BL90 1: 0100000001 6 positions
BL90 1: 0100000001 6 positions
H360 3.2.3E3: 001100100000001111100011 fixed = [125,148]
BL90 0: 10 28 positions

fixed = [[1,10],[69,92],[93,116],[117,124],[125,148]]
sortd = [[1,10],[69,92],[69,92],[93,116],[117,124],[125,148]]

Definite result: 114/152	2013/Constraints.dxf
----------------
FIELD_BL (status, 90);	// 2 [1,10]
HOLE([11,68],1001000000011010101010101001000000010100000001110010000000) len = 58
FIELD_H (reactors[0], 330);	// 4.2.3DF [69,92]
FIELD_H (ownerhandle, 330);	// 4.2.3DF [69,92]
FIELD_H ([], 330);	// 4.2.3E2 [93,116]
FIELD_H (writedep, 360);	// 3.0.0 [117,124]
FIELD_H ([], 360);	// 3.2.3E3 [125,148]
HOLE([149,152],1111) len = 4
----------------
Todo: 48 + 114 = 162, Missing: -10
FIELD_BL (num_deps, 90);	// 0 10 [[11,12],[14,15],[23,24],[25,26],[27,28],[29,30],[31,32],[33,34],[35,36],[38,39]]...)
FIELD_BL (unknown_assoc, 90);	// 1 0100000001 [[13,22],[37,46],[47,56]]
FIELD_BL (unknown_n1, 90);	// 0 10 [[11,12],[14,15],[23,24],[25,26],[27,28],[29,30],[31,32],[33,34],[35,36],[38,39]]...)
FIELD_BL (unknown_n2, 90);	// 0 10 [[11,12],[14,15],[23,24],[25,26],[27,28],[29,30],[31,32],[33,34],[35,36],[38,39]]...)
FIELD_BL (num_actions, 90);	// 0 10 [[11,12],[14,15],[23,24],[25,26],[27,28],[29,30],[31,32],[33,34],[35,36],[38,39]]...)
FIELD_BL ([], 90);	// 0 10 [[11,12],[14,15],[23,24],[25,26],[27,28],[29,30],[31,32],[33,34],[35,36],[38,39]]...)
FIELD_BL ([], 90);	// 0 10 [[11,12],[14,15],[23,24],[25,26],[27,28],[29,30],[31,32],[33,34],[35,36],[38,39]]...)
FIELD_BL ([], 90);	// 0 10 [[11,12],[14,15],[23,24],[25,26],[27,28],[29,30],[31,32],[33,34],[35,36],[38,39]]...)
FIELD_BL ([], 90);	// 0 10 [[11,12],[14,15],[23,24],[25,26],[27,28],[29,30],[31,32],[33,34],[35,36],[38,39]]...)
FIELD_BL ([], 90);	// 1 0100000001 [[13,22],[37,46],[47,56]]
FIELD_BL ([], 90);	// 1 0100000001 [[13,22],[37,46],[47,56]]
FIELD_BL ([], 90);	// 0 10 [[11,12],[14,15],[23,24],[25,26],[27,28],[29,30],[31,32],[33,34],[35,36],[38,39]]...)

Most probable result: (TODO)

ACDBASSOCNETWORK: 0x3E2 (128) test/test-data/2013/Constraints.dxf:
01000000101010101010101010100100000001010000000101001000000001000010000000111110000101000000001100000100001000000011111000001111

[hdloff, strsize, commonsize, bitsize, hdlsize]=[62,0,38,10,76]
H330 4.2.3E1: 010000100000001111100001 fixed = [61,84]
H330 4.2.3E1: 010000100000001111100001 Ignored overlap  fixed = [61,84]
BL90 2: 0100000010 fixed = [1,10]
BL90 0: 10 26 positions
H330 4.0.0: 01000000 7 positions
H360 3.0.0: 00110000 fixed = [93,100]
BL90 0: 10 26 positions
BL90 0: 10 26 positions
BL90 0: 10 26 positions
BL90 0: 10 26 positions
BL90 0: 10 26 positions
BL90 0: 10 26 positions
BL90 0: 10 26 positions
BL90 0: 10 26 positions
BL90 1: 0100000001 4 positions
BL90 1: 0100000001 4 positions
H330 4.2.3E0: 010000100000001111100000 fixed = [101,124]
BL90 0: 10 26 positions

fixed = [[1,10],[61,84],[93,100],[101,124]]
sortd = [[1,10],[61,84],[61,84],[93,100],[101,124]]

Definite result: 90/128	2013/Constraints.dxf
----------------
FIELD_BL (status, 90);	// 2 [1,10]
HOLE([11,60],10101010101010101001000000010100000001010010000000) len = 50
FIELD_H (reactors[0], 330);	// 4.2.3E1 [61,84]
FIELD_H (ownerhandle, 330);	// 4.2.3E1 [61,84]
HOLE([85,92],01000000) len = 8
FIELD_H (writedep, 360);	// 3.0.0 [93,100]
FIELD_H ([], 330);	// 4.2.3E0 [101,124]
HOLE([125,128],1111) len = 4
----------------
Todo: 48 + 90 = 138, Missing: -10
FIELD_BL (num_deps, 90);	// 0 10 [[11,12],[13,14],[15,16],[17,18],[19,20],[21,22],[23,24],[25,26],[27,28],[30,31]]...)
FIELD_H ([], 330);	// 4.0.0 01000000 [[29,36],[39,46],[52,59],[85,92]]
FIELD_BL (unknown_assoc, 90);	// 0 10 [[11,12],[13,14],[15,16],[17,18],[19,20],[21,22],[23,24],[25,26],[27,28],[30,31]]...)
FIELD_BL (unknown_n1, 90);	// 0 10 [[11,12],[13,14],[15,16],[17,18],[19,20],[21,22],[23,24],[25,26],[27,28],[30,31]]...)
FIELD_BL (unknown_n2, 90);	// 0 10 [[11,12],[13,14],[15,16],[17,18],[19,20],[21,22],[23,24],[25,26],[27,28],[30,31]]...)
FIELD_BL (num_actions, 90);	// 0 10 [[11,12],[13,14],[15,16],[17,18],[19,20],[21,22],[23,24],[25,26],[27,28],[30,31]]...)
FIELD_BL ([], 90);	// 0 10 [[11,12],[13,14],[15,16],[17,18],[19,20],[21,22],[23,24],[25,26],[27,28],[30,31]]...)
FIELD_BL ([], 90);	// 0 10 [[11,12],[13,14],[15,16],[17,18],[19,20],[21,22],[23,24],[25,26],[27,28],[30,31]]...)
FIELD_BL ([], 90);	// 0 10 [[11,12],[13,14],[15,16],[17,18],[19,20],[21,22],[23,24],[25,26],[27,28],[30,31]]...)
FIELD_BL ([], 90);	// 0 10 [[11,12],[13,14],[15,16],[17,18],[19,20],[21,22],[23,24],[25,26],[27,28],[30,31]]...)
FIELD_BL ([], 90);	// 1 0100000001 [[29,38],[39,48]]
FIELD_BL ([], 90);	// 1 0100000001 [[29,38],[39,48]]
FIELD_BL ([], 90);	// 0 10 [[11,12],[13,14],[15,16],[17,18],[19,20],[21,22],[23,24],[25,26],[27,28],[30,31]]...)

Most probable result: (TODO)

ACDBASSOCNETWORK: 0x38E (194) test/test-data/example_2000.dxf:
01000000010100000001010000000110101001000000010100000001101000000011000000001000010000000111000110100110000010000100000001110010000001100000011001000000011100100010100001000000011100100011111111

[hdloff, strsize, commonsize, bitsize, hdlsize]=[85,0,68,15,0]
H330 4.2.38D: 010000100000001110001101 fixed = [76,99]
H330 4.2.38D: 010000100000001110001101 Ignored overlap  fixed = [76,99]
BL90 1: 0100000001 10 positions
BL90 1: 0100000001 10 positions
H330 4.2.390: 010000100000001110010000 fixed = [108,131]
H360 3.0.0: 00110000 3 positions
BL90 1: 0100000001 10 positions
BL90 0: 10 34 positions
BL90 0: 10 34 positions
BL90 0: 10 34 positions
BL90 1: 0100000001 10 positions
BL90 1: 0100000001 10 positions
H360 3.2.391: 001100100000001110010001 fixed = [140,163]
BL90 1: 0100000001 10 positions
H330 4.2.391: 010000100000001110010001 fixed = [164,187]

fixed = [[76,99],[108,131],[140,163],[164,187]]
sortd = [[76,99],[76,99],[108,131],[140,163],[164,187]]

Definite result: 120/194	example_2000.dxf
----------------
HOLE([1,75],010000000101000000010100000001101010010000000101000000011010000000110000000) len = 75
FIELD_H (reactors[0], 330);	// 4.2.38D [76,99]
FIELD_H (ownerhandle, 330);	// 4.2.38D [76,99]
HOLE([100,107],00110000) len = 8
FIELD_H ([], 330);	// 4.2.390 [108,131]
HOLE([132,139],00110000) len = 8
FIELD_H ([], 360);	// 3.2.391 [140,163]
FIELD_H ([], 330);	// 4.2.391 [164,187]
HOLE([188,194],1111111) len = 7
----------------
Todo: 74 + 120 = 194, Missing: 0
FIELD_BL (status, 90);	// 1 0100000001 [[1,10],[11,20],[21,30],[37,46],[47,56],[58,67]]
FIELD_BL (num_deps, 90);	// 1 0100000001 [[1,10],[11,20],[21,30],[37,46],[47,56],[58,67]]
FIELD_H (writedep, 360);	// 3.0.0 00110000 [[65,72],[100,107],[132,139]]
FIELD_BL (unknown_assoc, 90);	// 1 0100000001 [[1,10],[11,20],[21,30],[37,46],[47,56],[58,67]]
FIELD_BL (unknown_n1, 90);	// 0 10 [[2,3],[10,11],[12,13],[20,21],[22,23],[31,32],[33,34],[35,36],[38,39],[46,47]]...)
FIELD_BL (unknown_n2, 90);	// 0 10 [[2,3],[10,11],[12,13],[20,21],[22,23],[31,32],[33,34],[35,36],[38,39],[46,47]]...)
FIELD_BL (num_actions, 90);	// 0 10 [[2,3],[10,11],[12,13],[20,21],[22,23],[31,32],[33,34],[35,36],[38,39],[46,47]]...)
FIELD_BL ([], 90);	// 1 0100000001 [[1,10],[11,20],[21,30],[37,46],[47,56],[58,67]]
FIELD_BL ([], 90);	// 1 0100000001 [[1,10],[11,20],[21,30],[37,46],[47,56],[58,67]]
FIELD_BL ([], 90);	// 1 0100000001 [[1,10],[11,20],[21,30],[37,46],[47,56],[58,67]]

Most probable result: (TODO)

ACDBASSOCNETWORK: 0x390 (170) test/test-data/example_2000.dxf:
01000000010100000001101010100100000001010000000100100000001100000000100001000000011100011110011000001000000001100000100001000000011100011100100001000000011100011101111111

[hdloff, strsize, commonsize, bitsize, hdlsize]=[77,0,68,14,0]
H330 4.2.38F: 010000100000001110001111 fixed = [68,91]
H330 4.2.38F: 010000100000001110001111 Ignored overlap  fixed = [68,91]
BL90 1: 0100000001 8 positions
BL90 1: 0100000001 8 positions
H330 4.0.0: 01000000 9 positions
H360 3.0.0: 00110000 3 positions
BL90 0: 10 28 positions
BL90 0: 10 28 positions
BL90 0: 10 28 positions
BL90 0: 10 28 positions
BL90 1: 0100000001 8 positions
BL90 1: 0100000001 8 positions
H330 4.2.38E: 010000100000001110001110 2 positions
BL90 1: 0100000001 8 positions
H330 4.2.38E: 010000100000001110001110 2 positions
distribute positions: H330 H330 

fixed = [[68,91],[116,139],[140,163]]
sortd = [[68,91],[68,91],[116,139],[140,163]]

Definite result: 96/170	example_2000.dxf
----------------
HOLE([1,67],0100000001010000000110101010010000000101000000010010000000110000000) len = 67
FIELD_H (reactors[0], 330);	// 4.2.38F [68,91]
FIELD_H (ownerhandle, 330);	// 4.2.38F [68,91]
HOLE([92,115],001100000100000000110000) len = 24
FIELD_H ([], 330);	// 4.2.38E [116,139]
FIELD_H ([], 330);	// 4.2.38E [140,163]
HOLE([164,170],1111111) len = 7
----------------
Todo: 74 + 96 = 170, Missing: 0
FIELD_BL (status, 90);	// 1 0100000001 [[1,10],[11,20],[29,38],[39,48],[50,59]]
FIELD_BL (num_deps, 90);	// 1 0100000001 [[1,10],[11,20],[29,38],[39,48],[50,59]]
FIELD_H ([], 330);	// 4.0.0 01000000 [[1,8],[11,18],[29,36],[39,46],[50,57],[100,107]]
FIELD_H (writedep, 360);	// 3.0.0 00110000 [[57,64],[92,99],[108,115]]
FIELD_BL (unknown_assoc, 90);	// 0 10 [[2,3],[10,11],[12,13],[21,22],[23,24],[25,26],[27,28],[30,31],[38,39],[40,41]]...)
FIELD_BL (unknown_n1, 90);	// 0 10 [[2,3],[10,11],[12,13],[21,22],[23,24],[25,26],[27,28],[30,31],[38,39],[40,41]]...)
FIELD_BL (unknown_n2, 90);	// 0 10 [[2,3],[10,11],[12,13],[21,22],[23,24],[25,26],[27,28],[30,31],[38,39],[40,41]]...)
FIELD_BL (num_actions, 90);	// 0 10 [[2,3],[10,11],[12,13],[21,22],[23,24],[25,26],[27,28],[30,31],[38,39],[40,41]]...)
FIELD_BL ([], 90);	// 1 0100000001 [[1,10],[11,20],[29,38],[39,48],[50,59]]
FIELD_BL ([], 90);	// 1 0100000001 [[1,10],[11,20],[29,38],[39,48],[50,59]]
FIELD_BL ([], 90);	// 1 0100000001 [[1,10],[11,20],[29,38],[39,48],[50,59]]

Most probable result: (TODO)

ACDBASSOCNETWORK: 0x38E (185) test/test-data/example_2004.dxf:
01000000010100000001010000000110101001000000010100000001101000000011000000001000010000000111000110101000010000000111001000000110000001100100000001110010001010000100000001110010001111111

[hdloff, strsize, commonsize, bitsize, hdlsize]=[85,0,69,15,0]
H330 4.2.38D: 010000100000001110001101 fixed = [76,99]
H330 4.2.38D: 010000100000001110001101 Ignored overlap  fixed = [76,99]
BL90 1: 0100000001 10 positions
BL90 1: 0100000001 10 positions
H330 4.2.390: 010000100000001110010000 fixed = [100,123]
H360 3.0.0: 00110000 2 positions
BL90 1: 0100000001 10 positions
BL90 0: 10 33 positions
BL90 0: 10 33 positions
BL90 0: 10 33 positions
BL90 1: 0100000001 10 positions
BL90 1: 0100000001 10 positions
H360 3.2.391: 001100100000001110010001 fixed = [132,155]
BL90 1: 0100000001 10 positions
H330 4.2.391: 010000100000001110010001 fixed = [156,179]

fixed = [[76,99],[100,123],[132,155],[156,179]]
sortd = [[76,99],[76,99],[100,123],[132,155],[156,179]]

Definite result: 120/185	example_2004.dxf
----------------
HOLE([1,75],010000000101000000010100000001101010010000000101000000011010000000110000000) len = 75
FIELD_H (reactors[0], 330);	// 4.2.38D [76,99]
FIELD_H (ownerhandle, 330);	// 4.2.38D [76,99]
FIELD_H ([], 330);	// 4.2.390 [100,123]
HOLE([124,131],00110000) len = 8
FIELD_H ([], 360);	// 3.2.391 [132,155]
FIELD_H ([], 330);	// 4.2.391 [156,179]
HOLE([180,185],111111) len = 6
----------------
Todo: 74 + 120 = 194, Missing: -9
FIELD_BL (status, 90);	// 1 0100000001 [[1,10],[11,20],[21,30],[37,46],[47,56],[58,67]]
FIELD_BL (num_deps, 90);	// 1 0100000001 [[1,10],[11,20],[21,30],[37,46],[47,56],[58,67]]
FIELD_H (writedep, 360);	// 3.0.0 00110000 [[65,72],[124,131]]
FIELD_BL (unknown_assoc, 90);	// 1 0100000001 [[1,10],[11,20],[21,30],[37,46],[47,56],[58,67]]
FIELD_BL (unknown_n1, 90);	// 0 10 [[2,3],[10,11],[12,13],[20,21],[22,23],[31,32],[33,34],[35,36],[38,39],[46,47]]...)
FIELD_BL (unknown_n2, 90);	// 0 10 [[2,3],[10,11],[12,13],[20,21],[22,23],[31,32],[33,34],[35,36],[38,39],[46,47]]...)
FIELD_BL (num_actions, 90);	// 0 10 [[2,3],[10,11],[12,13],[20,21],[22,23],[31,32],[33,34],[35,36],[38,39],[46,47]]...)
FIELD_BL ([], 90);	// 1 0100000001 [[1,10],[11,20],[21,30],[37,46],[47,56],[58,67]]
FIELD_BL ([], 90);	// 1 0100000001 [[1,10],[11,20],[21,30],[37,46],[47,56],[58,67]]
FIELD_BL ([], 90);	// 1 0100000001 [[1,10],[11,20],[21,30],[37,46],[47,56],[58,67]]

Most probable result: (TODO)

ACDBASSOCNETWORK: 0x390 (161) test/test-data/example_2004.dxf:
01000000010100000001101010100100000001010000000100100000001100000000100001000000011100011110100000000110000010000100000001110001110010000100000001110001110111111

[hdloff, strsize, commonsize, bitsize, hdlsize]=[77,0,69,14,0]
H330 4.2.38F: 010000100000001110001111 fixed = [68,91]
H330 4.2.38F: 010000100000001110001111 Ignored overlap  fixed = [68,91]
BL90 1: 0100000001 8 positions
BL90 1: 0100000001 8 positions
H330 4.0.0: 01000000 9 positions
H360 3.0.0: 00110000 2 positions
BL90 0: 10 27 positions
BL90 0: 10 27 positions
BL90 0: 10 27 positions
BL90 0: 10 27 positions
BL90 1: 0100000001 8 positions
BL90 1: 0100000001 8 positions
H330 4.2.38E: 010000100000001110001110 2 positions
BL90 1: 0100000001 8 positions
H330 4.2.38E: 010000100000001110001110 2 positions
distribute positions: H330 H330 

fixed = [[68,91],[108,131],[132,155]]
sortd = [[68,91],[68,91],[108,131],[132,155]]

Definite result: 96/161	example_2004.dxf
----------------
HOLE([1,67],0100000001010000000110101010010000000101000000010010000000110000000) len = 67
FIELD_H (reactors[0], 330);	// 4.2.38F [68,91]
FIELD_H (ownerhandle, 330);	// 4.2.38F [68,91]
HOLE([92,107],0100000000110000) len = 16
FIELD_H ([], 330);	// 4.2.38E [108,131]
FIELD_H ([], 330);	// 4.2.38E [132,155]
HOLE([156,161],111111) len = 6
----------------
Todo: 74 + 96 = 170, Missing: -9
FIELD_BL (status, 90);	// 1 0100000001 [[1,10],[11,20],[29,38],[39,48],[50,59]]
FIELD_BL (num_deps, 90);	// 1 0100000001 [[1,10],[11,20],[29,38],[39,48],[50,59]]
FIELD_H ([], 330);	// 4.0.0 01000000 [[1,8],[11,18],[29,36],[39,46],[50,57],[92,99]]
FIELD_H (writedep, 360);	// 3.0.0 00110000 [[57,64],[100,107]]
FIELD_BL (unknown_assoc, 90);	// 0 10 [[2,3],[10,11],[12,13],[21,22],[23,24],[25,26],[27,28],[30,31],[38,39],[40,41]]...)
FIELD_BL (unknown_n1, 90);	// 0 10 [[2,3],[10,11],[12,13],[21,22],[23,24],[25,26],[27,28],[30,31],[38,39],[40,41]]...)
FIELD_BL (unknown_n2, 90);	// 0 10 [[2,3],[10,11],[12,13],[21,22],[23,24],[25,26],[27,28],[30,31],[38,39],[40,41]]...)
FIELD_BL (num_actions, 90);	// 0 10 [[2,3],[10,11],[12,13],[21,22],[23,24],[25,26],[27,28],[30,31],[38,39],[40,41]]...)
FIELD_BL ([], 90);	// 1 0100000001 [[1,10],[11,20],[29,38],[39,48],[50,59]]
FIELD_BL ([], 90);	// 1 0100000001 [[1,10],[11,20],[29,38],[39,48],[50,59]]
FIELD_BL ([], 90);	// 1 0100000001 [[1,10],[11,20],[29,38],[39,48],[50,59]]

Most probable result: (TODO)

ACDBASSOCNETWORK: 0x38E (185) test/test-data/example_2007.dxf:
01000000010100000001010000000110101001000000010100000001101000000010100000000100001000000011100011010100001000000011100100000011000000110010000000111001000101000010000000111001000111111

[hdloff, strsize, commonsize, bitsize, hdlsize]=[86,0,69,15,117]
H330 4.2.38D: 010000100000001110001101 fixed = [77,100]
H330 4.2.38D: 010000100000001110001101 Ignored overlap  fixed = [77,100]
BL90 1: 0100000001 10 positions
BL90 1: 0100000001 10 positions
H330 4.2.390: 010000100000001110010000 fixed = [101,124]
H360 3.0.0: 00110000 fixed = [125,132]
BL90 1: 0100000001 10 positions
BL90 0: 10 34 positions
BL90 0: 10 34 positions
BL90 0: 10 34 positions
BL90 1: 0100000001 10 positions
BL90 1: 0100000001 10 positions
H360 3.2.391: 001100100000001110010001 fixed = [133,156]
BL90 1: 0100000001 10 positions
H330 4.2.391: 010000100000001110010001 fixed = [157,180]

fixed = [[77,100],[101,124],[125,132],[133,156],[157,180]]
sortd = [[77,100],[77,100],[101,124],[125,132],[133,156],[157,180]]

Definite result: 128/185	example_2007.dxf
----------------
HOLE([1,76],0100000001010000000101000000011010100100000001010000000110100000001010000000) len = 76
FIELD_H (reactors[0], 330);	// 4.2.38D [77,100]
FIELD_H (ownerhandle, 330);	// 4.2.38D [77,100]
FIELD_H ([], 330);	// 4.2.390 [101,124]
FIELD_H (writedep, 360);	// 3.0.0 [125,132]
FIELD_H ([], 360);	// 3.2.391 [133,156]
FIELD_H ([], 330);	// 4.2.391 [157,180]
HOLE([181,185],11111) len = 5
----------------
Todo: 66 + 128 = 194, Missing: -9
FIELD_BL (status, 90);	// 1 0100000001 [[1,10],[11,20],[21,30],[37,46],[47,56],[58,67]]
FIELD_BL (num_deps, 90);	// 1 0100000001 [[1,10],[11,20],[21,30],[37,46],[47,56],[58,67]]
FIELD_BL (unknown_assoc, 90);	// 1 0100000001 [[1,10],[11,20],[21,30],[37,46],[47,56],[58,67]]
FIELD_BL (unknown_n1, 90);	// 0 10 [[2,3],[10,11],[12,13],[20,21],[22,23],[31,32],[33,34],[35,36],[38,39],[46,47]]...)
FIELD_BL (unknown_n2, 90);	// 0 10 [[2,3],[10,11],[12,13],[20,21],[22,23],[31,32],[33,34],[35,36],[38,39],[46,47]]...)
FIELD_BL (num_actions, 90);	// 0 10 [[2,3],[10,11],[12,13],[20,21],[22,23],[31,32],[33,34],[35,36],[38,39],[46,47]]...)
FIELD_BL ([], 90);	// 1 0100000001 [[1,10],[11,20],[21,30],[37,46],[47,56],[58,67]]
FIELD_BL ([], 90);	// 1 0100000001 [[1,10],[11,20],[21,30],[37,46],[47,56],[58,67]]
FIELD_BL ([], 90);	// 1 0100000001 [[1,10],[11,20],[21,30],[37,46],[47,56],[58,67]]

Most probable result: (TODO)

ACDBASSOCNETWORK: 0x390 (161) test/test-data/example_2007.dxf:
01000000010100000001101010100100000001010000000100100000001010000000010000100000001110001111010000000011000001000010000000111000111001000010000000111000111011111

[hdloff, strsize, commonsize, bitsize, hdlsize]=[78,0,69,14,101]
H330 4.2.38F: 010000100000001110001111 fixed = [69,92]
H330 4.2.38F: 010000100000001110001111 Ignored overlap  fixed = [69,92]
BL90 1: 0100000001 8 positions
BL90 1: 0100000001 8 positions
H330 4.0.0: 01000000 10 positions
H360 3.0.0: 00110000 fixed = [101,108]
BL90 0: 10 28 positions
BL90 0: 10 28 positions
BL90 0: 10 28 positions
BL90 0: 10 28 positions
BL90 1: 0100000001 8 positions
BL90 1: 0100000001 8 positions
H330 4.2.38E: 010000100000001110001110 2 positions
BL90 1: 0100000001 8 positions
H330 4.2.38E: 010000100000001110001110 2 positions
distribute positions: H330 H330 

fixed = [[69,92],[101,108],[109,132],[133,156]]
sortd = [[69,92],[69,92],[101,108],[109,132],[133,156]]

Definite result: 104/161	example_2007.dxf
----------------
HOLE([1,68],01000000010100000001101010100100000001010000000100100000001010000000) len = 68
FIELD_H (reactors[0], 330);	// 4.2.38F [69,92]
FIELD_H (ownerhandle, 330);	// 4.2.38F [69,92]
HOLE([93,100],01000000) len = 8
FIELD_H (writedep, 360);	// 3.0.0 [101,108]
FIELD_H ([], 330);	// 4.2.38E [109,132]
FIELD_H ([], 330);	// 4.2.38E [133,156]
HOLE([157,161],11111) len = 5
----------------
Todo: 66 + 104 = 170, Missing: -9
FIELD_BL (status, 90);	// 1 0100000001 [[1,10],[11,20],[29,38],[39,48],[50,59]]
FIELD_BL (num_deps, 90);	// 1 0100000001 [[1,10],[11,20],[29,38],[39,48],[50,59]]
FIELD_H ([], 330);	// 4.0.0 01000000 [[1,8],[11,18],[29,36],[39,46],[50,57],[60,67],[93,100]]
FIELD_BL (unknown_assoc, 90);	// 0 10 [[2,3],[10,11],[12,13],[21,22],[23,24],[25,26],[27,28],[30,31],[38,39],[40,41]]...)
FIELD_BL (unknown_n1, 90);	// 0 10 [[2,3],[10,11],[12,13],[21,22],[23,24],[25,26],[27,28],[30,31],[38,39],[40,41]]...)
FIELD_BL (unknown_n2, 90);	// 0 10 [[2,3],[10,11],[12,13],[21,22],[23,24],[25,26],[27,28],[30,31],[38,39],[40,41]]...)
FIELD_BL (num_actions, 90);	// 0 10 [[2,3],[10,11],[12,13],[21,22],[23,24],[25,26],[27,28],[30,31],[38,39],[40,41]]...)
FIELD_BL ([], 90);	// 1 0100000001 [[1,10],[11,20],[29,38],[39,48],[50,59]]
FIELD_BL ([], 90);	// 1 0100000001 [[1,10],[11,20],[29,38],[39,48],[50,59]]
FIELD_BL ([], 90);	// 1 0100000001 [[1,10],[11,20],[29,38],[39,48],[50,59]]

Most probable result: (TODO)

ACDBASSOCNETWORK: 0x38E (185) test/test-data/example_2010.dxf:
01000000010100000001010000000110101001000000010100000001101000000010100000000100001000000011100011010100001000000011100100000011000000110010000000111001000101000010000000111001000111111

[hdloff, strsize, commonsize, bitsize, hdlsize]=[78,0,37,11,117]
H330 4.2.38D: 010000100000001110001101 fixed = [77,100]
H330 4.2.38D: 010000100000001110001101 Ignored overlap  fixed = [77,100]
BL90 1: 0100000001 10 positions
BL90 1: 0100000001 10 positions
H330 4.2.390: 010000100000001110010000 fixed = [101,124]
H360 3.0.0: 00110000 fixed = [125,132]
BL90 1: 0100000001 10 positions
BL90 0: 10 34 positions
BL90 0: 10 34 positions
BL90 0: 10 34 positions
BL90 1: 0100000001 10 positions
BL90 1: 0100000001 10 positions
H360 3.2.391: 001100100000001110010001 fixed = [133,156]
BL90 1: 0100000001 10 positions
H330 4.2.391: 010000100000001110010001 fixed = [157,180]

fixed = [[77,100],[101,124],[125,132],[133,156],[157,180]]
sortd = [[77,100],[77,100],[101,124],[125,132],[133,156],[157,180]]

Definite result: 128/185	example_2010.dxf
----------------
HOLE([1,76],0100000001010000000101000000011010100100000001010000000110100000001010000000) len = 76
FIELD_H (reactors[0], 330);	// 4.2.38D [77,100]
FIELD_H (ownerhandle, 330);	// 4.2.38D [77,100]
FIELD_H ([], 330);	// 4.2.390 [101,124]
FIELD_H (writedep, 360);	// 3.0.0 [125,132]
FIELD_H ([], 360);	// 3.2.391 [133,156]
FIELD_H ([], 330);	// 4.2.391 [157,180]
HOLE([181,185],11111) len = 5
----------------
Todo: 66 + 128 = 194, Missing: -9
FIELD_BL (status, 90);	// 1 0100000001 [[1,10],[11,20],[21,30],[37,46],[47,56],[58,67]]
FIELD_BL (num_deps, 90);	// 1 0100000001 [[1,10],[11,20],[21,30],[37,46],[47,56],[58,67]]
FIELD_BL (unknown_assoc, 90);	// 1 0100000001 [[1,10],[11,20],[21,30],[37,46],[47,56],[58,67]]
FIELD_BL (unknown_n1, 90);	// 0 10 [[2,3],[10,11],[12,13],[20,21],[22,23],[31,32],[33,34],[35,36],[38,39],[46,47]]...)
FIELD_BL (unknown_n2, 90);	// 0 10 [[2,3],[10,11],[12,13],[20,21],[22,23],[31,32],[33,34],[35,36],[38,39],[46,47]]...)
FIELD_BL (num_actions, 90);	// 0 10 [[2,3],[10,11],[12,13],[20,21],[22,23],[31,32],[33,34],[35,36],[38,39],[46,47]]...)
FIELD_BL ([], 90);	// 1 0100000001 [[1,10],[11,20],[21,30],[37,46],[47,56],[58,67]]
FIELD_BL ([], 90);	// 1 0100000001 [[1,10],[11,20],[21,30],[37,46],[47,56],[58,67]]
FIELD_BL ([], 90);	// 1 0100000001 [[1,10],[11,20],[21,30],[37,46],[47,56],[58,67]]

Most probable result: (TODO)

ACDBASSOCNETWORK: 0x390 (161) test/test-data/example_2010.dxf:
01000000010100000001101010100100000001010000000100100000001010000000010000100000001110001111010000000011000001000010000000111000111001000010000000111000111011111

[hdloff, strsize, commonsize, bitsize, hdlsize]=[70,0,37,10,101]
H330 4.2.38F: 010000100000001110001111 fixed = [69,92]
H330 4.2.38F: 010000100000001110001111 Ignored overlap  fixed = [69,92]
BL90 1: 0100000001 8 positions
BL90 1: 0100000001 8 positions
H330 4.0.0: 01000000 10 positions
H360 3.0.0: 00110000 fixed = [101,108]
BL90 0: 10 28 positions
BL90 0: 10 28 positions
BL90 0: 10 28 positions
BL90 0: 10 28 positions
BL90 1: 0100000001 8 positions
BL90 1: 0100000001 8 positions
H330 4.2.38E: 010000100000001110001110 2 positions
BL90 1: 0100000001 8 positions
H330 4.2.38E: 010000100000001110001110 2 positions
distribute positions: H330 H330 

fixed = [[69,92],[101,108],[109,132],[133,156]]
sortd = [[69,92],[69,92],[101,108],[109,132],[133,156]]

Definite result: 104/161	example_2010.dxf
----------------
HOLE([1,68],01000000010100000001101010100100000001010000000100100000001010000000) len = 68
FIELD_H (reactors[0], 330);	// 4.2.38F [69,92]
FIELD_H (ownerhandle, 330);	// 4.2.38F [69,92]
HOLE([93,100],01000000) len = 8
FIELD_H (writedep, 360);	// 3.0.0 [101,108]
FIELD_H ([], 330);	// 4.2.38E [109,132]
FIELD_H ([], 330);	// 4.2.38E [133,156]
HOLE([157,161],11111) len = 5
----------------
Todo: 66 + 104 = 170, Missing: -9
FIELD_BL (status, 90);	// 1 0100000001 [[1,10],[11,20],[29,38],[39,48],[50,59]]
FIELD_BL (num_deps, 90);	// 1 0100000001 [[1,10],[11,20],[29,38],[39,48],[50,59]]
FIELD_H ([], 330);	// 4.0.0 01000000 [[1,8],[11,18],[29,36],[39,46],[50,57],[60,67],[93,100]]
FIELD_BL (unknown_assoc, 90);	// 0 10 [[2,3],[10,11],[12,13],[21,22],[23,24],[25,26],[27,28],[30,31],[38,39],[40,41]]...)
FIELD_BL (unknown_n1, 90);	// 0 10 [[2,3],[10,11],[12,13],[21,22],[23,24],[25,26],[27,28],[30,31],[38,39],[40,41]]...)
FIELD_BL (unknown_n2, 90);	// 0 10 [[2,3],[10,11],[12,13],[21,22],[23,24],[25,26],[27,28],[30,31],[38,39],[40,41]]...)
FIELD_BL (num_actions, 90);	// 0 10 [[2,3],[10,11],[12,13],[21,22],[23,24],[25,26],[27,28],[30,31],[38,39],[40,41]]...)
FIELD_BL ([], 90);	// 1 0100000001 [[1,10],[11,20],[29,38],[39,48],[50,59]]
FIELD_BL ([], 90);	// 1 0100000001 [[1,10],[11,20],[29,38],[39,48],[50,59]]
FIELD_BL ([], 90);	// 1 0100000001 [[1,10],[11,20],[29,38],[39,48],[50,59]]

Most probable result: (TODO)

ACDBASSOCNETWORK: 0x38E (152) test/test-data/example_2013.dxf:
01000000101001000000011010101010101001000000010100000001110010000000010000100000001110001101010000100000001110010000001100000011001000000011100100011111

[hdloff, strsize, commonsize, bitsize, hdlsize]=[70,0,38,10,92]
H330 4.2.38D: 010000100000001110001101 fixed = [69,92]
H330 4.2.38D: 010000100000001110001101 Ignored overlap  fixed = [69,92]
BL90 2: 0100000010 fixed = [1,10]
BL90 0: 10 30 positions
H330 4.2.390: 010000100000001110010000 fixed = [93,116]
H360 3.0.0: 00110000 fixed = [117,124]
BL90 1: 0100000001 6 positions
BL90 0: 10 30 positions
BL90 0: 10 30 positions
BL90 0: 10 30 positions
BL90 0: 10 30 positions
BL90 0: 10 30 positions
BL90 0: 10 30 positions
BL90 0: 10 30 positions
BL90 1: 0100000001 6 positions
BL90 1: 0100000001 6 positions
H360 3.2.391: 001100100000001110010001 fixed = [125,148]
BL90 0: 10 30 positions

fixed = [[1,10],[69,92],[93,116],[117,124],[125,148]]
sortd = [[1,10],[69,92],[69,92],[93,116],[117,124],[125,148]]

Definite result: 114/152	example_2013.dxf
----------------
FIELD_BL (status, 90);	// 2 [1,10]
HOLE([11,68],1001000000011010101010101001000000010100000001110010000000) len = 58
FIELD_H (reactors[0], 330);	// 4.2.38D [69,92]
FIELD_H (ownerhandle, 330);	// 4.2.38D [69,92]
FIELD_H ([], 330);	// 4.2.390 [93,116]
FIELD_H (writedep, 360);	// 3.0.0 [117,124]
FIELD_H ([], 360);	// 3.2.391 [125,148]
HOLE([149,152],1111) len = 4
----------------
Todo: 48 + 114 = 162, Missing: -10
FIELD_BL (num_deps, 90);	// 0 10 [[11,12],[14,15],[23,24],[25,26],[27,28],[29,30],[31,32],[33,34],[35,36],[38,39]]...)
FIELD_BL (unknown_assoc, 90);	// 1 0100000001 [[13,22],[37,46],[47,56]]
FIELD_BL (unknown_n1, 90);	// 0 10 [[11,12],[14,15],[23,24],[25,26],[27,28],[29,30],[31,32],[33,34],[35,36],[38,39]]...)
FIELD_BL (unknown_n2, 90);	// 0 10 [[11,12],[14,15],[23,24],[25,26],[27,28],[29,30],[31,32],[33,34],[35,36],[38,39]]...)
FIELD_BL (num_actions, 90);	// 0 10 [[11,12],[14,15],[23,24],[25,26],[27,28],[29,30],[31,32],[33,34],[35,36],[38,39]]...)
FIELD_BL ([], 90);	// 0 10 [[11,12],[14,15],[23,24],[25,26],[27,28],[29,30],[31,32],[33,34],[35,36],[38,39]]...)
FIELD_BL ([], 90);	// 0 10 [[11,12],[14,15],[23,24],[25,26],[27,28],[29,30],[31,32],[33,34],[35,36],[38,39]]...)
FIELD_BL ([], 90);	// 0 10 [[11,12],[14,15],[23,24],[25,26],[27,28],[29,30],[31,32],[33,34],[35,36],[38,39]]...)
FIELD_BL ([], 90);	// 0 10 [[11,12],[14,15],[23,24],[25,26],[27,28],[29,30],[31,32],[33,34],[35,36],[38,39]]...)
FIELD_BL ([], 90);	// 1 0100000001 [[13,22],[37,46],[47,56]]
FIELD_BL ([], 90);	// 1 0100000001 [[13,22],[37,46],[47,56]]
FIELD_BL ([], 90);	// 0 10 [[11,12],[14,15],[23,24],[25,26],[27,28],[29,30],[31,32],[33,34],[35,36],[38,39]]...)

Most probable result: (TODO)

ACDBASSOCNETWORK: 0x390 (128) test/test-data/example_2013.dxf:
01000000101010101010101010100100000001010000000101001000000001000010000000111000111101000000001100000100001000000011100011101111

[hdloff, strsize, commonsize, bitsize, hdlsize]=[62,0,38,10,76]
H330 4.2.38F: 010000100000001110001111 fixed = [61,84]
H330 4.2.38F: 010000100000001110001111 Ignored overlap  fixed = [61,84]
BL90 2: 0100000010 fixed = [1,10]
BL90 0: 10 27 positions
H330 4.0.0: 01000000 7 positions
H360 3.0.0: 00110000 fixed = [93,100]
BL90 0: 10 27 positions
BL90 0: 10 27 positions
BL90 0: 10 27 positions
BL90 0: 10 27 positions
BL90 0: 10 27 positions
BL90 0: 10 27 positions
BL90 0: 10 27 positions
BL90 0: 10 27 positions
BL90 1: 0100000001 4 positions
BL90 1: 0100000001 4 positions
H330 4.2.38E: 010000100000001110001110 fixed = [101,124]
BL90 0: 10 27 positions

fixed = [[1,10],[61,84],[93,100],[101,124]]
sortd = [[1,10],[61,84],[61,84],[93,100],[101,124]]

Definite result: 90/128	example_2013.dxf
----------------
FIELD_BL (status, 90);	// 2 [1,10]
HOLE([11,60],10101010101010101001000000010100000001010010000000) len = 50
FIELD_H (reactors[0], 330);	// 4.2.38F [61,84]
FIELD_H (ownerhandle, 330);	// 4.2.38F [61,84]
HOLE([85,92],01000000) len = 8
FIELD_H (writedep, 360);	// 3.0.0 [93,100]
FIELD_H ([], 330);	// 4.2.38E [101,124]
HOLE([125,128],1111) len = 4
----------------
Todo: 48 + 90 = 138, Missing: -10
FIELD_BL (num_deps, 90);	// 0 10 [[11,12],[13,14],[15,16],[17,18],[19,20],[21,22],[23,24],[25,26],[27,28],[30,31]]...)
FIELD_H ([], 330);	// 4.0.0 01000000 [[29,36],[39,46],[52,59],[85,92]]
FIELD_BL (unknown_assoc, 90);	// 0 10 [[11,12],[13,14],[15,16],[17,18],[19,20],[21,22],[23,24],[25,26],[27,28],[30,31]]...)
FIELD_BL (unknown_n1, 90);	// 0 10 [[11,12],[13,14],[15,16],[17,18],[19,20],[21,22],[23,24],[25,26],[27,28],[30,31]]...)
FIELD_BL (unknown_n2, 90);	// 0 10 [[11,12],[13,14],[15,16],[17,18],[19,20],[21,22],[23,24],[25,26],[27,28],[30,31]]...)
FIELD_BL (num_actions, 90);	// 0 10 [[11,12],[13,14],[15,16],[17,18],[19,20],[21,22],[23,24],[25,26],[27,28],[30,31]]...)
FIELD_BL ([], 90);	// 0 10 [[11,12],[13,14],[15,16],[17,18],[19,20],[21,22],[23,24],[25,26],[27,28],[30,31]]...)
FIELD_BL ([], 90);	// 0 10 [[11,12],[13,14],[15,16],[17,18],[19,20],[21,22],[23,24],[25,26],[27,28],[30,31]]...)
FIELD_BL ([], 90);	// 0 10 [[11,12],[13,14],[15,16],[17,18],[19,20],[21,22],[23,24],[25,26],[27,28],[30,31]]...)
FIELD_BL ([], 90);	// 0 10 [[11,12],[13,14],[15,16],[17,18],[19,20],[21,22],[23,24],[25,26],[27,28],[30,31]]...)
FIELD_BL ([], 90);	// 1 0100000001 [[29,38],[39,48]]
FIELD_BL ([], 90);	// 1 0100000001 [[29,38],[39,48]]
FIELD_BL ([], 90);	// 0 10 [[11,12],[13,14],[15,16],[17,18],[19,20],[21,22],[23,24],[25,26],[27,28],[30,31]]...)

Most probable result: (TODO)

ACDBASSOCNETWORK: 0x2DC (377) test/test-data/2004/Surface.dxf:
01000000010100000001010000000110101001000001100100000101111110100000101100000000100001000000010110110110100001000000010110111100011000000110010000000101101111100110010000000110100111000110010000000110110011100110010000001000001001000110010000001010000101101000010000000101101111101000010000000110100111001000010000000110110011101000010000001000001001001000010000001010000101111

[hdloff, strsize, commonsize, bitsize, hdlsize]=[89,0,69,15,0]
H330 4.2.2DB: 010000100000001011011011 fixed = [80,103]
H330 4.2.2DB: 010000100000001011011011 Ignored overlap  fixed = [80,103]
BL90 1: 0100000001 11 positions
BL90 1: 0100000001 11 positions
H330 4.2.2DE: 010000100000001011011110 fixed = [104,127]
H360 3.0.0: 00110000 fixed = [128,135]
BL90 1: 0100000001 11 positions
BL90 0: 10 79 positions
BL90 0: 10 79 positions
BL90 0: 10 79 positions
BL90 6: 0100000110 fixed = [37,46]
BL90 5: 0100000101 2 positions
H360 3.2.2DF: 001100100000001011011111 fixed = [136,159]
H360 3.2.34E: 001100100000001101001110 fixed = [160,183]
H360 3.2.367: 001100100000001101100111 fixed = [184,207]
H360 3.2.412: 001100100000010000010010 fixed = [208,231]
H360 3.2.50B: 001100100000010100001011 fixed = [232,255]
BL90 5: 0100000101 2 positions
distribute positions: BL90 BL90 
H330 4.2.2DF: 010000100000001011011111 fixed = [256,279]
H330 4.2.34E: 010000100000001101001110 fixed = [280,303]
H330 4.2.367: 010000100000001101100111 fixed = [304,327]
H330 4.2.412: 010000100000010000010010 fixed = [328,351]
H330 4.2.50B: 010000100000010100001011 fixed = [352,375]

fixed = [[37,46],[47,56],[62,71],[80,103],[104,127],[128,135],[136,159],[160,183],[184,207],[208,231],[232,255],[256,279],[280,303],[304,327],[328,351],[352,375]]
sortd = [[37,46],[47,56],[62,71],[80,103],[80,103],[104,127],[128,135],[136,159],[160,183],[184,207],[208,231],[232,255],[256,279],[280,303],[304,327],[328,351],[352,375]]

Definite result: 350/377	2004/Surface.dxf
----------------
HOLE([1,36],010000000101000000010100000001101010) len = 36
FIELD_BL ([], 90);	// 6 [37,46]
FIELD_BL ([], 90);	// 5 [47,56]
HOLE([57,61],11111) len = 5
FIELD_BL ([], 90);	// 5 [62,71]
HOLE([72,79],10000000) len = 8
FIELD_H (reactors[0], 330);	// 4.2.2DB [80,103]
FIELD_H (ownerhandle, 330);	// 4.2.2DB [80,103]
FIELD_H ([], 330);	// 4.2.2DE [104,127]
FIELD_H (writedep, 360);	// 3.0.0 [128,135]
FIELD_H ([], 360);	// 3.2.2DF [136,159]
FIELD_H ([], 360);	// 3.2.34E [160,183]
FIELD_H ([], 360);	// 3.2.367 [184,207]
FIELD_H ([], 360);	// 3.2.412 [208,231]
FIELD_H ([], 360);	// 3.2.50B [232,255]
FIELD_H ([], 330);	// 4.2.2DF [256,279]
FIELD_H ([], 330);	// 4.2.34E [280,303]
FIELD_H ([], 330);	// 4.2.367 [304,327]
FIELD_H ([], 330);	// 4.2.412 [328,351]
FIELD_H ([], 330);	// 4.2.50B [352,375]
HOLE([376,377],11) len = 2
----------------
Todo: 36 + 350 = 386, Missing: -9
FIELD_BL (status, 90);	// 1 0100000001 [[1,10],[11,20],[21,30]]
FIELD_BL (num_deps, 90);	// 1 0100000001 [[1,10],[11,20],[21,30]]
FIELD_BL (unknown_assoc, 90);	// 1 0100000001 [[1,10],[11,20],[21,30]]
FIELD_BL (unknown_n1, 90);	// 0 10 [[2,3],[10,11],[12,13],[20,21],[22,23],[31,32],[33,34],[35,36],[61,62],[72,73]]
FIELD_BL (unknown_n2, 90);	// 0 10 [[2,3],[10,11],[12,13],[20,21],[22,23],[31,32],[33,34],[35,36],[61,62],[72,73]]
FIELD_BL (num_actions, 90);	// 0 10 [[2,3],[10,11],[12,13],[20,21],[22,23],[31,32],[33,34],[35,36],[61,62],[72,73]]

Most probable result: (TODO)

ACDBASSOCNETWORK: 0x2DE (161) test/test-data/2004/Surface.dxf:
01000000010100000001101010100100000001010000000100100000001100000000100001000000010110111010100000000110000010000100000001011011100010000100000001011011100111111

[hdloff, strsize, commonsize, bitsize, hdlsize]=[77,0,69,14,0]
H330 4.2.2DD: 010000100000001011011101 fixed = [68,91]
H330 4.2.2DD: 010000100000001011011101 Ignored overlap  fixed = [68,91]
BL90 1: 0100000001 8 positions
BL90 1: 0100000001 8 positions
H330 4.0.0: 01000000 9 positions
H360 3.0.0: 00110000 2 positions
BL90 0: 10 31 positions
BL90 0: 10 31 positions
BL90 0: 10 31 positions
BL90 0: 10 31 positions
BL90 1: 0100000001 8 positions
BL90 1: 0100000001 8 positions
H330 4.2.2DC: 010000100000001011011100 2 positions
BL90 1: 0100000001 8 positions
H330 4.2.2DC: 010000100000001011011100 2 positions
distribute positions: H330 H330 

fixed = [[68,91],[108,131],[132,155]]
sortd = [[68,91],[68,91],[108,131],[132,155]]

Definite result: 96/161	2004/Surface.dxf
----------------
HOLE([1,67],0100000001010000000110101010010000000101000000010010000000110000000) len = 67
FIELD_H (reactors[0], 330);	// 4.2.2DD [68,91]
FIELD_H (ownerhandle, 330);	// 4.2.2DD [68,91]
HOLE([92,107],0100000000110000) len = 16
FIELD_H ([], 330);	// 4.2.2DC [108,131]
FIELD_H ([], 330);	// 4.2.2DC [132,155]
HOLE([156,161],111111) len = 6
----------------
Todo: 74 + 96 = 170, Missing: -9
FIELD_BL (status, 90);	// 1 0100000001 [[1,10],[11,20],[29,38],[39,48],[50,59]]
FIELD_BL (num_deps, 90);	// 1 0100000001 [[1,10],[11,20],[29,38],[39,48],[50,59]]
FIELD_H ([], 330);	// 4.0.0 01000000 [[1,8],[11,18],[29,36],[39,46],[50,57],[92,99]]
FIELD_H (writedep, 360);	// 3.0.0 00110000 [[57,64],[100,107]]
FIELD_BL (unknown_assoc, 90);	// 0 10 [[2,3],[10,11],[12,13],[21,22],[23,24],[25,26],[27,28],[30,31],[38,39],[40,41]]...)
FIELD_BL (unknown_n1, 90);	// 0 10 [[2,3],[10,11],[12,13],[21,22],[23,24],[25,26],[27,28],[30,31],[38,39],[40,41]]...)
FIELD_BL (unknown_n2, 90);	// 0 10 [[2,3],[10,11],[12,13],[21,22],[23,24],[25,26],[27,28],[30,31],[38,39],[40,41]]...)
FIELD_BL (num_actions, 90);	// 0 10 [[2,3],[10,11],[12,13],[21,22],[23,24],[25,26],[27,28],[30,31],[38,39],[40,41]]...)
FIELD_BL ([], 90);	// 1 0100000001 [[1,10],[11,20],[29,38],[39,48],[50,59]]
FIELD_BL ([], 90);	// 1 0100000001 [[1,10],[11,20],[29,38],[39,48],[50,59]]
FIELD_BL ([], 90);	// 1 0100000001 [[1,10],[11,20],[29,38],[39,48],[50,59]]

Most probable result: (TODO)

ACDBASSOCNETWORK: 0x2DC (224) test/test-data/2018/Surface.dxf:
01000000101001000000011010101010101001000001010100000100111110010000000010000100000001011011011010000100000001011011110001100000011001000000010110111110011001000000011010011100011001000000011011001110011001000000100000100101

[hdloff, strsize, commonsize, bitsize, hdlsize]=[73,0,38,11,161]
H330 4.2.2DB: 010000100000001011011011 fixed = [72,95]
H330 4.2.2DB: 010000100000001011011011 Ignored overlap  fixed = [72,95]
BL90 2: 0100000010 2 positions
BL90 0: 10 50 positions
H330 4.2.2DE: 010000100000001011011110 fixed = [96,119]
H360 3.0.0: 00110000 fixed = [120,127]
BL90 1: 0100000001 6 positions
BL90 0: 10 50 positions
BL90 0: 10 50 positions
BL90 0: 10 50 positions
BL90 0: 10 50 positions
BL90 0: 10 50 positions
BL90 0: 10 50 positions
BL90 0: 10 50 positions
BL90 5: 0100000101 fixed = [37,46]
BL90 4: 0100000100 2 positions
H360 3.2.2DF: 001100100000001011011111 fixed = [128,151]
H360 3.2.34E: 001100100000001101001110 fixed = [152,175]
H360 3.2.367: 001100100000001101100111 fixed = [176,199]
H360 3.2.412: 001100100000010000010010 fixed = [200,223]
BL90 0: 10 50 positions

fixed = [[37,46],[72,95],[96,119],[120,127],[128,151],[152,175],[176,199],[200,223]]
sortd = [[1,10],[37,46],[47,56],[72,95],[72,95],[96,119],[120,127],[128,151],[152,175],[176,199],[200,223]]

Definite result: 206/224	2018/Surface.dxf
----------------
FIELD_BL (status, 90);	// 2 [1,10]
HOLE([11,36],10010000000110101010101010) len = 26
FIELD_BL ([], 90);	// 5 [37,46]
FIELD_BL ([], 90);	// 4 [47,56]
HOLE([57,71],111110010000000) len = 15
FIELD_H (reactors[0], 330);	// 4.2.2DB [72,95]
FIELD_H (ownerhandle, 330);	// 4.2.2DB [72,95]
FIELD_H ([], 330);	// 4.2.2DE [96,119]
FIELD_H (writedep, 360);	// 3.0.0 [120,127]
FIELD_H ([], 360);	// 3.2.2DF [128,151]
FIELD_H ([], 360);	// 3.2.34E [152,175]
FIELD_H ([], 360);	// 3.2.367 [176,199]
FIELD_H ([], 360);	// 3.2.412 [200,223]
HOLE([224,224],1) len = 1
----------------
Todo: 18 + 206 = 224, Missing: 0
FIELD_BL (num_deps, 90);	// 0 10 [[2,3],[9,10],[11,12],[14,15],[23,24],[25,26],[27,28],[29,30],[31,32],[33,34]]...)
FIELD_BL (unknown_n1, 90);	// 0 10 [[2,3],[9,10],[11,12],[14,15],[23,24],[25,26],[27,28],[29,30],[31,32],[33,34]]...)
FIELD_BL (unknown_n2, 90);	// 0 10 [[2,3],[9,10],[11,12],[14,15],[23,24],[25,26],[27,28],[29,30],[31,32],[33,34]]...)
FIELD_BL (num_actions, 90);	// 0 10 [[2,3],[9,10],[11,12],[14,15],[23,24],[25,26],[27,28],[29,30],[31,32],[33,34]]...)
FIELD_BL ([], 90);	// 0 10 [[2,3],[9,10],[11,12],[14,15],[23,24],[25,26],[27,28],[29,30],[31,32],[33,34]]...)
FIELD_BL ([], 90);	// 0 10 [[2,3],[9,10],[11,12],[14,15],[23,24],[25,26],[27,28],[29,30],[31,32],[33,34]]...)
FIELD_BL ([], 90);	// 0 10 [[2,3],[9,10],[11,12],[14,15],[23,24],[25,26],[27,28],[29,30],[31,32],[33,34]]...)
FIELD_BL ([], 90);	// 0 10 [[2,3],[9,10],[11,12],[14,15],[23,24],[25,26],[27,28],[29,30],[31,32],[33,34]]...)
FIELD_BL ([], 90);	// 0 10 [[2,3],[9,10],[11,12],[14,15],[23,24],[25,26],[27,28],[29,30],[31,32],[33,34]]...)

Most probable result: (TODO)

ACDBASSOCNETWORK: 0x2DE (128) test/test-data/2018/Surface.dxf:
01000000101010101010101010100100000001010000000101001000000001000010000000101101110101000000001100000100001000000010110111001111

[hdloff, strsize, commonsize, bitsize, hdlsize]=[62,0,38,10,76]
H330 4.2.2DD: 010000100000001011011101 fixed = [61,84]
H330 4.2.2DD: 010000100000001011011101 Ignored overlap  fixed = [61,84]
BL90 2: 0100000010 fixed = [1,10]
BL90 0: 10 30 positions
H330 4.0.0: 01000000 7 positions
H360 3.0.0: 00110000 fixed = [93,100]
BL90 0: 10 30 positions
BL90 0: 10 30 positions
BL90 0: 10 30 positions
BL90 0: 10 30 positions
BL90 0: 10 30 positions
BL90 0: 10 30 positions
BL90 0: 10 30 positions
BL90 0: 10 30 positions
BL90 1: 0100000001 4 positions
BL90 1: 0100000001 4 positions
H330 4.2.2DC: 010000100000001011011100 fixed = [101,124]
BL90 0: 10 30 positions

fixed = [[1,10],[61,84],[93,100],[101,124]]
sortd = [[1,10],[61,84],[61,84],[93,100],[101,124]]

Definite result: 90/128	2018/Surface.dxf
----------------
FIELD_BL (status, 90);	// 2 [1,10]
HOLE([11,60],10101010101010101001000000010100000001010010000000) len = 50
FIELD_H (reactors[0], 330);	// 4.2.2DD [61,84]
FIELD_H (ownerhandle, 330);	// 4.2.2DD [61,84]
HOLE([85,92],01000000) len = 8
FIELD_H (writedep, 360);	// 3.0.0 [93,100]
FIELD_H ([], 330);	// 4.2.2DC [101,124]
HOLE([125,128],1111) len = 4
----------------
Todo: 48 + 90 = 138, Missing: -10
FIELD_BL (num_deps, 90);	// 0 10 [[11,12],[13,14],[15,16],[17,18],[19,20],[21,22],[23,24],[25,26],[27,28],[30,31]]...)
FIELD_H ([], 330);	// 4.0.0 01000000 [[29,36],[39,46],[52,59],[85,92]]
FIELD_BL (unknown_assoc, 90);	// 0 10 [[11,12],[13,14],[15,16],[17,18],[19,20],[21,22],[23,24],[25,26],[27,28],[30,31]]...)
FIELD_BL (unknown_n1, 90);	// 0 10 [[11,12],[13,14],[15,16],[17,18],[19,20],[21,22],[23,24],[25,26],[27,28],[30,31]]...)
FIELD_BL (unknown_n2, 90);	// 0 10 [[11,12],[13,14],[15,16],[17,18],[19,20],[21,22],[23,24],[25,26],[27,28],[30,31]]...)
FIELD_BL (num_actions, 90);	// 0 10 [[11,12],[13,14],[15,16],[17,18],[19,20],[21,22],[23,24],[25,26],[27,28],[30,31]]...)
FIELD_BL ([], 90);	// 0 10 [[11,12],[13,14],[15,16],[17,18],[19,20],[21,22],[23,24],[25,26],[27,28],[30,31]]...)
FIELD_BL ([], 90);	// 0 10 [[11,12],[13,14],[15,16],[17,18],[19,20],[21,22],[23,24],[25,26],[27,28],[30,31]]...)
FIELD_BL ([], 90);	// 0 10 [[11,12],[13,14],[15,16],[17,18],[19,20],[21,22],[23,24],[25,26],[27,28],[30,31]]...)
FIELD_BL ([], 90);	// 0 10 [[11,12],[13,14],[15,16],[17,18],[19,20],[21,22],[23,24],[25,26],[27,28],[30,31]]...)
FIELD_BL ([], 90);	// 1 0100000001 [[29,38],[39,48]]
FIELD_BL ([], 90);	// 1 0100000001 [[29,38],[39,48]]
FIELD_BL ([], 90);	// 0 10 [[11,12],[13,14],[15,16],[17,18],[19,20],[21,22],[23,24],[25,26],[27,28],[30,31]]...)

Most probable result: (TODO)

