ACDBASSOCGEOMDEPENDENCY: 0x3E4 (402) test/test-data/2000/Constraints.dxf:
010000001010111100111100001101100011111111111111110010000000110101001000000100000101100011010001000110001001000001011100110111001101101111011000110101001101101001011011100110011101101100011001010100010101100100011001110110010101010000011001010111001001110011010100110111010101100010011001010110111001110100010010010110010000000000010000000001100000100001000000011110111100100000001000000001100001111111

[hdloff, strsize, commonsize, bitsize]=[349,0,60,40]
H330 8.0.0: 10000000 6 positions
BL90 2: 0100000010 2 positions
BL90 0: 10 94 positions
B290 1: 0 221 positions
B290 1: 0 221 positions
B290 1: 0 221 positions
B290 1: 0 221 positions
BL90 -10000: 0011110000110110001111111111111111 fixed = [17,50]
H330 4.2.3DE: 010000100000001111011110 fixed = [348,371]
B290 0: 0 221 positions
H330 4.0.0: 01000000 8 positions
H330 4.0.0: 01000000 8 positions
H360 3.0.0: 00110000 2 positions
BL90 1: 0100000001 3 positions
BL90 0: 10 94 positions
B290 1: 0 221 positions
TV1 AcDbAssocSingleEdgePersSubentId: 01001000000100000101100011010001000110001001000001011100110111001101101111011000110101001101101001011011100110011101101100011001010100010101100100011001110110010101010000011001010111001001110011010100110111010101100010011001010110111001110100010010010110010000000000 fixed = [65,330]
B290 0: 0 221 positions

fixed = [[17,50],[65,330],[348,371]]
sortd = [[1,10],[17,50],[65,330],[348,371]]

Definite result: 334/402	2000/Constraints.dxf
----------------
FIELD_BL ([], 90);	// 2 [1,10]
HOLE([11,16],101111) len = 6
FIELD_BL ([], 90);	// -10000 [17,50]
HOLE([51,64],00100000001101) len = 14
FIELD_TV ([], 1);	// AcDbAssocSingleEdgePersSubentId [65,330]
HOLE([331,347],01000000000110000) len = 17
FIELD_H ([], 330);	// 4.2.3DE [348,371]
HOLE([372,402],0100000001000000001100001111111) len = 31
----------------
Todo: 53 + 334 = 387, Missing: 15
FIELD_H (ownerhandle, 330);	// 8.0.0 10000000 [[53,60],[332,339],[373,380],[381,388]]
FIELD_BL ([], 90);	// 0 10 [[2,3],[9,10],[11,12],[16,17],[53,54],[62,63],[64,65],[332,333],[343,344],[373,374]]...)
FIELD_B ([], 290);	// 1 0 [[1,1],[3,3],[4,4],[5,5],[6,6],[7,7],[8,8],[10,10],[12,12],[51,51]]...)
FIELD_B ([], 290);	// 1 0 [[1,1],[3,3],[4,4],[5,5],[6,6],[7,7],[8,8],[10,10],[12,12],[51,51]]...)
FIELD_B ([], 290);	// 1 0 [[1,1],[3,3],[4,4],[5,5],[6,6],[7,7],[8,8],[10,10],[12,12],[51,51]]...)
FIELD_B ([], 290);	// 1 0 [[1,1],[3,3],[4,4],[5,5],[6,6],[7,7],[8,8],[10,10],[12,12],[51,51]]...)
FIELD_B ([], 290);	// 0 0 [[1,1],[3,3],[4,4],[5,5],[6,6],[7,7],[8,8],[10,10],[12,12],[51,51]]...)
FIELD_H ([], 330);	// 4.0.0 01000000 [[1,8],[52,59],[331,338],[372,379],[380,387]]
FIELD_H ([], 330);	// 4.0.0 01000000 [[1,8],[52,59],[331,338],[372,379],[380,387]]
FIELD_H ([], 360);	// 3.0.0 00110000 [[340,347],[388,395]]
FIELD_BL ([], 90);	// 1 0100000001 [[52,61],[372,381]]
FIELD_BL ([], 90);	// 0 10 [[2,3],[9,10],[11,12],[16,17],[53,54],[62,63],[64,65],[332,333],[343,344],[373,374]]...)
FIELD_B ([], 290);	// 1 0 [[1,1],[3,3],[4,4],[5,5],[6,6],[7,7],[8,8],[10,10],[12,12],[51,51]]...)
FIELD_B ([], 290);	// 0 0 [[1,1],[3,3],[4,4],[5,5],[6,6],[7,7],[8,8],[10,10],[12,12],[51,51]]...)

Most probable result: (TODO)

ACDBASSOCGEOMDEPENDENCY: 0x3E5 (410) test/test-data/2000/Constraints.dxf:
01000000101011110011110000110110001111111111111111001000000101010100100000010000010110001101000100011000100100000101110011011100110110111101100011010100110110100101101110011001110110110001100101010001010110010001100111011001010101000001100101011100100111001101010011011101010110001001100101011011100111010001001001011001000000000001100000100000010001100000100001000000001111111100100000001000000001100001111111

[hdloff, strsize, commonsize, bitsize]=[349,0,60,40]
H330 c.1.2: 1100000100000010 fixed = [332,347]
BL90 2: 0100000010 4 positions
BL90 0: 10 96 positions
B290 1: 0 226 positions
B290 1: 0 226 positions
B290 1: 0 226 positions
B290 1: 0 226 positions
BL90 -10000: 0011110000110110001111111111111111 fixed = [17,50]
H330 4.2.1FE: 010000100000000111111110 fixed = [356,379]
B290 0: 0 226 positions
H330 4.0.0: 01000000 8 positions
H330 4.0.0: 01000000 8 positions
H360 3.0.0: 00110000 3 positions
BL90 2: 0100000010 4 positions
BL90 0: 10 96 positions
B290 1: 0 226 positions
TV1 AcDbAssocSingleEdgePersSubentId: 01001000000100000101100011010001000110001001000001011100110111001101101111011000110101001101101001011011100110011101101100011001010100010101100100011001110110010101010000011001010111001001110011010100110111010101100010011001010110111001110100010010010110010000000000 fixed = [65,330]
B290 0: 0 226 positions

fixed = [[17,50],[65,330],[332,347],[356,379]]
sortd = [[17,50],[65,330],[332,347],[356,379]]

Definite result: 340/410	2000/Constraints.dxf
----------------
HOLE([1,16],0100000010101111) len = 16
FIELD_BL ([], 90);	// -10000 [17,50]
HOLE([51,64],00100000010101) len = 14
FIELD_TV ([], 1);	// AcDbAssocSingleEdgePersSubentId [65,330]
HOLE([331,331],0) len = 1
FIELD_H (ownerhandle, 330);	// c.1.2 [332,347]
HOLE([348,355],00110000) len = 8
FIELD_H ([], 330);	// 4.2.1FE [356,379]
HOLE([380,410],0100000001000000001100001111111) len = 31
----------------
Todo: 55 + 340 = 395, Missing: 15
FIELD_BL ([], 90);	// 2 0100000010 [[1,10],[52,61]]
FIELD_BL ([], 90);	// 0 10 [[2,3],[9,10],[11,12],[16,17],[53,54],[60,61],[62,63],[64,65],[351,352],[381,382]]...)
FIELD_B ([], 290);	// 1 0 [[1,1],[3,3],[4,4],[5,5],[6,6],[7,7],[8,8],[10,10],[12,12],[51,51]]...)
FIELD_B ([], 290);	// 1 0 [[1,1],[3,3],[4,4],[5,5],[6,6],[7,7],[8,8],[10,10],[12,12],[51,51]]...)
FIELD_B ([], 290);	// 1 0 [[1,1],[3,3],[4,4],[5,5],[6,6],[7,7],[8,8],[10,10],[12,12],[51,51]]...)
FIELD_B ([], 290);	// 1 0 [[1,1],[3,3],[4,4],[5,5],[6,6],[7,7],[8,8],[10,10],[12,12],[51,51]]...)
FIELD_B ([], 290);	// 0 0 [[1,1],[3,3],[4,4],[5,5],[6,6],[7,7],[8,8],[10,10],[12,12],[51,51]]...)
FIELD_H ([], 330);	// 4.0.0 01000000 [[1,8],[52,59],[380,387],[388,395]]
FIELD_H ([], 330);	// 4.0.0 01000000 [[1,8],[52,59],[380,387],[388,395]]
FIELD_H ([], 360);	// 3.0.0 00110000 [[348,355],[396,403]]
FIELD_BL ([], 90);	// 2 0100000010 [[1,10],[52,61]]
FIELD_BL ([], 90);	// 0 10 [[2,3],[9,10],[11,12],[16,17],[53,54],[60,61],[62,63],[64,65],[351,352],[381,382]]...)
FIELD_B ([], 290);	// 1 0 [[1,1],[3,3],[4,4],[5,5],[6,6],[7,7],[8,8],[10,10],[12,12],[51,51]]...)
FIELD_B ([], 290);	// 0 0 [[1,1],[3,3],[4,4],[5,5],[6,6],[7,7],[8,8],[10,10],[12,12],[51,51]]...)

Most probable result: (TODO)

ACDBASSOCGEOMDEPENDENCY: 0x3E4 (393) test/test-data/2004/Constraints.dxf:
010000001010111100111100001101100011111111111111110010000000110101001000000100000101100011010001000110001001000001011100110111001101101111011000110101001101101001011011100110011101101100011001010100010101100100011001110110010101010000011001010111001001110011010100110111010101100010011001010110111001110100010010010110010000000000010000000010000100000001111011110010000000100000000110000111111

[hdloff, strsize, commonsize, bitsize]=[349,0,61,41]
H330 8.0.0: 10000000 6 positions
BL90 2: 0100000010 2 positions
BL90 0: 10 93 positions
B290 1: 0 215 positions
B290 1: 0 215 positions
B290 1: 0 215 positions
B290 1: 0 215 positions
BL90 -10000: 0011110000110110001111111111111111 fixed = [17,50]
H330 4.2.3DE: 010000100000001111011110 fixed = [340,363]
B290 0: 0 215 positions
H330 4.0.0: 01000000 8 positions
H330 4.0.0: 01000000 8 positions
H360 3.0.0: 00110000 fixed = [380,387]
BL90 1: 0100000001 3 positions
BL90 0: 10 93 positions
B290 1: 0 215 positions
TV1 AcDbAssocSingleEdgePersSubentId: 01001000000100000101100011010001000110001001000001011100110111001101101111011000110101001101101001011011100110011101101100011001010100010101100100011001110110010101010000011001010111001001110011010100110111010101100010011001010110111001110100010010010110010000000000 fixed = [65,330]
B290 0: 0 215 positions

fixed = [[17,50],[65,330],[340,363],[380,387]]
sortd = [[1,10],[17,50],[65,330],[340,363],[380,387]]

Definite result: 342/393	2004/Constraints.dxf
----------------
FIELD_BL ([], 90);	// 2 [1,10]
HOLE([11,16],101111) len = 6
FIELD_BL ([], 90);	// -10000 [17,50]
HOLE([51,64],00100000001101) len = 14
FIELD_TV ([], 1);	// AcDbAssocSingleEdgePersSubentId [65,330]
HOLE([331,339],010000000) len = 9
FIELD_H ([], 330);	// 4.2.3DE [340,363]
HOLE([364,379],0100000001000000) len = 16
FIELD_H ([], 360);	// 3.0.0 [380,387]
HOLE([388,393],111111) len = 6
----------------
Todo: 45 + 342 = 387, Missing: 6
FIELD_H (ownerhandle, 330);	// 8.0.0 10000000 [[53,60],[332,339],[365,372],[373,380]]
FIELD_BL ([], 90);	// 0 10 [[2,3],[9,10],[11,12],[16,17],[53,54],[62,63],[64,65],[332,333],[365,366],[373,374]]
FIELD_B ([], 290);	// 1 0 [[1,1],[3,3],[4,4],[5,5],[6,6],[7,7],[8,8],[10,10],[12,12],[51,51]]...)
FIELD_B ([], 290);	// 1 0 [[1,1],[3,3],[4,4],[5,5],[6,6],[7,7],[8,8],[10,10],[12,12],[51,51]]...)
FIELD_B ([], 290);	// 1 0 [[1,1],[3,3],[4,4],[5,5],[6,6],[7,7],[8,8],[10,10],[12,12],[51,51]]...)
FIELD_B ([], 290);	// 1 0 [[1,1],[3,3],[4,4],[5,5],[6,6],[7,7],[8,8],[10,10],[12,12],[51,51]]...)
FIELD_B ([], 290);	// 0 0 [[1,1],[3,3],[4,4],[5,5],[6,6],[7,7],[8,8],[10,10],[12,12],[51,51]]...)
FIELD_H ([], 330);	// 4.0.0 01000000 [[1,8],[52,59],[331,338],[364,371],[372,379]]
FIELD_H ([], 330);	// 4.0.0 01000000 [[1,8],[52,59],[331,338],[364,371],[372,379]]
FIELD_BL ([], 90);	// 1 0100000001 [[52,61],[364,373]]
FIELD_BL ([], 90);	// 0 10 [[2,3],[9,10],[11,12],[16,17],[53,54],[62,63],[64,65],[332,333],[365,366],[373,374]]
FIELD_B ([], 290);	// 1 0 [[1,1],[3,3],[4,4],[5,5],[6,6],[7,7],[8,8],[10,10],[12,12],[51,51]]...)
FIELD_B ([], 290);	// 0 0 [[1,1],[3,3],[4,4],[5,5],[6,6],[7,7],[8,8],[10,10],[12,12],[51,51]]...)

Most probable result: (TODO)

ACDBASSOCGEOMDEPENDENCY: 0x3E5 (401) test/test-data/2004/Constraints.dxf:
01000000101011110011110000110110001111111111111111001000000101010100100000010000010110001101000100011000100100000101110011011100110110111101100011010100110110100101101110011001110110110001100101010001010110010001100111011001010101000001100101011100100111001101010011011101010110001001100101011011100111010001001001011001000000000001100000100000010010000100000000111111110010000000100000000110000111111

[hdloff, strsize, commonsize, bitsize]=[349,0,61,41]
H330 c.1.2: 1100000100000010 fixed = [332,347]
BL90 2: 0100000010 4 positions
BL90 0: 10 95 positions
B290 1: 0 220 positions
B290 1: 0 220 positions
B290 1: 0 220 positions
B290 1: 0 220 positions
BL90 -10000: 0011110000110110001111111111111111 fixed = [17,50]
H330 4.2.1FE: 010000100000000111111110 fixed = [348,371]
B290 0: 0 220 positions
H330 4.0.0: 01000000 8 positions
H330 4.0.0: 01000000 8 positions
H360 3.0.0: 00110000 2 positions
BL90 2: 0100000010 4 positions
BL90 0: 10 95 positions
B290 1: 0 220 positions
TV1 AcDbAssocSingleEdgePersSubentId: 01001000000100000101100011010001000110001001000001011100110111001101101111011000110101001101101001011011100110011101101100011001010100010101100100011001110110010101010000011001010111001001110011010100110111010101100010011001010110111001110100010010010110010000000000 fixed = [65,330]
B290 0: 0 220 positions

fixed = [[17,50],[65,330],[332,347],[348,371]]
sortd = [[17,50],[65,330],[332,347],[348,371],[388,395]]

Definite result: 348/401	2004/Constraints.dxf
----------------
HOLE([1,16],0100000010101111) len = 16
FIELD_BL ([], 90);	// -10000 [17,50]
HOLE([51,64],00100000010101) len = 14
FIELD_TV ([], 1);	// AcDbAssocSingleEdgePersSubentId [65,330]
HOLE([331,331],0) len = 1
FIELD_H (ownerhandle, 330);	// c.1.2 [332,347]
FIELD_H ([], 330);	// 4.2.1FE [348,371]
HOLE([372,387],0100000001000000) len = 16
FIELD_H ([], 360);	// 3.0.0 [388,395]
HOLE([396,401],111111) len = 6
----------------
Todo: 47 + 348 = 395, Missing: 6
FIELD_BL ([], 90);	// 2 0100000010 [[1,10],[52,61]]
FIELD_BL ([], 90);	// 0 10 [[2,3],[9,10],[11,12],[16,17],[53,54],[60,61],[62,63],[64,65],[373,374],[381,382]]...)
FIELD_B ([], 290);	// 1 0 [[1,1],[3,3],[4,4],[5,5],[6,6],[7,7],[8,8],[10,10],[12,12],[51,51]]...)
FIELD_B ([], 290);	// 1 0 [[1,1],[3,3],[4,4],[5,5],[6,6],[7,7],[8,8],[10,10],[12,12],[51,51]]...)
FIELD_B ([], 290);	// 1 0 [[1,1],[3,3],[4,4],[5,5],[6,6],[7,7],[8,8],[10,10],[12,12],[51,51]]...)
FIELD_B ([], 290);	// 1 0 [[1,1],[3,3],[4,4],[5,5],[6,6],[7,7],[8,8],[10,10],[12,12],[51,51]]...)
FIELD_B ([], 290);	// 0 0 [[1,1],[3,3],[4,4],[5,5],[6,6],[7,7],[8,8],[10,10],[12,12],[51,51]]...)
FIELD_H ([], 330);	// 4.0.0 01000000 [[1,8],[52,59],[372,379],[380,387]]
FIELD_H ([], 330);	// 4.0.0 01000000 [[1,8],[52,59],[372,379],[380,387]]
FIELD_BL ([], 90);	// 2 0100000010 [[1,10],[52,61]]
FIELD_BL ([], 90);	// 0 10 [[2,3],[9,10],[11,12],[16,17],[53,54],[60,61],[62,63],[64,65],[373,374],[381,382]]...)
FIELD_B ([], 290);	// 1 0 [[1,1],[3,3],[4,4],[5,5],[6,6],[7,7],[8,8],[10,10],[12,12],[51,51]]...)
FIELD_B ([], 290);	// 0 0 [[1,1],[3,3],[4,4],[5,5],[6,6],[7,7],[8,8],[10,10],[12,12],[51,51]]...)

Most probable result: (TODO)

ACDBASSOCGEOMDEPENDENCY: 0x3E4 (649) test/test-data/2007/Constraints.dxf:
0100000010101111001111000011011000111111111111111100100000001101001000111110100000100000000011000110000000001000100000000000110001000000000010000010000000001110011000000000111001100000000011011110000000001100011000000000101001100000000011010010000000001101110000000000110011100000000011011000000000001100101000000000100010100000000011001000000000001100111000000000110010100000000010100000000000001100101000000000111001000000000011100110000000001010011000000000111010100000000011000100000000001100101000000000110111000000000011101000000000001001001000000000110010000000000111110100000000111000000001000010000000111101111001000000010000000011000011111

[hdloff, strsize, commonsize, bitsize]=[606,0,61,66]
H330 8.0.0: 10000000 37 positions
BL90 2: 0100000010 fixed = [1,10]
BL90 0: 10 95 positions
B290 1: 0 460 positions
B290 1: 0 460 positions
B290 1: 0 460 positions
B290 1: 0 460 positions
BL90 -10000: 0011110000110110001111111111111111 fixed = [17,50]
H330 4.2.3DE: 010000100000001111011110 fixed = [597,620]
B290 0: 0 460 positions
H330 4.0.0: 01000000 24 positions
H330 4.0.0: 01000000 24 positions
H360 3.0.0: 00110000 8 positions
BL90 1: 0100000001 3 positions
BL90 0: 10 95 positions
B290 1: 0 460 positions
B290 0: 0 460 positions

fixed = [[1,10],[17,50],[597,620]]
sortd = [[1,10],[17,50],[597,620]]

Definite result: 68/649	2007/Constraints.dxf
----------------
FIELD_BL ([], 90);	// 2 [1,10]
HOLE([11,16],101111) len = 6
FIELD_BL ([], 90);	// -10000 [17,50]
HOLE([51,596],001000000011010010001111101000001000000000110001100000000010001000000000001100010000000000100000100000000011100110000000001110011000000000110111100000000011000110000000001010011000000000110100100000000011011100000000001100111000000000110110000000000011001010000000001000101000000000110010000000000011001110000000001100101000000000101000000000000011001010000000001110010000000000111001100000000010100110000000001110101000000000110001000000000011001010000000001101110000000000111010000000000010010010000000001100100000000001111101000000001110000000) len = 546
FIELD_H ([], 330);	// 4.2.3DE [597,620]
HOLE([621,649],01000000010000000011000011111) len = 29
----------------
Todo: 53 + 68 = 121, Missing: 528
FIELD_H (ownerhandle, 330);	// 8.0.0 10000000 [[53,60],[83,90],[99,106],[113,120],[130,137],[147,154],[163,170],[179,186],[195,202],[211,218]]...)
FIELD_BL ([], 90);	// 0 10 [[11,12],[16,17],[53,54],[62,63],[64,65],[67,68],[75,76],[77,78],[83,84],[94,95]]...)
FIELD_B ([], 290);	// 1 0 [[12,12],[51,51],[52,52],[54,54],[55,55],[56,56],[57,57],[58,58],[59,59],[60,60]]...)
FIELD_B ([], 290);	// 1 0 [[12,12],[51,51],[52,52],[54,54],[55,55],[56,56],[57,57],[58,58],[59,59],[60,60]]...)
FIELD_B ([], 290);	// 1 0 [[12,12],[51,51],[52,52],[54,54],[55,55],[56,56],[57,57],[58,58],[59,59],[60,60]]...)
FIELD_B ([], 290);	// 1 0 [[12,12],[51,51],[52,52],[54,54],[55,55],[56,56],[57,57],[58,58],[59,59],[60,60]]...)
FIELD_B ([], 290);	// 0 0 [[12,12],[51,51],[52,52],[54,54],[55,55],[56,56],[57,57],[58,58],[59,59],[60,60]]...)
FIELD_H ([], 330);	// 4.0.0 01000000 [[52,59],[82,89],[112,119],[129,136],[146,153],[242,249],[306,313],[322,329],[336,343],[370,377]]...)
FIELD_H ([], 330);	// 4.0.0 01000000 [[52,59],[82,89],[112,119],[129,136],[146,153],[242,249],[306,313],[322,329],[336,343],[370,377]]...)
FIELD_H ([], 360);	// 3.0.0 00110000 [[96,103],[160,167],[176,183],[208,215],[224,231],[432,439],[448,455],[637,644]]
FIELD_BL ([], 90);	// 1 0100000001 [[52,61],[621,630]]
FIELD_BL ([], 90);	// 0 10 [[11,12],[16,17],[53,54],[62,63],[64,65],[67,68],[75,76],[77,78],[83,84],[94,95]]...)
FIELD_B ([], 290);	// 1 0 [[12,12],[51,51],[52,52],[54,54],[55,55],[56,56],[57,57],[58,58],[59,59],[60,60]]...)
FIELD_B ([], 290);	// 0 0 [[12,12],[51,51],[52,52],[54,54],[55,55],[56,56],[57,57],[58,58],[59,59],[60,60]]...)

Most probable result: (TODO)

ACDBASSOCGEOMDEPENDENCY: 0x3E5 (657) test/test-data/2007/Constraints.dxf:
010000001010111100111100001101100011111111111111110010000001010100100011111010000010000000001100011000000000100010000000000011000100000000001000001000000000111001100000000011100110000000001101111000000000110001100000000010100110000000001101001000000000110111000000000011001110000000001101100000000000110010100000000010001010000000001100100000000000110011100000000011001010000000001010000000000000110010100000000011100100000000001110011000000000101001100000000011101010000000001100010000000000110010100000000011011100000000001110100000000000100100100000000011001000000000011111010000000011110000010000001001000010000000011111111001000000010000000011000011111

[hdloff, strsize, commonsize, bitsize]=[606,0,61,66]
H330 c.1.2: 1100000100000010 fixed = [589,604]
BL90 2: 0100000010 3 positions
BL90 0: 10 97 positions
B290 1: 0 465 positions
B290 1: 0 465 positions
B290 1: 0 465 positions
B290 1: 0 465 positions
BL90 -10000: 0011110000110110001111111111111111 fixed = [17,50]
H330 4.2.1FE: 010000100000000111111110 fixed = [605,628]
B290 0: 0 465 positions
H330 4.0.0: 01000000 25 positions
H330 4.0.0: 01000000 25 positions
H360 3.0.0: 00110000 8 positions
BL90 2: 0100000010 3 positions
BL90 0: 10 97 positions
B290 1: 0 465 positions
B290 0: 0 465 positions

fixed = [[17,50],[589,604],[605,628]]
sortd = [[17,50],[589,604],[605,628]]

Definite result: 74/657	2007/Constraints.dxf
----------------
HOLE([1,16],0100000010101111) len = 16
FIELD_BL ([], 90);	// -10000 [17,50]
HOLE([51,588],0010000001010100100011111010000010000000001100011000000000100010000000000011000100000000001000001000000000111001100000000011100110000000001101111000000000110001100000000010100110000000001101001000000000110111000000000011001110000000001101100000000000110010100000000010001010000000001100100000000000110011100000000011001010000000001010000000000000110010100000000011100100000000001110011000000000101001100000000011101010000000001100010000000000110010100000000011011100000000001110100000000000100100100000000011001000000000011111010000000011) len = 538
FIELD_H (ownerhandle, 330);	// c.1.2 [589,604]
FIELD_H ([], 330);	// 4.2.1FE [605,628]
HOLE([629,657],01000000010000000011000011111) len = 29
----------------
Todo: 55 + 74 = 129, Missing: 528
FIELD_BL ([], 90);	// 2 0100000010 [[1,10],[52,61]]
FIELD_BL ([], 90);	// 0 10 [[2,3],[9,10],[11,12],[16,17],[53,54],[60,61],[62,63],[64,65],[67,68],[75,76]]...)
FIELD_B ([], 290);	// 1 0 [[1,1],[3,3],[4,4],[5,5],[6,6],[7,7],[8,8],[10,10],[12,12],[51,51]]...)
FIELD_B ([], 290);	// 1 0 [[1,1],[3,3],[4,4],[5,5],[6,6],[7,7],[8,8],[10,10],[12,12],[51,51]]...)
FIELD_B ([], 290);	// 1 0 [[1,1],[3,3],[4,4],[5,5],[6,6],[7,7],[8,8],[10,10],[12,12],[51,51]]...)
FIELD_B ([], 290);	// 1 0 [[1,1],[3,3],[4,4],[5,5],[6,6],[7,7],[8,8],[10,10],[12,12],[51,51]]...)
FIELD_B ([], 290);	// 0 0 [[1,1],[3,3],[4,4],[5,5],[6,6],[7,7],[8,8],[10,10],[12,12],[51,51]]...)
FIELD_H ([], 330);	// 4.0.0 01000000 [[1,8],[52,59],[82,89],[112,119],[129,136],[146,153],[242,249],[306,313],[322,329],[336,343]]...)
FIELD_H ([], 330);	// 4.0.0 01000000 [[1,8],[52,59],[82,89],[112,119],[129,136],[146,153],[242,249],[306,313],[322,329],[336,343]]...)
FIELD_H ([], 360);	// 3.0.0 00110000 [[96,103],[160,167],[176,183],[208,215],[224,231],[432,439],[448,455],[645,652]]
FIELD_BL ([], 90);	// 2 0100000010 [[1,10],[52,61]]
FIELD_BL ([], 90);	// 0 10 [[2,3],[9,10],[11,12],[16,17],[53,54],[60,61],[62,63],[64,65],[67,68],[75,76]]...)
FIELD_B ([], 290);	// 1 0 [[1,1],[3,3],[4,4],[5,5],[6,6],[7,7],[8,8],[10,10],[12,12],[51,51]]...)
FIELD_B ([], 290);	// 0 0 [[1,1],[3,3],[4,4],[5,5],[6,6],[7,7],[8,8],[10,10],[12,12],[51,51]]...)

Most probable result: (TODO)

ACDBASSOCGEOMDEPENDENCY: 0x3E4 (649) test/test-data/2010/Constraints.dxf:
0100000010101111001111000011011000111111111111111100100000001101001000111110100000100000000011000110000000001000100000000000110001000000000010000010000000001110011000000000111001100000000011011110000000001100011000000000101001100000000011010010000000001101110000000000110011100000000011011000000000001100101000000000100010100000000011001000000000001100111000000000110010100000000010100000000000001100101000000000111001000000000011100110000000001010011000000000111010100000000011000100000000001100101000000000110111000000000011101000000000001001001000000000110010000000000111110100000000111000000001000010000000111101111001000000010000000011000011111

[hdloff, strsize, commonsize, bitsize]=[598,506,29,62]
H330 8.0.0: 10000000 37 positions
BL90 2: 0100000010 fixed = [1,10]
BL90 0: 10 95 positions
B290 1: 0 460 positions
B290 1: 0 460 positions
B290 1: 0 460 positions
B290 1: 0 460 positions
BL90 -10000: 0011110000110110001111111111111111 fixed = [17,50]
H330 4.2.3DE: 010000100000001111011110 fixed = [597,620]
B290 0: 0 460 positions
H330 4.0.0: 01000000 24 positions
H330 4.0.0: 01000000 24 positions
H360 3.0.0: 00110000 8 positions
BL90 1: 0100000001 3 positions
BL90 0: 10 95 positions
B290 1: 0 460 positions
B290 0: 0 460 positions

fixed = [[1,10],[17,50],[597,620]]
sortd = [[1,10],[17,50],[597,620]]

Definite result: 68/649	2010/Constraints.dxf
----------------
FIELD_BL ([], 90);	// 2 [1,10]
HOLE([11,16],101111) len = 6
FIELD_BL ([], 90);	// -10000 [17,50]
HOLE([51,596],001000000011010010001111101000001000000000110001100000000010001000000000001100010000000000100000100000000011100110000000001110011000000000110111100000000011000110000000001010011000000000110100100000000011011100000000001100111000000000110110000000000011001010000000001000101000000000110010000000000011001110000000001100101000000000101000000000000011001010000000001110010000000000111001100000000010100110000000001110101000000000110001000000000011001010000000001101110000000000111010000000000010010010000000001100100000000001111101000000001110000000) len = 546
FIELD_H ([], 330);	// 4.2.3DE [597,620]
HOLE([621,649],01000000010000000011000011111) len = 29
----------------
Todo: 53 + 68 = 121, Missing: 528
FIELD_H (ownerhandle, 330);	// 8.0.0 10000000 [[53,60],[83,90],[99,106],[113,120],[130,137],[147,154],[163,170],[179,186],[195,202],[211,218]]...)
FIELD_BL ([], 90);	// 0 10 [[11,12],[16,17],[53,54],[62,63],[64,65],[67,68],[75,76],[77,78],[83,84],[94,95]]...)
FIELD_B ([], 290);	// 1 0 [[12,12],[51,51],[52,52],[54,54],[55,55],[56,56],[57,57],[58,58],[59,59],[60,60]]...)
FIELD_B ([], 290);	// 1 0 [[12,12],[51,51],[52,52],[54,54],[55,55],[56,56],[57,57],[58,58],[59,59],[60,60]]...)
FIELD_B ([], 290);	// 1 0 [[12,12],[51,51],[52,52],[54,54],[55,55],[56,56],[57,57],[58,58],[59,59],[60,60]]...)
FIELD_B ([], 290);	// 1 0 [[12,12],[51,51],[52,52],[54,54],[55,55],[56,56],[57,57],[58,58],[59,59],[60,60]]...)
FIELD_B ([], 290);	// 0 0 [[12,12],[51,51],[52,52],[54,54],[55,55],[56,56],[57,57],[58,58],[59,59],[60,60]]...)
FIELD_H ([], 330);	// 4.0.0 01000000 [[52,59],[82,89],[112,119],[129,136],[146,153],[242,249],[306,313],[322,329],[336,343],[370,377]]...)
FIELD_H ([], 330);	// 4.0.0 01000000 [[52,59],[82,89],[112,119],[129,136],[146,153],[242,249],[306,313],[322,329],[336,343],[370,377]]...)
FIELD_H ([], 360);	// 3.0.0 00110000 [[96,103],[160,167],[176,183],[208,215],[224,231],[432,439],[448,455],[637,644]]
FIELD_BL ([], 90);	// 1 0100000001 [[52,61],[621,630]]
FIELD_BL ([], 90);	// 0 10 [[11,12],[16,17],[53,54],[62,63],[64,65],[67,68],[75,76],[77,78],[83,84],[94,95]]...)
FIELD_B ([], 290);	// 1 0 [[12,12],[51,51],[52,52],[54,54],[55,55],[56,56],[57,57],[58,58],[59,59],[60,60]]...)
FIELD_B ([], 290);	// 0 0 [[12,12],[51,51],[52,52],[54,54],[55,55],[56,56],[57,57],[58,58],[59,59],[60,60]]...)

Most probable result: (TODO)

ACDBASSOCGEOMDEPENDENCY: 0x3E5 (657) test/test-data/2010/Constraints.dxf:
010000001010111100111100001101100011111111111111110010000001010100100011111010000010000000001100011000000000100010000000000011000100000000001000001000000000111001100000000011100110000000001101111000000000110001100000000010100110000000001101001000000000110111000000000011001110000000001101100000000000110010100000000010001010000000001100100000000000110011100000000011001010000000001010000000000000110010100000000011100100000000001110011000000000101001100000000011101010000000001100010000000000110010100000000011011100000000001110100000000000100100100000000011001000000000011111010000000011110000010000001001000010000000011111111001000000010000000011000011111

[hdloff, strsize, commonsize, bitsize]=[598,506,29,62]
H330 c.1.2: 1100000100000010 fixed = [589,604]
BL90 2: 0100000010 3 positions
BL90 0: 10 97 positions
B290 1: 0 465 positions
B290 1: 0 465 positions
B290 1: 0 465 positions
B290 1: 0 465 positions
BL90 -10000: 0011110000110110001111111111111111 fixed = [17,50]
H330 4.2.1FE: 010000100000000111111110 fixed = [605,628]
B290 0: 0 465 positions
H330 4.0.0: 01000000 25 positions
H330 4.0.0: 01000000 25 positions
H360 3.0.0: 00110000 8 positions
BL90 2: 0100000010 3 positions
BL90 0: 10 97 positions
B290 1: 0 465 positions
B290 0: 0 465 positions

fixed = [[17,50],[589,604],[605,628]]
sortd = [[17,50],[589,604],[605,628]]

Definite result: 74/657	2010/Constraints.dxf
----------------
HOLE([1,16],0100000010101111) len = 16
FIELD_BL ([], 90);	// -10000 [17,50]
HOLE([51,588],0010000001010100100011111010000010000000001100011000000000100010000000000011000100000000001000001000000000111001100000000011100110000000001101111000000000110001100000000010100110000000001101001000000000110111000000000011001110000000001101100000000000110010100000000010001010000000001100100000000000110011100000000011001010000000001010000000000000110010100000000011100100000000001110011000000000101001100000000011101010000000001100010000000000110010100000000011011100000000001110100000000000100100100000000011001000000000011111010000000011) len = 538
FIELD_H (ownerhandle, 330);	// c.1.2 [589,604]
FIELD_H ([], 330);	// 4.2.1FE [605,628]
HOLE([629,657],01000000010000000011000011111) len = 29
----------------
Todo: 55 + 74 = 129, Missing: 528
FIELD_BL ([], 90);	// 2 0100000010 [[1,10],[52,61]]
FIELD_BL ([], 90);	// 0 10 [[2,3],[9,10],[11,12],[16,17],[53,54],[60,61],[62,63],[64,65],[67,68],[75,76]]...)
FIELD_B ([], 290);	// 1 0 [[1,1],[3,3],[4,4],[5,5],[6,6],[7,7],[8,8],[10,10],[12,12],[51,51]]...)
FIELD_B ([], 290);	// 1 0 [[1,1],[3,3],[4,4],[5,5],[6,6],[7,7],[8,8],[10,10],[12,12],[51,51]]...)
FIELD_B ([], 290);	// 1 0 [[1,1],[3,3],[4,4],[5,5],[6,6],[7,7],[8,8],[10,10],[12,12],[51,51]]...)
FIELD_B ([], 290);	// 1 0 [[1,1],[3,3],[4,4],[5,5],[6,6],[7,7],[8,8],[10,10],[12,12],[51,51]]...)
FIELD_B ([], 290);	// 0 0 [[1,1],[3,3],[4,4],[5,5],[6,6],[7,7],[8,8],[10,10],[12,12],[51,51]]...)
FIELD_H ([], 330);	// 4.0.0 01000000 [[1,8],[52,59],[82,89],[112,119],[129,136],[146,153],[242,249],[306,313],[322,329],[336,343]]...)
FIELD_H ([], 330);	// 4.0.0 01000000 [[1,8],[52,59],[82,89],[112,119],[129,136],[146,153],[242,249],[306,313],[322,329],[336,343]]...)
FIELD_H ([], 360);	// 3.0.0 00110000 [[96,103],[160,167],[176,183],[208,215],[224,231],[432,439],[448,455],[645,652]]
FIELD_BL ([], 90);	// 2 0100000010 [[1,10],[52,61]]
FIELD_BL ([], 90);	// 0 10 [[2,3],[9,10],[11,12],[16,17],[53,54],[60,61],[62,63],[64,65],[67,68],[75,76]]...)
FIELD_B ([], 290);	// 1 0 [[1,1],[3,3],[4,4],[5,5],[6,6],[7,7],[8,8],[10,10],[12,12],[51,51]]...)
FIELD_B ([], 290);	// 0 0 [[1,1],[3,3],[4,4],[5,5],[6,6],[7,7],[8,8],[10,10],[12,12],[51,51]]...)

Most probable result: (TODO)

ACDBASSOCGEOMDEPENDENCY: 0x3E4 (136) test/test-data/2013/Constraints.dxf:
0100000010101111001111000011011000111111111111111100100000001101001000000010010000000010000100000001111011110010000000100000000110000111

[hdloff, strsize, commonsize, bitsize]=[87,0,30,11]
H330 8.0.0: 10000000 6 positions
BL90 2: 0100000010 fixed = [1,10]
BL90 0: 10 21 positions
B290 1: 0 81 positions
B290 1: 0 81 positions
B290 1: 0 81 positions
B290 1: 0 81 positions
BL90 -10000: 0011110000110110001111111111111111 fixed = [17,50]
H330 4.2.3DE: 010000100000001111011110 fixed = [86,109]
B290 0: 0 81 positions
H330 4.0.0: 01000000 7 positions
H330 4.0.0: 01000000 7 positions
H360 3.0.0: 00110000 fixed = [126,133]
BL90 1: 0100000001 4 positions
BL90 0: 10 21 positions
B290 1: 0 81 positions
B290 0: 0 81 positions

fixed = [[1,10],[17,50],[86,109],[126,133]]
sortd = [[1,10],[17,50],[86,109],[126,133]]

Definite result: 76/136	2013/Constraints.dxf
----------------
FIELD_BL ([], 90);	// 2 [1,10]
HOLE([11,16],101111) len = 6
FIELD_BL ([], 90);	// -10000 [17,50]
HOLE([51,85],00100000001101001000000010010000000) len = 35
FIELD_H ([], 330);	// 4.2.3DE [86,109]
HOLE([110,125],0100000001000000) len = 16
FIELD_H ([], 360);	// 3.0.0 [126,133]
HOLE([134,136],111) len = 3
----------------
Todo: 45 + 76 = 121, Missing: 15
FIELD_H (ownerhandle, 330);	// 8.0.0 10000000 [[53,60],[67,74],[78,85],[111,118],[119,126]]
FIELD_BL ([], 90);	// 0 10 [[11,12],[16,17],[53,54],[62,63],[64,65],[67,68],[75,76],[78,79],[111,112],[119,120]]
FIELD_B ([], 290);	// 1 0 [[12,12],[51,51],[52,52],[54,54],[55,55],[56,56],[57,57],[58,58],[59,59],[60,60]]...)
FIELD_B ([], 290);	// 1 0 [[12,12],[51,51],[52,52],[54,54],[55,55],[56,56],[57,57],[58,58],[59,59],[60,60]]...)
FIELD_B ([], 290);	// 1 0 [[12,12],[51,51],[52,52],[54,54],[55,55],[56,56],[57,57],[58,58],[59,59],[60,60]]...)
FIELD_B ([], 290);	// 1 0 [[12,12],[51,51],[52,52],[54,54],[55,55],[56,56],[57,57],[58,58],[59,59],[60,60]]...)
FIELD_B ([], 290);	// 0 0 [[12,12],[51,51],[52,52],[54,54],[55,55],[56,56],[57,57],[58,58],[59,59],[60,60]]...)
FIELD_H ([], 330);	// 4.0.0 01000000 [[52,59],[66,73],[77,84],[110,117],[118,125]]
FIELD_H ([], 330);	// 4.0.0 01000000 [[52,59],[66,73],[77,84],[110,117],[118,125]]
FIELD_BL ([], 90);	// 1 0100000001 [[52,61],[66,75],[110,119]]
FIELD_BL ([], 90);	// 0 10 [[11,12],[16,17],[53,54],[62,63],[64,65],[67,68],[75,76],[78,79],[111,112],[119,120]]
FIELD_B ([], 290);	// 1 0 [[12,12],[51,51],[52,52],[54,54],[55,55],[56,56],[57,57],[58,58],[59,59],[60,60]]...)
FIELD_B ([], 290);	// 0 0 [[12,12],[51,51],[52,52],[54,54],[55,55],[56,56],[57,57],[58,58],[59,59],[60,60]]...)

Most probable result: (TODO)

ACDBASSOCGEOMDEPENDENCY: 0x3E5 (144) test/test-data/2013/Constraints.dxf:
010000001010111100111100001101100011111111111111110010000001010100100000001001100000100000010010000100000000111111110010000000100000000110000111

[hdloff, strsize, commonsize, bitsize]=[87,0,30,11]
H330 c.1.2: 1100000100000010 fixed = [78,93]
BL90 2: 0100000010 3 positions
BL90 0: 10 23 positions
B290 1: 0 86 positions
B290 1: 0 86 positions
B290 1: 0 86 positions
B290 1: 0 86 positions
BL90 -10000: 0011110000110110001111111111111111 fixed = [17,50]
H330 4.2.1FE: 010000100000000111111110 fixed = [94,117]
B290 0: 0 86 positions
H330 4.0.0: 01000000 7 positions
H330 4.0.0: 01000000 7 positions
H360 3.0.0: 00110000 2 positions
BL90 2: 0100000010 3 positions
BL90 0: 10 23 positions
B290 1: 0 86 positions
B290 0: 0 86 positions

fixed = [[17,50],[78,93],[94,117]]
sortd = [[17,50],[78,93],[94,117]]

Definite result: 74/144	2013/Constraints.dxf
----------------
HOLE([1,16],0100000010101111) len = 16
FIELD_BL ([], 90);	// -10000 [17,50]
HOLE([51,77],001000000101010010000000100) len = 27
FIELD_H (ownerhandle, 330);	// c.1.2 [78,93]
FIELD_H ([], 330);	// 4.2.1FE [94,117]
HOLE([118,144],010000000100000000110000111) len = 27
----------------
Todo: 55 + 74 = 129, Missing: 15
FIELD_BL ([], 90);	// 2 0100000010 [[1,10],[52,61]]
FIELD_BL ([], 90);	// 0 10 [[2,3],[9,10],[11,12],[16,17],[53,54],[60,61],[62,63],[64,65],[67,68],[75,76]]...)
FIELD_B ([], 290);	// 1 0 [[1,1],[3,3],[4,4],[5,5],[6,6],[7,7],[8,8],[10,10],[12,12],[51,51]]...)
FIELD_B ([], 290);	// 1 0 [[1,1],[3,3],[4,4],[5,5],[6,6],[7,7],[8,8],[10,10],[12,12],[51,51]]...)
FIELD_B ([], 290);	// 1 0 [[1,1],[3,3],[4,4],[5,5],[6,6],[7,7],[8,8],[10,10],[12,12],[51,51]]...)
FIELD_B ([], 290);	// 1 0 [[1,1],[3,3],[4,4],[5,5],[6,6],[7,7],[8,8],[10,10],[12,12],[51,51]]...)
FIELD_B ([], 290);	// 0 0 [[1,1],[3,3],[4,4],[5,5],[6,6],[7,7],[8,8],[10,10],[12,12],[51,51]]...)
FIELD_H ([], 330);	// 4.0.0 01000000 [[1,8],[52,59],[66,73],[118,125],[126,133]]
FIELD_H ([], 330);	// 4.0.0 01000000 [[1,8],[52,59],[66,73],[118,125],[126,133]]
FIELD_H ([], 360);	// 3.0.0 00110000 [[76,83],[134,141]]
FIELD_BL ([], 90);	// 2 0100000010 [[1,10],[52,61]]
FIELD_BL ([], 90);	// 0 10 [[2,3],[9,10],[11,12],[16,17],[53,54],[60,61],[62,63],[64,65],[67,68],[75,76]]...)
FIELD_B ([], 290);	// 1 0 [[1,1],[3,3],[4,4],[5,5],[6,6],[7,7],[8,8],[10,10],[12,12],[51,51]]...)
FIELD_B ([], 290);	// 0 0 [[1,1],[3,3],[4,4],[5,5],[6,6],[7,7],[8,8],[10,10],[12,12],[51,51]]...)

Most probable result: (TODO)

ACDBASSOCGEOMDEPENDENCY: 0x396 (426) test/test-data/example_2000.dxf:
010000001001000000011011001111111111111111111111110111111100100000001101010001110001000001011000110100010001100010010000010111001101110011011011110110001101010011011010010110110101110000011011000110010101010000011001010111001001110011010100110111010101100010011001010110111001110100010010010110010000000000100000010101111111001111111111111111010000001101100000100000101001100000100001000000011011111010100000001000000001100001

[hdloff, strsize, commonsize, bitsize]=[371,0,60,43]
H330 c.1.5: 1100000100000101 fixed = [354,369]
BL90 2: 0100000010 2 positions
BL90 1: 0100000001 4 positions
B290 1: 0 226 positions
B290 0: 0 226 positions
B290 1: 0 226 positions
B290 1: 0 226 positions
BL90 2147483647: 0011111111111111111111111101111111 fixed = [25,58]
H330 4.2.37D: 010000100000001101111101 fixed = [378,401]
B290 0: 0 226 positions
H330 4.0.0: 01000000 9 positions
H330 4.0.0: 01000000 9 positions
H360 3.0.0: 00110000 2 positions
BL90 1: 0100000001 4 positions
BL90 0: 10 94 positions
B290 1: 0 226 positions
TV1 AcDbAssocSimplePersSubentId: 010001110001000001011000110100010001100010010000010111001101110011011011110110001101010011011010010110110101110000011011000110010101010000011001010111001001110011010100110111010101100010011001010110111001110100010010010110010000000000 fixed = [73,306]
BL90 0: 10 94 positions
BL90 -1003: 0000010101111111001111111111111111 fixed = [309,342]
BL90 3: 0100000011 fixed = [343,352]
B290 0: 0 226 positions

fixed = [[25,58],[73,306],[309,342],[343,352],[354,369],[378,401]]
sortd = [[1,10],[25,58],[73,306],[309,342],[343,352],[354,369],[378,401]]

Definite result: 362/426	example_2000.dxf
----------------
FIELD_BL ([], 90);	// 2 [1,10]
HOLE([11,24],01000000011011) len = 14
FIELD_BL ([], 90);	// 2147483647 [25,58]
HOLE([59,72],00100000001101) len = 14
FIELD_TV ([], 1);	// AcDbAssocSimplePersSubentId [73,306]
HOLE([307,308],10) len = 2
FIELD_BL ([], 90);	// -1003 [309,342]
FIELD_BL ([], 90);	// 3 [343,352]
HOLE([353,353],0) len = 1
FIELD_H (ownerhandle, 330);	// c.1.5 [354,369]
HOLE([370,377],00110000) len = 8
FIELD_H ([], 330);	// 4.2.37D [378,401]
HOLE([402,426],0100000001000000001100001) len = 25
----------------
Todo: 55 + 362 = 417, Missing: 9
FIELD_BL ([], 90);	// 1 0100000001 [[11,20],[60,69],[402,411]]
FIELD_B ([], 290);	// 1 0 [[1,1],[3,3],[4,4],[5,5],[6,6],[7,7],[8,8],[10,10],[11,11],[13,13]]...)
FIELD_B ([], 290);	// 0 0 [[1,1],[3,3],[4,4],[5,5],[6,6],[7,7],[8,8],[10,10],[11,11],[13,13]]...)
FIELD_B ([], 290);	// 1 0 [[1,1],[3,3],[4,4],[5,5],[6,6],[7,7],[8,8],[10,10],[11,11],[13,13]]...)
FIELD_B ([], 290);	// 1 0 [[1,1],[3,3],[4,4],[5,5],[6,6],[7,7],[8,8],[10,10],[11,11],[13,13]]...)
FIELD_B ([], 290);	// 0 0 [[1,1],[3,3],[4,4],[5,5],[6,6],[7,7],[8,8],[10,10],[11,11],[13,13]]...)
FIELD_H ([], 330);	// 4.0.0 01000000 [[1,8],[11,18],[60,67],[402,409],[410,417]]
FIELD_H ([], 330);	// 4.0.0 01000000 [[1,8],[11,18],[60,67],[402,409],[410,417]]
FIELD_H ([], 360);	// 3.0.0 00110000 [[370,377],[418,425]]
FIELD_BL ([], 90);	// 1 0100000001 [[11,20],[60,69],[402,411]]
FIELD_BL ([], 90);	// 0 10 [[2,3],[9,10],[12,13],[21,22],[24,25],[61,62],[70,71],[72,73],[307,308],[373,374]]...)
FIELD_B ([], 290);	// 1 0 [[1,1],[3,3],[4,4],[5,5],[6,6],[7,7],[8,8],[10,10],[11,11],[13,13]]...)
FIELD_BL ([], 90);	// 0 10 [[2,3],[9,10],[12,13],[21,22],[24,25],[61,62],[70,71],[72,73],[307,308],[373,374]]...)
FIELD_B ([], 290);	// 0 0 [[1,1],[3,3],[4,4],[5,5],[6,6],[7,7],[8,8],[10,10],[11,11],[13,13]]...)

Most probable result: (TODO)

ACDBASSOCGEOMDEPENDENCY: 0x396 (417) test/test-data/example_2004.dxf:
010000001001000000011011001111111111111111111111110111111100100000001101010001110001000001011000110100010001100010010000010111001101110011011011110110001101010011011010010110110101110000011011000110010101010000011001010111001001110011010100110111010101100010011001010110111001110100010010010110010000000000100000010101111111001111111111111111010000001101100000100000101010000100000001101111101010000000100000000110000

[hdloff, strsize, commonsize, bitsize]=[371,0,61,43]
H330 c.1.5: 1100000100000101 fixed = [354,369]
BL90 2: 0100000010 2 positions
BL90 1: 0100000001 4 positions
B290 1: 0 220 positions
B290 0: 0 220 positions
B290 1: 0 220 positions
B290 1: 0 220 positions
BL90 2147483647: 0011111111111111111111111101111111 fixed = [25,58]
H330 4.2.37D: 010000100000001101111101 fixed = [370,393]
B290 0: 0 220 positions
H330 4.0.0: 01000000 9 positions
H330 4.0.0: 01000000 9 positions
H360 2.0.0: 00100000 9 positions
BL90 1: 0100000001 4 positions
BL90 0: 10 93 positions
B290 1: 0 220 positions
TV1 AcDbAssocSimplePersSubentId: 010001110001000001011000110100010001100010010000010111001101110011011011110110001101010011011010010110110101110000011011000110010101010000011001010111001001110011010100110111010101100010011001010110111001110100010010010110010000000000 fixed = [73,306]
BL90 0: 10 93 positions
BL90 -1003: 0000010101111111001111111111111111 fixed = [309,342]
BL90 3: 0100000011 fixed = [343,352]
B290 0: 0 220 positions

fixed = [[25,58],[73,306],[309,342],[343,352],[354,369],[370,393]]
sortd = [[1,10],[25,58],[73,306],[309,342],[343,352],[354,369],[370,393]]

Definite result: 362/417	example_2004.dxf
----------------
FIELD_BL ([], 90);	// 2 [1,10]
HOLE([11,24],01000000011011) len = 14
FIELD_BL ([], 90);	// 2147483647 [25,58]
HOLE([59,72],00100000001101) len = 14
FIELD_TV ([], 1);	// AcDbAssocSimplePersSubentId [73,306]
HOLE([307,308],10) len = 2
FIELD_BL ([], 90);	// -1003 [309,342]
FIELD_BL ([], 90);	// 3 [343,352]
HOLE([353,353],0) len = 1
FIELD_H (ownerhandle, 330);	// c.1.5 [354,369]
FIELD_H ([], 330);	// 4.2.37D [370,393]
HOLE([394,417],010000000100000000110000) len = 24
----------------
Todo: 55 + 362 = 417, Missing: 0
FIELD_BL ([], 90);	// 1 0100000001 [[11,20],[60,69],[394,403]]
FIELD_B ([], 290);	// 1 0 [[1,1],[3,3],[4,4],[5,5],[6,6],[7,7],[8,8],[10,10],[11,11],[13,13]]...)
FIELD_B ([], 290);	// 0 0 [[1,1],[3,3],[4,4],[5,5],[6,6],[7,7],[8,8],[10,10],[11,11],[13,13]]...)
FIELD_B ([], 290);	// 1 0 [[1,1],[3,3],[4,4],[5,5],[6,6],[7,7],[8,8],[10,10],[11,11],[13,13]]...)
FIELD_B ([], 290);	// 1 0 [[1,1],[3,3],[4,4],[5,5],[6,6],[7,7],[8,8],[10,10],[11,11],[13,13]]...)
FIELD_B ([], 290);	// 0 0 [[1,1],[3,3],[4,4],[5,5],[6,6],[7,7],[8,8],[10,10],[11,11],[13,13]]...)
FIELD_H ([], 330);	// 4.0.0 01000000 [[1,8],[11,18],[60,67],[394,401],[402,409]]
FIELD_H ([], 330);	// 4.0.0 01000000 [[1,8],[11,18],[60,67],[394,401],[402,409]]
FIELD_H ([], 360);	// 2.0.0 00100000 [[10,17],[59,66],[401,408]]
FIELD_BL ([], 90);	// 1 0100000001 [[11,20],[60,69],[394,403]]
FIELD_BL ([], 90);	// 0 10 [[2,3],[9,10],[12,13],[21,22],[24,25],[61,62],[70,71],[72,73],[307,308],[395,396]]...)
FIELD_B ([], 290);	// 1 0 [[1,1],[3,3],[4,4],[5,5],[6,6],[7,7],[8,8],[10,10],[11,11],[13,13]]...)
FIELD_BL ([], 90);	// 0 10 [[2,3],[9,10],[12,13],[21,22],[24,25],[61,62],[70,71],[72,73],[307,308],[395,396]]...)
FIELD_B ([], 290);	// 0 0 [[1,1],[3,3],[4,4],[5,5],[6,6],[7,7],[8,8],[10,10],[11,11],[13,13]]...)

Most probable result: (TODO)

ACDBASSOCGEOMDEPENDENCY: 0x396 (649) test/test-data/example_2007.dxf:
0100000010010000000110110011111111111111111111111101111111001000000011011000000101011111110011111111111111110100000011001000110110100000100000000011000110000000001000100000000000110001000000000010000010000000001110011000000000111001100000000011011110000000001100011000000000101001100000000011010010000000001101101000000000111000000000000011011000000000001100101000000000101000000000000011001010000000001110010000000000111001100000000010100110000000001110101000000000110001000000000011001010000000001101110000000000111010000000000010010010000000001100100000000001011101000000001111000001000001010100001000000011011111010100000001000000001100001111111

[hdloff, strsize, commonsize, bitsize]=[596,0,61,65]
H330 c.1.5: 1100000100000101 fixed = [579,594]
BL90 2: 0100000010 fixed = [1,10]
BL90 1: 0100000001 4 positions
B290 1: 0 437 positions
B290 0: 0 437 positions
B290 1: 0 437 positions
B290 1: 0 437 positions
BL90 2147483647: 0011111111111111111111111101111111 fixed = [25,58]
H330 4.2.37D: 010000100000001101111101 fixed = [595,618]
B290 0: 0 437 positions
H330 4.0.0: 01000000 24 positions
H330 4.0.0: 01000000 24 positions
H360 3.0.0: 00110000 8 positions
BL90 1: 0100000001 4 positions
BL90 0: 10 96 positions
B290 1: 0 437 positions
BL90 0: 10 96 positions
BL90 -1003: 0000010101111111001111111111111111 fixed = [75,108]
BL90 3: 0100000011 fixed = [109,118]
B290 0: 0 437 positions

fixed = [[1,10],[25,58],[75,108],[109,118],[579,594],[595,618]]
sortd = [[1,10],[25,58],[75,108],[109,118],[579,594],[595,618]]

Definite result: 128/649	example_2007.dxf
----------------
FIELD_BL ([], 90);	// 2 [1,10]
HOLE([11,24],01000000011011) len = 14
FIELD_BL ([], 90);	// 2147483647 [25,58]
HOLE([59,74],0010000000110110) len = 16
FIELD_BL ([], 90);	// -1003 [75,108]
FIELD_BL ([], 90);	// 3 [109,118]
HOLE([119,578],0010001101101000001000000000110001100000000010001000000000001100010000000000100000100000000011100110000000001110011000000000110111100000000011000110000000001010011000000000110100100000000011011010000000001110000000000000110110000000000011001010000000001010000000000000110010100000000011100100000000001110011000000000101001100000000011101010000000001100010000000000110010100000000011011100000000001110100000000000100100100000000011001000000000010111010000000011) len = 460
FIELD_H (ownerhandle, 330);	// c.1.5 [579,594]
FIELD_H ([], 330);	// 4.2.37D [595,618]
HOLE([619,649],0100000001000000001100001111111) len = 31
----------------
Todo: 55 + 128 = 183, Missing: 466
FIELD_BL ([], 90);	// 1 0100000001 [[11,20],[60,69],[619,628]]
FIELD_B ([], 290);	// 1 0 [[11,11],[13,13],[14,14],[15,15],[16,16],[17,17],[18,18],[19,19],[22,22],[59,59]]...)
FIELD_B ([], 290);	// 0 0 [[11,11],[13,13],[14,14],[15,15],[16,16],[17,17],[18,18],[19,19],[22,22],[59,59]]...)
FIELD_B ([], 290);	// 1 0 [[11,11],[13,13],[14,14],[15,15],[16,16],[17,17],[18,18],[19,19],[22,22],[59,59]]...)
FIELD_B ([], 290);	// 1 0 [[11,11],[13,13],[14,14],[15,15],[16,16],[17,17],[18,18],[19,19],[22,22],[59,59]]...)
FIELD_B ([], 290);	// 0 0 [[11,11],[13,13],[14,14],[15,15],[16,16],[17,17],[18,18],[19,19],[22,22],[59,59]]...)
FIELD_H ([], 330);	// 4.0.0 01000000 [[11,18],[60,67],[136,143],[166,173],[183,190],[200,207],[296,303],[312,319],[360,367],[372,379]]...)
FIELD_H ([], 330);	// 4.0.0 01000000 [[11,18],[60,67],[136,143],[166,173],[183,190],[200,207],[296,303],[312,319],[360,367],[372,379]]...)
FIELD_H ([], 360);	// 3.0.0 00110000 [[150,157],[214,221],[230,237],[262,269],[278,285],[422,429],[438,445],[635,642]]
FIELD_BL ([], 90);	// 1 0100000001 [[11,20],[60,69],[619,628]]
FIELD_BL ([], 90);	// 0 10 [[12,13],[21,22],[24,25],[61,62],[70,71],[73,74],[121,122],[126,127],[129,130],[131,132]]...)
FIELD_B ([], 290);	// 1 0 [[11,11],[13,13],[14,14],[15,15],[16,16],[17,17],[18,18],[19,19],[22,22],[59,59]]...)
FIELD_BL ([], 90);	// 0 10 [[12,13],[21,22],[24,25],[61,62],[70,71],[73,74],[121,122],[126,127],[129,130],[131,132]]...)
FIELD_B ([], 290);	// 0 0 [[11,11],[13,13],[14,14],[15,15],[16,16],[17,17],[18,18],[19,19],[22,22],[59,59]]...)

Most probable result: (TODO)

ACDBASSOCGEOMDEPENDENCY: 0x396 (649) test/test-data/example_2010.dxf:
0100000010010000000110110011111111111111111111111101111111001000000011011000000101011111110011111111111111110100000011001000110110100000100000000011000110000000001000100000000000110001000000000010000010000000001110011000000000111001100000000011011110000000001100011000000000101001100000000011010010000000001101101000000000111000000000000011011000000000001100101000000000101000000000000011001010000000001110010000000000111001100000000010100110000000001110101000000000110001000000000011001010000000001101110000000000111010000000000010010010000000001100100000000001011101000000001111000001000001010100001000000011011111010100000001000000001100001111111

[hdloff, strsize, commonsize, bitsize]=[588,442,29,61]
H330 c.1.5: 1100000100000101 fixed = [579,594]
BL90 2: 0100000010 fixed = [1,10]
BL90 1: 0100000001 4 positions
B290 1: 0 437 positions
B290 0: 0 437 positions
B290 1: 0 437 positions
B290 1: 0 437 positions
BL90 2147483647: 0011111111111111111111111101111111 fixed = [25,58]
H330 4.2.37D: 010000100000001101111101 fixed = [595,618]
B290 0: 0 437 positions
H330 4.0.0: 01000000 24 positions
H330 4.0.0: 01000000 24 positions
H360 3.0.0: 00110000 8 positions
BL90 1: 0100000001 4 positions
BL90 0: 10 96 positions
B290 1: 0 437 positions
BL90 0: 10 96 positions
BL90 -1003: 0000010101111111001111111111111111 fixed = [75,108]
BL90 3: 0100000011 fixed = [109,118]
B290 0: 0 437 positions

fixed = [[1,10],[25,58],[75,108],[109,118],[579,594],[595,618]]
sortd = [[1,10],[25,58],[75,108],[109,118],[579,594],[595,618]]

Definite result: 128/649	example_2010.dxf
----------------
FIELD_BL ([], 90);	// 2 [1,10]
HOLE([11,24],01000000011011) len = 14
FIELD_BL ([], 90);	// 2147483647 [25,58]
HOLE([59,74],0010000000110110) len = 16
FIELD_BL ([], 90);	// -1003 [75,108]
FIELD_BL ([], 90);	// 3 [109,118]
HOLE([119,578],0010001101101000001000000000110001100000000010001000000000001100010000000000100000100000000011100110000000001110011000000000110111100000000011000110000000001010011000000000110100100000000011011010000000001110000000000000110110000000000011001010000000001010000000000000110010100000000011100100000000001110011000000000101001100000000011101010000000001100010000000000110010100000000011011100000000001110100000000000100100100000000011001000000000010111010000000011) len = 460
FIELD_H (ownerhandle, 330);	// c.1.5 [579,594]
FIELD_H ([], 330);	// 4.2.37D [595,618]
HOLE([619,649],0100000001000000001100001111111) len = 31
----------------
Todo: 55 + 128 = 183, Missing: 466
FIELD_BL ([], 90);	// 1 0100000001 [[11,20],[60,69],[619,628]]
FIELD_B ([], 290);	// 1 0 [[11,11],[13,13],[14,14],[15,15],[16,16],[17,17],[18,18],[19,19],[22,22],[59,59]]...)
FIELD_B ([], 290);	// 0 0 [[11,11],[13,13],[14,14],[15,15],[16,16],[17,17],[18,18],[19,19],[22,22],[59,59]]...)
FIELD_B ([], 290);	// 1 0 [[11,11],[13,13],[14,14],[15,15],[16,16],[17,17],[18,18],[19,19],[22,22],[59,59]]...)
FIELD_B ([], 290);	// 1 0 [[11,11],[13,13],[14,14],[15,15],[16,16],[17,17],[18,18],[19,19],[22,22],[59,59]]...)
FIELD_B ([], 290);	// 0 0 [[11,11],[13,13],[14,14],[15,15],[16,16],[17,17],[18,18],[19,19],[22,22],[59,59]]...)
FIELD_H ([], 330);	// 4.0.0 01000000 [[11,18],[60,67],[136,143],[166,173],[183,190],[200,207],[296,303],[312,319],[360,367],[372,379]]...)
FIELD_H ([], 330);	// 4.0.0 01000000 [[11,18],[60,67],[136,143],[166,173],[183,190],[200,207],[296,303],[312,319],[360,367],[372,379]]...)
FIELD_H ([], 360);	// 3.0.0 00110000 [[150,157],[214,221],[230,237],[262,269],[278,285],[422,429],[438,445],[635,642]]
FIELD_BL ([], 90);	// 1 0100000001 [[11,20],[60,69],[619,628]]
FIELD_BL ([], 90);	// 0 10 [[12,13],[21,22],[24,25],[61,62],[70,71],[73,74],[121,122],[126,127],[129,130],[131,132]]...)
FIELD_B ([], 290);	// 1 0 [[11,11],[13,13],[14,14],[15,15],[16,16],[17,17],[18,18],[19,19],[22,22],[59,59]]...)
FIELD_BL ([], 90);	// 0 10 [[12,13],[21,22],[24,25],[61,62],[70,71],[73,74],[121,122],[126,127],[129,130],[131,132]]...)
FIELD_B ([], 290);	// 0 0 [[11,11],[13,13],[14,14],[15,15],[16,16],[17,17],[18,18],[19,19],[22,22],[59,59]]...)

Most probable result: (TODO)

ACDBASSOCGEOMDEPENDENCY: 0x396 (168) test/test-data/example_2013.dxf:
010000001010101100111111111111111111111111011111110010000000110100100000101100100000011010000001100110000010000010101000010000000110111110101000000010000000011000011111

[hdloff, strsize, commonsize, bitsize]=[109,0,30,13]
H330 c.1.5: 1100000100000101 fixed = [100,115]
BL90 2: 0100000010 fixed = [1,10]
BL90 0: 10 29 positions
B290 1: 0 93 positions
B290 0: 0 93 positions
B290 1: 0 93 positions
B290 1: 0 93 positions
BL90 2147483647: 0011111111111111111111111101111111 fixed = [17,50]
H330 4.2.37D: 010000100000001101111101 fixed = [116,139]
B290 0: 0 93 positions
H330 4.0.0: 01000000 7 positions
H330 4.0.0: 01000000 7 positions
H360 3.0.0: 00110000 2 positions
BL90 1: 0100000001 3 positions
BL90 0: 10 29 positions
B290 1: 0 93 positions
BL90 0: 10 29 positions
BL90 3: 0100000011 2 positions
BL90 3: 0100000011 2 positions
distribute positions: BL90 BL90 
B290 0: 0 93 positions

fixed = [[1,10],[17,50],[78,87],[88,97],[100,115],[116,139]]
sortd = [[1,10],[17,50],[78,87],[88,97],[100,115],[116,139]]

Definite result: 104/168	example_2013.dxf
----------------
FIELD_BL ([], 90);	// 2 [1,10]
HOLE([11,16],101011) len = 6
FIELD_BL ([], 90);	// 2147483647 [17,50]
HOLE([51,77],001000000011010010000010110) len = 27
FIELD_BL ([], 90);	// 3 [78,87]
FIELD_BL ([], 90);	// 3 [88,97]
HOLE([98,99],00) len = 2
FIELD_H (ownerhandle, 330);	// c.1.5 [100,115]
FIELD_H ([], 330);	// 4.2.37D [116,139]
HOLE([140,168],01000000010000000011000011111) len = 29
----------------
Todo: 47 + 104 = 151, Missing: 17
FIELD_BL ([], 90);	// 0 10 [[11,12],[13,14],[16,17],[53,54],[62,63],[64,65],[67,68],[73,74],[76,77],[141,142]]...)
FIELD_B ([], 290);	// 1 0 [[12,12],[14,14],[51,51],[52,52],[54,54],[55,55],[56,56],[57,57],[58,58],[59,59]]...)
FIELD_B ([], 290);	// 0 0 [[12,12],[14,14],[51,51],[52,52],[54,54],[55,55],[56,56],[57,57],[58,58],[59,59]]...)
FIELD_B ([], 290);	// 1 0 [[12,12],[14,14],[51,51],[52,52],[54,54],[55,55],[56,56],[57,57],[58,58],[59,59]]...)
FIELD_B ([], 290);	// 1 0 [[12,12],[14,14],[51,51],[52,52],[54,54],[55,55],[56,56],[57,57],[58,58],[59,59]]...)
FIELD_B ([], 290);	// 0 0 [[12,12],[14,14],[51,51],[52,52],[54,54],[55,55],[56,56],[57,57],[58,58],[59,59]]...)
FIELD_H ([], 330);	// 4.0.0 01000000 [[52,59],[140,147],[148,155]]
FIELD_H ([], 330);	// 4.0.0 01000000 [[52,59],[140,147],[148,155]]
FIELD_H ([], 360);	// 3.0.0 00110000 [[98,105],[156,163]]
FIELD_BL ([], 90);	// 1 0100000001 [[52,61],[140,149]]
FIELD_BL ([], 90);	// 0 10 [[11,12],[13,14],[16,17],[53,54],[62,63],[64,65],[67,68],[73,74],[76,77],[141,142]]...)
FIELD_B ([], 290);	// 1 0 [[12,12],[14,14],[51,51],[52,52],[54,54],[55,55],[56,56],[57,57],[58,58],[59,59]]...)
FIELD_BL ([], 90);	// 0 10 [[11,12],[13,14],[16,17],[53,54],[62,63],[64,65],[67,68],[73,74],[76,77],[141,142]]...)
FIELD_B ([], 290);	// 0 0 [[12,12],[14,14],[51,51],[52,52],[54,54],[55,55],[56,56],[57,57],[58,58],[59,59]]...)

Most probable result: (TODO)

