ACDBASSOCPLANESURFACEACTIONBODY: 0x50C (105) test/test-data/2004/Surface.dxf:
010000000110100100000001101010001000001110101010100000000011001000000101000011100100001000000101000011011

[hdloff, strsize, commonsize, bitsize]=[66,0,61,12]
H330 8.0.0: 10000000 3 positions
BL90 1: 0100000001 2 positions
BL90 0: 10 23 positions
BL90 0: 10 23 positions
BL90 1: 0100000001 2 positions
distribute positions: BL90 BL90 
H360 3.2.50E: 001100100000010100001110 fixed = [57,80]
BL90 0: 10 23 positions
BL90 0: 10 23 positions
BL90 0: 10 23 positions
H330 4.2.50D: 010000100000010100001101 fixed = [81,104]
B290 0: 0 72 positions
BL90 7: 0100000111 fixed = [32,41]
B290 0: 0 72 positions
BS70 0: 10 23 positions
BL90 0: 10 23 positions
BL90 0: 10 23 positions

fixed = [[1,10],[15,24],[32,41],[57,80],[81,104]]
sortd = [[1,10],[15,24],[32,41],[49,56],[57,80],[81,104]]

Definite result: 86/105	2004/Surface.dxf
----------------
FIELD_BL ([], 90);	// 1 [1,10]
HOLE([11,14],1010) len = 4
FIELD_BL ([], 90);	// 1 [15,24]
HOLE([25,31],1010100) len = 7
FIELD_BL ([], 90);	// 7 [32,41]
HOLE([42,48],0101010) len = 7
FIELD_H (ownerhandle, 330);	// 8.0.0 [49,56]
FIELD_H ([], 360);	// 3.2.50E [57,80]
FIELD_H ([], 330);	// 4.2.50D [81,104]
HOLE([105,105],1) len = 1
----------------
Todo: 18 + 86 = 104, Missing: 1
FIELD_BL ([], 90);	// 0 10 [[11,12],[13,14],[25,26],[27,28],[29,30],[43,44],[45,46],[47,48],[49,50]]
FIELD_BL ([], 90);	// 0 10 [[11,12],[13,14],[25,26],[27,28],[29,30],[43,44],[45,46],[47,48],[49,50]]
FIELD_BL ([], 90);	// 0 10 [[11,12],[13,14],[25,26],[27,28],[29,30],[43,44],[45,46],[47,48],[49,50]]
FIELD_BL ([], 90);	// 0 10 [[11,12],[13,14],[25,26],[27,28],[29,30],[43,44],[45,46],[47,48],[49,50]]
FIELD_BL ([], 90);	// 0 10 [[11,12],[13,14],[25,26],[27,28],[29,30],[43,44],[45,46],[47,48],[49,50]]
FIELD_B ([], 290);	// 0 0 [[12,12],[14,14],[26,26],[28,28],[30,30],[31,31],[42,42],[44,44],[46,46],[48,48]]...)
FIELD_B ([], 290);	// 0 0 [[12,12],[14,14],[26,26],[28,28],[30,30],[31,31],[42,42],[44,44],[46,46],[48,48]]...)
FIELD_BS ([], 70);	// 0 10 [[11,12],[13,14],[25,26],[27,28],[29,30],[43,44],[45,46],[47,48],[49,50]]
FIELD_BL ([], 90);	// 0 10 [[11,12],[13,14],[25,26],[27,28],[29,30],[43,44],[45,46],[47,48],[49,50]]
FIELD_BL ([], 90);	// 0 10 [[11,12],[13,14],[25,26],[27,28],[29,30],[43,44],[45,46],[47,48],[49,50]]

Most probable result: (TODO)

