ACDB_LEADEROBJECTCONTEXTDATA_CLASS: 0x783 (562) test/test-data/2000/Leader.dxf:
0100000011101000000110010100000100011101000110110101010001000000010011000100011010000000001010000000100100001101110101011000000010010010000100100010000001000111000000100001110101000111110000101100111100000001010000100000000011010000011111110010100101110110000101110000010001010010100000010000111100010001100001101110001000001100101110010000010111001000000000110100000111111100101001011101100001011100000100010100101000000100110100101010100000001010110101111010001101110000001111010000101010110111101111111010000000010000100000011110000010001100000101000110110111

[hdloff, strsize, commonsize, bitsize]=[524,0,68,59]
H330 4.2.782: 010000100000011110000010 fixed = [515,538]
H330 4.2.782: 010000100000011110000010 Ignored overlap  fixed = [515,538]
BS70 3: 0100000011 3 positions
B290 1: 0 346 positions
BS70 3: 0100000011 3 positions
BD10 9.574467973499224: 001010000010001110100011011010101000100000001001100010001101000000 fixed = [22,87]
BD20 10.0703252287432: 000101000000010010000110111010101100000001001001000010010001000000 fixed = [88,153]
BD30 0.0: 10 125 positions
BD30 0.0: 10 125 positions
BD30 0.0: 10 125 positions
BD11 1.0: 01 126 positions
BD21 0.0: 10 125 positions
BD31 0.0: 10 125 positions
B290 0: 0 346 positions
BD12 0.0: 10 125 positions
BD22 0.0: 10 125 positions
BD32 0.0: 10 125 positions
BD13 0.0: 10 125 positions
BD23 -0.09: 000000101011010111101000110111000000111101000010101011011110111111 fixed = [439,504]
BD33 0.0: 10 125 positions

fixed = [[22,87],[88,153],[439,504],[515,538]]
sortd = [[22,87],[88,153],[439,504],[515,538],[515,538]]

Definite result: 246/562	2000/Leader.dxf
----------------
HOLE([1,21],010000001110100000011) len = 21
FIELD_BD ([], 10);	// 9.574467973499224 [22,87]
FIELD_BD ([], 20);	// 10.0703252287432 [88,153]
HOLE([154,438],100011100000010000111010100011111000010110011110000000101000010000000001101000001111111001010010111011000010111000001000101001010000001000011110001000110000110111000100000110010111001000001011100100000000011010000011111110010100101110110000101110000010001010010100000010011010010101010) len = 285
FIELD_BD ([], 23);	// -0.09 [439,504]
HOLE([505,514],1010000000) len = 10
FIELD_H (reactors[0], 330);	// 4.2.782 [515,538]
FIELD_H (ownerhandle, 330);	// 4.2.782 [515,538]
HOLE([539,562],001100000101000110110111) len = 24
----------------
Todo: 44 + 246 = 290, Missing: 272
FIELD_BS ([], 70);	// 3 0100000011 [[1,10],[12,21]]
FIELD_B ([], 290);	// 1 0 [[1,1],[3,3],[4,4],[5,5],[6,6],[7,7],[8,8],[12,12],[14,14],[15,15]]...)
FIELD_BS ([], 70);	// 3 0100000011 [[1,10],[12,21]]
FIELD_BD ([], 30);	// 0.0 10 [[2,3],[11,12],[13,14],[21,22],[154,155],[160,161],[167,168],[174,175],[176,177],[178,179]]...)
FIELD_BD ([], 30);	// 0.0 10 [[2,3],[11,12],[13,14],[21,22],[154,155],[160,161],[167,168],[174,175],[176,177],[178,179]]...)
FIELD_BD ([], 30);	// 0.0 10 [[2,3],[11,12],[13,14],[21,22],[154,155],[160,161],[167,168],[174,175],[176,177],[178,179]]...)
FIELD_BD ([], 11);	// 1.0 01 [[1,2],[8,9],[12,13],[19,20],[157,158],[166,167],[171,172],[175,176],[177,178],[181,182]]...)
FIELD_BD ([], 21);	// 0.0 10 [[2,3],[11,12],[13,14],[21,22],[154,155],[160,161],[167,168],[174,175],[176,177],[178,179]]...)
FIELD_BD ([], 31);	// 0.0 10 [[2,3],[11,12],[13,14],[21,22],[154,155],[160,161],[167,168],[174,175],[176,177],[178,179]]...)
FIELD_B ([], 290);	// 0 0 [[1,1],[3,3],[4,4],[5,5],[6,6],[7,7],[8,8],[12,12],[14,14],[15,15]]...)
FIELD_BD ([], 12);	// 0.0 10 [[2,3],[11,12],[13,14],[21,22],[154,155],[160,161],[167,168],[174,175],[176,177],[178,179]]...)
FIELD_BD ([], 22);	// 0.0 10 [[2,3],[11,12],[13,14],[21,22],[154,155],[160,161],[167,168],[174,175],[176,177],[178,179]]...)
FIELD_BD ([], 32);	// 0.0 10 [[2,3],[11,12],[13,14],[21,22],[154,155],[160,161],[167,168],[174,175],[176,177],[178,179]]...)
FIELD_BD ([], 13);	// 0.0 10 [[2,3],[11,12],[13,14],[21,22],[154,155],[160,161],[167,168],[174,175],[176,177],[178,179]]...)
FIELD_BD ([], 33);	// 0.0 10 [[2,3],[11,12],[13,14],[21,22],[154,155],[160,161],[167,168],[174,175],[176,177],[178,179]]...)

Most probable result: (TODO)

ACDB_LEADEROBJECTCONTEXTDATA_CLASS: 0x783 (561) test/test-data/2004/Leader.dxf:
010000001110100000011001010000010001110100011011010101000100000001001100010001101000000000101000000010010000110111010101100000001001001000010010001000000100011100000010000111010100011111000010110011110000000101000010000000001101000001111111001010010111011000010111000001000101001010000001000011110001000110000110111000100000110010111001000001011100100000000011010000011111110010100101110110000101110000010001010010100000010011010010101010000000101011010111101000110111000000111101000010101011011110111111101000000001000010000001111000001001010001101101111111111

[hdloff, strsize, commonsize, bitsize]=[524,0,69,59]
H330 4.2.782: 010000100000011110000010 fixed = [515,538]
H330 4.2.782: 010000100000011110000010 Ignored overlap  fixed = [515,538]
BS70 3: 0100000011 3 positions
B290 1: 0 340 positions
H340 5.1.B7: 0101000110110111 fixed = [539,554]
BS70 3: 0100000011 3 positions
BD10 9.574467973499224: 001010000010001110100011011010101000100000001001100010001101000000 fixed = [22,87]
BD20 10.0703252287432: 000101000000010010000110111010101100000001001001000010010001000000 fixed = [88,153]
BD30 0.0: 10 124 positions
BD30 0.0: 10 124 positions
BD30 0.0: 10 124 positions
BD11 1.0: 01 125 positions
BD21 0.0: 10 124 positions
BD31 0.0: 10 124 positions
B290 0: 0 340 positions
BD12 0.0: 10 124 positions
BD22 0.0: 10 124 positions
BD32 0.0: 10 124 positions
BD13 0.0: 10 124 positions
BD23 -0.09: 000000101011010111101000110111000000111101000010101011011110111111 fixed = [439,504]
BD33 0.0: 10 124 positions

fixed = [[22,87],[88,153],[439,504],[515,538],[539,554]]
sortd = [[22,87],[88,153],[439,504],[515,538],[515,538],[539,554]]

Definite result: 262/561	2004/Leader.dxf
----------------
HOLE([1,21],010000001110100000011) len = 21
FIELD_BD ([], 10);	// 9.574467973499224 [22,87]
FIELD_BD ([], 20);	// 10.0703252287432 [88,153]
HOLE([154,438],100011100000010000111010100011111000010110011110000000101000010000000001101000001111111001010010111011000010111000001000101001010000001000011110001000110000110111000100000110010111001000001011100100000000011010000011111110010100101110110000101110000010001010010100000010011010010101010) len = 285
FIELD_BD ([], 23);	// -0.09 [439,504]
HOLE([505,514],1010000000) len = 10
FIELD_H (reactors[0], 330);	// 4.2.782 [515,538]
FIELD_H (ownerhandle, 330);	// 4.2.782 [515,538]
FIELD_H ([], 340);	// 5.1.B7 [539,554]
HOLE([555,561],1111111) len = 7
----------------
Todo: 44 + 262 = 306, Missing: 255
FIELD_BS ([], 70);	// 3 0100000011 [[1,10],[12,21]]
FIELD_B ([], 290);	// 1 0 [[1,1],[3,3],[4,4],[5,5],[6,6],[7,7],[8,8],[12,12],[14,14],[15,15]]...)
FIELD_BS ([], 70);	// 3 0100000011 [[1,10],[12,21]]
FIELD_BD ([], 30);	// 0.0 10 [[2,3],[11,12],[13,14],[21,22],[154,155],[160,161],[167,168],[174,175],[176,177],[178,179]]...)
FIELD_BD ([], 30);	// 0.0 10 [[2,3],[11,12],[13,14],[21,22],[154,155],[160,161],[167,168],[174,175],[176,177],[178,179]]...)
FIELD_BD ([], 30);	// 0.0 10 [[2,3],[11,12],[13,14],[21,22],[154,155],[160,161],[167,168],[174,175],[176,177],[178,179]]...)
FIELD_BD ([], 11);	// 1.0 01 [[1,2],[8,9],[12,13],[19,20],[157,158],[166,167],[171,172],[175,176],[177,178],[181,182]]...)
FIELD_BD ([], 21);	// 0.0 10 [[2,3],[11,12],[13,14],[21,22],[154,155],[160,161],[167,168],[174,175],[176,177],[178,179]]...)
FIELD_BD ([], 31);	// 0.0 10 [[2,3],[11,12],[13,14],[21,22],[154,155],[160,161],[167,168],[174,175],[176,177],[178,179]]...)
FIELD_B ([], 290);	// 0 0 [[1,1],[3,3],[4,4],[5,5],[6,6],[7,7],[8,8],[12,12],[14,14],[15,15]]...)
FIELD_BD ([], 12);	// 0.0 10 [[2,3],[11,12],[13,14],[21,22],[154,155],[160,161],[167,168],[174,175],[176,177],[178,179]]...)
FIELD_BD ([], 22);	// 0.0 10 [[2,3],[11,12],[13,14],[21,22],[154,155],[160,161],[167,168],[174,175],[176,177],[178,179]]...)
FIELD_BD ([], 32);	// 0.0 10 [[2,3],[11,12],[13,14],[21,22],[154,155],[160,161],[167,168],[174,175],[176,177],[178,179]]...)
FIELD_BD ([], 13);	// 0.0 10 [[2,3],[11,12],[13,14],[21,22],[154,155],[160,161],[167,168],[174,175],[176,177],[178,179]]...)
FIELD_BD ([], 33);	// 0.0 10 [[2,3],[11,12],[13,14],[21,22],[154,155],[160,161],[167,168],[174,175],[176,177],[178,179]]...)

Most probable result: (TODO)

ACDB_LEADEROBJECTCONTEXTDATA_CLASS: 0x783 (561) test/test-data/2007/Leader.dxf:
010000001110100000011001010000010001110100011011010101000100000001001100010001101000000000101000000010010000110111010101100000001001001000010010001000000100011100000010000111010100011111000010110011110000000101000010000000001101000001111111001010010111011000010111000001000101001010000001000011110001000110000110111000100000110010111001000001011100100000000011010000011111110010100101110110000101110000010001010010100000010011010010101010000000101011010111101000110111000000111101000010101011011110111111100100000000100001000000111100000100101000110110111111111

[hdloff, strsize, commonsize, bitsize]=[525,0,69,59]
H330 4.2.782: 010000100000011110000010 fixed = [516,539]
H330 4.2.782: 010000100000011110000010 Ignored overlap  fixed = [516,539]
BS70 3: 0100000011 3 positions
B290 1: 0 341 positions
H340 5.1.B7: 0101000110110111 fixed = [540,555]
BS70 3: 0100000011 3 positions
BD10 9.574467973499224: 001010000010001110100011011010101000100000001001100010001101000000 fixed = [22,87]
BD20 10.0703252287432: 000101000000010010000110111010101100000001001001000010010001000000 fixed = [88,153]
BD30 0.0: 10 124 positions
BD30 0.0: 10 124 positions
BD30 0.0: 10 124 positions
BD11 1.0: 01 125 positions
BD21 0.0: 10 124 positions
BD31 0.0: 10 124 positions
B290 0: 0 341 positions
BD12 0.0: 10 124 positions
BD22 0.0: 10 124 positions
BD32 0.0: 10 124 positions
BD13 0.0: 10 124 positions
BD23 -0.09: 000000101011010111101000110111000000111101000010101011011110111111 fixed = [439,504]
BD33 0.0: 10 124 positions

fixed = [[22,87],[88,153],[439,504],[516,539],[540,555]]
sortd = [[22,87],[88,153],[439,504],[516,539],[516,539],[540,555]]

Definite result: 262/561	2007/Leader.dxf
----------------
HOLE([1,21],010000001110100000011) len = 21
FIELD_BD ([], 10);	// 9.574467973499224 [22,87]
FIELD_BD ([], 20);	// 10.0703252287432 [88,153]
HOLE([154,438],100011100000010000111010100011111000010110011110000000101000010000000001101000001111111001010010111011000010111000001000101001010000001000011110001000110000110111000100000110010111001000001011100100000000011010000011111110010100101110110000101110000010001010010100000010011010010101010) len = 285
FIELD_BD ([], 23);	// -0.09 [439,504]
HOLE([505,515],10010000000) len = 11
FIELD_H (reactors[0], 330);	// 4.2.782 [516,539]
FIELD_H (ownerhandle, 330);	// 4.2.782 [516,539]
FIELD_H ([], 340);	// 5.1.B7 [540,555]
HOLE([556,561],111111) len = 6
----------------
Todo: 44 + 262 = 306, Missing: 255
FIELD_BS ([], 70);	// 3 0100000011 [[1,10],[12,21]]
FIELD_B ([], 290);	// 1 0 [[1,1],[3,3],[4,4],[5,5],[6,6],[7,7],[8,8],[12,12],[14,14],[15,15]]...)
FIELD_BS ([], 70);	// 3 0100000011 [[1,10],[12,21]]
FIELD_BD ([], 30);	// 0.0 10 [[2,3],[11,12],[13,14],[21,22],[154,155],[160,161],[167,168],[174,175],[176,177],[178,179]]...)
FIELD_BD ([], 30);	// 0.0 10 [[2,3],[11,12],[13,14],[21,22],[154,155],[160,161],[167,168],[174,175],[176,177],[178,179]]...)
FIELD_BD ([], 30);	// 0.0 10 [[2,3],[11,12],[13,14],[21,22],[154,155],[160,161],[167,168],[174,175],[176,177],[178,179]]...)
FIELD_BD ([], 11);	// 1.0 01 [[1,2],[8,9],[12,13],[19,20],[157,158],[166,167],[171,172],[175,176],[177,178],[181,182]]...)
FIELD_BD ([], 21);	// 0.0 10 [[2,3],[11,12],[13,14],[21,22],[154,155],[160,161],[167,168],[174,175],[176,177],[178,179]]...)
FIELD_BD ([], 31);	// 0.0 10 [[2,3],[11,12],[13,14],[21,22],[154,155],[160,161],[167,168],[174,175],[176,177],[178,179]]...)
FIELD_B ([], 290);	// 0 0 [[1,1],[3,3],[4,4],[5,5],[6,6],[7,7],[8,8],[12,12],[14,14],[15,15]]...)
FIELD_BD ([], 12);	// 0.0 10 [[2,3],[11,12],[13,14],[21,22],[154,155],[160,161],[167,168],[174,175],[176,177],[178,179]]...)
FIELD_BD ([], 22);	// 0.0 10 [[2,3],[11,12],[13,14],[21,22],[154,155],[160,161],[167,168],[174,175],[176,177],[178,179]]...)
FIELD_BD ([], 32);	// 0.0 10 [[2,3],[11,12],[13,14],[21,22],[154,155],[160,161],[167,168],[174,175],[176,177],[178,179]]...)
FIELD_BD ([], 13);	// 0.0 10 [[2,3],[11,12],[13,14],[21,22],[154,155],[160,161],[167,168],[174,175],[176,177],[178,179]]...)
FIELD_BD ([], 33);	// 0.0 10 [[2,3],[11,12],[13,14],[21,22],[154,155],[160,161],[167,168],[174,175],[176,177],[178,179]]...)

Most probable result: (TODO)

ACDB_LEADEROBJECTCONTEXTDATA_CLASS: 0x783 (560) test/test-data/2013/Leader.dxf:
01000001001010000001100101000001000111010001101101010100010000000100110001000110100000000010100000001001000011011101010110000000100100100001001000100000010001110000001000011101010001111100001011001111000000010100001000000000110100000111111100101001011101100001011100000100010100101000000100001111000100011000011011100010000011001011100100000101110010000000001101000001111111001010010111011000010111000001000101001010000001001101001010101000000010101101011110100011011100000011110100001010101101111011111110010000000010000100000011110000010010100011011011111111

[hdloff, strsize, commonsize, bitsize]=[517,0,38,55]
H330 4.2.782: 010000100000011110000010 fixed = [516,539]
H330 4.2.782: 010000100000011110000010 Ignored overlap  fixed = [516,539]
BS70 4: 0100000100 2 positions
B290 1: 0 342 positions
H340 5.1.B7: 0101000110110111 fixed = [540,555]
BS70 3: 0100000011 2 positions
BD10 9.574467973499224: 001010000010001110100011011010101000100000001001100010001101000000 fixed = [22,87]
BD20 10.0703252287432: 000101000000010010000110111010101100000001001001000010010001000000 fixed = [88,153]
BD30 0.0: 10 125 positions
BD30 0.0: 10 125 positions
BD30 0.0: 10 125 positions
BD11 1.0: 01 126 positions
BD21 0.0: 10 125 positions
BD31 0.0: 10 125 positions
B290 0: 0 342 positions
BD12 0.0: 10 125 positions
BD22 0.0: 10 125 positions
BD32 0.0: 10 125 positions
BD13 0.0: 10 125 positions
BD23 -0.09: 000000101011010111101000110111000000111101000010101011011110111111 fixed = [439,504]
BD33 0.0: 10 125 positions

fixed = [[22,87],[88,153],[439,504],[516,539],[540,555]]
sortd = [[1,10],[22,87],[88,153],[439,504],[516,539],[516,539],[540,555]]

Definite result: 272/560	2013/Leader.dxf
----------------
FIELD_BS ([], 70);	// 4 [1,10]
HOLE([11,21],10100000011) len = 11
FIELD_BD ([], 10);	// 9.574467973499224 [22,87]
FIELD_BD ([], 20);	// 10.0703252287432 [88,153]
HOLE([154,438],100011100000010000111010100011111000010110011110000000101000010000000001101000001111111001010010111011000010111000001000101001010000001000011110001000110000110111000100000110010111001000001011100100000000011010000011111110010100101110110000101110000010001010010100000010011010010101010) len = 285
FIELD_BD ([], 23);	// -0.09 [439,504]
HOLE([505,515],10010000000) len = 11
FIELD_H (reactors[0], 330);	// 4.2.782 [516,539]
FIELD_H (ownerhandle, 330);	// 4.2.782 [516,539]
FIELD_H ([], 340);	// 5.1.B7 [540,555]
HOLE([556,560],11111) len = 5
----------------
Todo: 24 + 272 = 296, Missing: 264
FIELD_B ([], 290);	// 1 0 [[1,1],[3,3],[4,4],[5,5],[6,6],[7,7],[9,9],[10,10],[12,12],[14,14]]...)
FIELD_BD ([], 30);	// 0.0 10 [[2,3],[8,9],[11,12],[13,14],[21,22],[154,155],[160,161],[167,168],[174,175],[176,177]]...)
FIELD_BD ([], 30);	// 0.0 10 [[2,3],[8,9],[11,12],[13,14],[21,22],[154,155],[160,161],[167,168],[174,175],[176,177]]...)
FIELD_BD ([], 30);	// 0.0 10 [[2,3],[8,9],[11,12],[13,14],[21,22],[154,155],[160,161],[167,168],[174,175],[176,177]]...)
FIELD_BD ([], 11);	// 1.0 01 [[1,2],[7,8],[10,11],[12,13],[19,20],[157,158],[166,167],[171,172],[175,176],[177,178]]...)
FIELD_BD ([], 21);	// 0.0 10 [[2,3],[8,9],[11,12],[13,14],[21,22],[154,155],[160,161],[167,168],[174,175],[176,177]]...)
FIELD_BD ([], 31);	// 0.0 10 [[2,3],[8,9],[11,12],[13,14],[21,22],[154,155],[160,161],[167,168],[174,175],[176,177]]...)
FIELD_B ([], 290);	// 0 0 [[1,1],[3,3],[4,4],[5,5],[6,6],[7,7],[9,9],[10,10],[12,12],[14,14]]...)
FIELD_BD ([], 12);	// 0.0 10 [[2,3],[8,9],[11,12],[13,14],[21,22],[154,155],[160,161],[167,168],[174,175],[176,177]]...)
FIELD_BD ([], 22);	// 0.0 10 [[2,3],[8,9],[11,12],[13,14],[21,22],[154,155],[160,161],[167,168],[174,175],[176,177]]...)
FIELD_BD ([], 32);	// 0.0 10 [[2,3],[8,9],[11,12],[13,14],[21,22],[154,155],[160,161],[167,168],[174,175],[176,177]]...)
FIELD_BD ([], 13);	// 0.0 10 [[2,3],[8,9],[11,12],[13,14],[21,22],[154,155],[160,161],[167,168],[174,175],[176,177]]...)
FIELD_BD ([], 33);	// 0.0 10 [[2,3],[8,9],[11,12],[13,14],[21,22],[154,155],[160,161],[167,168],[174,175],[176,177]]...)

Most probable result: (TODO)

ACDB_LEADEROBJECTCONTEXTDATA_CLASS: 0x783 (576) test/test-data/2018/Leader.dxf:
010000010010100000011001010000010001110100011011010101000100000001001100010001101000000000101000000010010000110111010101100000001001001000010010001000000100011011110010000111010100011111000010110011110000000101000010000000001100111001111111001010010111011000010111000001000101001010000001000011101011000110000110111000100000110010111001000001011100100000000011001110011111110010100101110110000101110000010001010010100000010011010010101010000000101011010111101000110111000000111101000010101011011110111111100010000100000011110000010010000100000011110000010010100011011011100000

[hdloff, strsize, commonsize, bitsize]=[517,0,38,55]
H330 4.2.782: 010000100000011110000010 2 positions
H330 4.2.782: 010000100000011110000010 2 positions
distribute positions: H330 H330 
BS70 4: 0100000100 2 positions
B290 1: 0 349 positions
H340 5.1.B7: 0101000110110111 fixed = [556,571]
BS70 3: 0100000011 3 positions
BD10 9.574467973499225: 001010000010001110100011011010101000100000001001100010001101000000 fixed = [22,87]
BD20 10.0703252287432: 000101000000010010000110111010101100000001001001000010010001000000 fixed = [88,153]
BD30 0.0: 10 131 positions
BD10 12.43818642667787: 001101111001000011101010001111100001011001111000000010100001000000 fixed = [156,221]
BD20 12.75399576363243: 000110011100111111100101001011101100001011100000100010100101000000 2 positions
BD30 0.0: 10 131 positions
BD10 15.39139605215153: 000111010110001100001101110001000001100101110010000010111001000000 fixed = [290,355]
BD20 12.75399576363243: 000110011100111111100101001011101100001011100000100010100101000000 2 positions
distribute positions: BD20 BD20 
BD30 0.0: 10 131 positions
BD11 1.0: 01 131 positions
BD21 0.0: 10 131 positions
BD31 0.0: 10 131 positions
B290 0: 0 349 positions
BD12 0.0: 10 131 positions
BD22 0.0: 10 131 positions
BD32 0.0: 10 131 positions
BD13 0.0: 10 131 positions
BD23 -0.09: 000000101011010111101000110111000000111101000010101011011110111111 fixed = [439,504]
BD33 0.0: 10 131 positions

fixed = [[22,87],[88,153],[156,221],[222,287],[290,355],[356,421],[439,504],[508,531],[532,555],[556,571]]
sortd = [[1,10],[22,87],[88,153],[156,221],[222,287],[290,355],[356,421],[439,504],[508,531],[532,555],[556,571]]

Definite result: 536/576	2018/Leader.dxf
----------------
FIELD_BS ([], 70);	// 4 [1,10]
HOLE([11,21],10100000011) len = 11
FIELD_BD ([], 10);	// 9.574467973499225 [22,87]
FIELD_BD ([], 20);	// 10.0703252287432 [88,153]
HOLE([154,155],10) len = 2
FIELD_BD ([], 10);	// 12.43818642667787 [156,221]
FIELD_BD ([], 20);	// 12.75399576363243 [222,287]
HOLE([288,289],10) len = 2
FIELD_BD ([], 10);	// 15.39139605215153 [290,355]
FIELD_BD ([], 20);	// 12.75399576363243 [356,421]
HOLE([422,438],10011010010101010) len = 17
FIELD_BD ([], 23);	// -0.09 [439,504]
HOLE([505,507],100) len = 3
FIELD_H (reactors[0], 330);	// 4.2.782 [508,531]
FIELD_H (ownerhandle, 330);	// 4.2.782 [532,555]
FIELD_H ([], 340);	// 5.1.B7 [556,571]
HOLE([572,576],00000) len = 5
----------------
Todo: 24 + 536 = 560, Missing: 16
FIELD_B ([], 290);	// 1 0 [[1,1],[3,3],[4,4],[5,5],[6,6],[7,7],[9,9],[10,10],[12,12],[14,14]]...)
FIELD_BD ([], 30);	// 0.0 10 [[2,3],[8,9],[11,12],[13,14],[21,22],[154,155],[288,289],[422,423],[426,427],[428,429]]...)
FIELD_BD ([], 30);	// 0.0 10 [[2,3],[8,9],[11,12],[13,14],[21,22],[154,155],[288,289],[422,423],[426,427],[428,429]]...)
FIELD_BD ([], 30);	// 0.0 10 [[2,3],[8,9],[11,12],[13,14],[21,22],[154,155],[288,289],[422,423],[426,427],[428,429]]...)
FIELD_BD ([], 11);	// 1.0 01 [[1,2],[7,8],[10,11],[12,13],[19,20],[424,425],[427,428],[430,431],[432,433],[434,435]]...)
FIELD_BD ([], 21);	// 0.0 10 [[2,3],[8,9],[11,12],[13,14],[21,22],[154,155],[288,289],[422,423],[426,427],[428,429]]...)
FIELD_BD ([], 31);	// 0.0 10 [[2,3],[8,9],[11,12],[13,14],[21,22],[154,155],[288,289],[422,423],[426,427],[428,429]]...)
FIELD_B ([], 290);	// 0 0 [[1,1],[3,3],[4,4],[5,5],[6,6],[7,7],[9,9],[10,10],[12,12],[14,14]]...)
FIELD_BD ([], 12);	// 0.0 10 [[2,3],[8,9],[11,12],[13,14],[21,22],[154,155],[288,289],[422,423],[426,427],[428,429]]...)
FIELD_BD ([], 22);	// 0.0 10 [[2,3],[8,9],[11,12],[13,14],[21,22],[154,155],[288,289],[422,423],[426,427],[428,429]]...)
FIELD_BD ([], 32);	// 0.0 10 [[2,3],[8,9],[11,12],[13,14],[21,22],[154,155],[288,289],[422,423],[426,427],[428,429]]...)
FIELD_BD ([], 13);	// 0.0 10 [[2,3],[8,9],[11,12],[13,14],[21,22],[154,155],[288,289],[422,423],[426,427],[428,429]]...)
FIELD_BD ([], 33);	// 0.0 10 [[2,3],[8,9],[11,12],[13,14],[21,22],[154,155],[288,289],[422,423],[426,427],[428,429]]...)

Most probable result: (TODO)

ACDB_LEADEROBJECTCONTEXTDATA_CLASS: 0xF4CC (568) test/test-data/2013/gh55-ltype.dxf:
0100000100101000000110000000010010101001100010011101111011100110011001001110010010000000011001011001001110101111000000000001100111011010110000001010000001000000000100101010011000100111011110111001100110010011100100100000000101010010110110011101000100100000101001000110000100000100100000010000100111011011011001101010011110100011111101001010111000101000000001010011101101100111010001001000001010010001100001000001001000000100000000000000000000000000000000000000000000000000011110000101111111010110101010101001000000001000010111101001100101101010010000000010000110111111

[hdloff, strsize, commonsize, bitsize]=[525,0,38,56]
H330 4.2.F4CB: 010000101111010011001011 fixed = [516,539]
H330 4.2.F4CB: 010000101111010011001011 Ignored overlap  fixed = [516,539]
BS70 4: 0100000100 3 positions
B290 1: 0 356 positions
H340 5.2.10D: 010100100000000100001101 fixed = [540,563]
BS70 3: 0100000011 fixed = [12,21]
BD10 291.153304831416: 000000001001010100110001001110111101110011001100100111001001000000 2 positions
BD20 566.6499030452627: 001100101100100111010111100000000000110011101101011000000101000000 fixed = [88,153]
BD30 0.0: 10 125 positions
BD10 291.153304831416: 000000001001010100110001001110111101110011001100100111001001000000 2 positions
distribute positions: BD10 BD10 
BD20 582.0403154524002: 001010100101101100111010001001000001010010001100001000001001000000 fixed = [222,287]
BD30 0.0: 10 125 positions
BD10 282.32012673414: 000100111011011011001101010011110100011111101001010111000101000000 fixed = [290,355]
BD20 582.0403154524: 001010011101101100111010001001000001010010001100001000001001000000 fixed = [356,421]
BD30 0.0: 10 125 positions
BD11 -1.0: 000000000000000000000000000000000000000000000000001111000010111111 fixed = [424,489]
BD21 0.0: 10 125 positions
BD31 0.0: 10 125 positions
B290 1: 0 356 positions
BD12 0.0: 10 125 positions
BD22 0.0: 10 125 positions
BD32 0.0: 10 125 positions
BD13 0.0: 10 125 positions
BD23 0.0: 10 125 positions
BD33 0.0: 10 125 positions

fixed = [[12,21],[22,87],[88,153],[156,221],[222,287],[290,355],[356,421],[424,489],[516,539],[540,563]]
sortd = [[1,10],[12,21],[22,87],[88,153],[156,221],[222,287],[290,355],[356,421],[424,489],[516,539],[516,539],[540,563]]

Definite result: 554/568	2013/gh55-ltype.dxf
----------------
FIELD_BS ([], 70);	// 4 [1,10]
HOLE([11,11],1) len = 1
FIELD_BS ([], 70);	// 3 [12,21]
FIELD_BD ([], 10);	// 291.153304831416 [22,87]
FIELD_BD ([], 20);	// 566.6499030452627 [88,153]
HOLE([154,155],10) len = 2
FIELD_BD ([], 10);	// 291.153304831416 [156,221]
FIELD_BD ([], 20);	// 582.0403154524002 [222,287]
HOLE([288,289],10) len = 2
FIELD_BD ([], 10);	// 282.32012673414 [290,355]
FIELD_BD ([], 20);	// 582.0403154524 [356,421]
HOLE([422,423],10) len = 2
FIELD_BD ([], 11);	// -1.0 [424,489]
HOLE([490,515],10101101010101010010000000) len = 26
FIELD_H (reactors[0], 330);	// 4.2.F4CB [516,539]
FIELD_H (ownerhandle, 330);	// 4.2.F4CB [516,539]
FIELD_H ([], 340);	// 5.2.10D [540,563]
HOLE([564,568],11111) len = 5
----------------
Todo: 24 + 554 = 578, Missing: -10
FIELD_B ([], 290);	// 1 0 [[1,1],[3,3],[4,4],[5,5],[6,6],[7,7],[9,9],[10,10],[155,155],[289,289]]...)
FIELD_BD ([], 30);	// 0.0 10 [[2,3],[8,9],[11,12],[154,155],[288,289],[422,423],[490,491],[492,493],[495,496],[497,498]]...)
FIELD_BD ([], 30);	// 0.0 10 [[2,3],[8,9],[11,12],[154,155],[288,289],[422,423],[490,491],[492,493],[495,496],[497,498]]...)
FIELD_BD ([], 30);	// 0.0 10 [[2,3],[8,9],[11,12],[154,155],[288,289],[422,423],[490,491],[492,493],[495,496],[497,498]]...)
FIELD_BD ([], 21);	// 0.0 10 [[2,3],[8,9],[11,12],[154,155],[288,289],[422,423],[490,491],[492,493],[495,496],[497,498]]...)
FIELD_BD ([], 31);	// 0.0 10 [[2,3],[8,9],[11,12],[154,155],[288,289],[422,423],[490,491],[492,493],[495,496],[497,498]]...)
FIELD_B ([], 290);	// 1 0 [[1,1],[3,3],[4,4],[5,5],[6,6],[7,7],[9,9],[10,10],[155,155],[289,289]]...)
FIELD_BD ([], 12);	// 0.0 10 [[2,3],[8,9],[11,12],[154,155],[288,289],[422,423],[490,491],[492,493],[495,496],[497,498]]...)
FIELD_BD ([], 22);	// 0.0 10 [[2,3],[8,9],[11,12],[154,155],[288,289],[422,423],[490,491],[492,493],[495,496],[497,498]]...)
FIELD_BD ([], 32);	// 0.0 10 [[2,3],[8,9],[11,12],[154,155],[288,289],[422,423],[490,491],[492,493],[495,496],[497,498]]...)
FIELD_BD ([], 13);	// 0.0 10 [[2,3],[8,9],[11,12],[154,155],[288,289],[422,423],[490,491],[492,493],[495,496],[497,498]]...)
FIELD_BD ([], 23);	// 0.0 10 [[2,3],[8,9],[11,12],[154,155],[288,289],[422,423],[490,491],[492,493],[495,496],[497,498]]...)
FIELD_BD ([], 33);	// 0.0 10 [[2,3],[8,9],[11,12],[154,155],[288,289],[422,423],[490,491],[492,493],[495,496],[497,498]]...)

Most probable result: (TODO)

ACDB_LEADEROBJECTCONTEXTDATA_CLASS: 0xF4E0 (568) test/test-data/2013/gh55-ltype.dxf:
0100000100101000000110000011010110000100001111011100001001001011000110101110010010000000010001101101010001100010010011011111101010001101010000000010000001000000110101100001000011110111000010010010110001101011100100100000000001001100011101100110100110011011101110111111001011111100100000010001001100000111100010100111011110011001000111101000111000101000000000010011000111011001101001100110111011101111110010111111001000000100000000000000000000000000000000000000000000000000011110000101111111010110101010101001000000001000010111101001101111101010010000000010000110111111

[hdloff, strsize, commonsize, bitsize]=[525,0,38,56]
H330 4.2.F4DF: 010000101111010011011111 fixed = [516,539]
H330 4.2.F4DF: 010000101111010011011111 Ignored overlap  fixed = [516,539]
BS70 4: 0100000100 fixed = [1,10]
B290 1: 0 335 positions
H340 5.2.10D: 010100100000000100001101 fixed = [540,563]
BS70 3: 0100000011 2 positions
BD20 515.3699260105073: 001000110110101000110001001001101111110101000110101000000001000000 fixed = [88,153]
BD30 0.0: 10 118 positions
BD30 0.0: 10 118 positions
BD30 0.0: 10 118 positions
BD11 -1.0: 000000000000000000000000000000000000000000000000001111000010111111 fixed = [424,489]
BD21 0.0: 10 118 positions
BD31 0.0: 10 118 positions
B290 1: 0 335 positions
BD12 0.0: 10 118 positions
BD22 0.0: 10 118 positions
BD32 0.0: 10 118 positions
BD13 0.0: 10 118 positions
BD23 0.0: 10 118 positions
BD33 0.0: 10 118 positions

fixed = [[1,10],[88,153],[424,489],[516,539],[540,563]]
sortd = [[1,10],[12,21],[88,153],[424,489],[516,539],[516,539],[540,563]]

Definite result: 224/568	2013/gh55-ltype.dxf
----------------
FIELD_BS ([], 70);	// 4 [1,10]
HOLE([11,11],1) len = 1
FIELD_BS ([], 70);	// 3 [12,21]
HOLE([22,87],000001101011000010000111101110000100100101100011010111001001000000) len = 66
FIELD_BD ([], 20);	// 515.3699260105073 [88,153]
HOLE([154,423],100000011010110000100001111011100001001001011000110101110010010000000000100110001110110011010011001101110111011111100101111110010000001000100110000011110001010011101111001100100011110100011100010100000000001001100011101100110100110011011101110111111001011111100100000010) len = 270
FIELD_BD ([], 11);	// -1.0 [424,489]
HOLE([490,515],10101101010101010010000000) len = 26
FIELD_H (reactors[0], 330);	// 4.2.F4DF [516,539]
FIELD_H (ownerhandle, 330);	// 4.2.F4DF [516,539]
FIELD_H ([], 340);	// 5.2.10D [540,563]
HOLE([564,568],11111) len = 5
----------------
Todo: 24 + 224 = 248, Missing: 320
FIELD_B ([], 290);	// 1 0 [[12,12],[14,14],[15,15],[16,16],[17,17],[18,18],[19,19],[22,22],[23,23],[24,24]]...)
FIELD_BD ([], 30);	// 0.0 10 [[11,12],[13,14],[21,22],[28,29],[30,31],[33,34],[38,39],[46,47],[50,51],[55,56]]...)
FIELD_BD ([], 30);	// 0.0 10 [[11,12],[13,14],[21,22],[28,29],[30,31],[33,34],[38,39],[46,47],[50,51],[55,56]]...)
FIELD_BD ([], 30);	// 0.0 10 [[11,12],[13,14],[21,22],[28,29],[30,31],[33,34],[38,39],[46,47],[50,51],[55,56]]...)
FIELD_BD ([], 21);	// 0.0 10 [[11,12],[13,14],[21,22],[28,29],[30,31],[33,34],[38,39],[46,47],[50,51],[55,56]]...)
FIELD_BD ([], 31);	// 0.0 10 [[11,12],[13,14],[21,22],[28,29],[30,31],[33,34],[38,39],[46,47],[50,51],[55,56]]...)
FIELD_B ([], 290);	// 1 0 [[12,12],[14,14],[15,15],[16,16],[17,17],[18,18],[19,19],[22,22],[23,23],[24,24]]...)
FIELD_BD ([], 12);	// 0.0 10 [[11,12],[13,14],[21,22],[28,29],[30,31],[33,34],[38,39],[46,47],[50,51],[55,56]]...)
FIELD_BD ([], 22);	// 0.0 10 [[11,12],[13,14],[21,22],[28,29],[30,31],[33,34],[38,39],[46,47],[50,51],[55,56]]...)
FIELD_BD ([], 32);	// 0.0 10 [[11,12],[13,14],[21,22],[28,29],[30,31],[33,34],[38,39],[46,47],[50,51],[55,56]]...)
FIELD_BD ([], 13);	// 0.0 10 [[11,12],[13,14],[21,22],[28,29],[30,31],[33,34],[38,39],[46,47],[50,51],[55,56]]...)
FIELD_BD ([], 23);	// 0.0 10 [[11,12],[13,14],[21,22],[28,29],[30,31],[33,34],[38,39],[46,47],[50,51],[55,56]]...)
FIELD_BD ([], 33);	// 0.0 10 [[11,12],[13,14],[21,22],[28,29],[30,31],[33,34],[38,39],[46,47],[50,51],[55,56]]...)

Most probable result: (TODO)

ACDB_LEADEROBJECTCONTEXTDATA_CLASS: 0xF4D6 (504) test/test-data/2013/gh55-ltype.dxf:
010000010010100000011001000000010000110001000000100111101011001001000100111010001000000000110001101100000010111101001011011101011101110101000000101000000100010000000100001100010000001001111010110010010001001110100010000000010101001011011001110100010010000010100100011000010000010010000001000101110001111101011100010010101011001000111100010011101000100000000101010010110110011101000100100000101001000110000100000100100000010011010110101010101001000000001000010111101001101010101010010000000010000110111111

[hdloff, strsize, commonsize, bitsize]=[461,0,38,49]
H330 4.2.F4D5: 010000101111010011010101 fixed = [452,475]
H330 4.2.F4D5: 010000101111010011010101 Ignored overlap  fixed = [452,475]
BS70 4: 0100000100 3 positions
B290 1: 0 315 positions
H340 5.2.10D: 010100100000000100001101 fixed = [476,499]
BS70 3: 0100000011 fixed = [12,21]
BD10 322.1468039770625: 001000000010000110001000000100111101011001001000100111010001000000 2 positions
BD20 567.3650328992047: 000110001101100000010111101001011011101011101110101000000101000000 fixed = [88,153]
BD30 0.0: 10 124 positions
BD10 322.1468039770625: 001000000010000110001000000100111101011001001000100111010001000000 2 positions
distribute positions: BD10 BD10 
BD20 582.0403154524002: 001010100101101100111010001001000001010010001100001000001001000000 2 positions
BD30 0.0: 10 124 positions
BD20 582.0403154524002: 001010100101101100111010001001000001010010001100001000001001000000 2 positions
distribute positions: BD20 BD20 
BD30 0.0: 10 124 positions
BD11 1.0: 01 125 positions
BD21 0.0: 10 124 positions
BD31 0.0: 10 124 positions
B290 1: 0 315 positions
BD12 0.0: 10 124 positions
BD22 0.0: 10 124 positions
BD32 0.0: 10 124 positions
BD13 0.0: 10 124 positions
BD23 0.0: 10 124 positions
BD33 0.0: 10 124 positions

fixed = [[12,21],[22,87],[88,153],[156,221],[222,287],[356,421],[452,475],[476,499]]
sortd = [[1,10],[12,21],[22,87],[88,153],[156,221],[222,287],[356,421],[452,475],[452,475],[476,499]]

Definite result: 422/504	2013/gh55-ltype.dxf
----------------
FIELD_BS ([], 70);	// 4 [1,10]
HOLE([11,11],1) len = 1
FIELD_BS ([], 70);	// 3 [12,21]
FIELD_BD ([], 10);	// 322.1468039770625 [22,87]
FIELD_BD ([], 20);	// 567.3650328992047 [88,153]
HOLE([154,155],10) len = 2
FIELD_BD ([], 10);	// 322.1468039770625 [156,221]
FIELD_BD ([], 20);	// 582.0403154524002 [222,287]
HOLE([288,355],10001011100011111010111000100101010110010001111000100111010001000000) len = 68
FIELD_BD ([], 20);	// 582.0403154524002 [356,421]
HOLE([422,451],100110101101010101010010000000) len = 30
FIELD_H (reactors[0], 330);	// 4.2.F4D5 [452,475]
FIELD_H (ownerhandle, 330);	// 4.2.F4D5 [452,475]
FIELD_H ([], 340);	// 5.2.10D [476,499]
HOLE([500,504],11111) len = 5
----------------
Todo: 26 + 422 = 448, Missing: 56
FIELD_B ([], 290);	// 1 0 [[1,1],[3,3],[4,4],[5,5],[6,6],[7,7],[9,9],[10,10],[155,155],[289,289]]...)
FIELD_BD ([], 30);	// 0.0 10 [[2,3],[8,9],[11,12],[154,155],[288,289],[292,293],[296,297],[304,305],[306,307],[310,311]]...)
FIELD_BD ([], 30);	// 0.0 10 [[2,3],[8,9],[11,12],[154,155],[288,289],[292,293],[296,297],[304,305],[306,307],[310,311]]...)
FIELD_BD ([], 30);	// 0.0 10 [[2,3],[8,9],[11,12],[154,155],[288,289],[292,293],[296,297],[304,305],[306,307],[310,311]]...)
FIELD_BD ([], 11);	// 1.0 01 [[1,2],[7,8],[10,11],[291,292],[293,294],[299,300],[305,306],[307,308],[313,314],[316,317]]...)
FIELD_BD ([], 21);	// 0.0 10 [[2,3],[8,9],[11,12],[154,155],[288,289],[292,293],[296,297],[304,305],[306,307],[310,311]]...)
FIELD_BD ([], 31);	// 0.0 10 [[2,3],[8,9],[11,12],[154,155],[288,289],[292,293],[296,297],[304,305],[306,307],[310,311]]...)
FIELD_B ([], 290);	// 1 0 [[1,1],[3,3],[4,4],[5,5],[6,6],[7,7],[9,9],[10,10],[155,155],[289,289]]...)
FIELD_BD ([], 12);	// 0.0 10 [[2,3],[8,9],[11,12],[154,155],[288,289],[292,293],[296,297],[304,305],[306,307],[310,311]]...)
FIELD_BD ([], 22);	// 0.0 10 [[2,3],[8,9],[11,12],[154,155],[288,289],[292,293],[296,297],[304,305],[306,307],[310,311]]...)
FIELD_BD ([], 32);	// 0.0 10 [[2,3],[8,9],[11,12],[154,155],[288,289],[292,293],[296,297],[304,305],[306,307],[310,311]]...)
FIELD_BD ([], 13);	// 0.0 10 [[2,3],[8,9],[11,12],[154,155],[288,289],[292,293],[296,297],[304,305],[306,307],[310,311]]...)
FIELD_BD ([], 23);	// 0.0 10 [[2,3],[8,9],[11,12],[154,155],[288,289],[292,293],[296,297],[304,305],[306,307],[310,311]]...)
FIELD_BD ([], 33);	// 0.0 10 [[2,3],[8,9],[11,12],[154,155],[288,289],[292,293],[296,297],[304,305],[306,307],[310,311]]...)

Most probable result: (TODO)

ACDB_LEADEROBJECTCONTEXTDATA_CLASS: 0xF4D1 (568) test/test-data/2013/gh55-ltype.dxf:
0100000100101000000110010011010100001101001010011111100100110011001010001110010010000000000001001110000011100011001000010011111000010011110000001010000001000100110101000011010010100111111001001100110010100011100100100000000101000110011000110000110111011110101000010011110100000100100000010000110100010100100111101010000000111111100110101000111001001000000001010001100110001100001101110111101010000100111101000001001000000100000000000000000000000000000000000000000000000000011110000101111111010110101010101001000000001000010111101001101000001010010000000010000110111111

[hdloff, strsize, commonsize, bitsize]=[525,0,38,56]
H330 4.2.F4D0: 010000101111010011010000 fixed = [516,539]
H330 4.2.F4D0: 010000101111010011010000 Ignored overlap  fixed = [516,539]
BS70 4: 0100000100 3 positions
B290 1: 0 355 positions
H340 5.2.10D: 010100100000000100001101 fixed = [540,563]
BS70 3: 0100000011 fixed = [12,21]
BD10 297.2875943948544: 001001101010000110100101001111110010011001100101000111001001000000 2 positions
BD30 0.0: 10 120 positions
BD10 297.2875943948544: 001001101010000110100101001111110010011001100101000111001001000000 2 positions
distribute positions: BD10 BD10 
BD30 0.0: 10 120 positions
BD30 0.0: 10 120 positions
BD11 -1.0: 000000000000000000000000000000000000000000000000001111000010111111 fixed = [424,489]
BD21 0.0: 10 120 positions
BD31 0.0: 10 120 positions
B290 1: 0 355 positions
BD12 0.0: 10 120 positions
BD22 0.0: 10 120 positions
BD32 0.0: 10 120 positions
BD13 0.0: 10 120 positions
BD23 0.0: 10 120 positions
BD33 0.0: 10 120 positions

fixed = [[12,21],[22,87],[156,221],[424,489],[516,539],[540,563]]
sortd = [[12,21],[22,87],[156,221],[424,489],[516,539],[516,539],[540,563]]

Definite result: 280/568	2013/gh55-ltype.dxf
----------------
HOLE([1,11],01000001001) len = 11
FIELD_BS ([], 70);	// 3 [12,21]
FIELD_BD ([], 10);	// 297.2875943948544 [22,87]
HOLE([88,155],00000010011100000111000110010000100111110000100111100000010100000010) len = 68
FIELD_BD ([], 10);	// 297.2875943948544 [156,221]
HOLE([222,423],0010100011001100011000011011101111010100001001111010000010010000001000011010001010010011110101000000011111110011010100011100100100000000101000110011000110000110111011110101000010011110100000100100000010) len = 202
FIELD_BD ([], 11);	// -1.0 [424,489]
HOLE([490,515],10101101010101010010000000) len = 26
FIELD_H (reactors[0], 330);	// 4.2.F4D0 [516,539]
FIELD_H (ownerhandle, 330);	// 4.2.F4D0 [516,539]
FIELD_H ([], 340);	// 5.2.10D [540,563]
HOLE([564,568],11111) len = 5
----------------
Todo: 34 + 280 = 314, Missing: 254
FIELD_BS ([], 70);	// 4 0100000100 [[1,10],[271,280],[405,414]]
FIELD_B ([], 290);	// 1 0 [[1,1],[3,3],[4,4],[5,5],[6,6],[7,7],[9,9],[10,10],[88,88],[89,89]]...)
FIELD_BD ([], 30);	// 0.0 10 [[2,3],[8,9],[11,12],[94,95],[99,100],[107,108],[112,113],[115,116],[120,121],[127,128]]...)
FIELD_BD ([], 30);	// 0.0 10 [[2,3],[8,9],[11,12],[94,95],[99,100],[107,108],[112,113],[115,116],[120,121],[127,128]]...)
FIELD_BD ([], 30);	// 0.0 10 [[2,3],[8,9],[11,12],[94,95],[99,100],[107,108],[112,113],[115,116],[120,121],[127,128]]...)
FIELD_BD ([], 21);	// 0.0 10 [[2,3],[8,9],[11,12],[94,95],[99,100],[107,108],[112,113],[115,116],[120,121],[127,128]]...)
FIELD_BD ([], 31);	// 0.0 10 [[2,3],[8,9],[11,12],[94,95],[99,100],[107,108],[112,113],[115,116],[120,121],[127,128]]...)
FIELD_B ([], 290);	// 1 0 [[1,1],[3,3],[4,4],[5,5],[6,6],[7,7],[9,9],[10,10],[88,88],[89,89]]...)
FIELD_BD ([], 12);	// 0.0 10 [[2,3],[8,9],[11,12],[94,95],[99,100],[107,108],[112,113],[115,116],[120,121],[127,128]]...)
FIELD_BD ([], 22);	// 0.0 10 [[2,3],[8,9],[11,12],[94,95],[99,100],[107,108],[112,113],[115,116],[120,121],[127,128]]...)
FIELD_BD ([], 32);	// 0.0 10 [[2,3],[8,9],[11,12],[94,95],[99,100],[107,108],[112,113],[115,116],[120,121],[127,128]]...)
FIELD_BD ([], 13);	// 0.0 10 [[2,3],[8,9],[11,12],[94,95],[99,100],[107,108],[112,113],[115,116],[120,121],[127,128]]...)
FIELD_BD ([], 23);	// 0.0 10 [[2,3],[8,9],[11,12],[94,95],[99,100],[107,108],[112,113],[115,116],[120,121],[127,128]]...)
FIELD_BD ([], 33);	// 0.0 10 [[2,3],[8,9],[11,12],[94,95],[99,100],[107,108],[112,113],[115,116],[120,121],[127,128]]...)

Most probable result: (TODO)

ACDB_LEADEROBJECTCONTEXTDATA_CLASS: 0xF4E6 (568) test/test-data/2013/gh55-ltype.dxf:
0100000100101000000110010111100001100111100110111000110001011010100100001110011010000000011111110001111110100111010000000111101001111110101111111010000001000101111000011001111001101110001100010110101001000011100110100000000100011010011010010101011011000001011111111001010011111010100000010000100100011010011011100010111101001110000100101010111001001000000001000110100110100101010110110000010111111110010100111110101000000100000000000000000000000000000000000000000000000000011110000101111111010110101010101001000000001000010111101001110010101010010000000010000110111111

[hdloff, strsize, commonsize, bitsize]=[525,0,38,56]
H330 4.2.F4E5: 010000101111010011100101 fixed = [516,539]
H330 4.2.F4E5: 010000101111010011100101 Ignored overlap  fixed = [516,539]
BS70 4: 0100000100 fixed = [1,10]
B290 1: 0 324 positions
H340 5.2.10D: 010100100000000100001101 fixed = [540,563]
BS70 3: 0100000011 fixed = [12,21]
BD10 308.511175920077: 001011110000110011110011011100011000101101010010000111001101000000 2 positions
BD30 0.0: 10 123 positions
BD10 308.511175920077: 001011110000110011110011011100011000101101010010000111001101000000 2 positions
distribute positions: BD10 BD10 
BD30 0.0: 10 123 positions
BD30 0.0: 10 123 positions
BD11 -1.0: 000000000000000000000000000000000000000000000000001111000010111111 fixed = [424,489]
BD21 0.0: 10 123 positions
BD31 0.0: 10 123 positions
B290 1: 0 324 positions
BD12 0.0: 10 123 positions
BD22 0.0: 10 123 positions
BD32 0.0: 10 123 positions
BD13 0.0: 10 123 positions
BD23 0.0: 10 123 positions
BD33 0.0: 10 123 positions

fixed = [[1,10],[12,21],[22,87],[156,221],[424,489],[516,539],[540,563]]
sortd = [[1,10],[12,21],[22,87],[156,221],[424,489],[516,539],[516,539],[540,563]]

Definite result: 290/568	2013/gh55-ltype.dxf
----------------
FIELD_BS ([], 70);	// 4 [1,10]
HOLE([11,11],1) len = 1
FIELD_BS ([], 70);	// 3 [12,21]
FIELD_BD ([], 10);	// 308.511175920077 [22,87]
HOLE([88,155],00111111100011111101001110100000001111010011111101011111110100000010) len = 68
FIELD_BD ([], 10);	// 308.511175920077 [156,221]
HOLE([222,423],0010001101001101001010101101100000101111111100101001111101010000001000010010001101001101110001011110100111000010010101011100100100000000100011010011010010101011011000001011111111001010011111010100000010) len = 202
FIELD_BD ([], 11);	// -1.0 [424,489]
HOLE([490,515],10101101010101010010000000) len = 26
FIELD_H (reactors[0], 330);	// 4.2.F4E5 [516,539]
FIELD_H (ownerhandle, 330);	// 4.2.F4E5 [516,539]
FIELD_H ([], 340);	// 5.2.10D [540,563]
HOLE([564,568],11111) len = 5
----------------
Todo: 24 + 290 = 314, Missing: 254
FIELD_B ([], 290);	// 1 0 [[88,88],[89,89],[97,97],[98,98],[99,99],[106,106],[108,108],[109,109],[113,113],[115,115]]...)
FIELD_BD ([], 30);	// 0.0 10 [[11,12],[96,97],[105,106],[107,108],[112,113],[114,115],[125,126],[127,128],[135,136],[137,138]]...)
FIELD_BD ([], 30);	// 0.0 10 [[11,12],[96,97],[105,106],[107,108],[112,113],[114,115],[125,126],[127,128],[135,136],[137,138]]...)
FIELD_BD ([], 30);	// 0.0 10 [[11,12],[96,97],[105,106],[107,108],[112,113],[114,115],[125,126],[127,128],[135,136],[137,138]]...)
FIELD_BD ([], 21);	// 0.0 10 [[11,12],[96,97],[105,106],[107,108],[112,113],[114,115],[125,126],[127,128],[135,136],[137,138]]...)
FIELD_BD ([], 31);	// 0.0 10 [[11,12],[96,97],[105,106],[107,108],[112,113],[114,115],[125,126],[127,128],[135,136],[137,138]]...)
FIELD_B ([], 290);	// 1 0 [[88,88],[89,89],[97,97],[98,98],[99,99],[106,106],[108,108],[109,109],[113,113],[115,115]]...)
FIELD_BD ([], 12);	// 0.0 10 [[11,12],[96,97],[105,106],[107,108],[112,113],[114,115],[125,126],[127,128],[135,136],[137,138]]...)
FIELD_BD ([], 22);	// 0.0 10 [[11,12],[96,97],[105,106],[107,108],[112,113],[114,115],[125,126],[127,128],[135,136],[137,138]]...)
FIELD_BD ([], 32);	// 0.0 10 [[11,12],[96,97],[105,106],[107,108],[112,113],[114,115],[125,126],[127,128],[135,136],[137,138]]...)
FIELD_BD ([], 13);	// 0.0 10 [[11,12],[96,97],[105,106],[107,108],[112,113],[114,115],[125,126],[127,128],[135,136],[137,138]]...)
FIELD_BD ([], 23);	// 0.0 10 [[11,12],[96,97],[105,106],[107,108],[112,113],[114,115],[125,126],[127,128],[135,136],[137,138]]...)
FIELD_BD ([], 33);	// 0.0 10 [[11,12],[96,97],[105,106],[107,108],[112,113],[114,115],[125,126],[127,128],[135,136],[137,138]]...)

Most probable result: (TODO)

ACDB_LEADEROBJECTCONTEXTDATA_CLASS: 0xF4DB (632) test/test-data/2013/gh55-ltype.dxf:
01000001001010000001100111101000111100001110100111100011110011111010101011100000100000000010110110000011011000001000001010111111010001000100000010100000010000111000001010010110110111010001111000100110101000110111101000000000101101100000110110000010000010101111110100010001000000101000000100001110000000001001110001110001100111011101101010101101110010000000001011011000001101100000100000101011111101000100010000001010000001000000010111000101010011110010011000011100101111001101010100011110000000000000000000000000000000000000000000000000000111100001011111110110101010101001000000001000010111101001101101001010010000000010000110111111

[hdloff, strsize, commonsize, bitsize]=[589,0,38,62]
H330 4.2.F4DA: 010000101111010011011010 fixed = [580,603]
H330 4.2.F4DA: 010000101111010011011010 Ignored overlap  fixed = [580,603]
BS70 4: 0100000100 fixed = [1,10]
B290 1: 0 387 positions
H340 5.2.10D: 010100100000000100001101 fixed = [604,627]
BS70 3: 0100000011 fixed = [12,21]
BD10 269.369126753779: 001111010001111000011101001111000111100111110101010111000001000000 fixed = [22,87]
BD30 0.0: 10 131 positions
BD10 254.6490039142259: 000111000001010010110110111010001111000100110101000110111101000000 fixed = [156,221]
BD30 0.0: 10 131 positions
BD30 0.0: 10 131 positions
BD21 -1.0: 000000000000000000000000000000000000000000000000001111000010111111 fixed = [490,555]
BD31 0.0: 10 131 positions
B290 1: 0 387 positions
BD12 0.0: 10 131 positions
BD22 0.0: 10 131 positions
BD32 0.0: 10 131 positions
BD13 0.0: 10 131 positions
BD23 0.0: 10 131 positions
BD33 0.0: 10 131 positions

fixed = [[1,10],[12,21],[22,87],[156,221],[490,555],[580,603],[604,627]]
sortd = [[1,10],[12,21],[22,87],[156,221],[490,555],[580,603],[580,603],[604,627]]

Definite result: 290/632	2013/gh55-ltype.dxf
----------------
FIELD_BS ([], 70);	// 4 [1,10]
HOLE([11,11],1) len = 1
FIELD_BS ([], 70);	// 3 [12,21]
FIELD_BD ([], 10);	// 269.369126753779 [22,87]
HOLE([88,155],00010110110000011011000001000001010111111010001000100000010100000010) len = 68
FIELD_BD ([], 10);	// 254.6490039142259 [156,221]
HOLE([222,489],0001011011000001101100000100000101011111101000100010000001010000001000011100000000010011100011100011001110111011010101011011100100000000010110110000011011000001000001010111111010001000100000010100000010000000101110001010100111100100110000111001011110011010101000111100) len = 268
FIELD_BD ([], 21);	// -1.0 [490,555]
HOLE([556,579],101101010101010010000000) len = 24
FIELD_H (reactors[0], 330);	// 4.2.F4DA [580,603]
FIELD_H (ownerhandle, 330);	// 4.2.F4DA [580,603]
FIELD_H ([], 340);	// 5.2.10D [604,627]
HOLE([628,632],11111) len = 5
----------------
Todo: 22 + 290 = 312, Missing: 320
FIELD_B ([], 290);	// 1 0 [[88,88],[89,89],[90,90],[92,92],[95,95],[98,98],[99,99],[100,100],[101,101],[102,102]]...)
FIELD_BD ([], 30);	// 0.0 10 [[11,12],[91,92],[94,95],[97,98],[104,105],[107,108],[113,114],[119,120],[121,122],[128,129]]...)
FIELD_BD ([], 30);	// 0.0 10 [[11,12],[91,92],[94,95],[97,98],[104,105],[107,108],[113,114],[119,120],[121,122],[128,129]]...)
FIELD_BD ([], 30);	// 0.0 10 [[11,12],[91,92],[94,95],[97,98],[104,105],[107,108],[113,114],[119,120],[121,122],[128,129]]...)
FIELD_BD ([], 31);	// 0.0 10 [[11,12],[91,92],[94,95],[97,98],[104,105],[107,108],[113,114],[119,120],[121,122],[128,129]]...)
FIELD_B ([], 290);	// 1 0 [[88,88],[89,89],[90,90],[92,92],[95,95],[98,98],[99,99],[100,100],[101,101],[102,102]]...)
FIELD_BD ([], 12);	// 0.0 10 [[11,12],[91,92],[94,95],[97,98],[104,105],[107,108],[113,114],[119,120],[121,122],[128,129]]...)
FIELD_BD ([], 22);	// 0.0 10 [[11,12],[91,92],[94,95],[97,98],[104,105],[107,108],[113,114],[119,120],[121,122],[128,129]]...)
FIELD_BD ([], 32);	// 0.0 10 [[11,12],[91,92],[94,95],[97,98],[104,105],[107,108],[113,114],[119,120],[121,122],[128,129]]...)
FIELD_BD ([], 13);	// 0.0 10 [[11,12],[91,92],[94,95],[97,98],[104,105],[107,108],[113,114],[119,120],[121,122],[128,129]]...)
FIELD_BD ([], 23);	// 0.0 10 [[11,12],[91,92],[94,95],[97,98],[104,105],[107,108],[113,114],[119,120],[121,122],[128,129]]...)
FIELD_BD ([], 33);	// 0.0 10 [[11,12],[91,92],[94,95],[97,98],[104,105],[107,108],[113,114],[119,120],[121,122],[128,129]]...)

Most probable result: (TODO)

