ACDBASSOCALIGNEDDIMACTIONBODY: 0x392 (130) test/test-data/example_2000.dxf:
0100000001101001000000011010101010000000001100000011001000000011100100110100001000000011100101110100000001000010000000111001001111

[hdloff, strsize, commonsize, bitsize, hdlsize]=[50,0,60,11,0]
H330 8.0.0: 10000000 7 positions
BL90 1: 0100000001 6 positions
BL90 0: 10 25 positions
BL90 0: 10 25 positions
BL90 1: 0100000001 6 positions
H360 3.2.393: 001100100000001110010011 fixed = [49,72]
BL90 0: 10 25 positions
BL90 0: 10 25 positions
BL90 0: 10 25 positions
H330 4.2.397: 010000100000001110010111 fixed = [73,96]
BL90 0: 10 25 positions
H330 4.0.0: 01000000 7 positions
H330 4.2.393: 010000100000001110010011 fixed = [105,128]

fixed = [[49,72],[73,96],[105,128]]
sortd = [[49,72],[73,96],[105,128]]

Definite result: 72/130	example_2000.dxf
----------------
HOLE([1,48],010000000110100100000001101010101000000000110000) len = 48
FIELD_H (writedep, 360);	// 3.2.393 [49,72]
FIELD_H ([], 330);	// 4.2.397 [73,96]
HOLE([97,104],01000000) len = 8
FIELD_H ([], 330);	// 4.2.393 [105,128]
HOLE([129,130],11) len = 2
----------------
Todo: 48 + 72 = 120, Missing: 10
FIELD_H (ownerhandle, 330);	// 8.0.0 10000000 [[2,9],[16,23],[33,40],[98,105]]
FIELD_BL (status, 90);	// 1 0100000001 [[1,10],[15,24],[97,106]]
FIELD_BL (unknown1, 90);	// 0 10 [[2,3],[11,12],[13,14],[16,17],[25,26],[27,28],[29,30],[31,32],[33,34],[44,45]]...)
FIELD_BL (unknown2, 90);	// 0 10 [[2,3],[11,12],[13,14],[16,17],[25,26],[27,28],[29,30],[31,32],[33,34],[44,45]]...)
FIELD_BL (unknown3, 90);	// 1 0100000001 [[1,10],[15,24],[97,106]]
FIELD_BL (unknown4, 90);	// 0 10 [[2,3],[11,12],[13,14],[16,17],[25,26],[27,28],[29,30],[31,32],[33,34],[44,45]]...)
FIELD_BL (unknown5, 90);	// 0 10 [[2,3],[11,12],[13,14],[16,17],[25,26],[27,28],[29,30],[31,32],[33,34],[44,45]]...)
FIELD_BL (unknown6, 90);	// 0 10 [[2,3],[11,12],[13,14],[16,17],[25,26],[27,28],[29,30],[31,32],[33,34],[44,45]]...)
FIELD_BL (dcm_status, 90);	// 0 10 [[2,3],[11,12],[13,14],[16,17],[25,26],[27,28],[29,30],[31,32],[33,34],[44,45]]...)
FIELD_H ([], 330);	// 4.0.0 01000000 [[1,8],[15,22],[32,39],[97,104]]

Most probable result: (TODO)

ACDBASSOCALIGNEDDIMACTIONBODY: 0x392 (121) test/test-data/example_2004.dxf:
0100000001101001000000011010101010000000001100100000001110010011010000100000001110010111010000000100001000000011100100111

[hdloff, strsize, commonsize, bitsize, hdlsize]=[50,0,61,11,0]
H330 8.0.0: 10000000 7 positions
BL90 1: 0100000001 6 positions
BL90 0: 10 24 positions
BL90 0: 10 24 positions
BL90 1: 0100000001 6 positions
H360 3.2.393: 001100100000001110010011 fixed = [41,64]
BL90 0: 10 24 positions
BL90 0: 10 24 positions
BL90 0: 10 24 positions
H330 4.2.397: 010000100000001110010111 fixed = [65,88]
BL90 0: 10 24 positions
H330 4.0.0: 01000000 7 positions
H330 4.2.393: 010000100000001110010011 fixed = [97,120]

fixed = [[41,64],[65,88],[97,120]]
sortd = [[41,64],[65,88],[97,120]]

Definite result: 72/121	example_2004.dxf
----------------
HOLE([1,40],0100000001101001000000011010101010000000) len = 40
FIELD_H (writedep, 360);	// 3.2.393 [41,64]
FIELD_H ([], 330);	// 4.2.397 [65,88]
HOLE([89,96],01000000) len = 8
FIELD_H ([], 330);	// 4.2.393 [97,120]
HOLE([121,121],1) len = 1
----------------
Todo: 48 + 72 = 120, Missing: 1
FIELD_H (ownerhandle, 330);	// 8.0.0 10000000 [[2,9],[16,23],[33,40],[90,97]]
FIELD_BL (status, 90);	// 1 0100000001 [[1,10],[15,24],[89,98]]
FIELD_BL (unknown1, 90);	// 0 10 [[2,3],[11,12],[13,14],[16,17],[25,26],[27,28],[29,30],[31,32],[33,34],[90,91]]
FIELD_BL (unknown2, 90);	// 0 10 [[2,3],[11,12],[13,14],[16,17],[25,26],[27,28],[29,30],[31,32],[33,34],[90,91]]
FIELD_BL (unknown3, 90);	// 1 0100000001 [[1,10],[15,24],[89,98]]
FIELD_BL (unknown4, 90);	// 0 10 [[2,3],[11,12],[13,14],[16,17],[25,26],[27,28],[29,30],[31,32],[33,34],[90,91]]
FIELD_BL (unknown5, 90);	// 0 10 [[2,3],[11,12],[13,14],[16,17],[25,26],[27,28],[29,30],[31,32],[33,34],[90,91]]
FIELD_BL (unknown6, 90);	// 0 10 [[2,3],[11,12],[13,14],[16,17],[25,26],[27,28],[29,30],[31,32],[33,34],[90,91]]
FIELD_BL (dcm_status, 90);	// 0 10 [[2,3],[11,12],[13,14],[16,17],[25,26],[27,28],[29,30],[31,32],[33,34],[90,91]]
FIELD_H ([], 330);	// 4.0.0 01000000 [[1,8],[15,22],[32,39],[89,96]]

Most probable result: (TODO)

ACDBASSOCALIGNEDDIMACTIONBODY: 0x392 (121) test/test-data/example_2007.dxf:
0100000001101001000000011010101001000000000110010000000111001001101000010000000111001011101000000010000100000001110010011

[hdloff, strsize, commonsize, bitsize, hdlsize]=[51,0,61,11,88]
H330 8.0.0: 10000000 7 positions
BL90 1: 0100000001 6 positions
BL90 0: 10 24 positions
BL90 0: 10 24 positions
BL90 1: 0100000001 6 positions
H360 3.2.393: 001100100000001110010011 fixed = [42,65]
BL90 0: 10 24 positions
BL90 0: 10 24 positions
BL90 0: 10 24 positions
H330 4.2.397: 010000100000001110010111 fixed = [66,89]
BL90 0: 10 24 positions
H330 4.0.0: 01000000 7 positions
H330 a.1.1: 1010000100000001 Ignored overlap  fixed = [65,80]

fixed = [[42,65],[66,89]]
sortd = [[42,65],[65,80],[66,89]]

Definite result: 64/121	example_2007.dxf
----------------
HOLE([1,41],01000000011010010000000110101010010000000) len = 41
FIELD_H (writedep, 360);	// 3.2.393 [42,65]
FIELD_H ([], 330);	// a.1.1 [65,80]
FIELD_H ([], 330);	// 4.2.397 [66,89]
HOLE([90,121],01000000010000100000001110010011) len = 32
----------------
Todo: 48 + 64 = 112, Missing: 9
FIELD_H (ownerhandle, 330);	// 8.0.0 10000000 [[2,9],[16,23],[34,41],[91,98],[104,111]]
FIELD_BL (status, 90);	// 1 0100000001 [[1,10],[15,24],[90,99],[103,112]]
FIELD_BL (unknown1, 90);	// 0 10 [[2,3],[11,12],[13,14],[16,17],[25,26],[27,28],[29,30],[31,32],[34,35],[91,92]]...)
FIELD_BL (unknown2, 90);	// 0 10 [[2,3],[11,12],[13,14],[16,17],[25,26],[27,28],[29,30],[31,32],[34,35],[91,92]]...)
FIELD_BL (unknown3, 90);	// 1 0100000001 [[1,10],[15,24],[90,99],[103,112]]
FIELD_BL (unknown4, 90);	// 0 10 [[2,3],[11,12],[13,14],[16,17],[25,26],[27,28],[29,30],[31,32],[34,35],[91,92]]...)
FIELD_BL (unknown5, 90);	// 0 10 [[2,3],[11,12],[13,14],[16,17],[25,26],[27,28],[29,30],[31,32],[34,35],[91,92]]...)
FIELD_BL (unknown6, 90);	// 0 10 [[2,3],[11,12],[13,14],[16,17],[25,26],[27,28],[29,30],[31,32],[34,35],[91,92]]...)
FIELD_BL (dcm_status, 90);	// 0 10 [[2,3],[11,12],[13,14],[16,17],[25,26],[27,28],[29,30],[31,32],[34,35],[91,92]]...)
FIELD_H ([], 330);	// 4.0.0 01000000 [[1,8],[15,22],[33,40],[90,97],[103,110]]

Most probable result: (TODO)

ACDBASSOCALIGNEDDIMACTIONBODY: 0x392 (121) test/test-data/example_2010.dxf:
0100000001101001000000011010101001000000000110010000000111001001101000010000000111001011101000000010000100000001110010011

[hdloff, strsize, commonsize, bitsize, hdlsize]=[43,0,29,7,0]
H330 8.0.0: 10000000 7 positions
BL90 1: 0100000001 6 positions
BL90 0: 10 24 positions
BL90 0: 10 24 positions
BL90 1: 0100000001 6 positions
H360 3.2.393: 001100100000001110010011 fixed = [42,65]
BL90 0: 10 24 positions
BL90 0: 10 24 positions
BL90 0: 10 24 positions
H330 4.2.397: 010000100000001110010111 fixed = [66,89]
BL90 0: 10 24 positions
H330 4.0.0: 01000000 7 positions
H330 a.1.1: 1010000100000001 Ignored overlap  fixed = [65,80]

fixed = [[42,65],[66,89]]
sortd = [[42,65],[65,80],[66,89]]

Definite result: 64/121	example_2010.dxf
----------------
HOLE([1,41],01000000011010010000000110101010010000000) len = 41
FIELD_H (writedep, 360);	// 3.2.393 [42,65]
FIELD_H ([], 330);	// a.1.1 [65,80]
FIELD_H ([], 330);	// 4.2.397 [66,89]
HOLE([90,121],01000000010000100000001110010011) len = 32
----------------
Todo: 48 + 64 = 112, Missing: 9
FIELD_H (ownerhandle, 330);	// 8.0.0 10000000 [[2,9],[16,23],[34,41],[91,98],[104,111]]
FIELD_BL (status, 90);	// 1 0100000001 [[1,10],[15,24],[90,99],[103,112]]
FIELD_BL (unknown1, 90);	// 0 10 [[2,3],[11,12],[13,14],[16,17],[25,26],[27,28],[29,30],[31,32],[34,35],[91,92]]...)
FIELD_BL (unknown2, 90);	// 0 10 [[2,3],[11,12],[13,14],[16,17],[25,26],[27,28],[29,30],[31,32],[34,35],[91,92]]...)
FIELD_BL (unknown3, 90);	// 1 0100000001 [[1,10],[15,24],[90,99],[103,112]]
FIELD_BL (unknown4, 90);	// 0 10 [[2,3],[11,12],[13,14],[16,17],[25,26],[27,28],[29,30],[31,32],[34,35],[91,92]]...)
FIELD_BL (unknown5, 90);	// 0 10 [[2,3],[11,12],[13,14],[16,17],[25,26],[27,28],[29,30],[31,32],[34,35],[91,92]]...)
FIELD_BL (unknown6, 90);	// 0 10 [[2,3],[11,12],[13,14],[16,17],[25,26],[27,28],[29,30],[31,32],[34,35],[91,92]]...)
FIELD_BL (dcm_status, 90);	// 0 10 [[2,3],[11,12],[13,14],[16,17],[25,26],[27,28],[29,30],[31,32],[34,35],[91,92]]...)
FIELD_H ([], 330);	// 4.0.0 01000000 [[1,8],[15,22],[33,40],[90,97],[103,110]]

Most probable result: (TODO)

ACDBASSOCALIGNEDDIMACTIONBODY: 0x392 (80) test/test-data/example_2013.dxf:
01000000101010010000000010000100000001110010111010000000100001000000011100100111

[hdloff, strsize, commonsize, bitsize, hdlsize]=[25,0,30,5,0]
H330 8.0.0: 10000000 4 positions
BL90 2: 0100000010 fixed = [1,10]
BL90 0: 10 15 positions
H330 4.2.397: 010000100000001110010111 fixed = [24,47]
BL90 0: 10 15 positions
H330 4.0.0: 01000000 5 positions
H330 4.2.393: 010000100000001110010011 fixed = [56,79]

fixed = [[1,10],[24,47],[56,79]]
sortd = [[1,10],[24,47],[56,79]]

Definite result: 58/80	example_2013.dxf
----------------
FIELD_BL (status, 90);	// 2 [1,10]
HOLE([11,23],1010010000000) len = 13
FIELD_H ([], 330);	// 4.2.397 [24,47]
HOLE([48,55],01000000) len = 8
FIELD_H ([], 330);	// 4.2.393 [56,79]
HOLE([80,80],1) len = 1
----------------
Todo: 20 + 58 = 78, Missing: 2
FIELD_H (ownerhandle, 330);	// 8.0.0 10000000 [[16,23],[49,56]]
FIELD_BL (unknown1, 90);	// 0 10 [[11,12],[13,14],[16,17],[49,50]]
FIELD_BL (unknown2, 90);	// 0 10 [[11,12],[13,14],[16,17],[49,50]]
FIELD_H ([], 330);	// 4.0.0 01000000 [[15,22],[48,55]]

Most probable result: (TODO)

