ACDBASSOCVERTEXACTIONPARAM: 0x394 (186) test/test-data/example_2000.dxf:
101010100011110000011001110001101111100101000000010000011101001011110000000000011100100011100110100000010101110100110000011011000111010000001010000000001100000100001000000011100101101111

[hdloff, strsize, commonsize, bitsize, hdlsize]=[160,0,60,22,0]
H330 8.0.0: 10000000 4 positions
BL90 0: 10 38 positions
BL90 0: 10 38 positions
H330 4.2.396: 010000100000001110010110 fixed = [159,182]
BL90 0: 10 38 positions
BD10 -54.05474532926735: 001111000001100111000110111110010100000001000001110100101111000000 fixed = [9,74]
BD20 11789.64909083308: 0000000000000000000000000000000000000000000000000000000000000000 0 positions
BD30 0.0: 10 38 positions

fixed = [[9,74],[159,182]]
sortd = [[9,74],[143,150],[159,182]]

Definite result: 98/186	example_2000.dxf
----------------
HOLE([1,8],10101010) len = 8
FIELD_BD ([], 10);	// -54.05474532926735 [9,74]
HOLE([75,142],00000111001000111001101000000101011101001100000110110001110100000010) len = 68
FIELD_H (ownerhandle, 330);	// 8.0.0 [143,150]
HOLE([151,158],00110000) len = 8
FIELD_H ([], 330);	// 4.2.396 [159,182]
HOLE([183,186],1111) len = 4
----------------
Todo: 8 + 98 = 106, Missing: 80
FIELD_BL ([], 90);	// 0 10 [[1,2],[3,4],[5,6],[7,8],[82,83],[85,86],[91,92],[95,96],[97,98],[104,105]]...)
FIELD_BL ([], 90);	// 0 10 [[1,2],[3,4],[5,6],[7,8],[82,83],[85,86],[91,92],[95,96],[97,98],[104,105]]...)
FIELD_BL ([], 90);	// 0 10 [[1,2],[3,4],[5,6],[7,8],[82,83],[85,86],[91,92],[95,96],[97,98],[104,105]]...)
FIELD_BD ([], 30);	// 0.0 10 [[1,2],[3,4],[5,6],[7,8],[82,83],[85,86],[91,92],[95,96],[97,98],[104,105]]...)

Most probable result: (TODO)

ACDBASSOCVERTEXACTIONPARAM: 0x394 (177) test/test-data/example_2004.dxf:
101010100011110000011001110001101111100101000000010000011101001011110000000000011100100011100110100000010101110100110000011011000111010000001010000000010000100000001110010110111

[hdloff, strsize, commonsize, bitsize, hdlsize]=[160,0,61,22,0]
H330 8.0.0: 10000000 4 positions
BL90 0: 10 37 positions
BL90 0: 10 37 positions
H330 4.2.396: 010000100000001110010110 fixed = [151,174]
BL90 0: 10 37 positions
BD10 -54.05474532926735: 001111000001100111000110111110010100000001000001110100101111000000 fixed = [9,74]
BD20 11789.64909083308: 0000000000000000000000000000000000000000000000000000000000000000 0 positions
BD30 0.0: 10 37 positions

fixed = [[9,74],[151,174]]
sortd = [[9,74],[143,150],[151,174]]

Definite result: 98/177	example_2004.dxf
----------------
HOLE([1,8],10101010) len = 8
FIELD_BD ([], 10);	// -54.05474532926735 [9,74]
HOLE([75,142],00000111001000111001101000000101011101001100000110110001110100000010) len = 68
FIELD_H (ownerhandle, 330);	// 8.0.0 [143,150]
FIELD_H ([], 330);	// 4.2.396 [151,174]
HOLE([175,177],111) len = 3
----------------
Todo: 8 + 98 = 106, Missing: 71
FIELD_BL ([], 90);	// 0 10 [[1,2],[3,4],[5,6],[7,8],[82,83],[85,86],[91,92],[95,96],[97,98],[104,105]]...)
FIELD_BL ([], 90);	// 0 10 [[1,2],[3,4],[5,6],[7,8],[82,83],[85,86],[91,92],[95,96],[97,98],[104,105]]...)
FIELD_BL ([], 90);	// 0 10 [[1,2],[3,4],[5,6],[7,8],[82,83],[85,86],[91,92],[95,96],[97,98],[104,105]]...)
FIELD_BD ([], 30);	// 0.0 10 [[1,2],[3,4],[5,6],[7,8],[82,83],[85,86],[91,92],[95,96],[97,98],[104,105]]...)

Most probable result: (TODO)

ACDBASSOCVERTEXACTIONPARAM: 0x394 (193) test/test-data/example_2007.dxf:
1010100011110000011001110001101111100101000000010000011101001011110000000000011100100011100110100000010101110100110000011011000111010000001010000000100000000011000000001000010000000111001011011

[hdloff, strsize, commonsize, bitsize, hdlsize]=[177,0,61,23,34]
H330 8.0.0: 10000000 6 positions
BL90 0: 10 38 positions
TV1 : 010000000100000000 fixed = [140,157]
BL90 0: 10 38 positions
H330 4.2.396: 010000100000001110010110 fixed = [168,191]
BL90 0: 10 38 positions
BD10 -54.05474532926735: 001111000001100111000110111110010100000001000001110100101111000000 fixed = [7,72]
BD20 11789.64909083308: 0000000000000000000000000000000000000000000000000000000000000000 0 positions
BD30 0.0: 10 38 positions

fixed = [[7,72],[140,157],[168,191]]
sortd = [[7,72],[140,157],[160,167],[168,191]]

Definite result: 116/193	example_2007.dxf
----------------
HOLE([1,6],101010) len = 6
FIELD_BD ([], 10);	// -54.05474532926735 [7,72]
HOLE([73,139],0000011100100011100110100000010101110100110000011011000111010000001) len = 67
FIELD_TV ([], 1);	//  [140,157]
HOLE([158,159],01) len = 2
FIELD_H (ownerhandle, 330);	// 8.0.0 [160,167]
FIELD_H ([], 330);	// 4.2.396 [168,191]
HOLE([192,193],11) len = 2
----------------
Todo: 8 + 116 = 124, Missing: 69
FIELD_BL ([], 90);	// 0 10 [[1,2],[3,4],[5,6],[80,81],[83,84],[89,90],[93,94],[95,96],[102,103],[104,105]]...)
FIELD_BL ([], 90);	// 0 10 [[1,2],[3,4],[5,6],[80,81],[83,84],[89,90],[93,94],[95,96],[102,103],[104,105]]...)
FIELD_BL ([], 90);	// 0 10 [[1,2],[3,4],[5,6],[80,81],[83,84],[89,90],[93,94],[95,96],[102,103],[104,105]]...)
FIELD_BD ([], 30);	// 0.0 10 [[1,2],[3,4],[5,6],[80,81],[83,84],[89,90],[93,94],[95,96],[102,103],[104,105]]...)

Most probable result: (TODO)

ACDBASSOCVERTEXACTIONPARAM: 0x394 (193) test/test-data/example_2010.dxf:
1010100011110000011001110001101111100101000000010000011101001011110000000000011100100011100110100000010101110100110000011011000111010000001010000000100000000011000000001000010000000111001011011

[hdloff, strsize, commonsize, bitsize, hdlsize]=[169,2,29,19,34]
H330 8.0.0: 10000000 6 positions
BL90 0: 10 38 positions
TV1 : 010000000100000000 fixed = [140,157]
BL90 0: 10 38 positions
H330 4.2.396: 010000100000001110010110 fixed = [168,191]
BL90 0: 10 38 positions
BD10 -54.05474532926735: 001111000001100111000110111110010100000001000001110100101111000000 fixed = [7,72]
BD20 11789.64909083308: 0000000000000000000000000000000000000000000000000000000000000000 0 positions
BD30 0.0: 10 38 positions

fixed = [[7,72],[140,157],[168,191]]
sortd = [[7,72],[140,157],[160,167],[168,191]]

Definite result: 116/193	example_2010.dxf
----------------
HOLE([1,6],101010) len = 6
FIELD_BD ([], 10);	// -54.05474532926735 [7,72]
HOLE([73,139],0000011100100011100110100000010101110100110000011011000111010000001) len = 67
FIELD_TV ([], 1);	//  [140,157]
HOLE([158,159],01) len = 2
FIELD_H (ownerhandle, 330);	// 8.0.0 [160,167]
FIELD_H ([], 330);	// 4.2.396 [168,191]
HOLE([192,193],11) len = 2
----------------
Todo: 8 + 116 = 124, Missing: 69
FIELD_BL ([], 90);	// 0 10 [[1,2],[3,4],[5,6],[80,81],[83,84],[89,90],[93,94],[95,96],[102,103],[104,105]]...)
FIELD_BL ([], 90);	// 0 10 [[1,2],[3,4],[5,6],[80,81],[83,84],[89,90],[93,94],[95,96],[102,103],[104,105]]...)
FIELD_BL ([], 90);	// 0 10 [[1,2],[3,4],[5,6],[80,81],[83,84],[89,90],[93,94],[95,96],[102,103],[104,105]]...)
FIELD_BD ([], 30);	// 0.0 10 [[1,2],[3,4],[5,6],[80,81],[83,84],[89,90],[93,94],[95,96],[102,103],[104,105]]...)

Most probable result: (TODO)

ACDBASSOCVERTEXACTIONPARAM: 0x394 (208) test/test-data/example_2013.dxf:
0100000001101010001111000001100111000110111110010100000001000001110100101111000000000001110010001110011010000001010111010011000001101100011101000000101000000010000000001100000000100001000000011100101101111111

[hdloff, strsize, commonsize, bitsize, hdlsize]=[179,2,30,20,39]
H330 8.0.0: 10000000 7 positions
BL90 1: 0100000001 4 positions
BL90 0: 10 39 positions
TV1 : 010000000100000000 fixed = [150,167]
BL90 0: 10 39 positions
H330 4.2.396: 010000100000001110010110 fixed = [178,201]
BL90 0: 10 39 positions
BD10 -54.05474532926735: 001111000001100111000110111110010100000001000001110100101111000000 fixed = [17,82]
BD20 11789.64909083308: 0000000000000000000000000000000000000000000000000000000000000000 0 positions
BD30 0.0: 10 39 positions

fixed = [[17,82],[150,167],[178,201]]
sortd = [[1,10],[17,82],[150,167],[178,201]]

Definite result: 118/208	example_2013.dxf
----------------
FIELD_BL ([], 90);	// 1 [1,10]
HOLE([11,16],101010) len = 6
FIELD_BD ([], 10);	// -54.05474532926735 [17,82]
HOLE([83,149],0000011100100011100110100000010101110100110000011011000111010000001) len = 67
FIELD_TV ([], 1);	//  [150,167]
HOLE([168,177],0110000000) len = 10
FIELD_H ([], 330);	// 4.2.396 [178,201]
HOLE([202,208],1111111) len = 7
----------------
Todo: 16 + 118 = 134, Missing: 74
FIELD_H (ownerhandle, 330);	// 8.0.0 10000000 [[2,9],[170,177]]
FIELD_BL ([], 90);	// 0 10 [[2,3],[11,12],[13,14],[15,16],[90,91],[93,94],[99,100],[103,104],[105,106],[112,113]]...)
FIELD_BL ([], 90);	// 0 10 [[2,3],[11,12],[13,14],[15,16],[90,91],[93,94],[99,100],[103,104],[105,106],[112,113]]...)
FIELD_BL ([], 90);	// 0 10 [[2,3],[11,12],[13,14],[15,16],[90,91],[93,94],[99,100],[103,104],[105,106],[112,113]]...)
FIELD_BD ([], 30);	// 0.0 10 [[2,3],[11,12],[13,14],[15,16],[90,91],[93,94],[99,100],[103,104],[105,106],[112,113]]...)

Most probable result: (TODO)

