ACSH_HISTORY_CLASS: 0x2E4 (73) test/test-data/example_2007.dxf:
0100100001010001110101000000010001100000100000011001100100000001011100011

[hdloff, strsize, commonsize, bitsize, hdlsize]=[51,0,61,11,40]
H330 c.1.3: 1100000100000011 fixed = [34,49]
BL90 33: 0100100001 fixed = [1,10]
BL91 29: 0100011101 fixed = [11,20]
H360 8.0.0: 10000000 2 positions
BL92 1: 0100000001 2 positions
BS280 0: 10 15 positions
BS281 0: 10 15 positions

fixed = [[1,10],[11,20],[34,49]]
sortd = [[1,10],[11,20],[34,49]]

Definite result: 36/73	example_2007.dxf
----------------
FIELD_BL ([], 90);	// 33 [1,10]
FIELD_BL ([], 91);	// 29 [11,20]
HOLE([21,33],0100000001000) len = 13
FIELD_H (ownerhandle, 330);	// c.1.3 [34,49]
HOLE([50,73],001100100000001011100011) len = 24
----------------
Todo: 22 + 36 = 58, Missing: 15
FIELD_H ([], 360);	// 8.0.0 10000000 [[22,29],[56,63]]
FIELD_BL ([], 92);	// 1 0100000001 [[21,30],[55,64]]
FIELD_BS ([], 280);	// 0 10 [[22,23],[30,31],[53,54],[56,57],[64,65],[68,69]]
FIELD_BS ([], 281);	// 0 10 [[22,23],[30,31],[53,54],[56,57],[64,65],[68,69]]

Most probable result: (TODO)

ACSH_HISTORY_CLASS: 0x2E4 (73) test/test-data/example_2010.dxf:
0100100001010001110101000000010001100000100000011001100100000001011100011

[hdloff, strsize, commonsize, bitsize, hdlsize]=[43,0,29,7,40]
H330 c.1.3: 1100000100000011 fixed = [34,49]
BL90 33: 0100100001 fixed = [1,10]
BL91 29: 0100011101 fixed = [11,20]
H360 8.0.0: 10000000 2 positions
BL92 1: 0100000001 2 positions
BS280 0: 10 15 positions
BS281 0: 10 15 positions

fixed = [[1,10],[11,20],[34,49]]
sortd = [[1,10],[11,20],[34,49]]

Definite result: 36/73	example_2010.dxf
----------------
FIELD_BL ([], 90);	// 33 [1,10]
FIELD_BL ([], 91);	// 29 [11,20]
HOLE([21,33],0100000001000) len = 13
FIELD_H (ownerhandle, 330);	// c.1.3 [34,49]
HOLE([50,73],001100100000001011100011) len = 24
----------------
Todo: 22 + 36 = 58, Missing: 15
FIELD_H ([], 360);	// 8.0.0 10000000 [[22,29],[56,63]]
FIELD_BL ([], 92);	// 1 0100000001 [[21,30],[55,64]]
FIELD_BS ([], 280);	// 0 10 [[22,23],[30,31],[53,54],[56,57],[64,65],[68,69]]
FIELD_BS ([], 281);	// 0 10 [[22,23],[30,31],[53,54],[56,57],[64,65],[68,69]]

Most probable result: (TODO)

ACSH_HISTORY_CLASS: 0x2E4 (80) test/test-data/example_2013.dxf:
01001000010100011101010000000100011000001000000110011001000000010111000111111111

[hdloff, strsize, commonsize, bitsize, hdlsize]=[43,0,30,7,47]
H330 c.1.3: 1100000100000011 fixed = [34,49]
BL90 33: 0100100001 fixed = [1,10]
BL91 29: 0100011101 fixed = [11,20]
H360 3.2.2E3: 001100100000001011100011 fixed = [50,73]
BL92 1: 0100000001 2 positions
BS280 0: 10 15 positions
BS281 0: 10 15 positions

fixed = [[1,10],[11,20],[34,49],[50,73]]
sortd = [[1,10],[11,20],[34,49],[50,73]]

Definite result: 60/80	example_2013.dxf
----------------
FIELD_BL ([], 90);	// 33 [1,10]
FIELD_BL ([], 91);	// 29 [11,20]
HOLE([21,33],0100000001000) len = 13
FIELD_H (ownerhandle, 330);	// c.1.3 [34,49]
FIELD_H ([], 360);	// 3.2.2E3 [50,73]
HOLE([74,80],1111111) len = 7
----------------
Todo: 4 + 60 = 64, Missing: 16
FIELD_BS ([], 280);	// 0 10 [[22,23],[30,31]]
FIELD_BS ([], 281);	// 0 10 [[22,23],[30,31]]

Most probable result: (TODO)

