DBCOLOR: 0x1F05B9 (335) test/test-data/2004/CascoUrbano.dxf:
10001000100110110000111111111100001000000011010000011001000100010010010100001100100000001101100000000001000100110100010001001001010000110010000001000011010011110100110001001111010100100010000001000111010101010100100101000100010001010010100001010010001010010000000011000011000011101101000101001110010000110001000000110100011010111111111

[hdloff, strsize, commonsize, bitsize, hdlsize]=[282,0,4999,528,0]
H330 4.3.10346B: 01000011000100000011010001101011 fixed = [297,328]
H330 4.3.10346B: 01000011000100000011010001101011 Ignored overlap  fixed = [297,328]
TV430 DIC 6: 0100000110010001000100100101000011001000000011011000000000 fixed = [45,102]
TV430 DIC COLOR GUIDE(R): 010001001101000100010010010100001100100000010000110100111101001100010011110101001000100000010001110101010101001001010001000100010100101000010100100010100100000000 fixed = [103,264]

fixed = [[45,102],[103,264],[297,328]]
sortd = [[45,102],[103,264],[297,328],[297,328]]

Definite result: 284/335	2004/CascoUrbano.dxf
----------------
HOLE([1,44],10001000100110110000111111111100001000000011) len = 44
FIELD_TV (name, 430);	// DIC 6 [45,102]
FIELD_TV (catalog, 430);	// DIC COLOR GUIDE(R) [103,264]
HOLE([265,296],11000011000011101101000101001110) len = 32
FIELD_H (reactors[0], 330);	// 4.3.10346B [297,328]
FIELD_H (ownerhandle, 330);	// 4.3.10346B [297,328]
HOLE([329,335],1111111) len = 7
----------------
Todo: 0 + 284 = 284, Missing: 51

Most probable result: (TODO)

DBCOLOR: 0x1EB307 (351) test/test-data/2004/CascoUrbano.dxf:
100010001111100100101011000111000010000000110100001000010001000100100101000011001000000011010000110111001100010000000001000100110100010001001001010000110010000001000011010011110100110001001111010100100010000001000111010101010100100101000100010001010010100001010010001010010000000011000011000011100111111010011100010000110001000000110100011010111111111

[hdloff, strsize, commonsize, bitsize, hdlsize]=[298,0,6775,707,0]
H330 4.3.10346B: 01000011000100000011010001101011 fixed = [313,344]
H330 4.3.10346B: 01000011000100000011010001101011 Ignored overlap  fixed = [313,344]
TV430 DIC 471: 01000010000100010001001001010000110010000000110100001101110011000100000000 fixed = [45,118]
TV430 DIC COLOR GUIDE(R): 010001001101000100010010010100001100100000010000110100111101001100010011110101001000100000010001110101010101001001010001000100010100101000010100100010100100000000 fixed = [119,280]

fixed = [[45,118],[119,280],[313,344]]
sortd = [[45,118],[119,280],[313,344],[313,344]]

Definite result: 300/351	2004/CascoUrbano.dxf
----------------
HOLE([1,44],10001000111110010010101100011100001000000011) len = 44
FIELD_TV (name, 430);	// DIC 471 [45,118]
FIELD_TV (catalog, 430);	// DIC COLOR GUIDE(R) [119,280]
HOLE([281,312],11000011000011100111111010011100) len = 32
FIELD_H (reactors[0], 330);	// 4.3.10346B [313,344]
FIELD_H (ownerhandle, 330);	// 4.3.10346B [313,344]
HOLE([345,351],1111111) len = 7
----------------
Todo: 0 + 300 = 300, Missing: 51

Most probable result: (TODO)

DBCOLOR: 0x1EB306 (335) test/test-data/2004/CascoUrbano.dxf:
10001001001111010010111110001100001000000011010000011001000100010010010100001100100000001110000000000001000100110100010001001001010000110010000001000011010011110100110001001111010100100010000001000111010101010100100101000100010001010010100001010010001010010000000011000011000011100111111010011011010000110001000000110100011010111111111

[hdloff, strsize, commonsize, bitsize, hdlsize]=[282,0,6503,678,0]
H330 4.3.10346B: 01000011000100000011010001101011 fixed = [297,328]
H330 4.3.10346B: 01000011000100000011010001101011 Ignored overlap  fixed = [297,328]
TV430 DIC 8: 0100000110010001000100100101000011001000000011100000000000 fixed = [45,102]
TV430 DIC COLOR GUIDE(R): 010001001101000100010010010100001100100000010000110100111101001100010011110101001000100000010001110101010101001001010001000100010100101000010100100010100100000000 fixed = [103,264]

fixed = [[45,102],[103,264],[297,328]]
sortd = [[45,102],[103,264],[297,328],[297,328]]

Definite result: 284/335	2004/CascoUrbano.dxf
----------------
HOLE([1,44],10001001001111010010111110001100001000000011) len = 44
FIELD_TV (name, 430);	// DIC 8 [45,102]
FIELD_TV (catalog, 430);	// DIC COLOR GUIDE(R) [103,264]
HOLE([265,296],11000011000011100111111010011011) len = 32
FIELD_H (reactors[0], 330);	// 4.3.10346B [297,328]
FIELD_H (ownerhandle, 330);	// 4.3.10346B [297,328]
HOLE([329,335],1111111) len = 7
----------------
Todo: 0 + 284 = 284, Missing: 51

Most probable result: (TODO)

DBCOLOR: 0x20A (303) test/test-data/2004/Truecolor.dxf:
100010001001101011111111111111000010000000110100000110010001000100100101000011001000000011011000000000010001001101000100010010010100001100100000010000110100111101001100010011110101001000100000010001110101010101001001010001000100010100101000010100100010100100000000010000010111001101000001011100111111111

[hdloff, strsize, commonsize, bitsize, hdlsize]=[282,0,471,75,0]
H330 4.1.73: 0100000101110011 2 positions
H330 4.1.73: 0100000101110011 2 positions
distribute positions: H330 H330 
TV430 DIC 6: 0100000110010001000100100101000011001000000011011000000000 fixed = [45,102]
TV430 DIC COLOR GUIDE(R): 010001001101000100010010010100001100100000010000110100111101001100010011110101001000100000010001110101010101001001010001000100010100101000010100100010100100000000 fixed = [103,264]

fixed = [[45,102],[103,264],[265,280],[281,296]]
sortd = [[45,102],[103,264],[265,280],[281,296]]

Definite result: 252/303	2004/Truecolor.dxf
----------------
HOLE([1,44],10001000100110101111111111111100001000000011) len = 44
FIELD_TV (name, 430);	// DIC 6 [45,102]
FIELD_TV (catalog, 430);	// DIC COLOR GUIDE(R) [103,264]
FIELD_H (reactors[0], 330);	// 4.1.73 [265,280]
FIELD_H (ownerhandle, 330);	// 4.1.73 [281,296]
HOLE([297,303],1111111) len = 7
----------------
Todo: 0 + 252 = 252, Missing: 51

Most probable result: (TODO)

DBCOLOR: 0x1F05B9 (335) test/test-data/2004/hatch_color_ref.dxf:
10001000100110110000111111111100001000000011010000011001000100010010010100001100100000001101100000000001000100110100010001001001010000110010000001000011010011110100110001001111010100100010000001000111010101010100100101000100010001010010100001010010001010010000000011000011000011101101000101001110010000110001000000110100011010111111111

[hdloff, strsize, commonsize, bitsize, hdlsize]=[282,0,5751,603,0]
H330 4.3.10346B: 01000011000100000011010001101011 fixed = [297,328]
H330 4.3.10346B: 01000011000100000011010001101011 Ignored overlap  fixed = [297,328]
TV430 DIC 6: 0100000110010001000100100101000011001000000011011000000000 fixed = [45,102]
TV430 DIC COLOR GUIDE(R): 010001001101000100010010010100001100100000010000110100111101001100010011110101001000100000010001110101010101001001010001000100010100101000010100100010100100000000 fixed = [103,264]

fixed = [[45,102],[103,264],[297,328]]
sortd = [[45,102],[103,264],[297,328],[297,328]]

Definite result: 284/335	2004/hatch_color_ref.dxf
----------------
HOLE([1,44],10001000100110110000111111111100001000000011) len = 44
FIELD_TV (name, 430);	// DIC 6 [45,102]
FIELD_TV (catalog, 430);	// DIC COLOR GUIDE(R) [103,264]
HOLE([265,296],11000011000011101101000101001110) len = 32
FIELD_H (reactors[0], 330);	// 4.3.10346B [297,328]
FIELD_H (ownerhandle, 330);	// 4.3.10346B [297,328]
HOLE([329,335],1111111) len = 7
----------------
Todo: 0 + 284 = 284, Missing: 51

Most probable result: (TODO)

DBCOLOR: 0x1EB306 (335) test/test-data/2004/hatch_color_ref.dxf:
10001001001111010010111110001100001000000011010000011001000100010010010100001100100000001110000000000001000100110100010001001001010000110010000001000011010011110100110001001111010100100010000001000111010101010100100101000100010001010010100001010010001010010000000011000011000011100111111010011011010000110001000000110100011010111111111

[hdloff, strsize, commonsize, bitsize, hdlsize]=[282,0,7255,753,0]
H330 4.3.10346B: 01000011000100000011010001101011 fixed = [297,328]
H330 4.3.10346B: 01000011000100000011010001101011 Ignored overlap  fixed = [297,328]
TV430 DIC 8: 0100000110010001000100100101000011001000000011100000000000 fixed = [45,102]
TV430 DIC COLOR GUIDE(R): 010001001101000100010010010100001100100000010000110100111101001100010011110101001000100000010001110101010101001001010001000100010100101000010100100010100100000000 fixed = [103,264]

fixed = [[45,102],[103,264],[297,328]]
sortd = [[45,102],[103,264],[297,328],[297,328]]

Definite result: 284/335	2004/hatch_color_ref.dxf
----------------
HOLE([1,44],10001001001111010010111110001100001000000011) len = 44
FIELD_TV (name, 430);	// DIC 8 [45,102]
FIELD_TV (catalog, 430);	// DIC COLOR GUIDE(R) [103,264]
HOLE([265,296],11000011000011100111111010011011) len = 32
FIELD_H (reactors[0], 330);	// 4.3.10346B [297,328]
FIELD_H (ownerhandle, 330);	// 4.3.10346B [297,328]
HOLE([329,335],1111111) len = 7
----------------
Todo: 0 + 284 = 284, Missing: 51

Most probable result: (TODO)

