RAPIDRTRENDERSETTINGS: 0xA0F (464) test/test-data/2013/gh109_1.dxf:
01000000101011010000000101000000111001000001010100000001010000000101000000100000000000000000000000000000000000000000000000000000001000010000000000000000000000000000000000000000000000000000000000001000010000001010000000100101101010011101001000010101001010001011110001010000111010100100000000000000011010100000000001000000000000000101010010011100011001001101110110100110110011110100111011111100010101101010010110001100000000011100000100000010010000100000101000001101

[hdloff, strsize, commonsize, bitsize, hdlsize]=[434,198,38,47,40]
H330 c.1.2: 1100000100000010 fixed = [425,440]
H330 c.1.2: 1100000100000010 Ignored overlap  fixed = [425,440]
BL90 2: 0100000010 4 positions
B290 1: 0 345 positions
B290 0: 0 345 positions
B290 1: 0 345 positions
B290 1: 0 345 positions
BL90 1: 0100000001 4 positions
BL90 3: 0100000011 fixed = [25,34]
BS70 0: 10 81 positions
BL90 5: 0100000101 2 positions
BL90 1: 0100000001 4 positions
BS70 1: 0100000001 4 positions
BS70 2: 0100000010 4 positions
BD40 3.0: 000000000000000000000000000000000000000000000000000000100001000000 2 positions
BD40 3.0: 000000000000000000000000000000000000000000000000000000100001000000 2 positions
distribute positions: BD40 BD40 
B290 1: 0 345 positions

fixed = [[25,34],[77,142],[143,208],[425,440]]
sortd = [[25,34],[77,142],[143,208],[425,440],[425,440]]

Definite result: 174/464	2013/gh109_1.dxf
----------------
HOLE([1,24],010000001010110100000001) len = 24
FIELD_BL ([], 90);	// 3 [25,34]
HOLE([35,76],100100000101010000000101000000010100000010) len = 42
FIELD_BD ([], 40);	// 3.0 [77,142]
FIELD_BD ([], 40);	// 3.0 [143,208]
HOLE([209,424],101000000010010110101001110100100001010100101000101111000101000011101010010000000000000001101010000000000100000000000000010101001001110001100100110111011010011011001111010011101111110001010110101001011000110000000001) len = 216
FIELD_H (reactors[0], 330);	// c.1.2 [425,440]
FIELD_H (ownerhandle, 330);	// c.1.2 [425,440]
HOLE([441,464],010000100000101000001101) len = 24
----------------
Todo: 67 + 174 = 241, Missing: 223
FIELD_BL ([], 90);	// 2 0100000010 [[1,10],[67,76]]
FIELD_B ([], 290);	// 1 0 [[1,1],[3,3],[4,4],[5,5],[6,6],[7,7],[8,8],[10,10],[12,12],[15,15]]...)
FIELD_B ([], 290);	// 0 0 [[1,1],[3,3],[4,4],[5,5],[6,6],[7,7],[8,8],[10,10],[12,12],[15,15]]...)
FIELD_B ([], 290);	// 1 0 [[1,1],[3,3],[4,4],[5,5],[6,6],[7,7],[8,8],[10,10],[12,12],[15,15]]...)
FIELD_B ([], 290);	// 1 0 [[1,1],[3,3],[4,4],[5,5],[6,6],[7,7],[8,8],[10,10],[12,12],[15,15]]...)
FIELD_BL ([], 90);	// 1 0100000001 [[15,24],[47,56],[57,66],[210,219]]
FIELD_BS ([], 70);	// 0 10 [[2,3],[9,10],[11,12],[14,15],[16,17],[24,25],[35,36],[38,39],[44,45],[46,47]]...)
FIELD_BL ([], 90);	// 5 0100000101 [[37,46],[446,455]]
FIELD_BL ([], 90);	// 1 0100000001 [[15,24],[47,56],[57,66],[210,219]]
FIELD_BS ([], 70);	// 1 0100000001 [[15,24],[47,56],[57,66],[210,219]]
FIELD_BS ([], 70);	// 2 0100000010 [[1,10],[67,76]]
FIELD_B ([], 290);	// 1 0 [[1,1],[3,3],[4,4],[5,5],[6,6],[7,7],[8,8],[10,10],[12,12],[15,15]]...)

Most probable result: (TODO)

RAPIDRTRENDERSETTINGS: 0xA10 (480) test/test-data/2013/gh109_1.dxf:
010000001010110100000010010000001110010000101001000000010100000010010000001000000000000000000000000000000000000000000000000000000010000100000000000000000000000000000000000000000000000000000000000010000100000010100000001110110001001101010010000101110010100010111100010100001110101001000000000000000110001000000000011000000000000001000000000000000101010010011100011001001101110110100110110011110100111011111100010101101010010110101100000000011100000100000011010000100000101000001101

[hdloff, strsize, commonsize, bitsize, hdlsize]=[450,214,38,48,40]
H330 c.1.3: 1100000100000011 fixed = [441,456]
H330 c.1.3: 1100000100000011 Ignored overlap  fixed = [441,456]
BL90 2: 0100000010 5 positions
B290 1: 0 357 positions
B290 0: 0 357 positions
B290 1: 0 357 positions
B290 1: 0 357 positions
BL90 2: 0100000010 5 positions
BL90 3: 0100000011 2 positions
BS70 0: 10 80 positions
BL90 10: 0100001010 fixed = [37,46]
BL90 1: 0100000001 2 positions
BS70 2: 0100000010 5 positions
BS70 2: 0100000010 5 positions
BD40 3.0: 000000000000000000000000000000000000000000000000000000100001000000 2 positions
BD40 3.0: 000000000000000000000000000000000000000000000000000000100001000000 2 positions
distribute positions: BD40 BD40 
B290 1: 0 357 positions

fixed = [[37,46],[77,142],[143,208],[441,456]]
sortd = [[37,46],[77,142],[143,208],[441,456],[441,456]]

Definite result: 174/480	2013/gh109_1.dxf
----------------
HOLE([1,36],010000001010110100000010010000001110) len = 36
FIELD_BL ([], 90);	// 10 [37,46]
HOLE([47,76],010000000101000000100100000010) len = 30
FIELD_BD ([], 40);	// 3.0 [77,142]
FIELD_BD ([], 40);	// 3.0 [143,208]
HOLE([209,440],1010000000111011000100110101001000010111001010001011110001010000111010100100000000000000011000100000000001100000000000000100000000000000010101001001110001100100110111011010011011001111010011101111110001010110101001011010110000000001) len = 232
FIELD_H (reactors[0], 330);	// c.1.3 [441,456]
FIELD_H (ownerhandle, 330);	// c.1.3 [441,456]
HOLE([457,480],010000100000101000001101) len = 24
----------------
Todo: 57 + 174 = 231, Missing: 249
FIELD_BL ([], 90);	// 2 0100000010 [[1,10],[15,24],[57,66],[67,76]]
FIELD_B ([], 290);	// 1 0 [[1,1],[3,3],[4,4],[5,5],[6,6],[7,7],[8,8],[10,10],[12,12],[15,15]]...)
FIELD_B ([], 290);	// 0 0 [[1,1],[3,3],[4,4],[5,5],[6,6],[7,7],[8,8],[10,10],[12,12],[15,15]]...)
FIELD_B ([], 290);	// 1 0 [[1,1],[3,3],[4,4],[5,5],[6,6],[7,7],[8,8],[10,10],[12,12],[15,15]]...)
FIELD_B ([], 290);	// 1 0 [[1,1],[3,3],[4,4],[5,5],[6,6],[7,7],[8,8],[10,10],[12,12],[15,15]]...)
FIELD_BL ([], 90);	// 2 0100000010 [[1,10],[15,24],[57,66],[67,76]]
FIELD_BS ([], 70);	// 0 10 [[2,3],[9,10],[11,12],[14,15],[16,17],[23,24],[26,27],[35,36],[48,49],[56,57]]...)
FIELD_BL ([], 90);	// 1 0100000001 [[47,56],[210,219]]
FIELD_BS ([], 70);	// 2 0100000010 [[1,10],[15,24],[57,66],[67,76]]
FIELD_BS ([], 70);	// 2 0100000010 [[1,10],[15,24],[57,66],[67,76]]
FIELD_B ([], 290);	// 1 0 [[1,1],[3,3],[4,4],[5,5],[6,6],[7,7],[8,8],[10,10],[12,12],[15,15]]...)

Most probable result: (TODO)

RAPIDRTRENDERSETTINGS: 0xA11 (488) test/test-data/2013/gh109_1.dxf:
01000000101011010000001101000000110100000001010000000101000010100100000001010000001000000000000000000000000000000000000000000000000000000010000100000000000000000000000000000000000000000000000000000000000010000100000010100000100001101101000001101000111011010110010100010001101110011111001000110010000100000110010011011101101001101100111001000000000000000110001000000000011000000000000001000000000000000000110010100101001111110010100110101100000000011100000100000100010000100000101000001101

[hdloff, strsize, commonsize, bitsize, hdlsize]=[458,214,38,49,40]
H330 c.1.4: 1100000100000100 fixed = [449,464]
H330 c.1.4: 1100000100000100 Ignored overlap  fixed = [449,464]
BL90 2: 0100000010 3 positions
B290 1: 0 369 positions
B290 0: 0 369 positions
B290 1: 0 369 positions
B290 1: 0 369 positions
BL90 3: 0100000011 2 positions
BL90 3: 0100000011 2 positions
distribute positions: BL90 BL90 
BS70 1: 0100000001 3 positions
BL90 1: 0100000001 3 positions
BL90 10: 0100001010 fixed = [55,64]
BS70 1: 0100000001 3 positions
distribute positions: BS70 BL90 BS70 
BS70 2: 0100000010 3 positions
BD40 3.0: 000000000000000000000000000000000000000000000000000000100001000000 2 positions
BD40 3.0: 000000000000000000000000000000000000000000000000000000100001000000 2 positions
distribute positions: BD40 BD40 
B290 1: 0 369 positions

fixed = [[15,24],[25,34],[35,44],[45,54],[55,64],[65,74],[85,150],[151,216],[449,464]]
sortd = [[15,24],[25,34],[35,44],[45,54],[55,64],[65,74],[85,150],[151,216],[449,464],[449,464]]

Definite result: 224/488	2013/gh109_1.dxf
----------------
HOLE([1,14],01000000101011) len = 14
FIELD_BL ([], 90);	// 3 [15,24]
FIELD_BL ([], 90);	// 3 [25,34]
FIELD_BS ([], 70);	// 1 [35,44]
FIELD_BL ([], 90);	// 1 [45,54]
FIELD_BL ([], 90);	// 10 [55,64]
FIELD_BS ([], 70);	// 1 [65,74]
HOLE([75,84],0100000010) len = 10
FIELD_BD ([], 40);	// 3.0 [85,150]
FIELD_BD ([], 40);	// 3.0 [151,216]
HOLE([217,448],1010000010000110110100000110100011101101011001010001000110111001111100100011001000010000011001001101110110100110110011100100000000000000011000100000000001100000000000000100000000000000000011001010010100111111001010011010110000000001) len = 232
FIELD_H (reactors[0], 330);	// c.1.4 [449,464]
FIELD_H (ownerhandle, 330);	// c.1.4 [449,464]
HOLE([465,488],010000100000101000001101) len = 24
----------------
Todo: 25 + 224 = 249, Missing: 239
FIELD_BL ([], 90);	// 2 0100000010 [[1,10],[75,84]]
FIELD_B ([], 290);	// 1 0 [[1,1],[3,3],[4,4],[5,5],[6,6],[7,7],[8,8],[10,10],[12,12],[75,75]]...)
FIELD_B ([], 290);	// 0 0 [[1,1],[3,3],[4,4],[5,5],[6,6],[7,7],[8,8],[10,10],[12,12],[75,75]]...)
FIELD_B ([], 290);	// 1 0 [[1,1],[3,3],[4,4],[5,5],[6,6],[7,7],[8,8],[10,10],[12,12],[75,75]]...)
FIELD_B ([], 290);	// 1 0 [[1,1],[3,3],[4,4],[5,5],[6,6],[7,7],[8,8],[10,10],[12,12],[75,75]]...)
FIELD_BS ([], 70);	// 2 0100000010 [[1,10],[75,84]]
FIELD_B ([], 290);	// 1 0 [[1,1],[3,3],[4,4],[5,5],[6,6],[7,7],[8,8],[10,10],[12,12],[75,75]]...)

Most probable result: (TODO)

RAPIDRTRENDERSETTINGS: 0xA12 (488) test/test-data/2013/gh109_1.dxf:
01000000101011010000010001000000110100000001010000000101001111000100000010010000001000000000000000000000000000000000000000000000000000000010000100000000000000000000000000000000000000000000000000000000000010000100000010100000100010010000101001100010000100110010010100010001101110011111001000110010000100000110010011011101101001101100111001000000000000000110110000000000011000000000000001000000000000000000110010100101001111110010100110101100000000011100000100000101010000100000101000001101

[hdloff, strsize, commonsize, bitsize, hdlsize]=[458,214,38,49,40]
H330 c.1.5: 1100000100000101 fixed = [449,464]
H330 c.1.5: 1100000100000101 Ignored overlap  fixed = [449,464]
BL90 2: 0100000010 4 positions
B290 1: 0 371 positions
B290 0: 0 371 positions
B290 1: 0 371 positions
B290 1: 0 371 positions
BL90 4: 0100000100 2 positions
BL90 3: 0100000011 fixed = [25,34]
BS70 1: 0100000001 2 positions
BL90 1: 0100000001 2 positions
distribute positions: BS70 BL90 
BL90 60: 0100111100 fixed = [55,64]
BS70 2: 0100000010 4 positions
BS70 2: 0100000010 4 positions
BD40 3.0: 000000000000000000000000000000000000000000000000000000100001000000 2 positions
BD40 3.0: 000000000000000000000000000000000000000000000000000000100001000000 2 positions
distribute positions: BD40 BD40 
B290 1: 0 371 positions

fixed = [[25,34],[35,44],[45,54],[55,64],[85,150],[151,216],[449,464]]
sortd = [[25,34],[35,44],[45,54],[55,64],[85,150],[151,216],[449,464],[449,464]]

Definite result: 204/488	2013/gh109_1.dxf
----------------
HOLE([1,24],010000001010110100000100) len = 24
FIELD_BL ([], 90);	// 3 [25,34]
FIELD_BS ([], 70);	// 1 [35,44]
FIELD_BL ([], 90);	// 1 [45,54]
FIELD_BL ([], 90);	// 60 [55,64]
HOLE([65,84],01000000100100000010) len = 20
FIELD_BD ([], 40);	// 3.0 [85,150]
FIELD_BD ([], 40);	// 3.0 [151,216]
HOLE([217,448],1010000010001001000010100110001000010011001001010001000110111001111100100011001000010000011001001101110110100110110011100100000000000000011011000000000001100000000000000100000000000000000011001010010100111111001010011010110000000001) len = 232
FIELD_H (reactors[0], 330);	// c.1.5 [449,464]
FIELD_H (ownerhandle, 330);	// c.1.5 [449,464]
HOLE([465,488],010000100000101000001101) len = 24
----------------
Todo: 45 + 204 = 249, Missing: 239
FIELD_BL ([], 90);	// 2 0100000010 [[1,10],[65,74],[75,84]]
FIELD_B ([], 290);	// 1 0 [[1,1],[3,3],[4,4],[5,5],[6,6],[7,7],[8,8],[10,10],[12,12],[15,15]]...)
FIELD_B ([], 290);	// 0 0 [[1,1],[3,3],[4,4],[5,5],[6,6],[7,7],[8,8],[10,10],[12,12],[15,15]]...)
FIELD_B ([], 290);	// 1 0 [[1,1],[3,3],[4,4],[5,5],[6,6],[7,7],[8,8],[10,10],[12,12],[15,15]]...)
FIELD_B ([], 290);	// 1 0 [[1,1],[3,3],[4,4],[5,5],[6,6],[7,7],[8,8],[10,10],[12,12],[15,15]]...)
FIELD_BL ([], 90);	// 4 0100000100 [[15,24],[218,227]]
FIELD_BS ([], 70);	// 2 0100000010 [[1,10],[65,74],[75,84]]
FIELD_BS ([], 70);	// 2 0100000010 [[1,10],[65,74],[75,84]]
FIELD_B ([], 290);	// 1 0 [[1,1],[3,3],[4,4],[5,5],[6,6],[7,7],[8,8],[10,10],[12,12],[15,15]]...)

Most probable result: (TODO)

RAPIDRTRENDERSETTINGS: 0xA13 (512) test/test-data/2013/gh109_1.dxf:
01000000101011010000010101000000110100000001010000000100110100000000001000000000000000000100000010010000001000000000000000000000000000000000000000000000000000000010000100000000000000000000000000000000000000000000000000000000000010000100000010100000100000111000101100111110100100101010010100010001101110011111001000110010000100000110010011011101101001101100111001000000000000000110001000000000011001000000000001000000000000000001111010111001111011001100101110101100000000011100000100000110010000100000101000001101

[hdloff, strsize, commonsize, bitsize, hdlsize]=[482,214,38,52,40]
H330 c.1.6: 1100000100000110 fixed = [473,488]
H330 c.1.6: 1100000100000110 Ignored overlap  fixed = [473,488]
BL90 2: 0100000010 4 positions
B290 1: 0 386 positions
B290 0: 0 386 positions
B290 1: 0 386 positions
B290 1: 0 386 positions
BL90 5: 0100000101 2 positions
BL90 3: 0100000011 fixed = [25,34]
BS70 1: 0100000001 2 positions
BL90 1: 0100000001 2 positions
distribute positions: BS70 BL90 
BL90 720: 0011010000000000100000000000000000 fixed = [55,88]
BS70 2: 0100000010 4 positions
BS70 2: 0100000010 4 positions
BD40 3.0: 000000000000000000000000000000000000000000000000000000100001000000 2 positions
BD40 3.0: 000000000000000000000000000000000000000000000000000000100001000000 2 positions
distribute positions: BD40 BD40 
B290 1: 0 386 positions

fixed = [[25,34],[35,44],[45,54],[55,88],[109,174],[175,240],[473,488]]
sortd = [[25,34],[35,44],[45,54],[55,88],[109,174],[175,240],[473,488],[473,488]]

Definite result: 228/512	2013/gh109_1.dxf
----------------
HOLE([1,24],010000001010110100000101) len = 24
FIELD_BL ([], 90);	// 3 [25,34]
FIELD_BS ([], 70);	// 1 [35,44]
FIELD_BL ([], 90);	// 1 [45,54]
FIELD_BL ([], 90);	// 720 [55,88]
HOLE([89,108],01000000100100000010) len = 20
FIELD_BD ([], 40);	// 3.0 [109,174]
FIELD_BD ([], 40);	// 3.0 [175,240]
HOLE([241,472],1010000010000011100010110011111010010010101001010001000110111001111100100011001000010000011001001101110110100110110011100100000000000000011000100000000001100100000000000100000000000000000111101011100111101100110010111010110000000001) len = 232
FIELD_H (reactors[0], 330);	// c.1.6 [473,488]
FIELD_H (ownerhandle, 330);	// c.1.6 [473,488]
HOLE([489,512],010000100000101000001101) len = 24
----------------
Todo: 45 + 228 = 273, Missing: 239
FIELD_BL ([], 90);	// 2 0100000010 [[1,10],[89,98],[99,108]]
FIELD_B ([], 290);	// 1 0 [[1,1],[3,3],[4,4],[5,5],[6,6],[7,7],[8,8],[10,10],[12,12],[15,15]]...)
FIELD_B ([], 290);	// 0 0 [[1,1],[3,3],[4,4],[5,5],[6,6],[7,7],[8,8],[10,10],[12,12],[15,15]]...)
FIELD_B ([], 290);	// 1 0 [[1,1],[3,3],[4,4],[5,5],[6,6],[7,7],[8,8],[10,10],[12,12],[15,15]]...)
FIELD_B ([], 290);	// 1 0 [[1,1],[3,3],[4,4],[5,5],[6,6],[7,7],[8,8],[10,10],[12,12],[15,15]]...)
FIELD_BL ([], 90);	// 5 0100000101 [[15,24],[494,503]]
FIELD_BS ([], 70);	// 2 0100000010 [[1,10],[89,98],[99,108]]
FIELD_BS ([], 70);	// 2 0100000010 [[1,10],[89,98],[99,108]]
FIELD_B ([], 290);	// 1 0 [[1,1],[3,3],[4,4],[5,5],[6,6],[7,7],[8,8],[10,10],[12,12],[15,15]]...)

Most probable result: (TODO)

RAPIDRTRENDERSETTINGS: 0xA0E (440) test/test-data/2013/gh109_1.dxf:
01000000101011100100000011100100000001010000000110010000001000000000000000000000000000000000000000000000000000000010000100000000000000000000000000000000000000000000000000000000000010000100000010100000001010011100100111110010000101010010100010111100010100001110101001000000000000000110001000000000010000000000000001010100100111000110010011011101101001101100111101001110111111000101011010100101100011000000000110000000010000100000101000001101

[hdloff, strsize, commonsize, bitsize, hdlsize]=[418,198,38,45,32]
H330 8.0.0: 10000000 10 positions
H330 8.0.0: 10000000 10 positions
BL90 2: 0100000010 3 positions
B290 1: 0 327 positions
B290 0: 0 327 positions
B290 1: 0 327 positions
B290 1: 0 327 positions
BL90 0: 10 71 positions
BL90 3: 0100000011 fixed = [17,26]
BS70 0: 10 71 positions
BL90 1: 0100000001 3 positions
BL90 1: 0100000001 3 positions
BS70 0: 10 71 positions
BS70 2: 0100000010 3 positions
BD40 3.0: 000000000000000000000000000000000000000000000000000000100001000000 2 positions
BD40 3.0: 000000000000000000000000000000000000000000000000000000100001000000 2 positions
distribute positions: BD40 BD40 
B290 1: 0 327 positions

fixed = [[17,26],[61,126],[127,192]]
sortd = [[17,26],[61,126],[127,192]]

Definite result: 142/440	2013/gh109_1.dxf
----------------
HOLE([1,16],0100000010101110) len = 16
FIELD_BL ([], 90);	// 3 [17,26]
HOLE([27,60],1001000000010100000001100100000010) len = 34
FIELD_BD ([], 40);	// 3.0 [61,126]
FIELD_BD ([], 40);	// 3.0 [127,192]
HOLE([193,440],10100000001010011100100111110010000101010010100010111100010100001110101001000000000000000110001000000000010000000000000001010100100111000110010011011101101001101100111101001110111111000101011010100101100011000000000110000000010000100000101000001101) len = 248
----------------
Todo: 67 + 142 = 209, Missing: 231
FIELD_H (reactors[0], 330);	// 8.0.0 10000000 [[30,37],[40,47],[59,66],[195,202],[266,273],[287,294],[298,305],[398,405],[409,416]]
FIELD_H (ownerhandle, 330);	// 8.0.0 10000000 [[30,37],[40,47],[59,66],[195,202],[266,273],[287,294],[298,305],[398,405],[409,416]]
FIELD_BL ([], 90);	// 2 0100000010 [[1,10],[51,60]]
FIELD_B ([], 290);	// 1 0 [[1,1],[3,3],[4,4],[5,5],[6,6],[7,7],[8,8],[10,10],[12,12],[16,16]]...)
FIELD_B ([], 290);	// 0 0 [[1,1],[3,3],[4,4],[5,5],[6,6],[7,7],[8,8],[10,10],[12,12],[16,16]]...)
FIELD_B ([], 290);	// 1 0 [[1,1],[3,3],[4,4],[5,5],[6,6],[7,7],[8,8],[10,10],[12,12],[16,16]]...)
FIELD_B ([], 290);	// 1 0 [[1,1],[3,3],[4,4],[5,5],[6,6],[7,7],[8,8],[10,10],[12,12],[16,16]]...)
FIELD_BL ([], 90);	// 0 10 [[2,3],[9,10],[11,12],[15,16],[27,28],[30,31],[38,39],[40,41],[49,50],[52,53]]...)
FIELD_BS ([], 70);	// 0 10 [[2,3],[9,10],[11,12],[15,16],[27,28],[30,31],[38,39],[40,41],[49,50],[52,53]]...)
FIELD_BL ([], 90);	// 1 0100000001 [[29,38],[39,48],[194,203]]
FIELD_BL ([], 90);	// 1 0100000001 [[29,38],[39,48],[194,203]]
FIELD_BS ([], 70);	// 0 10 [[2,3],[9,10],[11,12],[15,16],[27,28],[30,31],[38,39],[40,41],[49,50],[52,53]]...)
FIELD_BS ([], 70);	// 2 0100000010 [[1,10],[51,60]]
FIELD_B ([], 290);	// 1 0 [[1,1],[3,3],[4,4],[5,5],[6,6],[7,7],[8,8],[10,10],[12,12],[16,16]]...)

Most probable result: (TODO)

RAPIDRTRENDERSETTINGS: 0x18DB (800) test/test-data/2013/gh55-ltype.dxf:
01000000101011010000000101000000111001000001010100000001010000000101000000100000000000000000000000000000000000000000000000000000001000010000000000000000000000000000000000000000000000000000000000001000010000001010000011001001101000000000110010100000000011001000000000001101001000000000111010100000000011011010000000010010001101001000001000000000111000000000000011100000000000001101100000000000110100100000000011001010000000001110011000000000010000000000000001101010000000000100000000000000111001000000000011001010000000001101110000000000110010000000000011001010000000001110010000000000110100100000000011011100000000001100111000000000010000000000000011011000000000001100101000000000111011000000000011001010000000001101100000000000111001100000000000101100000001011100000100000010010000100001100011011001

[hdloff, strsize, commonsize, bitsize, hdlsize]=[770,534,38,80,40]
H330 c.1.2: 1100000100000010 fixed = [761,776]
H330 c.1.2: 1100000100000010 Ignored overlap  fixed = [761,776]
BL90 2: 0100000010 4 positions
B290 1: 0 628 positions
B290 0: 0 628 positions
B290 1: 0 628 positions
B290 1: 0 628 positions
BL90 1: 0100000001 3 positions
BL90 3: 0100000011 fixed = [25,34]
BS70 0: 10 111 positions
BL90 5: 0100000101 fixed = [37,46]
BL90 1: 0100000001 3 positions
BS70 1: 0100000001 3 positions
distribute positions: BL90 BL90 BS70 
BS70 2: 0100000010 4 positions
BD40 3.0: 000000000000000000000000000000000000000000000000000000100001000000 2 positions
BD40 3.0: 000000000000000000000000000000000000000000000000000000100001000000 2 positions
distribute positions: BD40 BD40 
B290 1: 0 628 positions

fixed = [[15,24],[25,34],[37,46],[47,56],[57,66],[77,142],[143,208],[761,776]]
sortd = [[15,24],[25,34],[37,46],[47,56],[57,66],[77,142],[143,208],[761,776],[761,776]]

Definite result: 214/800	2013/gh55-ltype.dxf
----------------
HOLE([1,14],01000000101011) len = 14
FIELD_BL ([], 90);	// 1 [15,24]
FIELD_BL ([], 90);	// 3 [25,34]
HOLE([35,36],10) len = 2
FIELD_BL ([], 90);	// 5 [37,46]
FIELD_BL ([], 90);	// 1 [47,56]
FIELD_BS ([], 70);	// 1 [57,66]
HOLE([67,76],0100000010) len = 10
FIELD_BD ([], 40);	// 3.0 [77,142]
FIELD_BD ([], 40);	// 3.0 [143,208]
HOLE([209,760],101000001100100110100000000011001010000000001100100000000000110100100000000011101010000000001101101000000001001000110100100000100000000011100000000000001110000000000000110110000000000011010010000000001100101000000000111001100000000001000000000000000110101000000000010000000000000011100100000000001100101000000000110111000000000011001000000000001100101000000000111001000000000011010010000000001101110000000000110011100000000001000000000000001101100000000000110010100000000011101100000000001100101000000000110110000000000011100110000000000010110000000101) len = 552
FIELD_H (reactors[0], 330);	// c.1.2 [761,776]
FIELD_H (ownerhandle, 330);	// c.1.2 [761,776]
HOLE([777,800],010000100001100011011001) len = 24
----------------
Todo: 27 + 214 = 241, Missing: 559
FIELD_BL ([], 90);	// 2 0100000010 [[1,10],[67,76]]
FIELD_B ([], 290);	// 1 0 [[1,1],[3,3],[4,4],[5,5],[6,6],[7,7],[8,8],[10,10],[12,12],[36,36]]...)
FIELD_B ([], 290);	// 0 0 [[1,1],[3,3],[4,4],[5,5],[6,6],[7,7],[8,8],[10,10],[12,12],[36,36]]...)
FIELD_B ([], 290);	// 1 0 [[1,1],[3,3],[4,4],[5,5],[6,6],[7,7],[8,8],[10,10],[12,12],[36,36]]...)
FIELD_B ([], 290);	// 1 0 [[1,1],[3,3],[4,4],[5,5],[6,6],[7,7],[8,8],[10,10],[12,12],[36,36]]...)
FIELD_BS ([], 70);	// 0 10 [[2,3],[9,10],[11,12],[14,15],[35,36],[68,69],[75,76],[209,210],[211,212],[218,219]]...)
FIELD_BS ([], 70);	// 2 0100000010 [[1,10],[67,76]]
FIELD_B ([], 290);	// 1 0 [[1,1],[3,3],[4,4],[5,5],[6,6],[7,7],[8,8],[10,10],[12,12],[36,36]]...)

Most probable result: (TODO)

RAPIDRTRENDERSETTINGS: 0x18DC (784) test/test-data/2013/gh55-ltype.dxf:
0100000010101101000000100100000011100100001010010000000101000000100100000010000000000000000000000000000000000000000000000000000000100001000000000000000000000000000000000000000000000000000000000000100001000000101000001000100100000000000011010010000000001100111000000000110100000000000100100011011010000010000000001110000000000000111000000000000011011000000000001101001000000000110010100000000011100110000000000100000000000000011000100000000001100000000000000100000000000000111001000000000011001010000000001101110000000000110010000000000011001010000000001110010000000000110100100000000011011100000000001100111000000000010000000000000011011000000000001100101000000000111011000000000011001010000000001101100000000000111001100000000000001100000001011100000100000011010000100001100011011001

[hdloff, strsize, commonsize, bitsize, hdlsize]=[754,518,38,79,40]
H330 c.1.3: 1100000100000011 fixed = [745,760]
H330 c.1.3: 1100000100000011 Ignored overlap  fixed = [745,760]
BL90 2: 0100000010 5 positions
B290 1: 0 622 positions
B290 0: 0 622 positions
B290 1: 0 622 positions
B290 1: 0 622 positions
BL90 2: 0100000010 5 positions
BL90 3: 0100000011 2 positions
BS70 0: 10 102 positions
BL90 10: 0100001010 fixed = [37,46]
BL90 1: 0100000001 fixed = [47,56]
BS70 2: 0100000010 5 positions
BS70 2: 0100000010 5 positions
BD40 3.0: 000000000000000000000000000000000000000000000000000000100001000000 2 positions
BD40 3.0: 000000000000000000000000000000000000000000000000000000100001000000 2 positions
distribute positions: BD40 BD40 
B290 1: 0 622 positions

fixed = [[37,46],[47,56],[77,142],[143,208],[745,760]]
sortd = [[37,46],[47,56],[77,142],[143,208],[745,760],[745,760]]

Definite result: 184/784	2013/gh55-ltype.dxf
----------------
HOLE([1,36],010000001010110100000010010000001110) len = 36
FIELD_BL ([], 90);	// 10 [37,46]
FIELD_BL ([], 90);	// 1 [47,56]
HOLE([57,76],01000000100100000010) len = 20
FIELD_BD ([], 40);	// 3.0 [77,142]
FIELD_BD ([], 40);	// 3.0 [143,208]
HOLE([209,744],10100000100010010000000000001101001000000000110011100000000011010000000000010010001101101000001000000000111000000000000011100000000000001101100000000000110100100000000011001010000000001110011000000000010000000000000001100010000000000110000000000000010000000000000011100100000000001100101000000000110111000000000011001000000000001100101000000000111001000000000011010010000000001101110000000000110011100000000001000000000000001101100000000000110010100000000011101100000000001100101000000000110110000000000011100110000000000000110000000101) len = 536
FIELD_H (reactors[0], 330);	// c.1.3 [745,760]
FIELD_H (ownerhandle, 330);	// c.1.3 [745,760]
HOLE([761,784],010000100001100011011001) len = 24
----------------
Todo: 47 + 184 = 231, Missing: 553
FIELD_BL ([], 90);	// 2 0100000010 [[1,10],[15,24],[57,66],[67,76]]
FIELD_B ([], 290);	// 1 0 [[1,1],[3,3],[4,4],[5,5],[6,6],[7,7],[8,8],[10,10],[12,12],[15,15]]...)
FIELD_B ([], 290);	// 0 0 [[1,1],[3,3],[4,4],[5,5],[6,6],[7,7],[8,8],[10,10],[12,12],[15,15]]...)
FIELD_B ([], 290);	// 1 0 [[1,1],[3,3],[4,4],[5,5],[6,6],[7,7],[8,8],[10,10],[12,12],[15,15]]...)
FIELD_B ([], 290);	// 1 0 [[1,1],[3,3],[4,4],[5,5],[6,6],[7,7],[8,8],[10,10],[12,12],[15,15]]...)
FIELD_BL ([], 90);	// 2 0100000010 [[1,10],[15,24],[57,66],[67,76]]
FIELD_BS ([], 70);	// 0 10 [[2,3],[9,10],[11,12],[14,15],[16,17],[23,24],[26,27],[35,36],[58,59],[65,66]]...)
FIELD_BS ([], 70);	// 2 0100000010 [[1,10],[15,24],[57,66],[67,76]]
FIELD_BS ([], 70);	// 2 0100000010 [[1,10],[15,24],[57,66],[67,76]]
FIELD_B ([], 290);	// 1 0 [[1,1],[3,3],[4,4],[5,5],[6,6],[7,7],[8,8],[10,10],[12,12],[15,15]]...)

Most probable result: (TODO)

RAPIDRTRENDERSETTINGS: 0x18DD (968) test/test-data/2013/gh55-ltype.dxf:
01000000101011010000001101000000110100000001010000000101000010100100000001010000001000000000000000000000000000000000000000000000000000000010000100000000000000000000000000000000000000000000000000000000000010000100000010100010100010000110000000001101111000000000110011000000000011001100000000001100101000000000110010100000000001011010000000001000010000000000111001000000000011001010000000001100001000000000110101100000000001000000000000001010001000000000111010100000000011000010000000001101100000000000110100100000000011101000000000001111001000000001001000101100101001000000000011001010000000001101110000000000110010000000000011001010000000001110010000000000111001100000000001000000000000001100110000000000110111100000000011100100000000000100000000000000011000100000000001100000000000000100000000000000110110100000000011010010000000001101110000000000111010100000000011101000000000001100101000000000111001100000000101101100000001011100000100000100010000100001100011011001

[hdloff, strsize, commonsize, bitsize, hdlsize]=[938,694,38,97,40]
H330 c.1.4: 1100000100000100 fixed = [929,944]
H330 c.1.4: 1100000100000100 Ignored overlap  fixed = [929,944]
BL90 2: 0100000010 3 positions
B290 1: 0 755 positions
B290 0: 0 755 positions
B290 1: 0 755 positions
B290 1: 0 755 positions
BL90 3: 0100000011 2 positions
BL90 3: 0100000011 2 positions
distribute positions: BL90 BL90 
BS70 1: 0100000001 3 positions
BL90 1: 0100000001 3 positions
BL90 10: 0100001010 fixed = [55,64]
BS70 1: 0100000001 3 positions
distribute positions: BS70 BL90 BS70 
BS70 2: 0100000010 3 positions
BD40 3.0: 000000000000000000000000000000000000000000000000000000100001000000 2 positions
BD40 3.0: 000000000000000000000000000000000000000000000000000000100001000000 2 positions
distribute positions: BD40 BD40 
B290 1: 0 755 positions

fixed = [[15,24],[25,34],[35,44],[45,54],[55,64],[65,74],[85,150],[151,216],[929,944]]
sortd = [[15,24],[25,34],[35,44],[45,54],[55,64],[65,74],[85,150],[151,216],[929,944],[929,944]]

Definite result: 224/968	2013/gh55-ltype.dxf
----------------
HOLE([1,14],01000000101011) len = 14
FIELD_BL ([], 90);	// 3 [15,24]
FIELD_BL ([], 90);	// 3 [25,34]
FIELD_BS ([], 70);	// 1 [35,44]
FIELD_BL ([], 90);	// 1 [45,54]
FIELD_BL ([], 90);	// 10 [55,64]
FIELD_BS ([], 70);	// 1 [65,74]
HOLE([75,84],0100000010) len = 10
FIELD_BD ([], 40);	// 3.0 [85,150]
FIELD_BD ([], 40);	// 3.0 [151,216]
HOLE([217,928],1010001010001000011000000000110111100000000011001100000000001100110000000000110010100000000011001010000000000101101000000000100001000000000011100100000000001100101000000000110000100000000011010110000000000100000000000000101000100000000011101010000000001100001000000000110110000000000011010010000000001110100000000000111100100000000100100010110010100100000000001100101000000000110111000000000011001000000000001100101000000000111001000000000011100110000000000100000000000000110011000000000011011110000000001110010000000000010000000000000001100010000000000110000000000000010000000000000011011010000000001101001000000000110111000000000011101010000000001110100000000000110010100000000011100110000000010110110000000101) len = 712
FIELD_H (reactors[0], 330);	// c.1.4 [929,944]
FIELD_H (ownerhandle, 330);	// c.1.4 [929,944]
HOLE([945,968],010000100001100011011001) len = 24
----------------
Todo: 25 + 224 = 249, Missing: 719
FIELD_BL ([], 90);	// 2 0100000010 [[1,10],[75,84]]
FIELD_B ([], 290);	// 1 0 [[1,1],[3,3],[4,4],[5,5],[6,6],[7,7],[8,8],[10,10],[12,12],[75,75]]...)
FIELD_B ([], 290);	// 0 0 [[1,1],[3,3],[4,4],[5,5],[6,6],[7,7],[8,8],[10,10],[12,12],[75,75]]...)
FIELD_B ([], 290);	// 1 0 [[1,1],[3,3],[4,4],[5,5],[6,6],[7,7],[8,8],[10,10],[12,12],[75,75]]...)
FIELD_B ([], 290);	// 1 0 [[1,1],[3,3],[4,4],[5,5],[6,6],[7,7],[8,8],[10,10],[12,12],[75,75]]...)
FIELD_BS ([], 70);	// 2 0100000010 [[1,10],[75,84]]
FIELD_B ([], 290);	// 1 0 [[1,1],[3,3],[4,4],[5,5],[6,6],[7,7],[8,8],[10,10],[12,12],[75,75]]...)

Most probable result: (TODO)

RAPIDRTRENDERSETTINGS: 0x18DE (856) test/test-data/2013/gh55-ltype.dxf:
0100000010101101000001000100000011010000000101000000010100111100010000001001000000100000000000000000000000000000000000000000000000000000001000010000000000000000000000000000000000000000000000000000000000001000010000001010000110101001100000000000111010100000000011011100000000001100011000000000110100000000000001000000000000001010001000000000111010100000000011000010000000001101100000000000110100100000000011101000000000001111001000000001001000101100101001000000000011001010000000001101110000000000110010000000000011001010000000001110010000000000111001100000000001000000000000001100110000000000110111100000000011100100000000000100000000000000011011000000000001100000000000000100000000000000110110100000000011010010000000001101110000000000111010100000000011101000000000001100101000000000111001100000000010001100000001011100000100000101010000100001100011011001

[hdloff, strsize, commonsize, bitsize, hdlsize]=[826,582,38,86,40]
H330 c.1.5: 1100000100000101 fixed = [817,832]
H330 c.1.5: 1100000100000101 Ignored overlap  fixed = [817,832]
BL90 2: 0100000010 4 positions
B290 1: 0 668 positions
B290 0: 0 668 positions
B290 1: 0 668 positions
B290 1: 0 668 positions
BL90 4: 0100000100 fixed = [15,24]
BL90 3: 0100000011 fixed = [25,34]
BS70 1: 0100000001 2 positions
BL90 1: 0100000001 2 positions
distribute positions: BS70 BL90 
BL90 60: 0100111100 fixed = [55,64]
BS70 2: 0100000010 4 positions
BS70 2: 0100000010 4 positions
BD40 3.0: 000000000000000000000000000000000000000000000000000000100001000000 2 positions
BD40 3.0: 000000000000000000000000000000000000000000000000000000100001000000 2 positions
distribute positions: BD40 BD40 
B290 1: 0 668 positions

fixed = [[15,24],[25,34],[35,44],[45,54],[55,64],[85,150],[151,216],[817,832]]
sortd = [[15,24],[25,34],[35,44],[45,54],[55,64],[85,150],[151,216],[817,832],[817,832]]

Definite result: 214/856	2013/gh55-ltype.dxf
----------------
HOLE([1,14],01000000101011) len = 14
FIELD_BL ([], 90);	// 4 [15,24]
FIELD_BL ([], 90);	// 3 [25,34]
FIELD_BS ([], 70);	// 1 [35,44]
FIELD_BL ([], 90);	// 1 [45,54]
FIELD_BL ([], 90);	// 60 [55,64]
HOLE([65,84],01000000100100000010) len = 20
FIELD_BD ([], 40);	// 3.0 [85,150]
FIELD_BD ([], 40);	// 3.0 [151,216]
HOLE([217,816],101000011010100110000000000011101010000000001101110000000000110001100000000011010000000000000100000000000000101000100000000011101010000000001100001000000000110110000000000011010010000000001110100000000000111100100000000100100010110010100100000000001100101000000000110111000000000011001000000000001100101000000000111001000000000011100110000000000100000000000000110011000000000011011110000000001110010000000000010000000000000001101100000000000110000000000000010000000000000011011010000000001101001000000000110111000000000011101010000000001110100000000000110010100000000011100110000000001000110000000101) len = 600
FIELD_H (reactors[0], 330);	// c.1.5 [817,832]
FIELD_H (ownerhandle, 330);	// c.1.5 [817,832]
HOLE([833,856],010000100001100011011001) len = 24
----------------
Todo: 35 + 214 = 249, Missing: 607
FIELD_BL ([], 90);	// 2 0100000010 [[1,10],[65,74],[75,84]]
FIELD_B ([], 290);	// 1 0 [[1,1],[3,3],[4,4],[5,5],[6,6],[7,7],[8,8],[10,10],[12,12],[65,65]]...)
FIELD_B ([], 290);	// 0 0 [[1,1],[3,3],[4,4],[5,5],[6,6],[7,7],[8,8],[10,10],[12,12],[65,65]]...)
FIELD_B ([], 290);	// 1 0 [[1,1],[3,3],[4,4],[5,5],[6,6],[7,7],[8,8],[10,10],[12,12],[65,65]]...)
FIELD_B ([], 290);	// 1 0 [[1,1],[3,3],[4,4],[5,5],[6,6],[7,7],[8,8],[10,10],[12,12],[65,65]]...)
FIELD_BS ([], 70);	// 2 0100000010 [[1,10],[65,74],[75,84]]
FIELD_BS ([], 70);	// 2 0100000010 [[1,10],[65,74],[75,84]]
FIELD_B ([], 290);	// 1 0 [[1,1],[3,3],[4,4],[5,5],[6,6],[7,7],[8,8],[10,10],[12,12],[65,65]]...)

Most probable result: (TODO)

RAPIDRTRENDERSETTINGS: 0x18DF (912) test/test-data/2013/gh55-ltype.dxf:
010000001010110100000101010000001101000000010100000001001101000000000010000000000000000001000000100100000010000000000000000000000000000000000000000000000000000000100001000000000000000000000000000000000000000000000000000000000000100001000000101000100010100111100000000011101100000000001100101000000000111001000000000011011100000000001101001000000000110011100000000011010000000000001110100000000000010000000000000010100010000000001110101000000000110000100000000011011000000000001101001000000000111010000000000011110010000000010010001010001010010000000000110010100000000011011100000000001100100000000000110010100000000011100100000000001110011000000000010000000000000011001100000000001101111000000000111001000000000001000000000000000110001000000000011001000000000001000000000000001101000000000000110111100000000011101010000000001110010000000000111001100000000011001100000001011100000100000110010000100001100011011001

[hdloff, strsize, commonsize, bitsize, hdlsize]=[882,614,38,92,40]
H330 c.1.6: 1100000100000110 fixed = [873,888]
H330 c.1.6: 1100000100000110 Ignored overlap  fixed = [873,888]
BL90 2: 0100000010 4 positions
B290 1: 0 715 positions
B290 0: 0 715 positions
B290 1: 0 715 positions
B290 1: 0 715 positions
BL90 5: 0100000101 fixed = [15,24]
BL90 3: 0100000011 fixed = [25,34]
BS70 1: 0100000001 2 positions
BL90 1: 0100000001 2 positions
distribute positions: BS70 BL90 
BL90 720: 0011010000000000100000000000000000 fixed = [55,88]
BS70 2: 0100000010 4 positions
BS70 2: 0100000010 4 positions
BD40 3.0: 000000000000000000000000000000000000000000000000000000100001000000 2 positions
BD40 3.0: 000000000000000000000000000000000000000000000000000000100001000000 2 positions
distribute positions: BD40 BD40 
B290 1: 0 715 positions

fixed = [[15,24],[25,34],[35,44],[45,54],[55,88],[109,174],[175,240],[873,888]]
sortd = [[15,24],[25,34],[35,44],[45,54],[55,88],[109,174],[175,240],[873,888],[873,888]]

Definite result: 238/912	2013/gh55-ltype.dxf
----------------
HOLE([1,14],01000000101011) len = 14
FIELD_BL ([], 90);	// 5 [15,24]
FIELD_BL ([], 90);	// 3 [25,34]
FIELD_BS ([], 70);	// 1 [35,44]
FIELD_BL ([], 90);	// 1 [45,54]
FIELD_BL ([], 90);	// 720 [55,88]
HOLE([89,108],01000000100100000010) len = 20
FIELD_BD ([], 40);	// 3.0 [109,174]
FIELD_BD ([], 40);	// 3.0 [175,240]
HOLE([241,872],10100010001010011110000000001110110000000000110010100000000011100100000000001101110000000000110100100000000011001110000000001101000000000000111010000000000001000000000000001010001000000000111010100000000011000010000000001101100000000000110100100000000011101000000000001111001000000001001000101000101001000000000011001010000000001101110000000000110010000000000011001010000000001110010000000000111001100000000001000000000000001100110000000000110111100000000011100100000000000100000000000000011000100000000001100100000000000100000000000000110100000000000011011110000000001110101000000000111001000000000011100110000000001100110000000101) len = 632
FIELD_H (reactors[0], 330);	// c.1.6 [873,888]
FIELD_H (ownerhandle, 330);	// c.1.6 [873,888]
HOLE([889,912],010000100001100011011001) len = 24
----------------
Todo: 35 + 238 = 273, Missing: 639
FIELD_BL ([], 90);	// 2 0100000010 [[1,10],[89,98],[99,108]]
FIELD_B ([], 290);	// 1 0 [[1,1],[3,3],[4,4],[5,5],[6,6],[7,7],[8,8],[10,10],[12,12],[89,89]]...)
FIELD_B ([], 290);	// 0 0 [[1,1],[3,3],[4,4],[5,5],[6,6],[7,7],[8,8],[10,10],[12,12],[89,89]]...)
FIELD_B ([], 290);	// 1 0 [[1,1],[3,3],[4,4],[5,5],[6,6],[7,7],[8,8],[10,10],[12,12],[89,89]]...)
FIELD_B ([], 290);	// 1 0 [[1,1],[3,3],[4,4],[5,5],[6,6],[7,7],[8,8],[10,10],[12,12],[89,89]]...)
FIELD_BS ([], 70);	// 2 0100000010 [[1,10],[89,98],[99,108]]
FIELD_BS ([], 70);	// 2 0100000010 [[1,10],[89,98],[99,108]]
FIELD_B ([], 290);	// 1 0 [[1,1],[3,3],[4,4],[5,5],[6,6],[7,7],[8,8],[10,10],[12,12],[89,89]]...)

Most probable result: (TODO)

RAPIDRTRENDERSETTINGS: 0x18DA (712) test/test-data/2013/gh55-ltype.dxf:
0100000010101110010000001110010000000101000000011001000000100000000000000000000000000000000000000000000000000000001000010000000000000000000000000000000000000000000000000000000000001000010000001010000001101001100000000000110111100000000011101110000000010010001100101000001000000000111000000000000011100000000000001101100000000000110100100000000011001010000000001110011000000000010000000000000001100010000000000100000000000000111001000000000011001010000000001101110000000000110010000000000011001010000000001110010000000000110100100000000011011100000000001100111000000000010000000000000011011000000000001100101000000000111011000000000011001010000000001101100000000001101011000000001110000000010000100001100011011001

[hdloff, strsize, commonsize, bitsize, hdlsize]=[690,470,38,72,32]
H330 8.0.0: 10000000 34 positions
H330 8.0.0: 10000000 34 positions
BL90 2: 0100000010 3 positions
B290 1: 0 560 positions
B290 0: 0 560 positions
B290 1: 0 560 positions
B290 1: 0 560 positions
BL90 0: 10 90 positions
BL90 3: 0100000011 2 positions
BS70 0: 10 90 positions
BL90 1: 0100000001 2 positions
BL90 1: 0100000001 2 positions
distribute positions: BL90 BL90 
BS70 0: 10 90 positions
BS70 2: 0100000010 3 positions
BD40 3.0: 000000000000000000000000000000000000000000000000000000100001000000 2 positions
BD40 3.0: 000000000000000000000000000000000000000000000000000000100001000000 2 positions
distribute positions: BD40 BD40 
B290 1: 0 560 positions

fixed = [[29,38],[39,48],[61,126],[127,192]]
sortd = [[29,38],[39,48],[61,126],[127,192]]

Definite result: 152/712	2013/gh55-ltype.dxf
----------------
HOLE([1,28],0100000010101110010000001110) len = 28
FIELD_BL ([], 90);	// 1 [29,38]
FIELD_BL ([], 90);	// 1 [39,48]
HOLE([49,60],100100000010) len = 12
FIELD_BD ([], 40);	// 3.0 [61,126]
FIELD_BD ([], 40);	// 3.0 [127,192]
HOLE([193,712],1010000001101001100000000000110111100000000011101110000000010010001100101000001000000000111000000000000011100000000000001101100000000000110100100000000011001010000000001110011000000000010000000000000001100010000000000100000000000000111001000000000011001010000000001101110000000000110010000000000011001010000000001110010000000000110100100000000011011100000000001100111000000000010000000000000011011000000000001100101000000000111011000000000011001010000000001101100000000001101011000000001110000000010000100001100011011001) len = 520
----------------
Todo: 57 + 152 = 209, Missing: 503
FIELD_H (reactors[0], 330);	// 8.0.0 10000000 [[59,66],[209,216],[227,234],[243,250],[271,278],[283,290],[299,306],[317,324],[335,342],[351,358]]...)
FIELD_H (ownerhandle, 330);	// 8.0.0 10000000 [[59,66],[209,216],[227,234],[243,250],[271,278],[283,290],[299,306],[317,324],[335,342],[351,358]]...)
FIELD_BL ([], 90);	// 2 0100000010 [[1,10],[51,60]]
FIELD_B ([], 290);	// 1 0 [[1,1],[3,3],[4,4],[5,5],[6,6],[7,7],[8,8],[10,10],[12,12],[16,16]]...)
FIELD_B ([], 290);	// 0 0 [[1,1],[3,3],[4,4],[5,5],[6,6],[7,7],[8,8],[10,10],[12,12],[16,16]]...)
FIELD_B ([], 290);	// 1 0 [[1,1],[3,3],[4,4],[5,5],[6,6],[7,7],[8,8],[10,10],[12,12],[16,16]]...)
FIELD_B ([], 290);	// 1 0 [[1,1],[3,3],[4,4],[5,5],[6,6],[7,7],[8,8],[10,10],[12,12],[16,16]]...)
FIELD_BL ([], 90);	// 0 10 [[2,3],[9,10],[11,12],[15,16],[18,19],[27,28],[49,50],[52,53],[59,60],[193,194]]...)
FIELD_BL ([], 90);	// 3 0100000011 [[17,26],[194,203]]
FIELD_BS ([], 70);	// 0 10 [[2,3],[9,10],[11,12],[15,16],[18,19],[27,28],[49,50],[52,53],[59,60],[193,194]]...)
FIELD_BS ([], 70);	// 0 10 [[2,3],[9,10],[11,12],[15,16],[18,19],[27,28],[49,50],[52,53],[59,60],[193,194]]...)
FIELD_BS ([], 70);	// 2 0100000010 [[1,10],[51,60]]
FIELD_B ([], 290);	// 1 0 [[1,1],[3,3],[4,4],[5,5],[6,6],[7,7],[8,8],[10,10],[12,12],[16,16]]...)

Most probable result: (TODO)

RAPIDRTRENDERSETTINGS: 0x6985 (784) test/test-data/2013/gh55-ltype.dxf:
0100000010101110010000001110010000010101000000010100000001010000001000000000000000000000000000000000000000000000000000000010000100000000000000000000000000000000000000000000000000000000000010000100000010100000110010011010000000001100101000000000110010000000000011010010000000001110101000000000110110100000000100100011010010000010000000001110000000000000111000000000000011011000000000001101001000000000110010100000000011100110000000000100000000000000011010100000000001000000000000001110010000000000110010100000000011011100000000001100100000000000110010100000000011100100000000001101001000000000110111000000000011001110000000000100000000000000110110000000000011001010000000001110110000000000110010100000000011011000000000001110011000000000001011000000010101000001000011000100000100001100

[hdloff, strsize, commonsize, bitsize, hdlsize]=[762,534,38,80,32]
H330 4.1.C: 0100000100001100 2 positions
H330 4.1.C: 0100000100001100 2 positions
distribute positions: H330 H330 
BL90 2: 0100000010 3 positions
B290 1: 0 618 positions
B290 0: 0 618 positions
B290 1: 0 618 positions
B290 1: 0 618 positions
BL90 0: 10 108 positions
BL90 3: 0100000011 fixed = [17,26]
BS70 0: 10 108 positions
BL90 5: 0100000101 fixed = [29,38]
BL90 1: 0100000001 2 positions
BS70 1: 0100000001 2 positions
distribute positions: BL90 BS70 
BS70 2: 0100000010 3 positions
BD40 3.0: 000000000000000000000000000000000000000000000000000000100001000000 2 positions
BD40 3.0: 000000000000000000000000000000000000000000000000000000100001000000 2 positions
distribute positions: BD40 BD40 
B290 1: 0 618 positions

fixed = [[17,26],[29,38],[39,48],[49,58],[69,134],[135,200],[753,768],[769,784]]
sortd = [[17,26],[29,38],[39,48],[49,58],[69,134],[135,200],[753,768],[769,784]]

Definite result: 204/784	2013/gh55-ltype.dxf
----------------
HOLE([1,16],0100000010101110) len = 16
FIELD_BL ([], 90);	// 3 [17,26]
HOLE([27,28],10) len = 2
FIELD_BL ([], 90);	// 5 [29,38]
FIELD_BL ([], 90);	// 1 [39,48]
FIELD_BS ([], 70);	// 1 [49,58]
HOLE([59,68],0100000010) len = 10
FIELD_BD ([], 40);	// 3.0 [69,134]
FIELD_BD ([], 40);	// 3.0 [135,200]
HOLE([201,752],101000001100100110100000000011001010000000001100100000000000110100100000000011101010000000001101101000000001001000110100100000100000000011100000000000001110000000000000110110000000000011010010000000001100101000000000111001100000000001000000000000000110101000000000010000000000000011100100000000001100101000000000110111000000000011001000000000001100101000000000111001000000000011010010000000001101110000000000110011100000000001000000000000001101100000000000110010100000000011101100000000001100101000000000110110000000000011100110000000000010110000000101) len = 552
FIELD_H (reactors[0], 330);	// 4.1.C [753,768]
FIELD_H (ownerhandle, 330);	// 4.1.C [769,784]
----------------
Todo: 29 + 204 = 233, Missing: 551
FIELD_BL ([], 90);	// 2 0100000010 [[1,10],[59,68]]
FIELD_B ([], 290);	// 1 0 [[1,1],[3,3],[4,4],[5,5],[6,6],[7,7],[8,8],[10,10],[12,12],[16,16]]...)
FIELD_B ([], 290);	// 0 0 [[1,1],[3,3],[4,4],[5,5],[6,6],[7,7],[8,8],[10,10],[12,12],[16,16]]...)
FIELD_B ([], 290);	// 1 0 [[1,1],[3,3],[4,4],[5,5],[6,6],[7,7],[8,8],[10,10],[12,12],[16,16]]...)
FIELD_B ([], 290);	// 1 0 [[1,1],[3,3],[4,4],[5,5],[6,6],[7,7],[8,8],[10,10],[12,12],[16,16]]...)
FIELD_BL ([], 90);	// 0 10 [[2,3],[9,10],[11,12],[15,16],[27,28],[60,61],[67,68],[201,202],[203,204],[210,211]]...)
FIELD_BS ([], 70);	// 0 10 [[2,3],[9,10],[11,12],[15,16],[27,28],[60,61],[67,68],[201,202],[203,204],[210,211]]...)
FIELD_BS ([], 70);	// 2 0100000010 [[1,10],[59,68]]
FIELD_B ([], 290);	// 1 0 [[1,1],[3,3],[4,4],[5,5],[6,6],[7,7],[8,8],[10,10],[12,12],[16,16]]...)

Most probable result: (TODO)

