SUN: 0x80 (168) test/test-data/DS_line_R2013.dxf:
010000000101000111111111111111111111111110000100000000001100000100100111100100100101000000000010000000111110010011011100000011001000000101100000001001000001001010010000

[hdloff, strsize, commonsize, bitsize, hdlsize]=[158,0,22,18,0]
H330 4.1.29: 0100000100101001 fixed = [149,164]
BL90 1: 0100000001 2 positions
B290 0: 0 102 positions
BD40 1.0: 01 28 positions
B291 1: 0 102 positions
BL91 2455826: 0000010010011110010010010100000000 fixed = [59,92]
BL92 54000000: 0010000000111110010011011100000011 fixed = [93,126]
B292 0: 0 102 positions
BS70 0: 10 28 positions
BS71 256: 11 38 positions
BS280 1: 0100000001 2 positions

fixed = [[59,92],[93,126],[149,164]]
sortd = [[1,10],[59,92],[93,126],[149,164]]

Definite result: 94/168	DS_line_R2013.dxf
----------------
FIELD_BL (class_version, 90);	// 1 [1,10]
HOLE([11,58],010001111111111111111111111111100001000000000011) len = 48
FIELD_BL (julian_day, 91);	// 2455826 [59,92]
FIELD_BL (time, 92);	// 54000000 [93,126]
HOLE([127,148],0010000001011000000010) len = 22
FIELD_H (ownerhandle, 330);	// 4.1.29 [149,164]
HOLE([165,168],0000) len = 4
----------------
Todo: 9 + 94 = 103, Missing: 65
FIELD_B (is_on, 290);	// 0 0 [[1,1],[3,3],[4,4],[5,5],[6,6],[7,7],[8,8],[9,9],[11,11],[13,13]]...)
FIELD_BD (intensity, 40);	// 1.0 01 [[1,2],[9,10],[11,12],[15,16],[45,46],[56,57],[128,129],[135,136],[137,138],[146,147]]
FIELD_B (has_shadow, 291);	// 1 0 [[1,1],[3,3],[4,4],[5,5],[6,6],[7,7],[8,8],[9,9],[11,11],[13,13]]...)
FIELD_B (is_dst, 292);	// 0 0 [[1,1],[3,3],[4,4],[5,5],[6,6],[7,7],[8,8],[9,9],[11,11],[13,13]]...)
FIELD_BS (shadow_type, 70);	// 0 10 [[2,3],[10,11],[12,13],[41,42],[46,47],[58,59],[129,130],[136,137],[139,140],[147,148]]
FIELD_BS (shadow_mapsize, 71);	// 256 11 [[16,17],[17,18],[18,19],[19,20],[20,21],[21,22],[22,23],[23,24],[24,25],[25,26]]...)

Most probable result: (TODO)

SUN: 0xD1 (168) test/test-data/DS_line_R2013.dxf:
010000000101000111111111111111111111111110000100000000001100000100100111100100100101000000000010000000111110010011011100000011001000000101100000001001000001110011110000

[hdloff, strsize, commonsize, bitsize, hdlsize]=[158,0,22,18,0]
H330 4.1.CF: 0100000111001111 fixed = [149,164]
BL90 1: 0100000001 2 positions
B290 0: 0 99 positions
CMC63 7: 0000000000 2 positions
BD40 1.0: 01 26 positions
B291 1: 0 99 positions
BL91 2455826: 0000010010011110010010010100000000 fixed = [59,92]
BL92 54000000: 0010000000111110010011011100000011 fixed = [93,126]
B292 0: 0 99 positions
BS70 0: 10 26 positions
BS71 256: 11 43 positions
BS280 1: 0100000001 2 positions

fixed = [[59,92],[93,126],[149,164]]
sortd = [[1,10],[47,56],[59,92],[93,126],[149,164]]

Definite result: 104/168	DS_line_R2013.dxf
----------------
FIELD_BL (class_version, 90);	// 1 [1,10]
HOLE([11,46],010001111111111111111111111111100001) len = 36
FIELD_CMC (color, 63);	// 7 [47,56]
HOLE([57,58],11) len = 2
FIELD_BL (julian_day, 91);	// 2455826 [59,92]
FIELD_BL (time, 92);	// 54000000 [93,126]
HOLE([127,148],0010000001011000000010) len = 22
FIELD_H (ownerhandle, 330);	// 4.1.CF [149,164]
HOLE([165,168],0000) len = 4
----------------
Todo: 9 + 104 = 113, Missing: 55
FIELD_B (is_on, 290);	// 0 0 [[1,1],[3,3],[4,4],[5,5],[6,6],[7,7],[8,8],[9,9],[11,11],[13,13]]...)
FIELD_BD (intensity, 40);	// 1.0 01 [[1,2],[9,10],[11,12],[15,16],[45,46],[56,57],[128,129],[135,136],[137,138],[146,147]]
FIELD_B (has_shadow, 291);	// 1 0 [[1,1],[3,3],[4,4],[5,5],[6,6],[7,7],[8,8],[9,9],[11,11],[13,13]]...)
FIELD_B (is_dst, 292);	// 0 0 [[1,1],[3,3],[4,4],[5,5],[6,6],[7,7],[8,8],[9,9],[11,11],[13,13]]...)
FIELD_BS (shadow_type, 70);	// 0 10 [[2,3],[10,11],[12,13],[41,42],[46,47],[58,59],[129,130],[136,137],[139,140],[147,148]]
FIELD_BS (shadow_mapsize, 71);	// 256 11 [[16,17],[17,18],[18,19],[19,20],[20,21],[21,22],[22,23],[23,24],[24,25],[25,26]]...)

Most probable result: (TODO)

SUN: 0x761 (167) test/test-data/example_2007.dxf:
01000000011100011111111111111111111111111000010000000000110000001111100000110010010100000000001000000011111001001101110000001101011000000010010000100000001001011010111

[hdloff, strsize, commonsize, bitsize, hdlsize]=[158,0,519,67,27]
H330 4.2.25A: 010000100000001001011010 fixed = [141,164]
BL90 1: 0100000001 3 positions
B290 1: 0 96 positions
BD40 1.0: 01 26 positions
B291 1: 0 96 positions
BL91 2458383: 0000001111100000110010010100000000 fixed = [59,92]
BL92 54000000: 0010000000111110010011011100000011 fixed = [93,126]
B292 0: 0 96 positions
BS70 0: 10 25 positions
BS71 256: 11 45 positions
BS280 1: 0100000001 3 positions

fixed = [[59,92],[93,126],[141,164]]
sortd = [[59,92],[93,126],[141,164]]

Definite result: 92/167	example_2007.dxf
----------------
HOLE([1,58],0100000001110001111111111111111111111111100001000000000011) len = 58
FIELD_BL (julian_day, 91);	// 2458383 [59,92]
FIELD_BL (time, 92);	// 54000000 [93,126]
HOLE([127,140],01011000000010) len = 14
FIELD_H (ownerhandle, 330);	// 4.2.25A [141,164]
HOLE([165,167],111) len = 3
----------------
Todo: 9 + 92 = 101, Missing: 66
FIELD_B (is_on, 290);	// 1 0 [[1,1],[3,3],[4,4],[5,5],[6,6],[7,7],[8,8],[9,9],[13,13],[14,14]]...)
FIELD_BD (intensity, 40);	// 1.0 01 [[1,2],[9,10],[15,16],[45,46],[56,57],[127,128],[129,130],[138,139]]
FIELD_B (has_shadow, 291);	// 1 0 [[1,1],[3,3],[4,4],[5,5],[6,6],[7,7],[8,8],[9,9],[13,13],[14,14]]...)
FIELD_B (is_dst, 292);	// 0 0 [[1,1],[3,3],[4,4],[5,5],[6,6],[7,7],[8,8],[9,9],[13,13],[14,14]]...)
FIELD_BS (shadow_type, 70);	// 0 10 [[2,3],[12,13],[41,42],[46,47],[58,59],[128,129],[131,132],[139,140]]
FIELD_BS (shadow_mapsize, 71);	// 256 11 [[10,11],[11,12],[16,17],[17,18],[18,19],[19,20],[20,21],[21,22],[22,23],[23,24]]...)

Most probable result: (TODO)

SUN: 0x761 (166) test/test-data/example_2013.dxf:
0100000001110001111111111111111111111111100001000000000011000000111110000011001001010000000000100000001111100100110111000000110101100000001001000010000000100101101011

[hdloff, strsize, commonsize, bitsize, hdlsize]=[150,0,488,63,0]
H330 4.2.25A: 010000100000001001011010 fixed = [141,164]
BL90 1: 0100000001 3 positions
B290 1: 0 96 positions
BD40 1.0: 01 26 positions
B291 1: 0 96 positions
BL91 2458383: 0000001111100000110010010100000000 fixed = [59,92]
BL92 54000000: 0010000000111110010011011100000011 fixed = [93,126]
B292 0: 0 96 positions
BS70 0: 10 25 positions
BS71 256: 11 44 positions
BS280 1: 0100000001 3 positions

fixed = [[59,92],[93,126],[141,164]]
sortd = [[59,92],[93,126],[141,164]]

Definite result: 92/166	example_2013.dxf
----------------
HOLE([1,58],0100000001110001111111111111111111111111100001000000000011) len = 58
FIELD_BL (julian_day, 91);	// 2458383 [59,92]
FIELD_BL (time, 92);	// 54000000 [93,126]
HOLE([127,140],01011000000010) len = 14
FIELD_H (ownerhandle, 330);	// 4.2.25A [141,164]
HOLE([165,166],11) len = 2
----------------
Todo: 9 + 92 = 101, Missing: 65
FIELD_B (is_on, 290);	// 1 0 [[1,1],[3,3],[4,4],[5,5],[6,6],[7,7],[8,8],[9,9],[13,13],[14,14]]...)
FIELD_BD (intensity, 40);	// 1.0 01 [[1,2],[9,10],[15,16],[45,46],[56,57],[127,128],[129,130],[138,139]]
FIELD_B (has_shadow, 291);	// 1 0 [[1,1],[3,3],[4,4],[5,5],[6,6],[7,7],[8,8],[9,9],[13,13],[14,14]]...)
FIELD_B (is_dst, 292);	// 0 0 [[1,1],[3,3],[4,4],[5,5],[6,6],[7,7],[8,8],[9,9],[13,13],[14,14]]...)
FIELD_BS (shadow_type, 70);	// 0 10 [[2,3],[12,13],[41,42],[46,47],[58,59],[128,129],[131,132],[139,140]]
FIELD_BS (shadow_mapsize, 71);	// 256 11 [[10,11],[11,12],[16,17],[17,18],[18,19],[19,20],[20,21],[21,22],[22,23],[23,24]]...)

Most probable result: (TODO)

SUN: 0x761 (167) test/test-data/example_2018.dxf:
01000000011100011111111111111111111111111000010000000000110000001111100000110010010100000000001000000011111001001101110000001101011000000011010001000000001010011001111

[hdloff, strsize, commonsize, bitsize, hdlsize]=[157,0,335,49,0]
BL90 1: 0100000001 2 positions
B290 1: 0 95 positions
BD40 1.0: 01 25 positions
B291 1: 0 95 positions
BL91 2458383: 0000001111100000110010010100000000 fixed = [59,92]
BL92 54000000: 0010000000111110010011011100000011 fixed = [93,126]
B292 0: 0 95 positions
BS70 0: 10 24 positions
BS71 256: 11 47 positions
BS280 1: 0100000001 2 positions

fixed = [[59,92],[93,126]]
sortd = [[1,10],[59,92],[93,126]]

Definite result: 78/167	example_2018.dxf
----------------
FIELD_BL (class_version, 90);	// 1 [1,10]
HOLE([11,58],110001111111111111111111111111100001000000000011) len = 48
FIELD_BL (julian_day, 91);	// 2458383 [59,92]
FIELD_BL (time, 92);	// 54000000 [93,126]
HOLE([127,167],01011000000011010001000000001010011001111) len = 41
----------------
Todo: 9 + 78 = 87, Missing: 80
FIELD_B (is_on, 290);	// 1 0 [[1,1],[3,3],[4,4],[5,5],[6,6],[7,7],[8,8],[9,9],[13,13],[14,14]]...)
FIELD_BD (intensity, 40);	// 1.0 01 [[1,2],[9,10],[15,16],[45,46],[56,57],[127,128],[129,130],[138,139],[141,142],[145,146]]...)
FIELD_B (has_shadow, 291);	// 1 0 [[1,1],[3,3],[4,4],[5,5],[6,6],[7,7],[8,8],[9,9],[13,13],[14,14]]...)
FIELD_B (is_dst, 292);	// 0 0 [[1,1],[3,3],[4,4],[5,5],[6,6],[7,7],[8,8],[9,9],[13,13],[14,14]]...)
FIELD_BS (shadow_type, 70);	// 0 10 [[2,3],[12,13],[41,42],[46,47],[58,59],[128,129],[131,132],[140,141],[142,143],[146,147]]...)
FIELD_BS (shadow_mapsize, 71);	// 256 11 [[10,11],[11,12],[16,17],[17,18],[18,19],[19,20],[20,21],[21,22],[22,23],[23,24]]...)

Most probable result: (TODO)

